0.5843 	WARNING 	We strongly recommend you activate the PTB sound engine in PsychoPy prefs as the preferred audio engine. Its timing is vastly superior. Your prefs are currently set to use ['sounddevice', 'pyo', 'pygame'] (in that order).
4.7361 	EXP 	Created window1 = Window(allowGUI=False, allowStencil=False, args=UNKNOWN, autoLog=True, bitsMode=UNKNOWN, blendMode='avg', bpc=(8, 8, 8), color=array([0., 0., 0.]), colorSpace='rgb', depthBits=8, fullscr=<method-wrapper '__getattribute__' of attributeSetter object at 0x108c7c400>, gamma=None, gammaErrorPolicy='raise', kwargs=UNKNOWN, lms=UNKNOWN, monitor=<psychopy.monitors.calibTools.Monitor object at 0x129d0bfd0>, multiSample=False, name='window1', numSamples=2, pos=[640.0, 360.0], screen=0, size=array([5120, 2880]), stencilBits=0, stereo=False, units='height', useFBO=True, useRetina=True, viewOri=0.0, viewPos=None, viewScale=None, waitBlanking=True, winType='pyglet')
4.7362 	EXP 	window1: recordFrameIntervals = False
4.9026 	EXP 	window1: recordFrameIntervals = True
5.0861 	EXP 	window1: recordFrameIntervals = False
5.1094 	EXP 	Created instructions = ImageStim(__class__=<class 'psychopy.visual.image.ImageStim'>, autoLog=True, color=array([1., 1., 1.]), colorSpace='rgb', contrast=1.0, depth=0.0, flipHoriz=False, flipVert=False, image='sin', interpolate=True, mask=None, maskParams=None, name='instructions', opacity=1.0, ori=0.0, pos=array([0., 0.]), size=array([1280.,  720.]), texRes=512, units='pix', win=Window(...))
5.1658 	EXP 	Created fixation = TextStim(__class__=<class 'psychopy.visual.text.TextStim'>, alignHoriz=method-wrapper(...), alignText='center', alignVert=method-wrapper(...), anchorHoriz='center', anchorVert='center', antialias=True, autoLog=True, bold=False, color='white', colorSpace='named', contrast=1.0, depth=0.0, flipHoriz=False, flipVert=False, font='Arial', fontFiles=[], height=0.1, italic=False, languageStyle='LTR', name='fixation', opacity=1.0, ori=0, pos=array([0., 0.]), rgb=array([255., 255., 255.]), text='+', units='height', win=Window(...), wrapWidth=1)
5.1729 	EXP 	Created timer = TextStim(__class__=<class 'psychopy.visual.text.TextStim'>, alignHoriz=method-wrapper(...), alignText='center', alignVert=method-wrapper(...), anchorHoriz='center', anchorVert='center', antialias=True, autoLog=True, bold=False, color='white', colorSpace='named', contrast=1.0, depth=-1.0, flipHoriz=False, flipVert=False, font='Arial', fontFiles=[], height=0.05, italic=False, languageStyle='LTR', name='timer', opacity=1.0, ori=0, pos=array([-0.7,  0.4]), rgb=array([255., 255., 255.]), text='default text', units='height', win=Window(...), wrapWidth=1)
5.1868 	EXP 	Created instruct_text = TextStim(__class__=<class 'psychopy.visual.text.TextStim'>, alignHoriz=method-wrapper(...), alignText='center', alignVert=method-wrapper(...), anchorHoriz='center', anchorVert='center', antialias=True, autoLog=True, bold=False, color='white', colorSpace='named', contrast=1.0, depth=-2.0, flipHoriz=False, flipVert=False, font='Arial', fontFiles=[], height=0.05, italic=False, languageStyle='LTR', name='instruct_text', opacity=1.0, ori=0, pos=array([0. , 0.4]), rgb=array([255., 255., 255.]), text=str(...), units='height', win=Window(...), wrapWidth=1)
5.1886 	EXP 	Created letter_text = TextStim(__class__=<class 'psychopy.visual.text.TextStim'>, alignHoriz=method-wrapper(...), alignText='center', alignVert=method-wrapper(...), anchorHoriz='center', anchorVert='center', antialias=True, autoLog=True, bold=False, color='white', colorSpace='named', contrast=1.0, depth=-3.0, flipHoriz=False, flipVert=False, font='Arial', fontFiles=[], height=0.05, italic=False, languageStyle='LTR', name='letter_text', opacity=1.0, ori=0, pos=array([0.  , 0.28]), rgb=array([255., 255., 255.]), text='default text', units='height', win=Window(...), wrapWidth=1)
5.1890 	EXP 	Created screen_text = TextStim(__class__=<class 'psychopy.visual.text.TextStim'>, alignHoriz=method-wrapper(...), alignText='center', alignVert=method-wrapper(...), anchorHoriz='center', anchorVert='center', antialias=True, autoLog=True, bold=False, color='white', colorSpace='named', contrast=1.0, depth=-4.0, flipHoriz=False, flipVert=False, font='Arial', fontFiles=[], height=0.05, italic=False, languageStyle='LTR', name='screen_text', opacity=1.0, ori=0, pos=array([0. , 0.2]), rgb=array([255., 255., 255.]), text='', units='height', win=Window(...), wrapWidth=1)
5.1894 	EXP 	Created list_text1 = TextStim(__class__=<class 'psychopy.visual.text.TextStim'>, alignHoriz=method-wrapper(...), alignText='center', alignVert=method-wrapper(...), anchorHoriz='center', anchorVert='center', antialias=True, autoLog=True, bold=False, color='white', colorSpace='named', contrast=1.0, depth=-5.0, flipHoriz=False, flipVert=False, font='Arial', fontFiles=[], height=0.05, italic=False, languageStyle='LTR', name='list_text1', opacity=1.0, ori=0, pos=array([0., 0.]), rgb=array([255., 255., 255.]), text='', units='height', win=Window(...), wrapWidth=1)
5.1909 	EXP 	Created list_text2 = TextStim(__class__=<class 'psychopy.visual.text.TextStim'>, alignHoriz=method-wrapper(...), alignText='center', alignVert=method-wrapper(...), anchorHoriz='center', anchorVert='center', antialias=True, autoLog=True, bold=False, color='white', colorSpace='named', contrast=1.0, depth=-6.0, flipHoriz=False, flipVert=False, font='Arial', fontFiles=[], height=0.05, italic=False, languageStyle='LTR', name='list_text2', opacity=1.0, ori=0, pos=array([0., 0.]), rgb=array([255., 255., 255.]), text='', units='height', win=Window(...), wrapWidth=1)
5.1912 	EXP 	Created list_text3 = TextStim(__class__=<class 'psychopy.visual.text.TextStim'>, alignHoriz=method-wrapper(...), alignText='center', alignVert=method-wrapper(...), anchorHoriz='center', anchorVert='center', antialias=True, autoLog=True, bold=False, color='white', colorSpace='named', contrast=1.0, depth=-7.0, flipHoriz=False, flipVert=False, font='Arial', fontFiles=[], height=0.05, italic=False, languageStyle='LTR', name='list_text3', opacity=1.0, ori=0, pos=array([0., 0.]), rgb=array([255., 255., 255.]), text='', units='height', win=Window(...), wrapWidth=1)
5.1916 	EXP 	Created list_text4 = TextStim(__class__=<class 'psychopy.visual.text.TextStim'>, alignHoriz=method-wrapper(...), alignText='center', alignVert=method-wrapper(...), anchorHoriz='center', anchorVert='center', antialias=True, autoLog=True, bold=False, color='white', colorSpace='named', contrast=1.0, depth=-8.0, flipHoriz=False, flipVert=False, font='Arial', fontFiles=[], height=0.05, italic=False, languageStyle='LTR', name='list_text4', opacity=1.0, ori=0, pos=array([0., 0.]), rgb=array([255., 255., 255.]), text='', units='height', win=Window(...), wrapWidth=1)
5.1920 	EXP 	Created list_text5 = TextStim(__class__=<class 'psychopy.visual.text.TextStim'>, alignHoriz=method-wrapper(...), alignText='center', alignVert=method-wrapper(...), anchorHoriz='center', anchorVert='center', antialias=True, autoLog=True, bold=False, color='white', colorSpace='named', contrast=1.0, depth=-9.0, flipHoriz=False, flipVert=False, font='Arial', fontFiles=[], height=0.05, italic=False, languageStyle='LTR', name='list_text5', opacity=1.0, ori=0, pos=array([0., 0.]), rgb=array([255., 255., 255.]), text='', units='height', win=Window(...), wrapWidth=1)
5.1931 	EXP 	Created fixation_1 = TextStim(__class__=<class 'psychopy.visual.text.TextStim'>, alignHoriz=method-wrapper(...), alignText='center', alignVert=method-wrapper(...), anchorHoriz='center', anchorVert='center', antialias=True, autoLog=True, bold=False, color='white', colorSpace='named', contrast=1.0, depth=0.0, flipHoriz=False, flipVert=False, font='Arial', fontFiles=[], height=0.1, italic=False, languageStyle='LTR', name='fixation_1', opacity=1.0, ori=0, pos=array([0., 0.]), rgb=array([255., 255., 255.]), text='+', units='height', win=Window(...), wrapWidth=1)
5.1982 	EXP 	Created difficulty_question = TextStim(__class__=<class 'psychopy.visual.text.TextStim'>, alignHoriz=method-wrapper(...), alignText='center', alignVert=method-wrapper(...), anchorHoriz='center', anchorVert='center', antialias=True, autoLog=True, bold=False, color='white', colorSpace='named', contrast=1.0, depth=-1.0, flipHoriz=False, flipVert=False, font='Arial', fontFiles=[], height=0.05, italic=False, languageStyle='LTR', name='difficulty_question', opacity=1.0, ori=0, pos=array([0. , 0.2]), rgb=array([255., 255., 255.]), text=str(...), units='height', win=Window(...), wrapWidth=1)
5.2054 	EXP 	Created options = TextStim(__class__=<class 'psychopy.visual.text.TextStim'>, alignHoriz=method-wrapper(...), alignText='center', alignVert=method-wrapper(...), anchorHoriz='center', anchorVert='center', antialias=True, autoLog=True, bold=False, color='white', colorSpace='named', contrast=1.0, depth=-2.0, flipHoriz=False, flipVert=False, font='Arial', fontFiles=[], height=0.05, italic=False, languageStyle='LTR', name='options', opacity=1.0, ori=0, pos=array([0., 0.]), rgb=array([255., 255., 255.]), text=str(...), units='height', win=Window(...), wrapWidth=1)
5.2130 	EXP 	Created anchor_1 = TextStim(__class__=<class 'psychopy.visual.text.TextStim'>, alignHoriz=method-wrapper(...), alignText='center', alignVert=method-wrapper(...), anchorHoriz='center', anchorVert='center', antialias=True, autoLog=True, bold=False, color='white', colorSpace='named', contrast=1.0, depth=-3.0, flipHoriz=False, flipVert=False, font='Arial', fontFiles=[], height=0.04, italic=False, languageStyle='LTR', name='anchor_1', opacity=1.0, ori=0, pos=array([-0.4, -0.2]), rgb=array([255., 255., 255.]), text='Not difficult at all', units='height', win=Window(...), wrapWidth=1)
5.2175 	EXP 	Created anchor_2 = TextStim(__class__=<class 'psychopy.visual.text.TextStim'>, alignHoriz=method-wrapper(...), alignText='center', alignVert=method-wrapper(...), anchorHoriz='center', anchorVert='center', antialias=True, autoLog=True, bold=False, color='white', colorSpace='named', contrast=1.0, depth=-4.0, flipHoriz=False, flipVert=False, font='Arial', fontFiles=[], height=0.04, italic=False, languageStyle='LTR', name='anchor_2', opacity=1.0, ori=0, pos=array([ 0.4, -0.2]), rgb=array([255., 255., 255.]), text='Very Difficult\n', units='height', win=Window(...), wrapWidth=1)
5.2376 	EXP 	Created text_other = TextStim(__class__=<class 'psychopy.visual.text.TextStim'>, alignHoriz=method-wrapper(...), alignText='center', alignVert=method-wrapper(...), anchorHoriz='center', anchorVert='center', antialias=True, autoLog=True, bold=False, color='white', colorSpace='named', contrast=1.0, depth=0.0, flipHoriz=False, flipVert=False, font='Arial', fontFiles=[], height=0.05, italic=False, languageStyle='LTR', name='text_other', opacity=1.0, ori=0, pos=array([0.  , 0.25]), rgb=array([255., 255., 255.]), text=str(...), units='height', win=Window(...), wrapWidth=1)
5.2380 	EXP 	Created text = TextStim(__class__=<class 'psychopy.visual.text.TextStim'>, alignHoriz=method-wrapper(...), alignText='center', alignVert=method-wrapper(...), anchorHoriz='center', anchorVert='center', antialias=True, autoLog=True, bold=False, color='white', colorSpace='named', contrast=1.0, depth=-1.0, flipHoriz=False, flipVert=False, font='Arial', fontFiles=[], height=0.05, italic=False, languageStyle='LTR', name='text', opacity=1.0, ori=0, pos=array([0., 0.]), rgb=array([255., 255., 255.]), text='', units='height', win=Window(...), wrapWidth=1)
5.2418 	EXP 	Created thank_you = TextStim(__class__=<class 'psychopy.visual.text.TextStim'>, alignHoriz=method-wrapper(...), alignText='center', alignVert=method-wrapper(...), anchorHoriz='center', anchorVert='center', antialias=True, autoLog=True, bold=False, color='white', colorSpace='named', contrast=1.0, depth=0.0, flipHoriz=False, flipVert=False, font='Arial', fontFiles=[], height=0.05, italic=False, languageStyle='LTR', name='thank_you', opacity=1.0, ori=0, pos=array([0., 0.]), rgb=array([255., 255., 255.]), text=str(...), units='height', win=Window(...), wrapWidth=1)
5.2475 	EXP 	Imported instructions.xlsx as conditions, 7 conditions, 2 params
5.2477 	EXP 	Created sequence: sequential, trialTypes=7, nReps=1, seed=None
5.2478 	EXP 	New trial (rep=0, index=0): OrderedDict([('INS', 'Slide1.png'), ('KEYS', ['space'])])
5.3193 	EXP 	instructions: image = 'Slide1.png'
5.3193 	EXP 	instructions: autoDraw = True
5.7367 	DATA 	Keypress: space
5.7375 	EXP 	New trial (rep=0, index=1): OrderedDict([('INS', 'Consent.png'), ('KEYS', ['y', 'n'])])
5.7682 	EXP 	instructions: autoDraw = False
5.7682 	EXP 	instructions: image = 'Consent.png'
5.7682 	EXP 	instructions: autoDraw = True
6.1197 	DATA 	Keypress: space
6.1203 	EXP 	New trial (rep=0, index=2): OrderedDict([('INS', 'Slide2.png'), ('KEYS', ['space'])])
6.1524 	EXP 	instructions: autoDraw = False
6.1524 	EXP 	instructions: image = 'Slide2.png'
6.1524 	EXP 	instructions: autoDraw = True
6.3868 	DATA 	Keypress: space
6.3873 	EXP 	New trial (rep=0, index=3): OrderedDict([('INS', 'Slide3.png'), ('KEYS', ['space'])])
6.4191 	EXP 	instructions: autoDraw = False
6.4191 	EXP 	instructions: image = 'Slide3.png'
6.4191 	EXP 	instructions: autoDraw = True
6.9030 	DATA 	Keypress: space
6.9036 	EXP 	New trial (rep=0, index=4): OrderedDict([('INS', 'Slide4.png'), ('KEYS', ['space'])])
6.9354 	EXP 	instructions: autoDraw = False
6.9354 	EXP 	instructions: image = 'Slide4.png'
6.9354 	EXP 	instructions: autoDraw = True
7.4873 	DATA 	Keypress: space
7.4881 	EXP 	New trial (rep=0, index=5): OrderedDict([('INS', 'Slide5.png'), ('KEYS', ['space'])])
7.5205 	EXP 	instructions: autoDraw = False
7.5205 	EXP 	instructions: image = 'Slide5.png'
7.5205 	EXP 	instructions: autoDraw = True
7.9876 	DATA 	Keypress: space
7.9882 	EXP 	New trial (rep=0, index=6): OrderedDict([('INS', 'Slide6.png'), ('KEYS', ['g'])])
8.0204 	EXP 	instructions: autoDraw = False
8.0204 	EXP 	instructions: image = 'Slide6.png'
8.0204 	EXP 	instructions: autoDraw = True
9.1882 	DATA 	Keypress: g
9.1919 	EXP 	Imported conditions.xlsx as conditions, 9 conditions, 2 params
9.1921 	EXP 	Created sequence: random, trialTypes=9, nReps=1, seed=None
9.1925 	EXP 	New trial (rep=0, index=0): OrderedDict([('Category', 'Things in a kitchen'), ('Type', 'Spatial')])
9.2204 	EXP 	instructions: autoDraw = False
9.2204 	EXP 	letter_text: text = 'Things in a kitchen'
9.2204 	EXP 	list_text1: text = ''
9.2204 	EXP 	list_text1: pos = [-0.6, 0.15]
9.2204 	EXP 	list_text2: text = ''
9.2204 	EXP 	list_text2: pos = [-0.3, 0.15]
9.2204 	EXP 	list_text3: text = ''
9.2204 	EXP 	list_text3: pos = [0, 0.15]
9.2204 	EXP 	list_text4: text = ''
9.2204 	EXP 	list_text4: pos = [0.3, 0.15]
9.2204 	EXP 	list_text5: text = ''
9.2204 	EXP 	list_text5: pos = [0.6, 0.15]
9.2204 	EXP 	letter_text: font = 'Arial'
9.2204 	EXP 	letter_text: bold = True
9.2204 	EXP 	fixation: autoDraw = True
10.2039 	EXP 	timer: autoDraw = True
10.2039 	EXP 	instruct_text: autoDraw = True
10.2039 	EXP 	letter_text: autoDraw = True
10.2039 	EXP 	screen_text: autoDraw = True
10.2039 	EXP 	list_text1: autoDraw = True
10.2039 	EXP 	list_text2: autoDraw = True
10.2039 	EXP 	list_text3: autoDraw = True
10.2039 	EXP 	list_text4: autoDraw = True
10.2039 	EXP 	list_text5: autoDraw = True
10.2039 	EXP 	letter_text: text = 'Things in a kitchen'
10.2199 	EXP 	fixation: autoDraw = False
11.6719 	DATA 	Keypress: f
11.6874 	EXP 	screen_text: text = 'f'
11.7231 	DATA 	Keypress: o
11.7368 	EXP 	screen_text: text = 'fo'
11.7883 	DATA 	Keypress: r
11.8036 	EXP 	screen_text: text = 'for'
11.9216 	DATA 	Keypress: k
11.9370 	EXP 	screen_text: text = 'fork'
12.0560 	DATA 	Keypress: return
12.0868 	EXP 	screen_text: text = 'fork'
12.0868 	EXP 	screen_text: text = ''
12.0868 	EXP 	list_text1: pos = array([-0.6   ,  0.1216])
12.0868 	EXP 	list_text1: text = '\nfork'
12.3395 	DATA 	Keypress: k
12.3546 	EXP 	screen_text: text = 'k'
12.4558 	DATA 	Keypress: n
12.4715 	EXP 	screen_text: text = 'kn'
12.6061 	DATA 	Keypress: i
12.6217 	EXP 	screen_text: text = 'kni'
12.7389 	DATA 	Keypress: f
12.7550 	EXP 	screen_text: text = 'knif'
12.8228 	DATA 	Keypress: e
12.8378 	EXP 	screen_text: text = 'knife'
12.9718 	DATA 	Keypress: return
12.9883 	EXP 	screen_text: text = 'knife'
12.9883 	EXP 	screen_text: text = ''
12.9883 	EXP 	list_text1: pos = array([-0.6   ,  0.0932])
12.9883 	EXP 	list_text1: text = '\nfork\nknife'
14.1390 	DATA 	Keypress: b
14.1552 	EXP 	screen_text: text = 'b'
14.2233 	DATA 	Keypress: o
14.2386 	EXP 	screen_text: text = 'bo'
14.3222 	DATA 	Keypress: w
14.3384 	EXP 	screen_text: text = 'bow'
14.3733 	DATA 	Keypress: l
14.3885 	EXP 	screen_text: text = 'bowl'
14.5554 	DATA 	Keypress: return
14.5722 	EXP 	screen_text: text = 'bowl'
14.5722 	EXP 	screen_text: text = ''
14.5722 	EXP 	list_text1: pos = array([-0.6   ,  0.0648])
14.5722 	EXP 	list_text1: text = '\nfork\nknife\nbowl'
15.2058 	DATA 	Keypress: c
15.2212 	EXP 	screen_text: text = 'c'
15.2746 	DATA 	Keypress: u
15.3045 	EXP 	screen_text: text = 'cu'
15.4224 	DATA 	Keypress: p
15.4378 	EXP 	screen_text: text = 'cup'
15.6898 	DATA 	Keypress: return
15.7046 	EXP 	screen_text: text = 'cup'
15.7046 	EXP 	screen_text: text = ''
15.7046 	EXP 	list_text1: pos = array([-0.6   ,  0.0364])
15.7046 	EXP 	list_text1: text = '\nfork\nknife\nbowl\ncup'
16.6572 	DATA 	Keypress: p
16.6882 	EXP 	screen_text: text = 'p'
16.7401 	DATA 	Keypress: l
16.7554 	EXP 	screen_text: text = 'pl'
16.8059 	DATA 	Keypress: a
16.8219 	EXP 	screen_text: text = 'pla'
16.9060 	DATA 	Keypress: c
16.9222 	EXP 	screen_text: text = 'plac'
16.9733 	DATA 	Keypress: e
16.9886 	EXP 	screen_text: text = 'place'
17.0731 	DATA 	Keypress: return
17.0883 	EXP 	screen_text: text = 'place'
17.0883 	EXP 	screen_text: text = ''
17.0883 	EXP 	list_text1: pos = array([-0.6  ,  0.008])
17.0883 	EXP 	list_text1: text = '\nfork\nknife\nbowl\ncup\nplace'
17.8244 	DATA 	Keypress: p
17.8391 	EXP 	screen_text: text = 'p'
17.8911 	DATA 	Keypress: l
17.9065 	EXP 	screen_text: text = 'pl'
17.9576 	DATA 	Keypress: a
17.9732 	EXP 	screen_text: text = 'pla'
18.0737 	DATA 	Keypress: t
18.0891 	EXP 	screen_text: text = 'plat'
18.1094 	DATA 	Keypress: e
18.1392 	EXP 	screen_text: text = 'plate'
18.2408 	DATA 	Keypress: return
18.2566 	EXP 	screen_text: text = 'plate'
18.2566 	EXP 	screen_text: text = ''
18.2566 	EXP 	list_text1: pos = array([-0.6   , -0.0204])
18.2566 	EXP 	list_text1: text = '\nfork\nknife\nbowl\ncup\nplace\nplate'
21.8916 	DATA 	Keypress: p
21.9064 	EXP 	screen_text: text = 'p'
21.9418 	DATA 	Keypress: e
21.9566 	EXP 	screen_text: text = 'pe'
22.0910 	DATA 	Keypress: e
22.1065 	EXP 	screen_text: text = 'pee'
22.1593 	DATA 	Keypress: l
22.1737 	EXP 	screen_text: text = 'peel'
22.2591 	DATA 	Keypress: e
22.2738 	EXP 	screen_text: text = 'peele'
22.3592 	DATA 	Keypress: r
22.3746 	EXP 	screen_text: text = 'peeler'
23.6093 	DATA 	Keypress: return
23.6250 	EXP 	screen_text: text = 'peeler'
23.6250 	EXP 	screen_text: text = ''
23.6250 	EXP 	list_text1: pos = array([-0.6   , -0.0488])
23.6250 	EXP 	list_text1: text = '\nfork\nknife\nbowl\ncup\nplace\nplate\npeeler'
23.8597 	DATA 	Keypress: p
23.8751 	EXP 	screen_text: text = 'p'
23.9263 	DATA 	Keypress: o
23.9416 	EXP 	screen_text: text = 'po'
24.0265 	DATA 	Keypress: t
24.0418 	EXP 	screen_text: text = 'pot'
25.2418 	DATA 	Keypress: return
25.2576 	EXP 	screen_text: text = 'pot'
25.2576 	EXP 	screen_text: text = ''
25.2576 	EXP 	list_text1: pos = array([-0.6   , -0.0772])
25.2576 	EXP 	list_text1: text = '\nfork\nknife\nbowl\ncup\nplace\nplate\npeeler\npot'
25.7253 	DATA 	Keypress: p
25.7411 	EXP 	screen_text: text = 'p'
25.8426 	DATA 	Keypress: a
25.8577 	EXP 	screen_text: text = 'pa'
25.9597 	DATA 	Keypress: n
25.9745 	EXP 	screen_text: text = 'pan'
26.8089 	DATA 	Keypress: return
26.8247 	EXP 	screen_text: text = 'pan'
26.8247 	EXP 	screen_text: text = ''
26.8247 	EXP 	list_text1: pos = array([-0.6   , -0.1056])
26.8247 	EXP 	list_text1: text = '\nfork\nknife\nbowl\ncup\nplace\nplate\npeeler\npot\npan'
30.6103 	DATA 	Keypress: p
30.6112 	DATA 	Keypress: e
30.6259 	EXP 	screen_text: text = 'p'
30.7438 	DATA 	Keypress: e
30.7593 	EXP 	screen_text: text = 'pe'
30.8942 	DATA 	Keypress: l
30.9093 	EXP 	screen_text: text = 'pel'
31.1114 	DATA 	Keypress: e
31.1261 	EXP 	screen_text: text = 'pele'
31.4438 	DATA 	Keypress: backspace
31.4595 	EXP 	screen_text: text = 'pel'
31.5771 	DATA 	Keypress: backspace
31.5932 	EXP 	screen_text: text = 'pe'
31.7438 	DATA 	Keypress: backspace
31.7596 	EXP 	screen_text: text = 'p'
31.9449 	DATA 	Keypress: s
31.9596 	EXP 	screen_text: text = 'ps'
32.2285 	DATA 	Keypress: backspace
32.2447 	EXP 	screen_text: text = 'p'
32.3451 	DATA 	Keypress: backspace
32.3610 	EXP 	screen_text: text = ''
32.4282 	DATA 	Keypress: s
32.4443 	EXP 	screen_text: text = 's'
32.7792 	DATA 	Keypress: q
32.7945 	EXP 	screen_text: text = 'sq'
32.9139 	DATA 	Keypress: i
32.9437 	EXP 	screen_text: text = 'sqi'
33.4784 	DATA 	Keypress: backspace
33.4947 	EXP 	screen_text: text = 'sq'
33.7807 	DATA 	Keypress: u
33.8115 	EXP 	screen_text: text = 'squ'
33.9294 	DATA 	Keypress: u
33.9448 	EXP 	screen_text: text = 'squu'
34.8948 	DATA 	Keypress: backspace
34.9105 	EXP 	screen_text: text = 'squ'
35.7134 	DATA 	Keypress: e
35.7275 	EXP 	screen_text: text = 'sque'
35.8287 	DATA 	Keypress: e
35.8441 	EXP 	screen_text: text = 'squee'
36.0286 	DATA 	Keypress: z
36.0442 	EXP 	screen_text: text = 'squeez'
36.3122 	DATA 	Keypress: e
36.3277 	EXP 	screen_text: text = 'squeeze'
36.3806 	DATA 	Keypress: r
36.4118 	EXP 	screen_text: text = 'squeezer'
36.5626 	DATA 	Keypress: return
36.5777 	EXP 	screen_text: text = 'squeezer'
36.5777 	EXP 	screen_text: text = ''
36.5777 	EXP 	list_text1: pos = array([-0.6  , -0.134])
36.5777 	EXP 	list_text1: text = '\nfork\nknife\nbowl\ncup\nplace\nplate\npeeler\npot\npan\nsqueezer'
37.0131 	DATA 	Keypress: escape
37.2773 	EXP 	window1: mouseVisible = True
