0.7937 	WARNING 	We strongly recommend you activate the PTB sound engine in PsychoPy prefs as the preferred audio engine. Its timing is vastly superior. Your prefs are currently set to use ['sounddevice', 'pyo', 'pygame'] (in that order).
6.3576 	EXP 	Created window1 = Window(allowGUI=False, allowStencil=False, args=UNKNOWN, autoLog=True, bitsMode=UNKNOWN, blendMode='avg', bpc=(8, 8, 8), color=array([0., 0., 0.]), colorSpace='rgb', depthBits=8, fullscr=<method-wrapper '__getattribute__' of attributeSetter object at 0x130f68390>, gamma=None, gammaErrorPolicy='raise', kwargs=UNKNOWN, lms=UNKNOWN, monitor=<psychopy.monitors.calibTools.Monitor object at 0x1088e8f60>, multiSample=False, name='window1', numSamples=2, pos=[640.0, 360.0], screen=0, size=array([5120, 2880]), stencilBits=0, stereo=False, units='height', useFBO=True, useRetina=True, viewOri=0.0, viewPos=None, viewScale=None, waitBlanking=True, winType='pyglet')
6.3576 	EXP 	window1: recordFrameIntervals = False
6.5242 	EXP 	window1: recordFrameIntervals = True
6.7076 	EXP 	window1: recordFrameIntervals = False
6.7311 	EXP 	Created instructions = ImageStim(__class__=<class 'psychopy.visual.image.ImageStim'>, autoLog=True, color=array([1., 1., 1.]), colorSpace='rgb', contrast=1.0, depth=0.0, flipHoriz=False, flipVert=False, image='sin', interpolate=True, mask=None, maskParams=None, name='instructions', opacity=1.0, ori=0.0, pos=array([0., 0.]), size=array([1280.,  720.]), texRes=512, units='pix', win=Window(...))
6.7888 	EXP 	Created fixation = TextStim(__class__=<class 'psychopy.visual.text.TextStim'>, alignHoriz=method-wrapper(...), alignText='center', alignVert=method-wrapper(...), anchorHoriz='center', anchorVert='center', antialias=True, autoLog=True, bold=False, color='white', colorSpace='named', contrast=1.0, depth=0.0, flipHoriz=False, flipVert=False, font='Arial', fontFiles=[], height=0.1, italic=False, languageStyle='LTR', name='fixation', opacity=1.0, ori=0, pos=array([0., 0.]), rgb=array([255., 255., 255.]), text='+', units='height', win=Window(...), wrapWidth=1)
6.7962 	EXP 	Created timer = TextStim(__class__=<class 'psychopy.visual.text.TextStim'>, alignHoriz=method-wrapper(...), alignText='center', alignVert=method-wrapper(...), anchorHoriz='center', anchorVert='center', antialias=True, autoLog=True, bold=False, color='white', colorSpace='named', contrast=1.0, depth=-1.0, flipHoriz=False, flipVert=False, font='Arial', fontFiles=[], height=0.05, italic=False, languageStyle='LTR', name='timer', opacity=1.0, ori=0, pos=array([-0.7,  0.4]), rgb=array([255., 255., 255.]), text='default text', units='height', win=Window(...), wrapWidth=1)
6.8103 	EXP 	Created instruct_text = TextStim(__class__=<class 'psychopy.visual.text.TextStim'>, alignHoriz=method-wrapper(...), alignText='center', alignVert=method-wrapper(...), anchorHoriz='center', anchorVert='center', antialias=True, autoLog=True, bold=False, color='white', colorSpace='named', contrast=1.0, depth=-2.0, flipHoriz=False, flipVert=False, font='Arial', fontFiles=[], height=0.05, italic=False, languageStyle='LTR', name='instruct_text', opacity=1.0, ori=0, pos=array([0. , 0.4]), rgb=array([255., 255., 255.]), text=str(...), units='height', win=Window(...), wrapWidth=1)
6.8120 	EXP 	Created letter_text = TextStim(__class__=<class 'psychopy.visual.text.TextStim'>, alignHoriz=method-wrapper(...), alignText='center', alignVert=method-wrapper(...), anchorHoriz='center', anchorVert='center', antialias=True, autoLog=True, bold=False, color='white', colorSpace='named', contrast=1.0, depth=-3.0, flipHoriz=False, flipVert=False, font='Arial', fontFiles=[], height=0.05, italic=False, languageStyle='LTR', name='letter_text', opacity=1.0, ori=0, pos=array([0.  , 0.28]), rgb=array([255., 255., 255.]), text='default text', units='height', win=Window(...), wrapWidth=1)
6.8124 	EXP 	Created screen_text = TextStim(__class__=<class 'psychopy.visual.text.TextStim'>, alignHoriz=method-wrapper(...), alignText='center', alignVert=method-wrapper(...), anchorHoriz='center', anchorVert='center', antialias=True, autoLog=True, bold=False, color='white', colorSpace='named', contrast=1.0, depth=-4.0, flipHoriz=False, flipVert=False, font='Arial', fontFiles=[], height=0.05, italic=False, languageStyle='LTR', name='screen_text', opacity=1.0, ori=0, pos=array([0. , 0.2]), rgb=array([255., 255., 255.]), text='', units='height', win=Window(...), wrapWidth=1)
6.8128 	EXP 	Created list_text1 = TextStim(__class__=<class 'psychopy.visual.text.TextStim'>, alignHoriz=method-wrapper(...), alignText='center', alignVert=method-wrapper(...), anchorHoriz='center', anchorVert='center', antialias=True, autoLog=True, bold=False, color='white', colorSpace='named', contrast=1.0, depth=-5.0, flipHoriz=False, flipVert=False, font='Arial', fontFiles=[], height=0.05, italic=False, languageStyle='LTR', name='list_text1', opacity=1.0, ori=0, pos=array([0., 0.]), rgb=array([255., 255., 255.]), text='', units='height', win=Window(...), wrapWidth=1)
6.8143 	EXP 	Created list_text2 = TextStim(__class__=<class 'psychopy.visual.text.TextStim'>, alignHoriz=method-wrapper(...), alignText='center', alignVert=method-wrapper(...), anchorHoriz='center', anchorVert='center', antialias=True, autoLog=True, bold=False, color='white', colorSpace='named', contrast=1.0, depth=-6.0, flipHoriz=False, flipVert=False, font='Arial', fontFiles=[], height=0.05, italic=False, languageStyle='LTR', name='list_text2', opacity=1.0, ori=0, pos=array([0., 0.]), rgb=array([255., 255., 255.]), text='', units='height', win=Window(...), wrapWidth=1)
6.8147 	EXP 	Created list_text3 = TextStim(__class__=<class 'psychopy.visual.text.TextStim'>, alignHoriz=method-wrapper(...), alignText='center', alignVert=method-wrapper(...), anchorHoriz='center', anchorVert='center', antialias=True, autoLog=True, bold=False, color='white', colorSpace='named', contrast=1.0, depth=-7.0, flipHoriz=False, flipVert=False, font='Arial', fontFiles=[], height=0.05, italic=False, languageStyle='LTR', name='list_text3', opacity=1.0, ori=0, pos=array([0., 0.]), rgb=array([255., 255., 255.]), text='', units='height', win=Window(...), wrapWidth=1)
6.8150 	EXP 	Created list_text4 = TextStim(__class__=<class 'psychopy.visual.text.TextStim'>, alignHoriz=method-wrapper(...), alignText='center', alignVert=method-wrapper(...), anchorHoriz='center', anchorVert='center', antialias=True, autoLog=True, bold=False, color='white', colorSpace='named', contrast=1.0, depth=-8.0, flipHoriz=False, flipVert=False, font='Arial', fontFiles=[], height=0.05, italic=False, languageStyle='LTR', name='list_text4', opacity=1.0, ori=0, pos=array([0., 0.]), rgb=array([255., 255., 255.]), text='', units='height', win=Window(...), wrapWidth=1)
6.8154 	EXP 	Created list_text5 = TextStim(__class__=<class 'psychopy.visual.text.TextStim'>, alignHoriz=method-wrapper(...), alignText='center', alignVert=method-wrapper(...), anchorHoriz='center', anchorVert='center', antialias=True, autoLog=True, bold=False, color='white', colorSpace='named', contrast=1.0, depth=-9.0, flipHoriz=False, flipVert=False, font='Arial', fontFiles=[], height=0.05, italic=False, languageStyle='LTR', name='list_text5', opacity=1.0, ori=0, pos=array([0., 0.]), rgb=array([255., 255., 255.]), text='', units='height', win=Window(...), wrapWidth=1)
6.8165 	EXP 	Created fixation_1 = TextStim(__class__=<class 'psychopy.visual.text.TextStim'>, alignHoriz=method-wrapper(...), alignText='center', alignVert=method-wrapper(...), anchorHoriz='center', anchorVert='center', antialias=True, autoLog=True, bold=False, color='white', colorSpace='named', contrast=1.0, depth=0.0, flipHoriz=False, flipVert=False, font='Arial', fontFiles=[], height=0.1, italic=False, languageStyle='LTR', name='fixation_1', opacity=1.0, ori=0, pos=array([0., 0.]), rgb=array([255., 255., 255.]), text='+', units='height', win=Window(...), wrapWidth=1)
6.8218 	EXP 	Created difficulty_question = TextStim(__class__=<class 'psychopy.visual.text.TextStim'>, alignHoriz=method-wrapper(...), alignText='center', alignVert=method-wrapper(...), anchorHoriz='center', anchorVert='center', antialias=True, autoLog=True, bold=False, color='white', colorSpace='named', contrast=1.0, depth=-1.0, flipHoriz=False, flipVert=False, font='Arial', fontFiles=[], height=0.05, italic=False, languageStyle='LTR', name='difficulty_question', opacity=1.0, ori=0, pos=array([0. , 0.2]), rgb=array([255., 255., 255.]), text=str(...), units='height', win=Window(...), wrapWidth=1)
6.8287 	EXP 	Created options = TextStim(__class__=<class 'psychopy.visual.text.TextStim'>, alignHoriz=method-wrapper(...), alignText='center', alignVert=method-wrapper(...), anchorHoriz='center', anchorVert='center', antialias=True, autoLog=True, bold=False, color='white', colorSpace='named', contrast=1.0, depth=-2.0, flipHoriz=False, flipVert=False, font='Arial', fontFiles=[], height=0.05, italic=False, languageStyle='LTR', name='options', opacity=1.0, ori=0, pos=array([0., 0.]), rgb=array([255., 255., 255.]), text=str(...), units='height', win=Window(...), wrapWidth=1)
6.8363 	EXP 	Created anchor_1 = TextStim(__class__=<class 'psychopy.visual.text.TextStim'>, alignHoriz=method-wrapper(...), alignText='center', alignVert=method-wrapper(...), anchorHoriz='center', anchorVert='center', antialias=True, autoLog=True, bold=False, color='white', colorSpace='named', contrast=1.0, depth=-3.0, flipHoriz=False, flipVert=False, font='Arial', fontFiles=[], height=0.04, italic=False, languageStyle='LTR', name='anchor_1', opacity=1.0, ori=0, pos=array([-0.4, -0.2]), rgb=array([255., 255., 255.]), text='Not difficult at all', units='height', win=Window(...), wrapWidth=1)
6.8408 	EXP 	Created anchor_2 = TextStim(__class__=<class 'psychopy.visual.text.TextStim'>, alignHoriz=method-wrapper(...), alignText='center', alignVert=method-wrapper(...), anchorHoriz='center', anchorVert='center', antialias=True, autoLog=True, bold=False, color='white', colorSpace='named', contrast=1.0, depth=-4.0, flipHoriz=False, flipVert=False, font='Arial', fontFiles=[], height=0.04, italic=False, languageStyle='LTR', name='anchor_2', opacity=1.0, ori=0, pos=array([ 0.4, -0.2]), rgb=array([255., 255., 255.]), text='Very Difficult\n', units='height', win=Window(...), wrapWidth=1)
6.8606 	EXP 	Created text_other = TextStim(__class__=<class 'psychopy.visual.text.TextStim'>, alignHoriz=method-wrapper(...), alignText='center', alignVert=method-wrapper(...), anchorHoriz='center', anchorVert='center', antialias=True, autoLog=True, bold=False, color='white', colorSpace='named', contrast=1.0, depth=0.0, flipHoriz=False, flipVert=False, font='Arial', fontFiles=[], height=0.05, italic=False, languageStyle='LTR', name='text_other', opacity=1.0, ori=0, pos=array([0.  , 0.25]), rgb=array([255., 255., 255.]), text=str(...), units='height', win=Window(...), wrapWidth=1)
6.8611 	EXP 	Created text = TextStim(__class__=<class 'psychopy.visual.text.TextStim'>, alignHoriz=method-wrapper(...), alignText='center', alignVert=method-wrapper(...), anchorHoriz='center', anchorVert='center', antialias=True, autoLog=True, bold=False, color='white', colorSpace='named', contrast=1.0, depth=-1.0, flipHoriz=False, flipVert=False, font='Arial', fontFiles=[], height=0.05, italic=False, languageStyle='LTR', name='text', opacity=1.0, ori=0, pos=array([0., 0.]), rgb=array([255., 255., 255.]), text='', units='height', win=Window(...), wrapWidth=1)
6.8650 	EXP 	Created thank_you = TextStim(__class__=<class 'psychopy.visual.text.TextStim'>, alignHoriz=method-wrapper(...), alignText='center', alignVert=method-wrapper(...), anchorHoriz='center', anchorVert='center', antialias=True, autoLog=True, bold=False, color='white', colorSpace='named', contrast=1.0, depth=0.0, flipHoriz=False, flipVert=False, font='Arial', fontFiles=[], height=0.05, italic=False, languageStyle='LTR', name='thank_you', opacity=1.0, ori=0, pos=array([0., 0.]), rgb=array([255., 255., 255.]), text=str(...), units='height', win=Window(...), wrapWidth=1)
6.8703 	EXP 	Imported instructions.xlsx as conditions, 6 conditions, 1 params
6.8705 	EXP 	Created sequence: sequential, trialTypes=6, nReps=1, seed=None
6.8707 	EXP 	New trial (rep=0, index=0): OrderedDict([('INS', 'Slide1.png')])
6.9407 	EXP 	instructions: image = 'Slide1.png'
6.9407 	EXP 	instructions: autoDraw = True
7.3079 	EXP 	New trial (rep=0, index=1): OrderedDict([('INS', 'Slide2.png')])
7.3292 	DATA 	Keypress: space
7.3410 	EXP 	instructions: autoDraw = False
7.3410 	EXP 	instructions: image = 'Slide2.png'
7.3410 	EXP 	instructions: autoDraw = True
7.6588 	EXP 	New trial (rep=0, index=2): OrderedDict([('INS', 'Slide3.png')])
7.6784 	DATA 	Keypress: space
7.6915 	EXP 	instructions: autoDraw = False
7.6915 	EXP 	instructions: image = 'Slide3.png'
7.6915 	EXP 	instructions: autoDraw = True
7.9428 	EXP 	New trial (rep=0, index=3): OrderedDict([('INS', 'Slide4.png')])
7.9628 	DATA 	Keypress: space
7.9752 	EXP 	instructions: autoDraw = False
7.9752 	EXP 	instructions: image = 'Slide4.png'
7.9752 	EXP 	instructions: autoDraw = True
8.2092 	EXP 	New trial (rep=0, index=4): OrderedDict([('INS', 'Slide5.png')])
8.2291 	DATA 	Keypress: space
8.2416 	EXP 	instructions: autoDraw = False
8.2416 	EXP 	instructions: image = 'Slide5.png'
8.2416 	EXP 	instructions: autoDraw = True
8.7763 	EXP 	New trial (rep=0, index=5): OrderedDict([('INS', 'Slide6.png')])
8.7954 	DATA 	Keypress: space
8.8091 	EXP 	instructions: autoDraw = False
8.8091 	EXP 	instructions: image = 'Slide6.png'
8.8091 	EXP 	instructions: autoDraw = True
9.8297 	EXP 	Imported conditions.xlsx as conditions, 9 conditions, 2 params
9.8300 	EXP 	Created sequence: random, trialTypes=9, nReps=1, seed=None
9.8306 	EXP 	New trial (rep=0, index=0): OrderedDict([('Category', 'Things in a kitchen'), ('Type', 'Spatial')])
9.8371 	DATA 	Keypress: g
9.8592 	EXP 	instructions: autoDraw = False
9.8592 	EXP 	letter_text: text = 'Things in a kitchen'
9.8592 	EXP 	list_text1: text = ''
9.8592 	EXP 	list_text1: pos = [-0.6, 0.15]
9.8592 	EXP 	list_text2: text = ''
9.8592 	EXP 	list_text2: pos = [-0.3, 0.15]
9.8592 	EXP 	list_text3: text = ''
9.8592 	EXP 	list_text3: pos = [0, 0.15]
9.8592 	EXP 	list_text4: text = ''
9.8592 	EXP 	list_text4: pos = [0.3, 0.15]
9.8592 	EXP 	list_text5: text = ''
9.8592 	EXP 	list_text5: pos = [0.6, 0.15]
9.8592 	EXP 	letter_text: font = 'Arial'
9.8592 	EXP 	letter_text: bold = True
9.8592 	EXP 	fixation: autoDraw = True
10.8423 	EXP 	timer: autoDraw = True
10.8423 	EXP 	instruct_text: autoDraw = True
10.8423 	EXP 	letter_text: autoDraw = True
10.8423 	EXP 	screen_text: autoDraw = True
10.8423 	EXP 	list_text1: autoDraw = True
10.8423 	EXP 	list_text2: autoDraw = True
10.8423 	EXP 	list_text3: autoDraw = True
10.8423 	EXP 	list_text4: autoDraw = True
10.8423 	EXP 	list_text5: autoDraw = True
10.8423 	EXP 	letter_text: text = 'Things in a kitchen'
10.8595 	EXP 	fixation: autoDraw = False
12.6615 	DATA 	Keypress: b
12.6770 	EXP 	screen_text: text = 'b'
12.7453 	DATA 	Keypress: e
12.7603 	EXP 	screen_text: text = 'be'
12.8617 	DATA 	Keypress: f
12.8764 	EXP 	screen_text: text = 'bef'
13.1941 	DATA 	Keypress: backspace
13.2105 	EXP 	screen_text: text = 'be'
13.3295 	DATA 	Keypress: backspace
13.3435 	EXP 	screen_text: text = 'b'
13.4954 	DATA 	Keypress: backspace
13.5098 	EXP 	screen_text: text = ''
14.0481 	DATA 	Keypress: a
14.0773 	EXP 	screen_text: text = 'a'
14.3641 	DATA 	Keypress: backspace
14.3938 	EXP 	screen_text: text = ''
14.5118 	DATA 	Keypress: backspace
14.5265 	EXP 	screen_text: text = ''
14.7957 	DATA 	Keypress: l
14.8103 	EXP 	screen_text: text = 'l'
14.9285 	DATA 	Keypress: a
14.9432 	EXP 	screen_text: text = 'la'
15.0300 	DATA 	Keypress: m
15.0443 	EXP 	screen_text: text = 'lam'
15.2301 	DATA 	Keypress: p
15.2610 	EXP 	screen_text: text = 'lamp'
15.9449 	DATA 	Keypress: return
15.9606 	EXP 	screen_text: text = 'lamp'
15.9606 	EXP 	screen_text: text = ''
15.9606 	EXP 	list_text1: pos = array([-0.6   ,  0.1216])
15.9606 	EXP 	list_text1: text = '\nlamp'
16.8282 	DATA 	Keypress: f
16.8434 	EXP 	screen_text: text = 'f'
16.8613 	DATA 	Keypress: o
16.8770 	EXP 	screen_text: text = 'fo'
17.0122 	DATA 	Keypress: r
17.0270 	EXP 	screen_text: text = 'for'
17.0953 	DATA 	Keypress: k
17.1103 	EXP 	screen_text: text = 'fork'
17.2781 	DATA 	Keypress: return
17.2934 	EXP 	screen_text: text = 'fork'
17.2934 	EXP 	screen_text: text = ''
17.2934 	EXP 	list_text1: pos = array([-0.6   ,  0.0932])
17.2934 	EXP 	list_text1: text = '\nlamp\nfork'
17.4798 	DATA 	Keypress: k
17.4951 	EXP 	screen_text: text = 'k'
17.6463 	DATA 	Keypress: n
17.6617 	EXP 	screen_text: text = 'kn'
17.7623 	DATA 	Keypress: i
17.7785 	EXP 	screen_text: text = 'kni'
17.8622 	DATA 	Keypress: f
17.8785 	EXP 	screen_text: text = 'knif'
17.9133 	DATA 	Keypress: e
17.9283 	EXP 	screen_text: text = 'knife'
18.0458 	DATA 	Keypress: return
18.0611 	EXP 	screen_text: text = 'knife'
18.0611 	EXP 	screen_text: text = ''
18.0611 	EXP 	list_text1: pos = array([-0.6   ,  0.0648])
18.0611 	EXP 	list_text1: text = '\nlamp\nfork\nknife'
20.8448 	EXP 	fixation: autoDraw = False
20.8448 	EXP 	timer: autoDraw = False
20.8448 	EXP 	instruct_text: autoDraw = False
20.8448 	EXP 	letter_text: autoDraw = False
20.8448 	EXP 	screen_text: autoDraw = False
20.8448 	EXP 	list_text1: autoDraw = False
20.8448 	EXP 	list_text2: autoDraw = False
20.8448 	EXP 	list_text3: autoDraw = False
20.8448 	EXP 	list_text4: autoDraw = False
20.8448 	EXP 	list_text5: autoDraw = False
20.8448 	EXP 	fixation_1: autoDraw = True
21.8282 	EXP 	difficulty_question: autoDraw = True
21.8282 	EXP 	options: autoDraw = True
21.8282 	EXP 	anchor_1: autoDraw = True
21.8282 	EXP 	anchor_2: autoDraw = True
21.8451 	EXP 	fixation_1: autoDraw = False
22.8659 	DATA 	Keypress: 6
22.8801 	EXP 	fixation_1: autoDraw = False
22.8801 	EXP 	difficulty_question: autoDraw = False
22.8801 	EXP 	options: autoDraw = False
22.8801 	EXP 	anchor_1: autoDraw = False
22.8801 	EXP 	anchor_2: autoDraw = False
22.8801 	EXP 	text: text = ''
22.8801 	EXP 	text_other: autoDraw = True
22.8801 	EXP 	text: autoDraw = True
24.2818 	DATA 	Keypress: k
24.2851 	DATA 	Keypress: f
24.2960 	EXP 	text: text = 'k'
24.2972 	DATA 	Keypress: j
24.3140 	EXP 	text: text = 'kf'
24.3309 	DATA 	Keypress: s
24.3471 	EXP 	text: text = 'kfs'
24.4317 	DATA 	Keypress: d
24.4472 	EXP 	text: text = 'kfsd'
24.5321 	DATA 	Keypress: f
24.5463 	EXP 	text: text = 'kfsdf'
24.6149 	DATA 	Keypress: k
24.6298 	EXP 	text: text = 'kfsdfk'
24.8147 	DATA 	Keypress: return
24.8155 	EXP 	New trial (rep=0, index=1): OrderedDict([('Category', 'Words that start with A'), ('Type', 'Phonemic')])
24.8295 	EXP 	text_other: autoDraw = False
24.8295 	EXP 	text: autoDraw = False
24.8295 	EXP 	letter_text: text = 'Words that start with A'
24.8295 	EXP 	list_text1: text = ''
24.8295 	EXP 	list_text1: pos = [-0.6, 0.15]
24.8295 	EXP 	list_text2: text = ''
24.8295 	EXP 	list_text2: pos = [-0.3, 0.15]
24.8295 	EXP 	list_text3: text = ''
24.8295 	EXP 	list_text3: pos = [0, 0.15]
24.8295 	EXP 	list_text4: text = ''
24.8295 	EXP 	list_text4: pos = [0.3, 0.15]
24.8295 	EXP 	list_text5: text = ''
24.8295 	EXP 	list_text5: pos = [0.6, 0.15]
24.8295 	EXP 	letter_text: font = 'Arial'
24.8295 	EXP 	letter_text: bold = True
24.8295 	EXP 	fixation: autoDraw = True
25.2307 	DATA 	Keypress: escape
25.4944 	EXP 	window1: mouseVisible = True
