0.6300 	WARNING 	We strongly recommend you activate the PTB sound engine in PsychoPy prefs as the preferred audio engine. Its timing is vastly superior. Your prefs are currently set to use ['sounddevice', 'pyo', 'pygame'] (in that order).
5.3644 	EXP 	Created window1 = Window(allowGUI=False, allowStencil=False, args=UNKNOWN, autoLog=True, bitsMode=UNKNOWN, blendMode='avg', bpc=(8, 8, 8), color=array([0., 0., 0.]), colorSpace='rgb', depthBits=8, fullscr=<method-wrapper '__getattribute__' of attributeSetter object at 0x12a2f2940>, gamma=None, gammaErrorPolicy='raise', kwargs=UNKNOWN, lms=UNKNOWN, monitor=<psychopy.monitors.calibTools.Monitor object at 0x12b4160b8>, multiSample=False, name='window1', numSamples=2, pos=[640.0, 360.0], screen=0, size=array([5120, 2880]), stencilBits=0, stereo=False, units='height', useFBO=True, useRetina=True, viewOri=0.0, viewPos=None, viewScale=None, waitBlanking=True, winType='pyglet')
5.3644 	EXP 	window1: recordFrameIntervals = False
5.5303 	EXP 	window1: recordFrameIntervals = True
5.7135 	EXP 	window1: recordFrameIntervals = False
5.7568 	EXP 	Created instructions = ImageStim(__class__=<class 'psychopy.visual.image.ImageStim'>, autoLog=True, color=array([1., 1., 1.]), colorSpace='rgb', contrast=1.0, depth=0.0, flipHoriz=False, flipVert=False, image='sin', interpolate=True, mask=None, maskParams=None, name='instructions', opacity=1.0, ori=0.0, pos=array([0., 0.]), size=array([1280.,  720.]), texRes=512, units='pix', win=Window(...))
5.8282 	EXP 	Created fixation = TextStim(__class__=<class 'psychopy.visual.text.TextStim'>, alignHoriz=method-wrapper(...), alignText='center', alignVert=method-wrapper(...), anchorHoriz='center', anchorVert='center', antialias=True, autoLog=True, bold=False, color='white', colorSpace='named', contrast=1.0, depth=0.0, flipHoriz=False, flipVert=False, font='Arial', fontFiles=[], height=0.1, italic=False, languageStyle='LTR', name='fixation', opacity=1.0, ori=0, pos=array([0., 0.]), rgb=array([255., 255., 255.]), text='+', units='height', win=Window(...), wrapWidth=1)
5.8353 	EXP 	Created timer = TextStim(__class__=<class 'psychopy.visual.text.TextStim'>, alignHoriz=method-wrapper(...), alignText='center', alignVert=method-wrapper(...), anchorHoriz='center', anchorVert='center', antialias=True, autoLog=True, bold=False, color='white', colorSpace='named', contrast=1.0, depth=-1.0, flipHoriz=False, flipVert=False, font='Arial', fontFiles=[], height=0.05, italic=False, languageStyle='LTR', name='timer', opacity=1.0, ori=0, pos=array([-0.7,  0.4]), rgb=array([255., 255., 255.]), text='default text', units='height', win=Window(...), wrapWidth=1)
5.8489 	EXP 	Created instruct_text = TextStim(__class__=<class 'psychopy.visual.text.TextStim'>, alignHoriz=method-wrapper(...), alignText='center', alignVert=method-wrapper(...), anchorHoriz='center', anchorVert='center', antialias=True, autoLog=True, bold=False, color='white', colorSpace='named', contrast=1.0, depth=-2.0, flipHoriz=False, flipVert=False, font='Arial', fontFiles=[], height=0.05, italic=False, languageStyle='LTR', name='instruct_text', opacity=1.0, ori=0, pos=array([0. , 0.4]), rgb=array([255., 255., 255.]), text=str(...), units='height', win=Window(...), wrapWidth=1)
5.8506 	EXP 	Created letter_text = TextStim(__class__=<class 'psychopy.visual.text.TextStim'>, alignHoriz=method-wrapper(...), alignText='center', alignVert=method-wrapper(...), anchorHoriz='center', anchorVert='center', antialias=True, autoLog=True, bold=False, color='white', colorSpace='named', contrast=1.0, depth=-3.0, flipHoriz=False, flipVert=False, font='Arial', fontFiles=[], height=0.05, italic=False, languageStyle='LTR', name='letter_text', opacity=1.0, ori=0, pos=array([0.  , 0.28]), rgb=array([255., 255., 255.]), text='default text', units='height', win=Window(...), wrapWidth=1)
5.8510 	EXP 	Created screen_text = TextStim(__class__=<class 'psychopy.visual.text.TextStim'>, alignHoriz=method-wrapper(...), alignText='center', alignVert=method-wrapper(...), anchorHoriz='center', anchorVert='center', antialias=True, autoLog=True, bold=False, color='white', colorSpace='named', contrast=1.0, depth=-4.0, flipHoriz=False, flipVert=False, font='Arial', fontFiles=[], height=0.05, italic=False, languageStyle='LTR', name='screen_text', opacity=1.0, ori=0, pos=array([0. , 0.2]), rgb=array([255., 255., 255.]), text='', units='height', win=Window(...), wrapWidth=1)
5.8513 	EXP 	Created list_text1 = TextStim(__class__=<class 'psychopy.visual.text.TextStim'>, alignHoriz=method-wrapper(...), alignText='center', alignVert=method-wrapper(...), anchorHoriz='center', anchorVert='center', antialias=True, autoLog=True, bold=False, color='white', colorSpace='named', contrast=1.0, depth=-5.0, flipHoriz=False, flipVert=False, font='Arial', fontFiles=[], height=0.05, italic=False, languageStyle='LTR', name='list_text1', opacity=1.0, ori=0, pos=array([0., 0.]), rgb=array([255., 255., 255.]), text='', units='height', win=Window(...), wrapWidth=1)
5.8527 	EXP 	Created list_text2 = TextStim(__class__=<class 'psychopy.visual.text.TextStim'>, alignHoriz=method-wrapper(...), alignText='center', alignVert=method-wrapper(...), anchorHoriz='center', anchorVert='center', antialias=True, autoLog=True, bold=False, color='white', colorSpace='named', contrast=1.0, depth=-6.0, flipHoriz=False, flipVert=False, font='Arial', fontFiles=[], height=0.05, italic=False, languageStyle='LTR', name='list_text2', opacity=1.0, ori=0, pos=array([0., 0.]), rgb=array([255., 255., 255.]), text='', units='height', win=Window(...), wrapWidth=1)
5.8531 	EXP 	Created list_text3 = TextStim(__class__=<class 'psychopy.visual.text.TextStim'>, alignHoriz=method-wrapper(...), alignText='center', alignVert=method-wrapper(...), anchorHoriz='center', anchorVert='center', antialias=True, autoLog=True, bold=False, color='white', colorSpace='named', contrast=1.0, depth=-7.0, flipHoriz=False, flipVert=False, font='Arial', fontFiles=[], height=0.05, italic=False, languageStyle='LTR', name='list_text3', opacity=1.0, ori=0, pos=array([0., 0.]), rgb=array([255., 255., 255.]), text='', units='height', win=Window(...), wrapWidth=1)
5.8535 	EXP 	Created list_text4 = TextStim(__class__=<class 'psychopy.visual.text.TextStim'>, alignHoriz=method-wrapper(...), alignText='center', alignVert=method-wrapper(...), anchorHoriz='center', anchorVert='center', antialias=True, autoLog=True, bold=False, color='white', colorSpace='named', contrast=1.0, depth=-8.0, flipHoriz=False, flipVert=False, font='Arial', fontFiles=[], height=0.05, italic=False, languageStyle='LTR', name='list_text4', opacity=1.0, ori=0, pos=array([0., 0.]), rgb=array([255., 255., 255.]), text='', units='height', win=Window(...), wrapWidth=1)
5.8539 	EXP 	Created list_text5 = TextStim(__class__=<class 'psychopy.visual.text.TextStim'>, alignHoriz=method-wrapper(...), alignText='center', alignVert=method-wrapper(...), anchorHoriz='center', anchorVert='center', antialias=True, autoLog=True, bold=False, color='white', colorSpace='named', contrast=1.0, depth=-9.0, flipHoriz=False, flipVert=False, font='Arial', fontFiles=[], height=0.05, italic=False, languageStyle='LTR', name='list_text5', opacity=1.0, ori=0, pos=array([0., 0.]), rgb=array([255., 255., 255.]), text='', units='height', win=Window(...), wrapWidth=1)
5.8549 	EXP 	Created fixation_1 = TextStim(__class__=<class 'psychopy.visual.text.TextStim'>, alignHoriz=method-wrapper(...), alignText='center', alignVert=method-wrapper(...), anchorHoriz='center', anchorVert='center', antialias=True, autoLog=True, bold=False, color='white', colorSpace='named', contrast=1.0, depth=0.0, flipHoriz=False, flipVert=False, font='Arial', fontFiles=[], height=0.1, italic=False, languageStyle='LTR', name='fixation_1', opacity=1.0, ori=0, pos=array([0., 0.]), rgb=array([255., 255., 255.]), text='+', units='height', win=Window(...), wrapWidth=1)
5.8599 	EXP 	Created difficulty_question = TextStim(__class__=<class 'psychopy.visual.text.TextStim'>, alignHoriz=method-wrapper(...), alignText='center', alignVert=method-wrapper(...), anchorHoriz='center', anchorVert='center', antialias=True, autoLog=True, bold=False, color='white', colorSpace='named', contrast=1.0, depth=-1.0, flipHoriz=False, flipVert=False, font='Arial', fontFiles=[], height=0.05, italic=False, languageStyle='LTR', name='difficulty_question', opacity=1.0, ori=0, pos=array([0. , 0.2]), rgb=array([255., 255., 255.]), text=str(...), units='height', win=Window(...), wrapWidth=1)
5.8668 	EXP 	Created options = TextStim(__class__=<class 'psychopy.visual.text.TextStim'>, alignHoriz=method-wrapper(...), alignText='center', alignVert=method-wrapper(...), anchorHoriz='center', anchorVert='center', antialias=True, autoLog=True, bold=False, color='white', colorSpace='named', contrast=1.0, depth=-2.0, flipHoriz=False, flipVert=False, font='Arial', fontFiles=[], height=0.05, italic=False, languageStyle='LTR', name='options', opacity=1.0, ori=0, pos=array([0., 0.]), rgb=array([255., 255., 255.]), text=str(...), units='height', win=Window(...), wrapWidth=1)
5.8742 	EXP 	Created anchor_1 = TextStim(__class__=<class 'psychopy.visual.text.TextStim'>, alignHoriz=method-wrapper(...), alignText='center', alignVert=method-wrapper(...), anchorHoriz='center', anchorVert='center', antialias=True, autoLog=True, bold=False, color='white', colorSpace='named', contrast=1.0, depth=-3.0, flipHoriz=False, flipVert=False, font='Arial', fontFiles=[], height=0.04, italic=False, languageStyle='LTR', name='anchor_1', opacity=1.0, ori=0, pos=array([-0.4, -0.2]), rgb=array([255., 255., 255.]), text='Not difficult at all', units='height', win=Window(...), wrapWidth=1)
5.8784 	EXP 	Created anchor_2 = TextStim(__class__=<class 'psychopy.visual.text.TextStim'>, alignHoriz=method-wrapper(...), alignText='center', alignVert=method-wrapper(...), anchorHoriz='center', anchorVert='center', antialias=True, autoLog=True, bold=False, color='white', colorSpace='named', contrast=1.0, depth=-4.0, flipHoriz=False, flipVert=False, font='Arial', fontFiles=[], height=0.04, italic=False, languageStyle='LTR', name='anchor_2', opacity=1.0, ori=0, pos=array([ 0.4, -0.2]), rgb=array([255., 255., 255.]), text='Very Difficult\n', units='height', win=Window(...), wrapWidth=1)
5.8979 	EXP 	Created text_other = TextStim(__class__=<class 'psychopy.visual.text.TextStim'>, alignHoriz=method-wrapper(...), alignText='center', alignVert=method-wrapper(...), anchorHoriz='center', anchorVert='center', antialias=True, autoLog=True, bold=False, color='white', colorSpace='named', contrast=1.0, depth=0.0, flipHoriz=False, flipVert=False, font='Arial', fontFiles=[], height=0.05, italic=False, languageStyle='LTR', name='text_other', opacity=1.0, ori=0, pos=array([0.  , 0.25]), rgb=array([255., 255., 255.]), text=str(...), units='height', win=Window(...), wrapWidth=1)
5.8984 	EXP 	Created text = TextStim(__class__=<class 'psychopy.visual.text.TextStim'>, alignHoriz=method-wrapper(...), alignText='center', alignVert=method-wrapper(...), anchorHoriz='center', anchorVert='center', antialias=True, autoLog=True, bold=False, color='white', colorSpace='named', contrast=1.0, depth=-1.0, flipHoriz=False, flipVert=False, font='Arial', fontFiles=[], height=0.05, italic=False, languageStyle='LTR', name='text', opacity=1.0, ori=0, pos=array([0., 0.]), rgb=array([255., 255., 255.]), text='', units='height', win=Window(...), wrapWidth=1)
5.9022 	EXP 	Created thank_you = TextStim(__class__=<class 'psychopy.visual.text.TextStim'>, alignHoriz=method-wrapper(...), alignText='center', alignVert=method-wrapper(...), anchorHoriz='center', anchorVert='center', antialias=True, autoLog=True, bold=False, color='white', colorSpace='named', contrast=1.0, depth=0.0, flipHoriz=False, flipVert=False, font='Arial', fontFiles=[], height=0.05, italic=False, languageStyle='LTR', name='thank_you', opacity=1.0, ori=0, pos=array([0., 0.]), rgb=array([255., 255., 255.]), text=str(...), units='height', win=Window(...), wrapWidth=1)
5.9076 	EXP 	Imported instructions.xlsx as conditions, 6 conditions, 1 params
5.9078 	EXP 	Created sequence: sequential, trialTypes=6, nReps=1, seed=None
5.9079 	EXP 	New trial (rep=0, index=0): OrderedDict([('INS', 'Slide1.png')])
5.9803 	EXP 	instructions: image = 'Slide1.png'
5.9803 	EXP 	instructions: autoDraw = True
6.4976 	EXP 	New trial (rep=0, index=1): OrderedDict([('INS', 'Slide2.png')])
6.5172 	DATA 	Keypress: space
6.5309 	EXP 	instructions: autoDraw = False
6.5309 	EXP 	instructions: image = 'Slide2.png'
6.5309 	EXP 	instructions: autoDraw = True
6.9143 	EXP 	New trial (rep=0, index=2): OrderedDict([('INS', 'Slide3.png')])
6.9325 	DATA 	Keypress: space
6.9473 	EXP 	instructions: autoDraw = False
6.9473 	EXP 	instructions: image = 'Slide3.png'
6.9473 	EXP 	instructions: autoDraw = True
7.3642 	EXP 	New trial (rep=0, index=3): OrderedDict([('INS', 'Slide4.png')])
7.3828 	DATA 	Keypress: space
7.3973 	EXP 	instructions: autoDraw = False
7.3973 	EXP 	instructions: image = 'Slide4.png'
7.3973 	EXP 	instructions: autoDraw = True
7.7807 	EXP 	New trial (rep=0, index=4): OrderedDict([('INS', 'Slide5.png')])
7.8004 	DATA 	Keypress: space
7.8141 	EXP 	instructions: autoDraw = False
7.8141 	EXP 	instructions: image = 'Slide5.png'
7.8141 	EXP 	instructions: autoDraw = True
8.1817 	EXP 	New trial (rep=0, index=5): OrderedDict([('INS', 'Slide6.png')])
8.1991 	DATA 	Keypress: space
8.2137 	EXP 	instructions: autoDraw = False
8.2137 	EXP 	instructions: image = 'Slide6.png'
8.2137 	EXP 	instructions: autoDraw = True
9.2349 	EXP 	Imported conditions.xlsx as conditions, 9 conditions, 2 params
9.2360 	EXP 	Created sequence: random, trialTypes=9, nReps=1, seed=None
9.2362 	EXP 	New trial (rep=0, index=0): OrderedDict([('Category', 'Words that start with F'), ('Type', 'Phonemic')])
9.2426 	DATA 	Keypress: g
9.2649 	EXP 	instructions: autoDraw = False
9.2649 	EXP 	letter_text: text = 'Words that start with F'
9.2649 	EXP 	list_text1: text = ''
9.2649 	EXP 	list_text1: pos = [-0.6, 0.15]
9.2649 	EXP 	list_text2: text = ''
9.2649 	EXP 	list_text2: pos = [-0.3, 0.15]
9.2649 	EXP 	list_text3: text = ''
9.2649 	EXP 	list_text3: pos = [0, 0.15]
9.2649 	EXP 	list_text4: text = ''
9.2649 	EXP 	list_text4: pos = [0.3, 0.15]
9.2649 	EXP 	list_text5: text = ''
9.2649 	EXP 	list_text5: pos = [0.6, 0.15]
9.2649 	EXP 	letter_text: font = 'Arial'
9.2649 	EXP 	letter_text: bold = True
9.2649 	EXP 	fixation: autoDraw = True
10.2491 	EXP 	timer: autoDraw = True
10.2491 	EXP 	instruct_text: autoDraw = True
10.2491 	EXP 	letter_text: autoDraw = True
10.2491 	EXP 	screen_text: autoDraw = True
10.2491 	EXP 	list_text1: autoDraw = True
10.2491 	EXP 	list_text2: autoDraw = True
10.2491 	EXP 	list_text3: autoDraw = True
10.2491 	EXP 	list_text4: autoDraw = True
10.2491 	EXP 	list_text5: autoDraw = True
10.2491 	EXP 	letter_text: text = 'Words that start with F'
10.2648 	EXP 	fixation: autoDraw = False
11.8003 	DATA 	Keypress: f
11.8151 	EXP 	screen_text: text = 'f'
11.9328 	DATA 	Keypress: r
11.9493 	EXP 	screen_text: text = 'fr'
11.9829 	DATA 	Keypress: o
11.9984 	EXP 	screen_text: text = 'fro'
12.0998 	DATA 	Keypress: c
12.1151 	EXP 	screen_text: text = 'froc'
12.1330 	DATA 	Keypress: k
12.1486 	EXP 	screen_text: text = 'frock'
12.2841 	DATA 	Keypress: return
12.2987 	EXP 	screen_text: text = 'frock'
12.2987 	EXP 	screen_text: text = ''
12.2987 	EXP 	list_text1: pos = array([-0.6   ,  0.1216])
12.2987 	EXP 	list_text1: text = '\nfrock'
13.4341 	DATA 	Keypress: d
13.4493 	EXP 	screen_text: text = 'd'
13.7195 	DATA 	Keypress: backspace
13.7502 	EXP 	screen_text: text = ''
13.8200 	DATA 	Keypress: f
13.8505 	EXP 	screen_text: text = 'f'
14.0018 	DATA 	Keypress: r
14.0162 	EXP 	screen_text: text = 'fr'
14.1519 	DATA 	Keypress: o
14.1668 	EXP 	screen_text: text = 'fro'
14.1681 	DATA 	Keypress: g
14.1833 	EXP 	screen_text: text = 'frog'
14.5011 	DATA 	Keypress: return
14.5171 	EXP 	screen_text: text = 'frog'
14.5171 	EXP 	screen_text: text = ''
14.5171 	EXP 	list_text1: pos = array([-0.6   ,  0.0932])
14.5171 	EXP 	list_text1: text = '\nfrock\nfrog'
15.2012 	DATA 	Keypress: escape
15.4646 	EXP 	window1: mouseVisible = True
