0.7667 	WARNING 	We strongly recommend you activate the PTB sound engine in PsychoPy prefs as the preferred audio engine. Its timing is vastly superior. Your prefs are currently set to use ['sounddevice', 'pyo', 'pygame'] (in that order).
5.2024 	EXP 	Created window1 = Window(allowGUI=False, allowStencil=False, args=UNKNOWN, autoLog=True, bitsMode=UNKNOWN, blendMode='avg', bpc=(8, 8, 8), color=array([0., 0., 0.]), colorSpace='rgb', depthBits=8, fullscr=<method-wrapper '__getattribute__' of attributeSetter object at 0x1196c0320>, gamma=None, gammaErrorPolicy='raise', kwargs=UNKNOWN, lms=UNKNOWN, monitor=<psychopy.monitors.calibTools.Monitor object at 0x11bce5ef0>, multiSample=False, name='window1', numSamples=2, pos=[640.0, 360.0], screen=0, size=array([5120, 2880]), stencilBits=0, stereo=False, units='height', useFBO=True, useRetina=True, viewOri=0.0, viewPos=None, viewScale=None, waitBlanking=True, winType='pyglet')
5.2024 	EXP 	window1: recordFrameIntervals = False
5.3686 	EXP 	window1: recordFrameIntervals = True
5.5524 	EXP 	window1: recordFrameIntervals = False
5.5758 	EXP 	Created instructions = ImageStim(__class__=<class 'psychopy.visual.image.ImageStim'>, autoLog=True, color=array([1., 1., 1.]), colorSpace='rgb', contrast=1.0, depth=0.0, flipHoriz=False, flipVert=False, image='sin', interpolate=True, mask=None, maskParams=None, name='instructions', opacity=1.0, ori=0.0, pos=array([0., 0.]), size=array([1280.,  720.]), texRes=512, units='pix', win=Window(...))
5.6332 	EXP 	Created fixation = TextStim(__class__=<class 'psychopy.visual.text.TextStim'>, alignHoriz=method-wrapper(...), alignText='center', alignVert=method-wrapper(...), anchorHoriz='center', anchorVert='center', antialias=True, autoLog=True, bold=False, color='white', colorSpace='named', contrast=1.0, depth=0.0, flipHoriz=False, flipVert=False, font='Arial', fontFiles=[], height=0.1, italic=False, languageStyle='LTR', name='fixation', opacity=1.0, ori=0, pos=array([0., 0.]), rgb=array([255., 255., 255.]), text='+', units='height', win=Window(...), wrapWidth=1)
5.6403 	EXP 	Created timer = TextStim(__class__=<class 'psychopy.visual.text.TextStim'>, alignHoriz=method-wrapper(...), alignText='center', alignVert=method-wrapper(...), anchorHoriz='center', anchorVert='center', antialias=True, autoLog=True, bold=False, color='white', colorSpace='named', contrast=1.0, depth=-1.0, flipHoriz=False, flipVert=False, font='Arial', fontFiles=[], height=0.05, italic=False, languageStyle='LTR', name='timer', opacity=1.0, ori=0, pos=array([-0.7,  0.4]), rgb=array([255., 255., 255.]), text='default text', units='height', win=Window(...), wrapWidth=1)
5.6536 	EXP 	Created instruct_text = TextStim(__class__=<class 'psychopy.visual.text.TextStim'>, alignHoriz=method-wrapper(...), alignText='center', alignVert=method-wrapper(...), anchorHoriz='center', anchorVert='center', antialias=True, autoLog=True, bold=False, color='white', colorSpace='named', contrast=1.0, depth=-2.0, flipHoriz=False, flipVert=False, font='Arial', fontFiles=[], height=0.05, italic=False, languageStyle='LTR', name='instruct_text', opacity=1.0, ori=0, pos=array([0. , 0.4]), rgb=array([255., 255., 255.]), text=str(...), units='height', win=Window(...), wrapWidth=1)
5.6553 	EXP 	Created letter_text = TextStim(__class__=<class 'psychopy.visual.text.TextStim'>, alignHoriz=method-wrapper(...), alignText='center', alignVert=method-wrapper(...), anchorHoriz='center', anchorVert='center', antialias=True, autoLog=True, bold=False, color='white', colorSpace='named', contrast=1.0, depth=-3.0, flipHoriz=False, flipVert=False, font='Arial', fontFiles=[], height=0.05, italic=False, languageStyle='LTR', name='letter_text', opacity=1.0, ori=0, pos=array([0.  , 0.28]), rgb=array([255., 255., 255.]), text='default text', units='height', win=Window(...), wrapWidth=1)
5.6557 	EXP 	Created screen_text = TextStim(__class__=<class 'psychopy.visual.text.TextStim'>, alignHoriz=method-wrapper(...), alignText='center', alignVert=method-wrapper(...), anchorHoriz='center', anchorVert='center', antialias=True, autoLog=True, bold=False, color='white', colorSpace='named', contrast=1.0, depth=-4.0, flipHoriz=False, flipVert=False, font='Arial', fontFiles=[], height=0.05, italic=False, languageStyle='LTR', name='screen_text', opacity=1.0, ori=0, pos=array([0. , 0.2]), rgb=array([255., 255., 255.]), text='', units='height', win=Window(...), wrapWidth=1)
5.6561 	EXP 	Created list_text1 = TextStim(__class__=<class 'psychopy.visual.text.TextStim'>, alignHoriz=method-wrapper(...), alignText='center', alignVert=method-wrapper(...), anchorHoriz='center', anchorVert='center', antialias=True, autoLog=True, bold=False, color='white', colorSpace='named', contrast=1.0, depth=-5.0, flipHoriz=False, flipVert=False, font='Arial', fontFiles=[], height=0.05, italic=False, languageStyle='LTR', name='list_text1', opacity=1.0, ori=0, pos=array([0., 0.]), rgb=array([255., 255., 255.]), text='', units='height', win=Window(...), wrapWidth=1)
5.6575 	EXP 	Created list_text2 = TextStim(__class__=<class 'psychopy.visual.text.TextStim'>, alignHoriz=method-wrapper(...), alignText='center', alignVert=method-wrapper(...), anchorHoriz='center', anchorVert='center', antialias=True, autoLog=True, bold=False, color='white', colorSpace='named', contrast=1.0, depth=-6.0, flipHoriz=False, flipVert=False, font='Arial', fontFiles=[], height=0.05, italic=False, languageStyle='LTR', name='list_text2', opacity=1.0, ori=0, pos=array([0., 0.]), rgb=array([255., 255., 255.]), text='', units='height', win=Window(...), wrapWidth=1)
5.6579 	EXP 	Created list_text3 = TextStim(__class__=<class 'psychopy.visual.text.TextStim'>, alignHoriz=method-wrapper(...), alignText='center', alignVert=method-wrapper(...), anchorHoriz='center', anchorVert='center', antialias=True, autoLog=True, bold=False, color='white', colorSpace='named', contrast=1.0, depth=-7.0, flipHoriz=False, flipVert=False, font='Arial', fontFiles=[], height=0.05, italic=False, languageStyle='LTR', name='list_text3', opacity=1.0, ori=0, pos=array([0., 0.]), rgb=array([255., 255., 255.]), text='', units='height', win=Window(...), wrapWidth=1)
5.6583 	EXP 	Created list_text4 = TextStim(__class__=<class 'psychopy.visual.text.TextStim'>, alignHoriz=method-wrapper(...), alignText='center', alignVert=method-wrapper(...), anchorHoriz='center', anchorVert='center', antialias=True, autoLog=True, bold=False, color='white', colorSpace='named', contrast=1.0, depth=-8.0, flipHoriz=False, flipVert=False, font='Arial', fontFiles=[], height=0.05, italic=False, languageStyle='LTR', name='list_text4', opacity=1.0, ori=0, pos=array([0., 0.]), rgb=array([255., 255., 255.]), text='', units='height', win=Window(...), wrapWidth=1)
5.6586 	EXP 	Created list_text5 = TextStim(__class__=<class 'psychopy.visual.text.TextStim'>, alignHoriz=method-wrapper(...), alignText='center', alignVert=method-wrapper(...), anchorHoriz='center', anchorVert='center', antialias=True, autoLog=True, bold=False, color='white', colorSpace='named', contrast=1.0, depth=-9.0, flipHoriz=False, flipVert=False, font='Arial', fontFiles=[], height=0.05, italic=False, languageStyle='LTR', name='list_text5', opacity=1.0, ori=0, pos=array([0., 0.]), rgb=array([255., 255., 255.]), text='', units='height', win=Window(...), wrapWidth=1)
5.6597 	EXP 	Created fixation_1 = TextStim(__class__=<class 'psychopy.visual.text.TextStim'>, alignHoriz=method-wrapper(...), alignText='center', alignVert=method-wrapper(...), anchorHoriz='center', anchorVert='center', antialias=True, autoLog=True, bold=False, color='white', colorSpace='named', contrast=1.0, depth=0.0, flipHoriz=False, flipVert=False, font='Arial', fontFiles=[], height=0.1, italic=False, languageStyle='LTR', name='fixation_1', opacity=1.0, ori=0, pos=array([0., 0.]), rgb=array([255., 255., 255.]), text='+', units='height', win=Window(...), wrapWidth=1)
5.6648 	EXP 	Created difficulty_question = TextStim(__class__=<class 'psychopy.visual.text.TextStim'>, alignHoriz=method-wrapper(...), alignText='center', alignVert=method-wrapper(...), anchorHoriz='center', anchorVert='center', antialias=True, autoLog=True, bold=False, color='white', colorSpace='named', contrast=1.0, depth=-1.0, flipHoriz=False, flipVert=False, font='Arial', fontFiles=[], height=0.05, italic=False, languageStyle='LTR', name='difficulty_question', opacity=1.0, ori=0, pos=array([0. , 0.2]), rgb=array([255., 255., 255.]), text=str(...), units='height', win=Window(...), wrapWidth=1)
5.6715 	EXP 	Created options = TextStim(__class__=<class 'psychopy.visual.text.TextStim'>, alignHoriz=method-wrapper(...), alignText='center', alignVert=method-wrapper(...), anchorHoriz='center', anchorVert='center', antialias=True, autoLog=True, bold=False, color='white', colorSpace='named', contrast=1.0, depth=-2.0, flipHoriz=False, flipVert=False, font='Arial', fontFiles=[], height=0.05, italic=False, languageStyle='LTR', name='options', opacity=1.0, ori=0, pos=array([0., 0.]), rgb=array([255., 255., 255.]), text=str(...), units='height', win=Window(...), wrapWidth=1)
5.6788 	EXP 	Created anchor_1 = TextStim(__class__=<class 'psychopy.visual.text.TextStim'>, alignHoriz=method-wrapper(...), alignText='center', alignVert=method-wrapper(...), anchorHoriz='center', anchorVert='center', antialias=True, autoLog=True, bold=False, color='white', colorSpace='named', contrast=1.0, depth=-3.0, flipHoriz=False, flipVert=False, font='Arial', fontFiles=[], height=0.04, italic=False, languageStyle='LTR', name='anchor_1', opacity=1.0, ori=0, pos=array([-0.4, -0.2]), rgb=array([255., 255., 255.]), text='Not difficult at all', units='height', win=Window(...), wrapWidth=1)
5.6832 	EXP 	Created anchor_2 = TextStim(__class__=<class 'psychopy.visual.text.TextStim'>, alignHoriz=method-wrapper(...), alignText='center', alignVert=method-wrapper(...), anchorHoriz='center', anchorVert='center', antialias=True, autoLog=True, bold=False, color='white', colorSpace='named', contrast=1.0, depth=-4.0, flipHoriz=False, flipVert=False, font='Arial', fontFiles=[], height=0.04, italic=False, languageStyle='LTR', name='anchor_2', opacity=1.0, ori=0, pos=array([ 0.4, -0.2]), rgb=array([255., 255., 255.]), text='Very Difficult\n', units='height', win=Window(...), wrapWidth=1)
5.7022 	EXP 	Created text_other = TextStim(__class__=<class 'psychopy.visual.text.TextStim'>, alignHoriz=method-wrapper(...), alignText='center', alignVert=method-wrapper(...), anchorHoriz='center', anchorVert='center', antialias=True, autoLog=True, bold=False, color='white', colorSpace='named', contrast=1.0, depth=0.0, flipHoriz=False, flipVert=False, font='Arial', fontFiles=[], height=0.05, italic=False, languageStyle='LTR', name='text_other', opacity=1.0, ori=0, pos=array([0.  , 0.25]), rgb=array([255., 255., 255.]), text=str(...), units='height', win=Window(...), wrapWidth=1)
5.7026 	EXP 	Created text = TextStim(__class__=<class 'psychopy.visual.text.TextStim'>, alignHoriz=method-wrapper(...), alignText='center', alignVert=method-wrapper(...), anchorHoriz='center', anchorVert='center', antialias=True, autoLog=True, bold=False, color='white', colorSpace='named', contrast=1.0, depth=-1.0, flipHoriz=False, flipVert=False, font='Arial', fontFiles=[], height=0.05, italic=False, languageStyle='LTR', name='text', opacity=1.0, ori=0, pos=array([0., 0.]), rgb=array([255., 255., 255.]), text='', units='height', win=Window(...), wrapWidth=1)
5.7063 	EXP 	Created thank_you = TextStim(__class__=<class 'psychopy.visual.text.TextStim'>, alignHoriz=method-wrapper(...), alignText='center', alignVert=method-wrapper(...), anchorHoriz='center', anchorVert='center', antialias=True, autoLog=True, bold=False, color='white', colorSpace='named', contrast=1.0, depth=0.0, flipHoriz=False, flipVert=False, font='Arial', fontFiles=[], height=0.05, italic=False, languageStyle='LTR', name='thank_you', opacity=1.0, ori=0, pos=array([0., 0.]), rgb=array([255., 255., 255.]), text=str(...), units='height', win=Window(...), wrapWidth=1)
5.7116 	EXP 	Imported instructions.xlsx as conditions, 6 conditions, 1 params
5.7118 	EXP 	Created sequence: sequential, trialTypes=6, nReps=1, seed=None
5.7120 	EXP 	New trial (rep=0, index=0): OrderedDict([('INS', 'Slide1.png')])
5.7837 	EXP 	instructions: image = 'Slide1.png'
5.7837 	EXP 	instructions: autoDraw = True
6.2194 	EXP 	New trial (rep=0, index=1): OrderedDict([('INS', 'Slide2.png')])
6.2389 	DATA 	Keypress: space
6.2515 	EXP 	instructions: autoDraw = False
6.2515 	EXP 	instructions: image = 'Slide2.png'
6.2515 	EXP 	instructions: autoDraw = True
6.6523 	EXP 	New trial (rep=0, index=2): OrderedDict([('INS', 'Slide3.png')])
6.6727 	DATA 	Keypress: space
6.6852 	EXP 	instructions: autoDraw = False
6.6852 	EXP 	instructions: image = 'Slide3.png'
6.6852 	EXP 	instructions: autoDraw = True
7.0362 	EXP 	New trial (rep=0, index=3): OrderedDict([('INS', 'Slide4.png')])
7.0564 	DATA 	Keypress: space
7.0693 	EXP 	instructions: autoDraw = False
7.0693 	EXP 	instructions: image = 'Slide4.png'
7.0693 	EXP 	instructions: autoDraw = True
7.5206 	EXP 	New trial (rep=0, index=4): OrderedDict([('INS', 'Slide5.png')])
7.5403 	DATA 	Keypress: space
7.5528 	EXP 	instructions: autoDraw = False
7.5528 	EXP 	instructions: image = 'Slide5.png'
7.5528 	EXP 	instructions: autoDraw = True
7.9537 	EXP 	New trial (rep=0, index=5): OrderedDict([('INS', 'Slide6.png')])
7.9695 	DATA 	Keypress: space
7.9867 	EXP 	instructions: autoDraw = False
7.9867 	EXP 	instructions: image = 'Slide6.png'
7.9867 	EXP 	instructions: autoDraw = True
8.4073 	EXP 	Imported conditions.xlsx as conditions, 9 conditions, 2 params
8.4075 	EXP 	Created sequence: random, trialTypes=9, nReps=1, seed=None
8.4077 	EXP 	New trial (rep=0, index=0): OrderedDict([('Category', 'Words that start with A'), ('Type', 'Phonemic')])
8.4142 	DATA 	Keypress: space
8.4374 	EXP 	instructions: autoDraw = False
8.4374 	EXP 	letter_text: text = 'Words that start with A'
8.4374 	EXP 	list_text1: text = ''
8.4374 	EXP 	list_text1: pos = [-0.6, 0.15]
8.4374 	EXP 	list_text2: text = ''
8.4374 	EXP 	list_text2: pos = [-0.3, 0.15]
8.4374 	EXP 	list_text3: text = ''
8.4374 	EXP 	list_text3: pos = [0, 0.15]
8.4374 	EXP 	list_text4: text = ''
8.4374 	EXP 	list_text4: pos = [0.3, 0.15]
8.4374 	EXP 	list_text5: text = ''
8.4374 	EXP 	list_text5: pos = [0.6, 0.15]
8.4374 	EXP 	letter_text: font = 'Arial'
8.4374 	EXP 	letter_text: bold = True
8.4374 	EXP 	fixation: autoDraw = True
9.4194 	EXP 	timer: autoDraw = True
9.4194 	EXP 	instruct_text: autoDraw = True
9.4194 	EXP 	letter_text: autoDraw = True
9.4194 	EXP 	screen_text: autoDraw = True
9.4194 	EXP 	list_text1: autoDraw = True
9.4194 	EXP 	list_text2: autoDraw = True
9.4194 	EXP 	list_text3: autoDraw = True
9.4194 	EXP 	list_text4: autoDraw = True
9.4194 	EXP 	list_text5: autoDraw = True
9.4194 	EXP 	letter_text: text = 'Words that start with A'
9.4536 	EXP 	fixation: autoDraw = False
12.0381 	DATA 	Keypress: a
12.0535 	EXP 	screen_text: text = 'a'
12.0547 	DATA 	Keypress: n
12.0705 	EXP 	screen_text: text = 'an'
12.2229 	DATA 	Keypress: i
12.2384 	EXP 	screen_text: text = 'ani'
12.4386 	DATA 	Keypress: m
12.4550 	EXP 	screen_text: text = 'anim'
12.5387 	DATA 	Keypress: a
12.5541 	EXP 	screen_text: text = 'anima'
12.8397 	DATA 	Keypress: l
12.8552 	EXP 	screen_text: text = 'animal'
13.4057 	DATA 	Keypress: return
13.4219 	EXP 	screen_text: text = 'animal'
13.4219 	EXP 	screen_text: text = ''
13.4219 	EXP 	list_text1: pos = array([-0.6   ,  0.1216])
13.4219 	EXP 	list_text1: text = '\nanimal'
13.6399 	DATA 	Keypress: a
13.6553 	EXP 	screen_text: text = 'a'
14.7228 	DATA 	Keypress: n
14.7376 	EXP 	screen_text: text = 'an'
15.4894 	DATA 	Keypress: o
15.5048 	EXP 	screen_text: text = 'ano'
15.7227 	DATA 	Keypress: a
15.7382 	EXP 	screen_text: text = 'anoa'
16.1726 	DATA 	Keypress: backspace
16.1882 	EXP 	screen_text: text = 'ano'
16.3748 	DATA 	Keypress: m
16.4050 	EXP 	screen_text: text = 'anom'
16.4567 	DATA 	Keypress: a
16.4724 	EXP 	screen_text: text = 'anoma'
16.5566 	DATA 	Keypress: l
16.5712 	EXP 	screen_text: text = 'anomal'
16.6730 	DATA 	Keypress: y
16.6885 	EXP 	screen_text: text = 'anomaly'
16.9396 	DATA 	Keypress: return
16.9548 	EXP 	screen_text: text = 'anomaly'
16.9548 	EXP 	screen_text: text = ''
16.9548 	EXP 	list_text1: pos = array([-0.6   ,  0.0932])
16.9548 	EXP 	list_text1: text = '\nanimal\nanomaly'
18.1413 	DATA 	Keypress: a
18.1568 	EXP 	screen_text: text = 'a'
18.2405 	DATA 	Keypress: r
18.2565 	EXP 	screen_text: text = 'ar'
18.3576 	DATA 	Keypress: a
18.3731 	EXP 	screen_text: text = 'ara'
18.4909 	DATA 	Keypress: b
18.5065 	EXP 	screen_text: text = 'arab'
18.7080 	DATA 	Keypress: return
18.7237 	EXP 	screen_text: text = 'arab'
18.7237 	EXP 	screen_text: text = ''
18.7237 	EXP 	list_text1: pos = array([-0.6   ,  0.0648])
18.7237 	EXP 	list_text1: text = '\nanimal\nanomaly\narab'
19.4225 	EXP 	fixation: autoDraw = False
19.4225 	EXP 	timer: autoDraw = False
19.4225 	EXP 	instruct_text: autoDraw = False
19.4225 	EXP 	letter_text: autoDraw = False
19.4225 	EXP 	screen_text: autoDraw = False
19.4225 	EXP 	list_text1: autoDraw = False
19.4225 	EXP 	list_text2: autoDraw = False
19.4225 	EXP 	list_text3: autoDraw = False
19.4225 	EXP 	list_text4: autoDraw = False
19.4225 	EXP 	list_text5: autoDraw = False
19.4225 	EXP 	fixation_1: autoDraw = True
20.4060 	EXP 	difficulty_question: autoDraw = True
20.4060 	EXP 	options: autoDraw = True
20.4060 	EXP 	anchor_1: autoDraw = True
20.4060 	EXP 	anchor_2: autoDraw = True
20.4232 	EXP 	fixation_1: autoDraw = False
21.6088 	DATA 	Keypress: 5
21.6233 	EXP 	fixation_1: autoDraw = False
21.6233 	EXP 	difficulty_question: autoDraw = False
21.6233 	EXP 	options: autoDraw = False
21.6233 	EXP 	anchor_1: autoDraw = False
21.6233 	EXP 	anchor_2: autoDraw = False
21.6233 	EXP 	text: text = ''
21.6233 	EXP 	text_other: autoDraw = True
21.6233 	EXP 	text: autoDraw = True
23.1087 	DATA 	Keypress: lshift
23.3753 	DATA 	Keypress: lshift
23.6421 	DATA 	Keypress: lshift
23.8919 	DATA 	Keypress: i
23.9075 	EXP 	text: text = 'I'
24.0252 	DATA 	Keypress: t
24.0408 	EXP 	text: text = 'It'
24.1250 	DATA 	Keypress: space
24.1408 	EXP 	text: text = 'It '
24.3089 	DATA 	Keypress: p
24.3242 	EXP 	text: text = 'It p'
24.4255 	DATA 	Keypress: o
24.4408 	EXP 	text: text = 'It po'
24.6100 	DATA 	Keypress: p
24.6408 	EXP 	text: text = 'It pop'
24.7760 	DATA 	Keypress: p
24.7909 	EXP 	text: text = 'It popp'
24.8924 	DATA 	Keypress: e
24.9075 	EXP 	text: text = 'It poppe'
24.9431 	DATA 	Keypress: d
24.9577 	EXP 	text: text = 'It popped'
25.0752 	DATA 	Keypress: space
25.0909 	EXP 	text: text = 'It popped '
25.1925 	DATA 	Keypress: i
25.2079 	EXP 	text: text = 'It popped i'
25.3262 	DATA 	Keypress: n
25.3410 	EXP 	text: text = 'It popped in'
25.4423 	DATA 	Keypress: t
25.4578 	EXP 	text: text = 'It popped int'
25.5098 	DATA 	Keypress: o
25.5411 	EXP 	text: text = 'It popped into'
25.5758 	DATA 	Keypress: space
25.5916 	EXP 	text: text = 'It popped into '
25.7261 	DATA 	Keypress: n
25.7411 	EXP 	text: text = 'It popped into n'
25.8261 	DATA 	Keypress: y
25.8413 	EXP 	text: text = 'It popped into ny'
25.9595 	DATA 	Keypress: space
25.9743 	EXP 	text: text = 'It popped into ny '
26.2420 	DATA 	Keypress: backspace
26.2584 	EXP 	text: text = 'It popped into ny'
26.4092 	DATA 	Keypress: backspace
26.4251 	EXP 	text: text = 'It popped into n'
26.5255 	DATA 	Keypress: backspace
26.5413 	EXP 	text: text = 'It popped into '
26.7095 	DATA 	Keypress: m
26.7249 	EXP 	text: text = 'It popped into m'
26.8094 	DATA 	Keypress: y
26.8249 	EXP 	text: text = 'It popped into my'
26.9270 	DATA 	Keypress: space
26.9583 	EXP 	text: text = 'It popped into my '
27.0755 	DATA 	Keypress: h
27.0916 	EXP 	text: text = 'It popped into my h'
27.1446 	DATA 	Keypress: e
27.1601 	EXP 	text: text = 'It popped into my he'
27.2274 	DATA 	Keypress: a
27.2429 	EXP 	text: text = 'It popped into my hea'
27.3608 	DATA 	Keypress: d
27.3763 	EXP 	text: text = 'It popped into my head'
27.7272 	DATA 	Keypress: return
27.7280 	EXP 	New trial (rep=0, index=1): OrderedDict([('Category', 'Things in a kitchen'), ('Type', 'Spatial')])
27.7429 	EXP 	text_other: autoDraw = False
27.7429 	EXP 	text: autoDraw = False
27.7429 	EXP 	letter_text: text = 'Things in a kitchen'
27.7429 	EXP 	list_text1: text = ''
27.7429 	EXP 	list_text1: pos = [-0.6, 0.15]
27.7429 	EXP 	list_text2: text = ''
27.7429 	EXP 	list_text2: pos = [-0.3, 0.15]
27.7429 	EXP 	list_text3: text = ''
27.7429 	EXP 	list_text3: pos = [0, 0.15]
27.7429 	EXP 	list_text4: text = ''
27.7429 	EXP 	list_text4: pos = [0.3, 0.15]
27.7429 	EXP 	list_text5: text = ''
27.7429 	EXP 	list_text5: pos = [0.6, 0.15]
27.7429 	EXP 	letter_text: font = 'Arial'
27.7429 	EXP 	letter_text: bold = True
27.7429 	EXP 	fixation: autoDraw = True
28.7258 	EXP 	timer: autoDraw = True
28.7258 	EXP 	instruct_text: autoDraw = True
28.7258 	EXP 	letter_text: autoDraw = True
28.7258 	EXP 	screen_text: autoDraw = True
28.7258 	EXP 	list_text1: autoDraw = True
28.7258 	EXP 	list_text2: autoDraw = True
28.7258 	EXP 	list_text3: autoDraw = True
28.7258 	EXP 	list_text4: autoDraw = True
28.7258 	EXP 	list_text5: autoDraw = True
28.7258 	EXP 	letter_text: text = 'Things in a kitchen'
28.7433 	EXP 	fixation: autoDraw = False
38.7298 	EXP 	timer: autoDraw = False
38.7298 	EXP 	instruct_text: autoDraw = False
38.7298 	EXP 	letter_text: autoDraw = False
38.7298 	EXP 	screen_text: autoDraw = False
38.7298 	EXP 	list_text1: autoDraw = False
38.7298 	EXP 	list_text2: autoDraw = False
38.7298 	EXP 	list_text3: autoDraw = False
38.7298 	EXP 	list_text4: autoDraw = False
38.7298 	EXP 	list_text5: autoDraw = False
38.7298 	EXP 	fixation: autoDraw = False
38.7298 	EXP 	timer: autoDraw = False
38.7298 	EXP 	instruct_text: autoDraw = False
38.7298 	EXP 	letter_text: autoDraw = False
38.7298 	EXP 	screen_text: autoDraw = False
38.7298 	EXP 	list_text1: autoDraw = False
38.7298 	EXP 	list_text2: autoDraw = False
38.7298 	EXP 	list_text3: autoDraw = False
38.7298 	EXP 	list_text4: autoDraw = False
38.7298 	EXP 	list_text5: autoDraw = False
38.7298 	EXP 	fixation_1: autoDraw = True
39.7131 	EXP 	difficulty_question: autoDraw = True
39.7131 	EXP 	options: autoDraw = True
39.7131 	EXP 	anchor_1: autoDraw = True
39.7131 	EXP 	anchor_2: autoDraw = True
39.7288 	EXP 	fixation_1: autoDraw = False
48.4024 	DATA 	Keypress: escape
48.7638 	EXP 	window1: mouseVisible = True
