0.6014 	WARNING 	We strongly recommend you activate the PTB sound engine in PsychoPy prefs as the preferred audio engine. Its timing is vastly superior. Your prefs are currently set to use ['sounddevice', 'pyo', 'pygame'] (in that order).
4.8075 	EXP 	Created window1 = Window(allowGUI=False, allowStencil=False, args=UNKNOWN, autoLog=True, bitsMode=UNKNOWN, blendMode='avg', bpc=(8, 8, 8), color=array([0., 0., 0.]), colorSpace='rgb', depthBits=8, fullscr=<method-wrapper '__getattribute__' of attributeSetter object at 0x1289c6470>, gamma=None, gammaErrorPolicy='raise', kwargs=UNKNOWN, lms=UNKNOWN, monitor=<psychopy.monitors.calibTools.Monitor object at 0x10adf9080>, multiSample=False, name='window1', numSamples=2, pos=[640.0, 360.0], screen=0, size=array([5120, 2880]), stencilBits=0, stereo=False, units='height', useFBO=True, useRetina=True, viewOri=0.0, viewPos=None, viewScale=None, waitBlanking=True, winType='pyglet')
4.8075 	EXP 	window1: recordFrameIntervals = False
4.9735 	EXP 	window1: recordFrameIntervals = True
5.1566 	EXP 	window1: recordFrameIntervals = False
5.1792 	EXP 	Created instructions = ImageStim(__class__=<class 'psychopy.visual.image.ImageStim'>, autoLog=True, color=array([1., 1., 1.]), colorSpace='rgb', contrast=1.0, depth=0.0, flipHoriz=False, flipVert=False, image='sin', interpolate=True, mask=None, maskParams=None, name='instructions', opacity=1.0, ori=0.0, pos=array([0., 0.]), size=array([1280.,  720.]), texRes=512, units='pix', win=Window(...))
5.2360 	EXP 	Created fixation = TextStim(__class__=<class 'psychopy.visual.text.TextStim'>, alignHoriz=method-wrapper(...), alignText='center', alignVert=method-wrapper(...), anchorHoriz='center', anchorVert='center', antialias=True, autoLog=True, bold=False, color='white', colorSpace='named', contrast=1.0, depth=0.0, flipHoriz=False, flipVert=False, font='Arial', fontFiles=[], height=0.1, italic=False, languageStyle='LTR', name='fixation', opacity=1.0, ori=0, pos=array([0., 0.]), rgb=array([255., 255., 255.]), text='+', units='height', win=Window(...), wrapWidth=1)
5.2431 	EXP 	Created timer = TextStim(__class__=<class 'psychopy.visual.text.TextStim'>, alignHoriz=method-wrapper(...), alignText='center', alignVert=method-wrapper(...), anchorHoriz='center', anchorVert='center', antialias=True, autoLog=True, bold=False, color='white', colorSpace='named', contrast=1.0, depth=-1.0, flipHoriz=False, flipVert=False, font='Arial', fontFiles=[], height=0.05, italic=False, languageStyle='LTR', name='timer', opacity=1.0, ori=0, pos=array([-0.7,  0.4]), rgb=array([255., 255., 255.]), text='default text', units='height', win=Window(...), wrapWidth=1)
5.2570 	EXP 	Created instruct_text = TextStim(__class__=<class 'psychopy.visual.text.TextStim'>, alignHoriz=method-wrapper(...), alignText='center', alignVert=method-wrapper(...), anchorHoriz='center', anchorVert='center', antialias=True, autoLog=True, bold=False, color='white', colorSpace='named', contrast=1.0, depth=-2.0, flipHoriz=False, flipVert=False, font='Arial', fontFiles=[], height=0.05, italic=False, languageStyle='LTR', name='instruct_text', opacity=1.0, ori=0, pos=array([0. , 0.4]), rgb=array([255., 255., 255.]), text=str(...), units='height', win=Window(...), wrapWidth=1)
5.2587 	EXP 	Created letter_text = TextStim(__class__=<class 'psychopy.visual.text.TextStim'>, alignHoriz=method-wrapper(...), alignText='center', alignVert=method-wrapper(...), anchorHoriz='center', anchorVert='center', antialias=True, autoLog=True, bold=False, color='white', colorSpace='named', contrast=1.0, depth=-3.0, flipHoriz=False, flipVert=False, font='Arial', fontFiles=[], height=0.05, italic=False, languageStyle='LTR', name='letter_text', opacity=1.0, ori=0, pos=array([0.  , 0.28]), rgb=array([255., 255., 255.]), text='default text', units='height', win=Window(...), wrapWidth=1)
5.2591 	EXP 	Created screen_text = TextStim(__class__=<class 'psychopy.visual.text.TextStim'>, alignHoriz=method-wrapper(...), alignText='center', alignVert=method-wrapper(...), anchorHoriz='center', anchorVert='center', antialias=True, autoLog=True, bold=False, color='white', colorSpace='named', contrast=1.0, depth=-4.0, flipHoriz=False, flipVert=False, font='Arial', fontFiles=[], height=0.05, italic=False, languageStyle='LTR', name='screen_text', opacity=1.0, ori=0, pos=array([0. , 0.2]), rgb=array([255., 255., 255.]), text='', units='height', win=Window(...), wrapWidth=1)
5.2595 	EXP 	Created list_text1 = TextStim(__class__=<class 'psychopy.visual.text.TextStim'>, alignHoriz=method-wrapper(...), alignText='center', alignVert=method-wrapper(...), anchorHoriz='center', anchorVert='center', antialias=True, autoLog=True, bold=False, color='white', colorSpace='named', contrast=1.0, depth=-5.0, flipHoriz=False, flipVert=False, font='Arial', fontFiles=[], height=0.05, italic=False, languageStyle='LTR', name='list_text1', opacity=1.0, ori=0, pos=array([0., 0.]), rgb=array([255., 255., 255.]), text='', units='height', win=Window(...), wrapWidth=1)
5.2609 	EXP 	Created list_text2 = TextStim(__class__=<class 'psychopy.visual.text.TextStim'>, alignHoriz=method-wrapper(...), alignText='center', alignVert=method-wrapper(...), anchorHoriz='center', anchorVert='center', antialias=True, autoLog=True, bold=False, color='white', colorSpace='named', contrast=1.0, depth=-6.0, flipHoriz=False, flipVert=False, font='Arial', fontFiles=[], height=0.05, italic=False, languageStyle='LTR', name='list_text2', opacity=1.0, ori=0, pos=array([0., 0.]), rgb=array([255., 255., 255.]), text='', units='height', win=Window(...), wrapWidth=1)
5.2613 	EXP 	Created list_text3 = TextStim(__class__=<class 'psychopy.visual.text.TextStim'>, alignHoriz=method-wrapper(...), alignText='center', alignVert=method-wrapper(...), anchorHoriz='center', anchorVert='center', antialias=True, autoLog=True, bold=False, color='white', colorSpace='named', contrast=1.0, depth=-7.0, flipHoriz=False, flipVert=False, font='Arial', fontFiles=[], height=0.05, italic=False, languageStyle='LTR', name='list_text3', opacity=1.0, ori=0, pos=array([0., 0.]), rgb=array([255., 255., 255.]), text='', units='height', win=Window(...), wrapWidth=1)
5.2617 	EXP 	Created list_text4 = TextStim(__class__=<class 'psychopy.visual.text.TextStim'>, alignHoriz=method-wrapper(...), alignText='center', alignVert=method-wrapper(...), anchorHoriz='center', anchorVert='center', antialias=True, autoLog=True, bold=False, color='white', colorSpace='named', contrast=1.0, depth=-8.0, flipHoriz=False, flipVert=False, font='Arial', fontFiles=[], height=0.05, italic=False, languageStyle='LTR', name='list_text4', opacity=1.0, ori=0, pos=array([0., 0.]), rgb=array([255., 255., 255.]), text='', units='height', win=Window(...), wrapWidth=1)
5.2620 	EXP 	Created list_text5 = TextStim(__class__=<class 'psychopy.visual.text.TextStim'>, alignHoriz=method-wrapper(...), alignText='center', alignVert=method-wrapper(...), anchorHoriz='center', anchorVert='center', antialias=True, autoLog=True, bold=False, color='white', colorSpace='named', contrast=1.0, depth=-9.0, flipHoriz=False, flipVert=False, font='Arial', fontFiles=[], height=0.05, italic=False, languageStyle='LTR', name='list_text5', opacity=1.0, ori=0, pos=array([0., 0.]), rgb=array([255., 255., 255.]), text='', units='height', win=Window(...), wrapWidth=1)
5.2631 	EXP 	Created fixation_1 = TextStim(__class__=<class 'psychopy.visual.text.TextStim'>, alignHoriz=method-wrapper(...), alignText='center', alignVert=method-wrapper(...), anchorHoriz='center', anchorVert='center', antialias=True, autoLog=True, bold=False, color='white', colorSpace='named', contrast=1.0, depth=0.0, flipHoriz=False, flipVert=False, font='Arial', fontFiles=[], height=0.1, italic=False, languageStyle='LTR', name='fixation_1', opacity=1.0, ori=0, pos=array([0., 0.]), rgb=array([255., 255., 255.]), text='+', units='height', win=Window(...), wrapWidth=1)
5.2683 	EXP 	Created difficulty_question = TextStim(__class__=<class 'psychopy.visual.text.TextStim'>, alignHoriz=method-wrapper(...), alignText='center', alignVert=method-wrapper(...), anchorHoriz='center', anchorVert='center', antialias=True, autoLog=True, bold=False, color='white', colorSpace='named', contrast=1.0, depth=-1.0, flipHoriz=False, flipVert=False, font='Arial', fontFiles=[], height=0.05, italic=False, languageStyle='LTR', name='difficulty_question', opacity=1.0, ori=0, pos=array([0. , 0.2]), rgb=array([255., 255., 255.]), text=str(...), units='height', win=Window(...), wrapWidth=1)
5.2750 	EXP 	Created options = TextStim(__class__=<class 'psychopy.visual.text.TextStim'>, alignHoriz=method-wrapper(...), alignText='center', alignVert=method-wrapper(...), anchorHoriz='center', anchorVert='center', antialias=True, autoLog=True, bold=False, color='white', colorSpace='named', contrast=1.0, depth=-2.0, flipHoriz=False, flipVert=False, font='Arial', fontFiles=[], height=0.05, italic=False, languageStyle='LTR', name='options', opacity=1.0, ori=0, pos=array([0., 0.]), rgb=array([255., 255., 255.]), text=str(...), units='height', win=Window(...), wrapWidth=1)
5.2828 	EXP 	Created anchor_1 = TextStim(__class__=<class 'psychopy.visual.text.TextStim'>, alignHoriz=method-wrapper(...), alignText='center', alignVert=method-wrapper(...), anchorHoriz='center', anchorVert='center', antialias=True, autoLog=True, bold=False, color='white', colorSpace='named', contrast=1.0, depth=-3.0, flipHoriz=False, flipVert=False, font='Arial', fontFiles=[], height=0.04, italic=False, languageStyle='LTR', name='anchor_1', opacity=1.0, ori=0, pos=array([-0.4, -0.2]), rgb=array([255., 255., 255.]), text='Not difficult at all', units='height', win=Window(...), wrapWidth=1)
5.2872 	EXP 	Created anchor_2 = TextStim(__class__=<class 'psychopy.visual.text.TextStim'>, alignHoriz=method-wrapper(...), alignText='center', alignVert=method-wrapper(...), anchorHoriz='center', anchorVert='center', antialias=True, autoLog=True, bold=False, color='white', colorSpace='named', contrast=1.0, depth=-4.0, flipHoriz=False, flipVert=False, font='Arial', fontFiles=[], height=0.04, italic=False, languageStyle='LTR', name='anchor_2', opacity=1.0, ori=0, pos=array([ 0.4, -0.2]), rgb=array([255., 255., 255.]), text='Very Difficult\n', units='height', win=Window(...), wrapWidth=1)
5.3069 	EXP 	Created text_other = TextStim(__class__=<class 'psychopy.visual.text.TextStim'>, alignHoriz=method-wrapper(...), alignText='center', alignVert=method-wrapper(...), anchorHoriz='center', anchorVert='center', antialias=True, autoLog=True, bold=False, color='white', colorSpace='named', contrast=1.0, depth=0.0, flipHoriz=False, flipVert=False, font='Arial', fontFiles=[], height=0.05, italic=False, languageStyle='LTR', name='text_other', opacity=1.0, ori=0, pos=array([0.  , 0.25]), rgb=array([255., 255., 255.]), text=str(...), units='height', win=Window(...), wrapWidth=1)
5.3074 	EXP 	Created text = TextStim(__class__=<class 'psychopy.visual.text.TextStim'>, alignHoriz=method-wrapper(...), alignText='center', alignVert=method-wrapper(...), anchorHoriz='center', anchorVert='center', antialias=True, autoLog=True, bold=False, color='white', colorSpace='named', contrast=1.0, depth=-1.0, flipHoriz=False, flipVert=False, font='Arial', fontFiles=[], height=0.05, italic=False, languageStyle='LTR', name='text', opacity=1.0, ori=0, pos=array([0., 0.]), rgb=array([255., 255., 255.]), text='', units='height', win=Window(...), wrapWidth=1)
5.3112 	EXP 	Created thank_you = TextStim(__class__=<class 'psychopy.visual.text.TextStim'>, alignHoriz=method-wrapper(...), alignText='center', alignVert=method-wrapper(...), anchorHoriz='center', anchorVert='center', antialias=True, autoLog=True, bold=False, color='white', colorSpace='named', contrast=1.0, depth=0.0, flipHoriz=False, flipVert=False, font='Arial', fontFiles=[], height=0.05, italic=False, languageStyle='LTR', name='thank_you', opacity=1.0, ori=0, pos=array([0., 0.]), rgb=array([255., 255., 255.]), text=str(...), units='height', win=Window(...), wrapWidth=1)
5.3168 	EXP 	Imported instructions.xlsx as conditions, 7 conditions, 2 params
5.3170 	EXP 	Created sequence: sequential, trialTypes=7, nReps=1, seed=None
5.3172 	EXP 	New trial (rep=0, index=0): OrderedDict([('INS', 'Slide1.png'), ('KEYS', ['space'])])
5.3887 	EXP 	instructions: image = 'Slide1.png'
5.3887 	EXP 	instructions: autoDraw = True
5.9419 	DATA 	Keypress: space
5.9427 	EXP 	New trial (rep=0, index=1): OrderedDict([('INS', 'Consent.png'), ('KEYS', ['y', 'n'])])
5.9737 	EXP 	instructions: autoDraw = False
5.9737 	EXP 	instructions: image = 'Consent.png'
5.9737 	EXP 	instructions: autoDraw = True
7.9765 	DATA 	Keypress: y
7.9771 	EXP 	New trial (rep=0, index=2): OrderedDict([('INS', 'Slide2.png'), ('KEYS', ['space'])])
8.0082 	EXP 	instructions: autoDraw = False
8.0082 	EXP 	instructions: image = 'Slide2.png'
8.0082 	EXP 	instructions: autoDraw = True
8.7101 	DATA 	Keypress: space
8.7107 	EXP 	New trial (rep=0, index=3): OrderedDict([('INS', 'Slide3.png'), ('KEYS', ['space'])])
8.7417 	EXP 	instructions: autoDraw = False
8.7417 	EXP 	instructions: image = 'Slide3.png'
8.7417 	EXP 	instructions: autoDraw = True
9.1599 	DATA 	Keypress: space
9.1604 	EXP 	New trial (rep=0, index=4): OrderedDict([('INS', 'Slide4.png'), ('KEYS', ['space'])])
9.1922 	EXP 	instructions: autoDraw = False
9.1922 	EXP 	instructions: image = 'Slide4.png'
9.1922 	EXP 	instructions: autoDraw = True
9.3260 	DATA 	Keypress: space
9.3266 	EXP 	New trial (rep=0, index=5): OrderedDict([('INS', 'Slide5.png'), ('KEYS', ['space'])])
9.3586 	EXP 	instructions: autoDraw = False
9.3586 	EXP 	instructions: image = 'Slide5.png'
9.3586 	EXP 	instructions: autoDraw = True
9.7765 	DATA 	Keypress: space
9.7770 	EXP 	New trial (rep=0, index=6): OrderedDict([('INS', 'Slide6.png'), ('KEYS', ['g'])])
9.8085 	EXP 	instructions: autoDraw = False
9.8085 	EXP 	instructions: image = 'Slide6.png'
9.8085 	EXP 	instructions: autoDraw = True
10.8103 	DATA 	Keypress: g
10.8143 	EXP 	Imported conditions.xlsx as conditions, 9 conditions, 2 params
10.8145 	EXP 	Created sequence: random, trialTypes=9, nReps=1, seed=None
10.8147 	EXP 	New trial (rep=0, index=0): OrderedDict([('Category', 'Things in a kitchen'), ('Type', 'Spatial')])
10.8427 	EXP 	instructions: autoDraw = False
10.8427 	EXP 	letter_text: text = 'Things in a kitchen'
10.8427 	EXP 	list_text1: text = ''
10.8427 	EXP 	list_text1: pos = [-0.6, 0.15]
10.8427 	EXP 	list_text2: text = ''
10.8427 	EXP 	list_text2: pos = [-0.3, 0.15]
10.8427 	EXP 	list_text3: text = ''
10.8427 	EXP 	list_text3: pos = [0, 0.15]
10.8427 	EXP 	list_text4: text = ''
10.8427 	EXP 	list_text4: pos = [0.3, 0.15]
10.8427 	EXP 	list_text5: text = ''
10.8427 	EXP 	list_text5: pos = [0.6, 0.15]
10.8427 	EXP 	letter_text: font = 'Arial'
10.8427 	EXP 	letter_text: bold = True
10.8427 	EXP 	fixation: autoDraw = True
11.8253 	EXP 	timer: autoDraw = True
11.8253 	EXP 	instruct_text: autoDraw = True
11.8253 	EXP 	letter_text: autoDraw = True
11.8253 	EXP 	screen_text: autoDraw = True
11.8253 	EXP 	list_text1: autoDraw = True
11.8253 	EXP 	list_text2: autoDraw = True
11.8253 	EXP 	list_text3: autoDraw = True
11.8253 	EXP 	list_text4: autoDraw = True
11.8253 	EXP 	list_text5: autoDraw = True
11.8253 	EXP 	letter_text: text = 'Things in a kitchen'
11.8419 	EXP 	fixation: autoDraw = False
12.9945 	DATA 	Keypress: f
13.0099 	EXP 	screen_text: text = 'f'
13.0281 	DATA 	Keypress: o
13.0433 	EXP 	screen_text: text = 'fo'
13.1110 	DATA 	Keypress: r
13.1261 	EXP 	screen_text: text = 'for'
13.1778 	DATA 	Keypress: k
13.1930 	EXP 	screen_text: text = 'fork'
13.3456 	DATA 	Keypress: return
13.3603 	EXP 	screen_text: text = 'fork'
13.3603 	EXP 	screen_text: text = ''
13.3603 	EXP 	list_text1: pos = array([-0.6   ,  0.1216])
13.3603 	EXP 	list_text1: text = '\nfork'
13.5772 	DATA 	Keypress: k
13.5932 	EXP 	screen_text: text = 'k'
13.6614 	DATA 	Keypress: n
13.6767 	EXP 	screen_text: text = 'kn'
13.8945 	DATA 	Keypress: o
13.9094 	EXP 	screen_text: text = 'kno'
13.9611 	DATA 	Keypress: f
13.9761 	EXP 	screen_text: text = 'knof'
14.0113 	DATA 	Keypress: e
14.0269 	EXP 	screen_text: text = 'knofe'
14.3779 	DATA 	Keypress: backspace
14.3927 	EXP 	screen_text: text = 'knof'
14.5271 	DATA 	Keypress: backspace
14.5437 	EXP 	screen_text: text = 'kno'
14.6270 	DATA 	Keypress: backspace
14.6428 	EXP 	screen_text: text = 'kn'
14.8109 	DATA 	Keypress: i
14.8268 	EXP 	screen_text: text = 'kni'
14.9276 	DATA 	Keypress: f
14.9428 	EXP 	screen_text: text = 'knif'
14.9440 	DATA 	Keypress: e
14.9605 	EXP 	screen_text: text = 'knife'
15.0617 	DATA 	Keypress: return
15.0772 	EXP 	screen_text: text = 'knife'
15.0772 	EXP 	screen_text: text = ''
15.0772 	EXP 	list_text1: pos = array([-0.6   ,  0.0932])
15.0772 	EXP 	list_text1: text = '\nfork\nknife'
15.2949 	DATA 	Keypress: p
15.3107 	EXP 	screen_text: text = 'p'
15.4275 	DATA 	Keypress: l
15.4284 	DATA 	Keypress: a
15.4429 	EXP 	screen_text: text = 'pl'
15.5610 	DATA 	Keypress: t
15.5762 	EXP 	screen_text: text = 'plt'
16.1438 	DATA 	Keypress: backspace
16.1604 	EXP 	screen_text: text = 'pl'
16.2275 	DATA 	Keypress: a
16.2430 	EXP 	screen_text: text = 'pla'
16.3108 	DATA 	Keypress: t
16.3264 	EXP 	screen_text: text = 'plat'
16.3462 	DATA 	Keypress: e
16.3598 	EXP 	screen_text: text = 'plate'
16.5272 	DATA 	Keypress: return
16.5431 	EXP 	screen_text: text = 'plate'
16.5431 	EXP 	screen_text: text = ''
16.5431 	EXP 	list_text1: pos = array([-0.6   ,  0.0648])
16.5431 	EXP 	list_text1: text = '\nfork\nknife\nplate'
18.1457 	DATA 	Keypress: c
18.1618 	EXP 	screen_text: text = 'c'
18.2966 	DATA 	Keypress: u
18.3107 	EXP 	screen_text: text = 'cu'
18.5125 	DATA 	Keypress: p
18.5274 	EXP 	screen_text: text = 'cup'
18.8785 	DATA 	Keypress: return
18.8952 	EXP 	screen_text: text = 'cup'
18.8952 	EXP 	screen_text: text = ''
18.8952 	EXP 	list_text1: pos = array([-0.6   ,  0.0364])
18.8952 	EXP 	list_text1: text = '\nfork\nknife\nplate\ncup'
19.2956 	DATA 	Keypress: o
19.3118 	EXP 	screen_text: text = 'o'
19.3797 	DATA 	Keypress: w
19.3952 	EXP 	screen_text: text = 'ow'
19.8129 	DATA 	Keypress: backspace
19.8287 	EXP 	screen_text: text = 'o'
19.9297 	DATA 	Keypress: backspace
19.9452 	EXP 	screen_text: text = ''
20.0287 	DATA 	Keypress: b
20.0456 	EXP 	screen_text: text = 'b'
20.1133 	DATA 	Keypress: o
20.1288 	EXP 	screen_text: text = 'bo'
20.1963 	DATA 	Keypress: w
20.2122 	EXP 	screen_text: text = 'bow'
20.2800 	DATA 	Keypress: l
20.2954 	EXP 	screen_text: text = 'bowl'
20.4302 	DATA 	Keypress: return
20.4613 	EXP 	screen_text: text = 'bowl'
20.4613 	EXP 	screen_text: text = ''
20.4613 	EXP 	list_text1: pos = array([-0.6  ,  0.008])
20.4613 	EXP 	list_text1: text = '\nfork\nknife\nplate\ncup\nbowl'
21.8285 	EXP 	fixation: autoDraw = False
21.8285 	EXP 	timer: autoDraw = False
21.8285 	EXP 	instruct_text: autoDraw = False
21.8285 	EXP 	letter_text: autoDraw = False
21.8285 	EXP 	screen_text: autoDraw = False
21.8285 	EXP 	list_text1: autoDraw = False
21.8285 	EXP 	list_text2: autoDraw = False
21.8285 	EXP 	list_text3: autoDraw = False
21.8285 	EXP 	list_text4: autoDraw = False
21.8285 	EXP 	list_text5: autoDraw = False
21.8285 	EXP 	fixation_1: autoDraw = True
22.7947 	EXP 	difficulty_question: autoDraw = True
22.7947 	EXP 	options: autoDraw = True
22.7947 	EXP 	anchor_1: autoDraw = True
22.7947 	EXP 	anchor_2: autoDraw = True
22.8288 	EXP 	fixation_1: autoDraw = False
23.8641 	DATA 	Keypress: 5
23.8800 	EXP 	fixation_1: autoDraw = False
23.8800 	EXP 	difficulty_question: autoDraw = False
23.8800 	EXP 	options: autoDraw = False
23.8800 	EXP 	anchor_1: autoDraw = False
23.8800 	EXP 	anchor_2: autoDraw = False
23.8800 	EXP 	text: text = ''
23.8800 	EXP 	text_other: autoDraw = True
23.8800 	EXP 	text: autoDraw = True
25.5139 	DATA 	Keypress: lshift
25.5978 	DATA 	Keypress: i
25.6126 	EXP 	text: text = 'I'
25.7148 	DATA 	Keypress: t
25.7293 	EXP 	text: text = 'It'
25.8137 	DATA 	Keypress: space
25.8293 	EXP 	text: text = 'It '
25.8641 	DATA 	Keypress: p
25.8793 	EXP 	text: text = 'It p'
25.9639 	DATA 	Keypress: o
25.9793 	EXP 	text: text = 'It po'
26.1310 	DATA 	Keypress: p
26.1460 	EXP 	text: text = 'It pop'
26.2472 	DATA 	Keypress: p
26.2627 	EXP 	text: text = 'It popp'
26.2807 	DATA 	Keypress: e
26.2961 	EXP 	text: text = 'It poppe'
26.3482 	DATA 	Keypress: d
26.3794 	EXP 	text: text = 'It popped'
26.4640 	DATA 	Keypress: space
26.4795 	EXP 	text: text = 'It popped '
26.4974 	DATA 	Keypress: i
26.5129 	EXP 	text: text = 'It popped i'
26.6149 	DATA 	Keypress: n
26.6295 	EXP 	text: text = 'It popped in'
26.7150 	DATA 	Keypress: t
26.7294 	EXP 	text: text = 'It popped int'
26.7975 	DATA 	Keypress: o
26.8127 	EXP 	text: text = 'It popped into'
26.8812 	DATA 	Keypress: space
26.8961 	EXP 	text: text = 'It popped into '
26.9816 	DATA 	Keypress: m
26.9972 	EXP 	text: text = 'It popped into m'
27.1808 	DATA 	Keypress: y
27.1963 	EXP 	text: text = 'It popped into my'
27.2474 	DATA 	Keypress: space
27.2629 	EXP 	text: text = 'It popped into my '
27.3643 	DATA 	Keypress: h
27.3797 	EXP 	text: text = 'It popped into my h'
27.4314 	DATA 	Keypress: e
27.4464 	EXP 	text: text = 'It popped into my he'
27.4812 	DATA 	Keypress: a
27.4965 	EXP 	text: text = 'It popped into my hea'
27.5640 	DATA 	Keypress: d
27.5795 	EXP 	text: text = 'It popped into my head'
27.6474 	DATA 	Keypress: return
27.6478 	EXP 	New trial (rep=0, index=1): OrderedDict([('Category', 'Words that start with S'), ('Type', 'Phonemic')])
27.6629 	EXP 	text_other: autoDraw = False
27.6629 	EXP 	text: autoDraw = False
27.6629 	EXP 	letter_text: text = 'Words that start with S'
27.6629 	EXP 	list_text1: text = ''
27.6629 	EXP 	list_text1: pos = [-0.6, 0.15]
27.6629 	EXP 	list_text2: text = ''
27.6629 	EXP 	list_text2: pos = [-0.3, 0.15]
27.6629 	EXP 	list_text3: text = ''
27.6629 	EXP 	list_text3: pos = [0, 0.15]
27.6629 	EXP 	list_text4: text = ''
27.6629 	EXP 	list_text4: pos = [0.3, 0.15]
27.6629 	EXP 	list_text5: text = ''
27.6629 	EXP 	list_text5: pos = [0.6, 0.15]
27.6629 	EXP 	letter_text: font = 'Arial'
27.6629 	EXP 	letter_text: bold = True
27.6629 	EXP 	fixation: autoDraw = True
28.6480 	EXP 	timer: autoDraw = True
28.6480 	EXP 	instruct_text: autoDraw = True
28.6480 	EXP 	letter_text: autoDraw = True
28.6480 	EXP 	screen_text: autoDraw = True
28.6480 	EXP 	list_text1: autoDraw = True
28.6480 	EXP 	list_text2: autoDraw = True
28.6480 	EXP 	list_text3: autoDraw = True
28.6480 	EXP 	list_text4: autoDraw = True
28.6480 	EXP 	list_text5: autoDraw = True
28.6480 	EXP 	letter_text: text = 'Words that start with S'
28.6646 	EXP 	fixation: autoDraw = False
29.9830 	DATA 	Keypress: s
29.9983 	EXP 	screen_text: text = 's'
30.0327 	DATA 	Keypress: n
30.0485 	EXP 	screen_text: text = 'sn'
30.1166 	DATA 	Keypress: a
30.1317 	EXP 	screen_text: text = 'sna'
30.1329 	DATA 	Keypress: k
30.1485 	EXP 	screen_text: text = 'snak'
30.2831 	DATA 	Keypress: e
30.2973 	EXP 	screen_text: text = 'snake'
30.3987 	DATA 	Keypress: return
30.4141 	EXP 	screen_text: text = 'snake'
30.4141 	EXP 	screen_text: text = ''
30.4141 	EXP 	list_text1: pos = array([-0.6   ,  0.1216])
30.4141 	EXP 	list_text1: text = '\nsnake'
30.5998 	DATA 	Keypress: s
30.6141 	EXP 	screen_text: text = 's'
30.6658 	DATA 	Keypress: m
30.6808 	EXP 	screen_text: text = 'sm'
30.7320 	DATA 	Keypress: a
30.7475 	EXP 	screen_text: text = 'sma'
30.8320 	DATA 	Keypress: l
30.8475 	EXP 	screen_text: text = 'smal'
30.9823 	DATA 	Keypress: l
30.9980 	EXP 	screen_text: text = 'small'
31.0991 	DATA 	Keypress: return
31.1142 	EXP 	screen_text: text = 'small'
31.1142 	EXP 	screen_text: text = ''
31.1142 	EXP 	list_text1: pos = array([-0.6   ,  0.0932])
31.1142 	EXP 	list_text1: text = '\nsnake\nsmall'
31.2487 	DATA 	Keypress: s
31.2643 	EXP 	screen_text: text = 's'
31.3656 	DATA 	Keypress: m
31.3810 	EXP 	screen_text: text = 'sm'
31.4681 	DATA 	Keypress: e
31.4978 	EXP 	screen_text: text = 'sme'
31.6488 	DATA 	Keypress: l
31.6643 	EXP 	screen_text: text = 'smel'
31.7822 	DATA 	Keypress: l
31.7978 	EXP 	screen_text: text = 'smell'
31.9652 	DATA 	Keypress: return
31.9811 	EXP 	screen_text: text = 'smell'
31.9811 	EXP 	screen_text: text = ''
31.9811 	EXP 	list_text1: pos = array([-0.6   ,  0.0648])
31.9811 	EXP 	list_text1: text = '\nsnake\nsmall\nsmell'
32.0824 	DATA 	Keypress: s
32.0978 	EXP 	screen_text: text = 's'
32.2991 	DATA 	Keypress: n
32.3147 	EXP 	screen_text: text = 'sn'
33.2999 	DATA 	Keypress: i
33.3165 	EXP 	screen_text: text = 'sni'
33.4006 	DATA 	Keypress: f
33.4162 	EXP 	screen_text: text = 'snif'
33.5500 	DATA 	Keypress: f
33.5654 	EXP 	screen_text: text = 'sniff'
33.7498 	DATA 	Keypress: return
33.7663 	EXP 	screen_text: text = 'sniff'
33.7663 	EXP 	screen_text: text = ''
33.7663 	EXP 	list_text1: pos = array([-0.6   ,  0.0364])
33.7663 	EXP 	list_text1: text = '\nsnake\nsmall\nsmell\nsniff'
33.9668 	DATA 	Keypress: s
33.9823 	EXP 	screen_text: text = 's'
34.1336 	DATA 	Keypress: n
34.1489 	EXP 	screen_text: text = 'sn'
34.4676 	DATA 	Keypress: a
34.4823 	EXP 	screen_text: text = 'sna'
34.6177 	DATA 	Keypress: c
34.6324 	EXP 	screen_text: text = 'snac'
34.7342 	DATA 	Keypress: k
34.7499 	EXP 	screen_text: text = 'snack'
35.1011 	DATA 	Keypress: return
35.1167 	EXP 	screen_text: text = 'snack'
35.1167 	EXP 	screen_text: text = ''
35.1167 	EXP 	list_text1: pos = array([-0.6  ,  0.008])
35.1167 	EXP 	list_text1: text = '\nsnake\nsmall\nsmell\nsniff\nsnack'
35.6006 	DATA 	Keypress: s
35.6161 	EXP 	screen_text: text = 's'
35.9177 	DATA 	Keypress: n
35.9336 	EXP 	screen_text: text = 'sn'
36.2848 	DATA 	Keypress: i
36.2992 	EXP 	screen_text: text = 'sni'
36.7845 	DATA 	Keypress: backspace
36.7993 	EXP 	screen_text: text = 'sn'
37.4002 	DATA 	Keypress: backspace
37.4161 	EXP 	screen_text: text = 's'
37.8671 	DATA 	Keypress: backspace
37.8837 	EXP 	screen_text: text = ''
38.6512 	EXP 	timer: autoDraw = False
38.6512 	EXP 	instruct_text: autoDraw = False
38.6512 	EXP 	letter_text: autoDraw = False
38.6512 	EXP 	screen_text: autoDraw = False
38.6512 	EXP 	list_text1: autoDraw = False
38.6512 	EXP 	list_text2: autoDraw = False
38.6512 	EXP 	list_text3: autoDraw = False
38.6512 	EXP 	list_text4: autoDraw = False
38.6512 	EXP 	list_text5: autoDraw = False
38.6512 	EXP 	fixation: autoDraw = False
38.6512 	EXP 	timer: autoDraw = False
38.6512 	EXP 	instruct_text: autoDraw = False
38.6512 	EXP 	letter_text: autoDraw = False
38.6512 	EXP 	screen_text: autoDraw = False
38.6512 	EXP 	list_text1: autoDraw = False
38.6512 	EXP 	list_text2: autoDraw = False
38.6512 	EXP 	list_text3: autoDraw = False
38.6512 	EXP 	list_text4: autoDraw = False
38.6512 	EXP 	list_text5: autoDraw = False
38.6512 	EXP 	fixation_1: autoDraw = True
39.6180 	EXP 	difficulty_question: autoDraw = True
39.6180 	EXP 	options: autoDraw = True
39.6180 	EXP 	anchor_1: autoDraw = True
39.6180 	EXP 	anchor_2: autoDraw = True
39.6514 	EXP 	fixation_1: autoDraw = False
41.1696 	DATA 	Keypress: 1
41.1841 	EXP 	fixation_1: autoDraw = False
41.1841 	EXP 	difficulty_question: autoDraw = False
41.1841 	EXP 	options: autoDraw = False
41.1841 	EXP 	anchor_1: autoDraw = False
41.1841 	EXP 	anchor_2: autoDraw = False
41.1841 	EXP 	text: text = ''
41.1841 	EXP 	text_other: autoDraw = True
41.1841 	EXP 	text: autoDraw = True
44.0200 	DATA 	Keypress: lshift
44.3373 	DATA 	Keypress: p
44.3521 	EXP 	text: text = 'P'
44.4386 	DATA 	Keypress: o
44.4696 	EXP 	text: text = 'Po'
44.6209 	DATA 	Keypress: p
44.6355 	EXP 	text: text = 'Pop'
44.7542 	DATA 	Keypress: p
44.7697 	EXP 	text: text = 'Popp'
44.8043 	DATA 	Keypress: e
44.8188 	EXP 	text: text = 'Poppe'
44.9707 	DATA 	Keypress: d
44.9867 	EXP 	text: text = 'Popped'
45.0710 	DATA 	Keypress: space
45.0864 	EXP 	text: text = 'Popped '
45.1043 	DATA 	Keypress: i
45.1186 	EXP 	text: text = 'Popped i'
45.2542 	DATA 	Keypress: n
45.2698 	EXP 	text: text = 'Popped in'
45.3699 	DATA 	Keypress: t
45.3853 	EXP 	text: text = 'Popped int'
45.4207 	DATA 	Keypress: o
45.4364 	EXP 	text: text = 'Popped into'
45.5203 	DATA 	Keypress: space
45.5354 	EXP 	text: text = 'Popped into '
45.6367 	DATA 	Keypress: m
45.6521 	EXP 	text: text = 'Popped into m'
45.9539 	DATA 	Keypress: y
45.9689 	EXP 	text: text = 'Popped into my'
46.0201 	DATA 	Keypress: space
46.0354 	EXP 	text: text = 'Popped into my '
46.1373 	DATA 	Keypress: h
46.1531 	EXP 	text: text = 'Popped into my h'
46.2038 	DATA 	Keypress: e
46.2189 	EXP 	text: text = 'Popped into my he'
46.2544 	DATA 	Keypress: a
46.2689 	EXP 	text: text = 'Popped into my hea'
46.3535 	DATA 	Keypress: d
46.3694 	EXP 	text: text = 'Popped into my head'
46.4869 	DATA 	Keypress: return
46.4873 	EXP 	New trial (rep=0, index=2): OrderedDict([('Category', 'Things in a bedroom'), ('Type', 'Spatial')])
46.5033 	EXP 	text_other: autoDraw = False
46.5033 	EXP 	text: autoDraw = False
46.5033 	EXP 	letter_text: text = 'Things in a bedroom'
46.5033 	EXP 	list_text1: text = ''
46.5033 	EXP 	list_text1: pos = [-0.6, 0.15]
46.5033 	EXP 	list_text2: text = ''
46.5033 	EXP 	list_text2: pos = [-0.3, 0.15]
46.5033 	EXP 	list_text3: text = ''
46.5033 	EXP 	list_text3: pos = [0, 0.15]
46.5033 	EXP 	list_text4: text = ''
46.5033 	EXP 	list_text4: pos = [0.3, 0.15]
46.5033 	EXP 	list_text5: text = ''
46.5033 	EXP 	list_text5: pos = [0.6, 0.15]
46.5033 	EXP 	letter_text: font = 'Arial'
46.5033 	EXP 	letter_text: bold = True
46.5033 	EXP 	fixation: autoDraw = True
47.4860 	EXP 	timer: autoDraw = True
47.4860 	EXP 	instruct_text: autoDraw = True
47.4860 	EXP 	letter_text: autoDraw = True
47.4860 	EXP 	screen_text: autoDraw = True
47.4860 	EXP 	list_text1: autoDraw = True
47.4860 	EXP 	list_text2: autoDraw = True
47.4860 	EXP 	list_text3: autoDraw = True
47.4860 	EXP 	list_text4: autoDraw = True
47.4860 	EXP 	list_text5: autoDraw = True
47.4860 	EXP 	letter_text: text = 'Things in a bedroom'
47.5026 	EXP 	fixation: autoDraw = False
51.4891 	DATA 	Keypress: b
51.5039 	EXP 	screen_text: text = 'b'
51.5718 	DATA 	Keypress: e
51.5872 	EXP 	screen_text: text = 'be'
51.6384 	DATA 	Keypress: d
51.6537 	EXP 	screen_text: text = 'bed'
52.3889 	DATA 	Keypress: return
52.4041 	EXP 	screen_text: text = 'bed'
52.4041 	EXP 	screen_text: text = ''
52.4041 	EXP 	list_text1: pos = array([-0.6   ,  0.1216])
52.4041 	EXP 	list_text1: text = '\nbed'
52.9055 	DATA 	Keypress: l
52.9215 	EXP 	screen_text: text = 'l'
52.9901 	DATA 	Keypress: a
53.0060 	EXP 	screen_text: text = 'la'
53.0563 	DATA 	Keypress: m
53.0722 	EXP 	screen_text: text = 'lam'
53.2254 	DATA 	Keypress: p
53.2549 	EXP 	screen_text: text = 'lamp'
54.6756 	DATA 	Keypress: return
54.7059 	EXP 	screen_text: text = 'lamp'
54.7059 	EXP 	screen_text: text = ''
54.7059 	EXP 	list_text1: pos = array([-0.6   ,  0.0932])
54.7059 	EXP 	list_text1: text = '\nbed\nlamp'
54.8906 	DATA 	Keypress: d
54.9062 	EXP 	screen_text: text = 'd'
55.0408 	DATA 	Keypress: r
55.0562 	EXP 	screen_text: text = 'dr'
55.0900 	DATA 	Keypress: e
55.1063 	EXP 	screen_text: text = 'dre'
55.2405 	DATA 	Keypress: s
55.2551 	EXP 	screen_text: text = 'dres'
55.4570 	DATA 	Keypress: s
55.4718 	EXP 	screen_text: text = 'dress'
55.7064 	DATA 	Keypress: e
55.7219 	EXP 	screen_text: text = 'dresse'
55.8585 	DATA 	Keypress: r
55.8886 	EXP 	screen_text: text = 'dresser'
56.0079 	DATA 	Keypress: return
56.0220 	EXP 	screen_text: text = 'dresser'
56.0220 	EXP 	screen_text: text = ''
56.0220 	EXP 	list_text1: pos = array([-0.6   ,  0.0648])
56.0220 	EXP 	list_text1: text = '\nbed\nlamp\ndresser'
57.4888 	EXP 	timer: autoDraw = False
57.4888 	EXP 	instruct_text: autoDraw = False
57.4888 	EXP 	letter_text: autoDraw = False
57.4888 	EXP 	screen_text: autoDraw = False
57.4888 	EXP 	list_text1: autoDraw = False
57.4888 	EXP 	list_text2: autoDraw = False
57.4888 	EXP 	list_text3: autoDraw = False
57.4888 	EXP 	list_text4: autoDraw = False
57.4888 	EXP 	list_text5: autoDraw = False
57.4888 	EXP 	fixation: autoDraw = False
57.4888 	EXP 	timer: autoDraw = False
57.4888 	EXP 	instruct_text: autoDraw = False
57.4888 	EXP 	letter_text: autoDraw = False
57.4888 	EXP 	screen_text: autoDraw = False
57.4888 	EXP 	list_text1: autoDraw = False
57.4888 	EXP 	list_text2: autoDraw = False
57.4888 	EXP 	list_text3: autoDraw = False
57.4888 	EXP 	list_text4: autoDraw = False
57.4888 	EXP 	list_text5: autoDraw = False
57.4888 	EXP 	fixation_1: autoDraw = True
58.4572 	EXP 	difficulty_question: autoDraw = True
58.4572 	EXP 	options: autoDraw = True
58.4572 	EXP 	anchor_1: autoDraw = True
58.4572 	EXP 	anchor_2: autoDraw = True
58.4903 	EXP 	fixation_1: autoDraw = False
59.9586 	DATA 	Keypress: 2
59.9744 	EXP 	fixation_1: autoDraw = False
59.9744 	EXP 	difficulty_question: autoDraw = False
59.9744 	EXP 	options: autoDraw = False
59.9744 	EXP 	anchor_1: autoDraw = False
59.9744 	EXP 	anchor_2: autoDraw = False
59.9744 	EXP 	text: text = ''
59.9744 	EXP 	text_other: autoDraw = True
59.9744 	EXP 	text: autoDraw = True
61.8917 	DATA 	Keypress: t
61.9071 	EXP 	text: text = 't'
61.9582 	DATA 	Keypress: h
61.9738 	EXP 	text: text = 'th'
62.0418 	DATA 	Keypress: o
62.0570 	EXP 	text: text = 'tho'
62.1420 	DATA 	Keypress: u
62.1577 	EXP 	text: text = 'thou'
62.2251 	DATA 	Keypress: g
62.2403 	EXP 	text: text = 'thoug'
62.2928 	DATA 	Keypress: h
62.3243 	EXP 	text: text = 'though'
62.8753 	DATA 	Keypress: t
62.8906 	EXP 	text: text = 'thought'
62.9935 	DATA 	Keypress: space
63.0080 	EXP 	text: text = 'thought '
63.0260 	DATA 	Keypress: a
63.0420 	EXP 	text: text = 'thought a'
63.1935 	DATA 	Keypress: b
63.2088 	EXP 	text: text = 'thought ab'
63.2265 	DATA 	Keypress: o
63.2420 	EXP 	text: text = 'thought abo'
63.3096 	DATA 	Keypress: u
63.3255 	EXP 	text: text = 'thought abou'
63.3925 	DATA 	Keypress: t
63.4088 	EXP 	text: text = 'thought about'
63.4758 	DATA 	Keypress: space
63.4914 	EXP 	text: text = 'thought about '
63.5427 	DATA 	Keypress: m
63.5581 	EXP 	text: text = 'thought about m'
63.7434 	DATA 	Keypress: y
63.7442 	DATA 	Keypress: space
63.7589 	EXP 	text: text = 'thought about m '
63.9100 	DATA 	Keypress: b
63.9248 	EXP 	text: text = 'thought about m b'
63.9259 	DATA 	Keypress: e
63.9423 	EXP 	text: text = 'thought about m be'
64.2433 	DATA 	Keypress: backspace
64.2590 	EXP 	text: text = 'thought about m b'
64.4098 	DATA 	Keypress: backspace
64.4258 	EXP 	text: text = 'thought about m '
64.5593 	DATA 	Keypress: backspace
64.5758 	EXP 	text: text = 'thought about m'
64.9930 	DATA 	Keypress: y
65.0088 	EXP 	text: text = 'thought about my'
65.0602 	DATA 	Keypress: space
65.0760 	EXP 	text: text = 'thought about my '
65.1939 	DATA 	Keypress: b
65.2093 	EXP 	text: text = 'thought about my b'
65.2431 	DATA 	Keypress: e
65.2589 	EXP 	text: text = 'thought about my be'
65.3269 	DATA 	Keypress: d
65.3427 	EXP 	text: text = 'thought about my bed'
65.4760 	DATA 	Keypress: r
65.4915 	EXP 	text: text = 'thought about my bedr'
65.5428 	DATA 	Keypress: o
65.5587 	EXP 	text: text = 'thought about my bedro'
65.6772 	DATA 	Keypress: o
65.6917 	EXP 	text: text = 'thought about my bedroo'
65.7768 	DATA 	Keypress: m
65.7917 	EXP 	text: text = 'thought about my bedroom'
65.9593 	DATA 	Keypress: return
65.9598 	EXP 	New trial (rep=0, index=3): OrderedDict([('Category', 'Occupations'), ('Type', 'Semantic')])
65.9751 	EXP 	text_other: autoDraw = False
65.9751 	EXP 	text: autoDraw = False
65.9751 	EXP 	letter_text: text = 'Occupations'
65.9751 	EXP 	list_text1: text = ''
65.9751 	EXP 	list_text1: pos = [-0.6, 0.15]
65.9751 	EXP 	list_text2: text = ''
65.9751 	EXP 	list_text2: pos = [-0.3, 0.15]
65.9751 	EXP 	list_text3: text = ''
65.9751 	EXP 	list_text3: pos = [0, 0.15]
65.9751 	EXP 	list_text4: text = ''
65.9751 	EXP 	list_text4: pos = [0.3, 0.15]
65.9751 	EXP 	list_text5: text = ''
65.9751 	EXP 	list_text5: pos = [0.6, 0.15]
65.9751 	EXP 	letter_text: font = 'Arial'
65.9751 	EXP 	letter_text: bold = True
65.9751 	EXP 	fixation: autoDraw = True
66.9592 	EXP 	timer: autoDraw = True
66.9592 	EXP 	instruct_text: autoDraw = True
66.9592 	EXP 	letter_text: autoDraw = True
66.9592 	EXP 	screen_text: autoDraw = True
66.9592 	EXP 	list_text1: autoDraw = True
66.9592 	EXP 	list_text2: autoDraw = True
66.9592 	EXP 	list_text3: autoDraw = True
66.9592 	EXP 	list_text4: autoDraw = True
66.9592 	EXP 	list_text5: autoDraw = True
66.9592 	EXP 	letter_text: text = 'Occupations'
66.9753 	EXP 	fixation: autoDraw = False
68.2448 	DATA 	Keypress: n
68.2603 	EXP 	screen_text: text = 'n'
68.3612 	DATA 	Keypress: u
68.3762 	EXP 	screen_text: text = 'nu'
68.4133 	DATA 	Keypress: r
68.4429 	EXP 	screen_text: text = 'nur'
68.5608 	DATA 	Keypress: s
68.5771 	EXP 	screen_text: text = 'nurs'
68.6281 	DATA 	Keypress: e
68.6436 	EXP 	screen_text: text = 'nurse'
68.7445 	DATA 	Keypress: return
68.7604 	EXP 	screen_text: text = 'nurse'
68.7604 	EXP 	screen_text: text = ''
68.7604 	EXP 	list_text1: pos = array([-0.6   ,  0.1216])
68.7604 	EXP 	list_text1: text = '\nnurse'
69.3444 	DATA 	Keypress: t
69.3607 	EXP 	screen_text: text = 't'
69.3802 	DATA 	Keypress: e
69.4105 	EXP 	screen_text: text = 'te'
69.5619 	DATA 	Keypress: a
69.5774 	EXP 	screen_text: text = 'tea'
69.6448 	DATA 	Keypress: c
69.6607 	EXP 	screen_text: text = 'teac'
69.7449 	DATA 	Keypress: h
69.7599 	EXP 	screen_text: text = 'teach'
69.8453 	DATA 	Keypress: e
69.8608 	EXP 	screen_text: text = 'teache'
69.9108 	DATA 	Keypress: r
69.9275 	EXP 	screen_text: text = 'teacher'
70.0452 	DATA 	Keypress: return
70.0609 	EXP 	screen_text: text = 'teacher'
70.0609 	EXP 	screen_text: text = ''
70.0609 	EXP 	list_text1: pos = array([-0.6   ,  0.0932])
70.0609 	EXP 	list_text1: text = '\nnurse\nteacher'
70.1121 	DATA 	Keypress: d
70.1275 	EXP 	screen_text: text = 'd'
70.1786 	DATA 	Keypress: o
70.1943 	EXP 	screen_text: text = 'do'
70.2454 	DATA 	Keypress: c
70.2610 	EXP 	screen_text: text = 'doc'
70.4446 	DATA 	Keypress: t
70.4602 	EXP 	screen_text: text = 'doct'
70.5276 	DATA 	Keypress: o
70.5431 	EXP 	screen_text: text = 'docto'
70.5785 	DATA 	Keypress: r
70.5932 	EXP 	screen_text: text = 'doctor'
70.7446 	DATA 	Keypress: return
70.7608 	EXP 	screen_text: text = 'doctor'
70.7608 	EXP 	screen_text: text = ''
70.7608 	EXP 	list_text1: pos = array([-0.6   ,  0.0648])
70.7608 	EXP 	list_text1: text = '\nnurse\nteacher\ndoctor'
71.7448 	DATA 	Keypress: b
71.7606 	EXP 	screen_text: text = 'b'
71.8113 	DATA 	Keypress: a
71.8273 	EXP 	screen_text: text = 'ba'
71.8622 	DATA 	Keypress: r
71.8769 	EXP 	screen_text: text = 'bar'
71.9447 	DATA 	Keypress: i
71.9602 	EXP 	screen_text: text = 'bari'
72.1289 	DATA 	Keypress: t
72.1436 	EXP 	screen_text: text = 'barit'
72.5446 	DATA 	Keypress: backspace
72.5601 	EXP 	screen_text: text = 'bari'
72.6113 	DATA 	Keypress: s
72.6273 	EXP 	screen_text: text = 'baris'
72.7116 	DATA 	Keypress: t
72.7274 	EXP 	screen_text: text = 'barist'
72.8450 	DATA 	Keypress: a
72.8605 	EXP 	screen_text: text = 'barista'
72.9457 	DATA 	Keypress: return
72.9620 	EXP 	screen_text: text = 'barista'
72.9620 	EXP 	screen_text: text = ''
72.9620 	EXP 	list_text1: pos = array([-0.6   ,  0.0364])
72.9620 	EXP 	list_text1: text = '\nnurse\nteacher\ndoctor\nbarista'
74.3801 	DATA 	Keypress: c
74.3955 	EXP 	screen_text: text = 'c'
74.5124 	DATA 	Keypress: o
74.5289 	EXP 	screen_text: text = 'co'
74.6800 	DATA 	Keypress: n
74.6956 	EXP 	screen_text: text = 'con'
74.7460 	DATA 	Keypress: s
74.7623 	EXP 	screen_text: text = 'cons'
74.8804 	DATA 	Keypress: t
74.8952 	EXP 	screen_text: text = 'const'
74.9803 	DATA 	Keypress: r
74.9957 	EXP 	screen_text: text = 'constr'
75.0970 	DATA 	Keypress: u
75.1125 	EXP 	screen_text: text = 'constru'
75.1634 	DATA 	Keypress: c
75.1791 	EXP 	screen_text: text = 'construc'
75.3125 	DATA 	Keypress: t
75.3280 	EXP 	screen_text: text = 'construct'
75.3292 	DATA 	Keypress: i
75.3446 	EXP 	screen_text: text = 'constructi'
75.3801 	DATA 	Keypress: o
75.3947 	EXP 	screen_text: text = 'constructio'
75.5296 	DATA 	Keypress: n
75.5452 	EXP 	screen_text: text = 'construction'
75.7129 	DATA 	Keypress: return
75.7281 	EXP 	screen_text: text = 'construction'
75.7281 	EXP 	screen_text: text = ''
75.7281 	EXP 	list_text1: pos = array([-0.6  ,  0.008])
75.7281 	EXP 	list_text1: text = '\nnurse\nteacher\ndoctor\nbarista\nconstruction'
76.9617 	EXP 	timer: autoDraw = False
76.9617 	EXP 	instruct_text: autoDraw = False
76.9617 	EXP 	letter_text: autoDraw = False
76.9617 	EXP 	screen_text: autoDraw = False
76.9617 	EXP 	list_text1: autoDraw = False
76.9617 	EXP 	list_text2: autoDraw = False
76.9617 	EXP 	list_text3: autoDraw = False
76.9617 	EXP 	list_text4: autoDraw = False
76.9617 	EXP 	list_text5: autoDraw = False
76.9617 	EXP 	fixation: autoDraw = False
76.9617 	EXP 	timer: autoDraw = False
76.9617 	EXP 	instruct_text: autoDraw = False
76.9617 	EXP 	letter_text: autoDraw = False
76.9617 	EXP 	screen_text: autoDraw = False
76.9617 	EXP 	list_text1: autoDraw = False
76.9617 	EXP 	list_text2: autoDraw = False
76.9617 	EXP 	list_text3: autoDraw = False
76.9617 	EXP 	list_text4: autoDraw = False
76.9617 	EXP 	list_text5: autoDraw = False
76.9617 	EXP 	fixation_1: autoDraw = True
77.9287 	EXP 	difficulty_question: autoDraw = True
77.9287 	EXP 	options: autoDraw = True
77.9287 	EXP 	anchor_1: autoDraw = True
77.9287 	EXP 	anchor_2: autoDraw = True
77.9633 	EXP 	fixation_1: autoDraw = False
79.3820 	DATA 	Keypress: 3
79.3971 	EXP 	fixation_1: autoDraw = False
79.3971 	EXP 	difficulty_question: autoDraw = False
79.3971 	EXP 	options: autoDraw = False
79.3971 	EXP 	anchor_1: autoDraw = False
79.3971 	EXP 	anchor_2: autoDraw = False
79.3971 	EXP 	text: text = ''
79.3971 	EXP 	text_other: autoDraw = True
79.3971 	EXP 	text: autoDraw = True
80.9801 	DATA 	Keypress: lshift
81.0475 	DATA 	Keypress: i
81.0631 	EXP 	text: text = 'I'
81.1816 	DATA 	Keypress: t
81.2131 	EXP 	text: text = 'It'
81.2818 	DATA 	Keypress: space
81.2964 	EXP 	text: text = 'It '
81.3478 	DATA 	Keypress: p
81.3631 	EXP 	text: text = 'It p'
81.4976 	DATA 	Keypress: o
81.5132 	EXP 	text: text = 'It po'
82.1986 	DATA 	Keypress: p
82.2133 	EXP 	text: text = 'It pop'
82.3146 	DATA 	Keypress: p
82.3301 	EXP 	text: text = 'It popp'
82.3648 	DATA 	Keypress: e
82.3801 	EXP 	text: text = 'It poppe'
82.4149 	DATA 	Keypress: d
82.4301 	EXP 	text: text = 'It popped'
82.5488 	DATA 	Keypress: space
82.5635 	EXP 	text: text = 'It popped '
82.5658 	DATA 	Keypress: i
82.5968 	EXP 	text: text = 'It popped i'
82.7321 	DATA 	Keypress: n
82.7468 	EXP 	text: text = 'It popped in'
82.8478 	DATA 	Keypress: t
82.8636 	EXP 	text: text = 'It popped int'
82.8819 	DATA 	Keypress: o
82.8969 	EXP 	text: text = 'It popped into'
82.9820 	DATA 	Keypress: space
82.9974 	EXP 	text: text = 'It popped into '
83.2495 	DATA 	Keypress: m
83.2641 	EXP 	text: text = 'It popped into m'
83.4487 	DATA 	Keypress: y
83.4643 	EXP 	text: text = 'It popped into my'
83.5328 	DATA 	Keypress: space
83.5484 	EXP 	text: text = 'It popped into my '
83.6654 	DATA 	Keypress: h
83.6809 	EXP 	text: text = 'It popped into my h'
83.7330 	DATA 	Keypress: e
83.7476 	EXP 	text: text = 'It popped into my he'
83.7821 	DATA 	Keypress: a
83.7985 	EXP 	text: text = 'It popped into my hea'
83.8830 	DATA 	Keypress: d
83.8985 	EXP 	text: text = 'It popped into my head'
84.0163 	DATA 	Keypress: return
84.0168 	EXP 	New trial (rep=0, index=4): OrderedDict([('Category', 'Animals'), ('Type', 'Semantic')])
84.0311 	EXP 	text_other: autoDraw = False
84.0311 	EXP 	text: autoDraw = False
84.0311 	EXP 	letter_text: text = 'Animals'
84.0311 	EXP 	list_text1: text = ''
84.0311 	EXP 	list_text1: pos = [-0.6, 0.15]
84.0311 	EXP 	list_text2: text = ''
84.0311 	EXP 	list_text2: pos = [-0.3, 0.15]
84.0311 	EXP 	list_text3: text = ''
84.0311 	EXP 	list_text3: pos = [0, 0.15]
84.0311 	EXP 	list_text4: text = ''
84.0311 	EXP 	list_text4: pos = [0.3, 0.15]
84.0311 	EXP 	list_text5: text = ''
84.0311 	EXP 	list_text5: pos = [0.6, 0.15]
84.0311 	EXP 	letter_text: font = 'Arial'
84.0311 	EXP 	letter_text: bold = True
84.0311 	EXP 	fixation: autoDraw = True
85.0154 	EXP 	timer: autoDraw = True
85.0154 	EXP 	instruct_text: autoDraw = True
85.0154 	EXP 	letter_text: autoDraw = True
85.0154 	EXP 	screen_text: autoDraw = True
85.0154 	EXP 	list_text1: autoDraw = True
85.0154 	EXP 	list_text2: autoDraw = True
85.0154 	EXP 	list_text3: autoDraw = True
85.0154 	EXP 	list_text4: autoDraw = True
85.0154 	EXP 	list_text5: autoDraw = True
85.0154 	EXP 	letter_text: text = 'Animals'
85.0320 	EXP 	fixation: autoDraw = False
87.0498 	DATA 	Keypress: c
87.0647 	EXP 	screen_text: text = 'c'
87.1328 	DATA 	Keypress: a
87.1487 	EXP 	screen_text: text = 'ca'
87.2659 	DATA 	Keypress: t
87.2816 	EXP 	screen_text: text = 'cat'
87.3164 	DATA 	Keypress: return
87.3321 	EXP 	screen_text: text = 'cat'
87.3321 	EXP 	screen_text: text = ''
87.3321 	EXP 	list_text1: pos = array([-0.6   ,  0.1216])
87.3321 	EXP 	list_text1: text = '\ncat'
87.4658 	DATA 	Keypress: d
87.4817 	EXP 	screen_text: text = 'd'
87.5506 	DATA 	Keypress: o
87.5650 	EXP 	screen_text: text = 'do'
87.6498 	DATA 	Keypress: g
87.6649 	EXP 	screen_text: text = 'dog'
87.7513 	DATA 	Keypress: return
87.7822 	EXP 	screen_text: text = 'dog'
87.7822 	EXP 	screen_text: text = ''
87.7822 	EXP 	list_text1: pos = array([-0.6   ,  0.0932])
87.7822 	EXP 	list_text1: text = '\ncat\ndog'
88.6854 	DATA 	Keypress: h
88.7166 	EXP 	screen_text: text = 'h'
88.7845 	DATA 	Keypress: o
88.8000 	EXP 	screen_text: text = 'ho'
88.8846 	DATA 	Keypress: r
88.9000 	EXP 	screen_text: text = 'hor'
88.9680 	DATA 	Keypress: s
88.9835 	EXP 	screen_text: text = 'hors'
89.0680 	DATA 	Keypress: e
89.0826 	EXP 	screen_text: text = 'horse'
89.1836 	DATA 	Keypress: return
89.2002 	EXP 	screen_text: text = 'horse'
89.2002 	EXP 	screen_text: text = ''
89.2002 	EXP 	list_text1: pos = array([-0.6   ,  0.0648])
89.2002 	EXP 	list_text1: text = '\ncat\ndog\nhorse'
89.2837 	DATA 	Keypress: s
89.3001 	EXP 	screen_text: text = 's'
89.4847 	DATA 	Keypress: w
89.5002 	EXP 	screen_text: text = 'sw'
89.5848 	DATA 	Keypress: a
89.6002 	EXP 	screen_text: text = 'swa'
89.7004 	DATA 	Keypress: n
89.7169 	EXP 	screen_text: text = 'swan'
89.9679 	DATA 	Keypress: return
89.9836 	EXP 	screen_text: text = 'swan'
89.9836 	EXP 	screen_text: text = ''
89.9836 	EXP 	list_text1: pos = array([-0.6   ,  0.0364])
89.9836 	EXP 	list_text1: text = '\ncat\ndog\nhorse\nswan'
92.4015 	DATA 	Keypress: b
92.4165 	EXP 	screen_text: text = 'b'
92.5175 	DATA 	Keypress: i
92.5332 	EXP 	screen_text: text = 'bi'
92.5677 	DATA 	Keypress: r
92.5831 	EXP 	screen_text: text = 'bir'
92.7178 	DATA 	Keypress: d
92.7330 	EXP 	screen_text: text = 'bird'
92.8033 	DATA 	Keypress: return
92.8333 	EXP 	screen_text: text = 'bird'
92.8333 	EXP 	screen_text: text = ''
92.8333 	EXP 	list_text1: pos = array([-0.6  ,  0.008])
92.8333 	EXP 	list_text1: text = '\ncat\ndog\nhorse\nswan\nbird'
95.0178 	EXP 	timer: autoDraw = False
95.0178 	EXP 	instruct_text: autoDraw = False
95.0178 	EXP 	letter_text: autoDraw = False
95.0178 	EXP 	screen_text: autoDraw = False
95.0178 	EXP 	list_text1: autoDraw = False
95.0178 	EXP 	list_text2: autoDraw = False
95.0178 	EXP 	list_text3: autoDraw = False
95.0178 	EXP 	list_text4: autoDraw = False
95.0178 	EXP 	list_text5: autoDraw = False
95.0178 	EXP 	fixation: autoDraw = False
95.0178 	EXP 	timer: autoDraw = False
95.0178 	EXP 	instruct_text: autoDraw = False
95.0178 	EXP 	letter_text: autoDraw = False
95.0178 	EXP 	screen_text: autoDraw = False
95.0178 	EXP 	list_text1: autoDraw = False
95.0178 	EXP 	list_text2: autoDraw = False
95.0178 	EXP 	list_text3: autoDraw = False
95.0178 	EXP 	list_text4: autoDraw = False
95.0178 	EXP 	list_text5: autoDraw = False
95.0178 	EXP 	fixation_1: autoDraw = True
96.0009 	EXP 	difficulty_question: autoDraw = True
96.0009 	EXP 	options: autoDraw = True
96.0009 	EXP 	anchor_1: autoDraw = True
96.0009 	EXP 	anchor_2: autoDraw = True
96.0176 	EXP 	fixation_1: autoDraw = False
97.6860 	DATA 	Keypress: 3
97.7015 	EXP 	fixation_1: autoDraw = False
97.7015 	EXP 	difficulty_question: autoDraw = False
97.7015 	EXP 	options: autoDraw = False
97.7015 	EXP 	anchor_1: autoDraw = False
97.7015 	EXP 	anchor_2: autoDraw = False
97.7015 	EXP 	text: text = ''
97.7015 	EXP 	text_other: autoDraw = True
97.7015 	EXP 	text: autoDraw = True
100.1880 	DATA 	Keypress: i
100.2035 	EXP 	text: text = 'i'
100.3376 	DATA 	Keypress: m
100.3535 	EXP 	text: text = 'im'
100.4047 	DATA 	Keypress: a
100.4202 	EXP 	text: text = 'ima'
100.5210 	DATA 	Keypress: g
100.5533 	EXP 	text: text = 'imag'
100.5702 	DATA 	Keypress: i
100.5857 	EXP 	text: text = 'imagi'
100.6869 	DATA 	Keypress: n
100.7030 	EXP 	text: text = 'imagin'
100.7041 	DATA 	Keypress: e
100.7191 	EXP 	text: text = 'imagine'
100.8039 	DATA 	Keypress: d
100.8191 	EXP 	text: text = 'imagined'
101.0723 	DATA 	Keypress: space
101.1025 	EXP 	text: text = 'imagined '
101.1714 	DATA 	Keypress: m
101.1859 	EXP 	text: text = 'imagined m'
101.3537 	DATA 	Keypress: y
101.3693 	EXP 	text: text = 'imagined my'
101.4705 	DATA 	Keypress: s
101.4860 	EXP 	text: text = 'imagined mys'
101.5214 	DATA 	Keypress: e
101.5526 	EXP 	text: text = 'imagined myse'
101.6373 	DATA 	Keypress: l
101.6528 	EXP 	text: text = 'imagined mysel'
101.6873 	DATA 	Keypress: f
101.7026 	EXP 	text: text = 'imagined myself'
101.7708 	DATA 	Keypress: space
101.7859 	EXP 	text: text = 'imagined myself '
101.8544 	DATA 	Keypress: i
101.8695 	EXP 	text: text = 'imagined myself i'
101.9707 	DATA 	Keypress: n
101.9862 	EXP 	text: text = 'imagined myself in'
102.0544 	DATA 	Keypress: space
102.0699 	EXP 	text: text = 'imagined myself in '
102.0712 	DATA 	Keypress: a
102.0870 	EXP 	text: text = 'imagined myself in a'
102.1874 	DATA 	Keypress: space
102.2028 	EXP 	text: text = 'imagined myself in a '
102.3043 	DATA 	Keypress: x
102.3196 	EXP 	text: text = 'imagined myself in a x'
102.3540 	DATA 	Keypress: o
102.3694 	EXP 	text: text = 'imagined myself in a xo'
102.6704 	DATA 	Keypress: backspace
102.6864 	EXP 	text: text = 'imagined myself in a x'
102.8544 	DATA 	Keypress: z
102.8696 	EXP 	text: text = 'imagined myself in a xz'
102.9209 	DATA 	Keypress: p
102.9370 	EXP 	text: text = 'imagined myself in a xzp'
103.1884 	DATA 	Keypress: backspace
103.2044 	EXP 	text: text = 'imagined myself in a xz'
103.3052 	DATA 	Keypress: backspace
103.3211 	EXP 	text: text = 'imagined myself in a x'
103.4554 	DATA 	Keypress: backspace
103.4712 	EXP 	text: text = 'imagined myself in a '
103.5725 	DATA 	Keypress: z
103.5871 	EXP 	text: text = 'imagined myself in a z'
103.6888 	DATA 	Keypress: o
103.7046 	EXP 	text: text = 'imagined myself in a zo'
103.8217 	DATA 	Keypress: o
103.8371 	EXP 	text: text = 'imagined myself in a zoo'
104.0223 	DATA 	Keypress: return
104.0228 	EXP 	New trial (rep=0, index=5): OrderedDict([('Category', 'Words that start with A'), ('Type', 'Phonemic')])
104.0380 	EXP 	text_other: autoDraw = False
104.0380 	EXP 	text: autoDraw = False
104.0380 	EXP 	letter_text: text = 'Words that start with A'
104.0380 	EXP 	list_text1: text = ''
104.0380 	EXP 	list_text1: pos = [-0.6, 0.15]
104.0380 	EXP 	list_text2: text = ''
104.0380 	EXP 	list_text2: pos = [-0.3, 0.15]
104.0380 	EXP 	list_text3: text = ''
104.0380 	EXP 	list_text3: pos = [0, 0.15]
104.0380 	EXP 	list_text4: text = ''
104.0380 	EXP 	list_text4: pos = [0.3, 0.15]
104.0380 	EXP 	list_text5: text = ''
104.0380 	EXP 	list_text5: pos = [0.6, 0.15]
104.0380 	EXP 	letter_text: font = 'Arial'
104.0380 	EXP 	letter_text: bold = True
104.0380 	EXP 	fixation: autoDraw = True
105.0216 	EXP 	timer: autoDraw = True
105.0216 	EXP 	instruct_text: autoDraw = True
105.0216 	EXP 	letter_text: autoDraw = True
105.0216 	EXP 	screen_text: autoDraw = True
105.0216 	EXP 	list_text1: autoDraw = True
105.0216 	EXP 	list_text2: autoDraw = True
105.0216 	EXP 	list_text3: autoDraw = True
105.0216 	EXP 	list_text4: autoDraw = True
105.0216 	EXP 	list_text5: autoDraw = True
105.0216 	EXP 	letter_text: text = 'Words that start with A'
105.0382 	EXP 	fixation: autoDraw = False
107.6220 	DATA 	Keypress: a
107.6379 	EXP 	screen_text: text = 'a'
107.6891 	DATA 	Keypress: n
107.7050 	EXP 	screen_text: text = 'an'
107.7891 	DATA 	Keypress: i
107.8046 	EXP 	screen_text: text = 'ani'
107.9057 	DATA 	Keypress: m
107.9211 	EXP 	screen_text: text = 'anim'
108.0230 	DATA 	Keypress: a
108.0384 	EXP 	screen_text: text = 'anima'
108.0732 	DATA 	Keypress: l
108.0885 	EXP 	screen_text: text = 'animal'
108.3402 	DATA 	Keypress: return
108.3552 	EXP 	screen_text: text = 'animal'
108.3552 	EXP 	screen_text: text = ''
108.3552 	EXP 	list_text1: pos = array([-0.6   ,  0.1216])
108.3552 	EXP 	list_text1: text = '\nanimal'
108.6231 	DATA 	Keypress: a
108.6386 	EXP 	screen_text: text = 'a'
109.6742 	DATA 	Keypress: g
109.6898 	EXP 	screen_text: text = 'ag'
109.7241 	DATA 	Keypress: e
109.7394 	EXP 	screen_text: text = 'age'
109.8243 	DATA 	Keypress: n
109.8395 	EXP 	screen_text: text = 'agen'
109.8910 	DATA 	Keypress: d
109.9065 	EXP 	screen_text: text = 'agend'
109.9603 	DATA 	Keypress: a
109.9897 	EXP 	screen_text: text = 'agenda'
110.2751 	DATA 	Keypress: return
110.3053 	EXP 	screen_text: text = 'agenda'
110.3053 	EXP 	screen_text: text = ''
110.3053 	EXP 	list_text1: pos = array([-0.6   ,  0.0932])
110.3053 	EXP 	list_text1: text = '\nanimal\nagenda'
110.5578 	DATA 	Keypress: a
110.5722 	EXP 	screen_text: text = 'a'
112.2570 	DATA 	Keypress: l
112.2727 	EXP 	screen_text: text = 'al'
112.3240 	DATA 	Keypress: a
112.3392 	EXP 	screen_text: text = 'ala'
112.4575 	DATA 	Keypress: r
112.4723 	EXP 	screen_text: text = 'alar'
112.4924 	DATA 	Keypress: m
112.5232 	EXP 	screen_text: text = 'alarm'
112.6407 	DATA 	Keypress: m
112.6566 	EXP 	screen_text: text = 'alarmm'
113.1242 	DATA 	Keypress: backspace
113.1400 	EXP 	screen_text: text = 'alarm'
113.3580 	DATA 	Keypress: return
113.3743 	EXP 	screen_text: text = 'alarm'
113.3743 	EXP 	screen_text: text = ''
113.3743 	EXP 	list_text1: pos = array([-0.6   ,  0.0648])
113.3743 	EXP 	list_text1: text = '\nanimal\nagenda\nalarm'
115.0246 	EXP 	timer: autoDraw = False
115.0246 	EXP 	instruct_text: autoDraw = False
115.0246 	EXP 	letter_text: autoDraw = False
115.0246 	EXP 	screen_text: autoDraw = False
115.0246 	EXP 	list_text1: autoDraw = False
115.0246 	EXP 	list_text2: autoDraw = False
115.0246 	EXP 	list_text3: autoDraw = False
115.0246 	EXP 	list_text4: autoDraw = False
115.0246 	EXP 	list_text5: autoDraw = False
115.0246 	EXP 	fixation: autoDraw = False
115.0246 	EXP 	timer: autoDraw = False
115.0246 	EXP 	instruct_text: autoDraw = False
115.0246 	EXP 	letter_text: autoDraw = False
115.0246 	EXP 	screen_text: autoDraw = False
115.0246 	EXP 	list_text1: autoDraw = False
115.0246 	EXP 	list_text2: autoDraw = False
115.0246 	EXP 	list_text3: autoDraw = False
115.0246 	EXP 	list_text4: autoDraw = False
115.0246 	EXP 	list_text5: autoDraw = False
115.0246 	EXP 	fixation_1: autoDraw = True
116.0071 	EXP 	difficulty_question: autoDraw = True
116.0071 	EXP 	options: autoDraw = True
116.0071 	EXP 	anchor_1: autoDraw = True
116.0071 	EXP 	anchor_2: autoDraw = True
116.0238 	EXP 	fixation_1: autoDraw = False
117.1100 	DATA 	Keypress: 4
117.1241 	EXP 	fixation_1: autoDraw = False
117.1241 	EXP 	difficulty_question: autoDraw = False
117.1241 	EXP 	options: autoDraw = False
117.1241 	EXP 	anchor_1: autoDraw = False
117.1241 	EXP 	anchor_2: autoDraw = False
117.1241 	EXP 	text: text = ''
117.1241 	EXP 	text_other: autoDraw = True
117.1241 	EXP 	text: autoDraw = True
118.8603 	DATA 	Keypress: s
118.8760 	EXP 	text: text = 's'
118.8938 	DATA 	Keypress: d
118.9085 	EXP 	text: text = 'sd'
118.9604 	DATA 	Keypress: f
118.9757 	EXP 	text: text = 'sdf'
119.0596 	DATA 	Keypress: s
119.0760 	EXP 	text: text = 'sdfs'
119.1097 	DATA 	Keypress: d
119.1258 	EXP 	text: text = 'sdfsd'
119.2096 	DATA 	Keypress: return
119.2101 	EXP 	New trial (rep=0, index=6): OrderedDict([('Category', 'Things in a garage'), ('Type', 'Spatial')])
119.2263 	EXP 	text_other: autoDraw = False
119.2263 	EXP 	text: autoDraw = False
119.2263 	EXP 	letter_text: text = 'Things in a garage'
119.2263 	EXP 	list_text1: text = ''
119.2263 	EXP 	list_text1: pos = [-0.6, 0.15]
119.2263 	EXP 	list_text2: text = ''
119.2263 	EXP 	list_text2: pos = [-0.3, 0.15]
119.2263 	EXP 	list_text3: text = ''
119.2263 	EXP 	list_text3: pos = [0, 0.15]
119.2263 	EXP 	list_text4: text = ''
119.2263 	EXP 	list_text4: pos = [0.3, 0.15]
119.2263 	EXP 	list_text5: text = ''
119.2263 	EXP 	list_text5: pos = [0.6, 0.15]
119.2263 	EXP 	letter_text: font = 'Arial'
119.2263 	EXP 	letter_text: bold = True
119.2263 	EXP 	fixation: autoDraw = True
120.2089 	EXP 	timer: autoDraw = True
120.2089 	EXP 	instruct_text: autoDraw = True
120.2089 	EXP 	letter_text: autoDraw = True
120.2089 	EXP 	screen_text: autoDraw = True
120.2089 	EXP 	list_text1: autoDraw = True
120.2089 	EXP 	list_text2: autoDraw = True
120.2089 	EXP 	list_text3: autoDraw = True
120.2089 	EXP 	list_text4: autoDraw = True
120.2089 	EXP 	list_text5: autoDraw = True
120.2089 	EXP 	letter_text: text = 'Things in a garage'
120.2264 	EXP 	fixation: autoDraw = False
121.6771 	DATA 	Keypress: c
121.6922 	EXP 	screen_text: text = 'c'
121.7618 	DATA 	Keypress: a
121.7921 	EXP 	screen_text: text = 'ca'
121.8935 	DATA 	Keypress: r
121.9089 	EXP 	screen_text: text = 'car'
122.0100 	DATA 	Keypress: return
122.0256 	EXP 	screen_text: text = 'car'
122.0256 	EXP 	screen_text: text = ''
122.0256 	EXP 	list_text1: pos = array([-0.6   ,  0.1216])
122.0256 	EXP 	list_text1: text = '\ncar'
122.1436 	DATA 	Keypress: t
122.1590 	EXP 	screen_text: text = 't'
122.2935 	DATA 	Keypress: i
122.3092 	EXP 	screen_text: text = 'ti'
122.3611 	DATA 	Keypress: r
122.3758 	EXP 	screen_text: text = 'tir'
122.4277 	DATA 	Keypress: e
122.4425 	EXP 	screen_text: text = 'tire'
122.5771 	DATA 	Keypress: s
122.5922 	EXP 	screen_text: text = 'tires'
122.6601 	DATA 	Keypress: return
122.6757 	EXP 	screen_text: text = 'tires'
122.6757 	EXP 	screen_text: text = ''
122.6757 	EXP 	list_text1: pos = array([-0.6   ,  0.0932])
122.6757 	EXP 	list_text1: text = '\ncar\ntires'
123.0118 	DATA 	Keypress: t
123.0272 	EXP 	screen_text: text = 't'
123.0448 	DATA 	Keypress: o
123.0609 	EXP 	screen_text: text = 'to'
123.1783 	DATA 	Keypress: o
123.1939 	EXP 	screen_text: text = 'too'
123.3286 	DATA 	Keypress: l
123.3437 	EXP 	screen_text: text = 'tool'
123.4278 	DATA 	Keypress: s
123.4433 	EXP 	screen_text: text = 'tools'
123.6117 	DATA 	Keypress: return
123.6266 	EXP 	screen_text: text = 'tools'
123.6266 	EXP 	screen_text: text = ''
123.6266 	EXP 	list_text1: pos = array([-0.6   ,  0.0648])
123.6266 	EXP 	list_text1: text = '\ncar\ntires\ntools'
124.1285 	DATA 	Keypress: t
124.1436 	EXP 	screen_text: text = 't'
124.2288 	DATA 	Keypress: o
124.2443 	EXP 	screen_text: text = 'to'
124.5621 	DATA 	Keypress: y
124.5769 	EXP 	screen_text: text = 'toy'
124.7789 	DATA 	Keypress: s
124.7936 	EXP 	screen_text: text = 'toys'
124.8786 	DATA 	Keypress: return
124.8944 	EXP 	screen_text: text = 'toys'
124.8944 	EXP 	screen_text: text = ''
124.8944 	EXP 	list_text1: pos = array([-0.6   ,  0.0364])
124.8944 	EXP 	list_text1: text = '\ncar\ntires\ntools\ntoys'
125.0790 	DATA 	Keypress: b
125.0945 	EXP 	screen_text: text = 'b'
125.2114 	DATA 	Keypress: o
125.2279 	EXP 	screen_text: text = 'bo'
125.2953 	DATA 	Keypress: x
125.3101 	EXP 	screen_text: text = 'box'
125.5123 	DATA 	Keypress: e
125.5267 	EXP 	screen_text: text = 'boxe'
125.7446 	DATA 	Keypress: s
125.7602 	EXP 	screen_text: text = 'boxes'
125.8447 	DATA 	Keypress: return
125.8601 	EXP 	screen_text: text = 'boxes'
125.8601 	EXP 	screen_text: text = ''
125.8601 	EXP 	list_text1: pos = array([-0.6  ,  0.008])
125.8601 	EXP 	list_text1: text = '\ncar\ntires\ntools\ntoys\nboxes'
130.2127 	EXP 	timer: autoDraw = False
130.2127 	EXP 	instruct_text: autoDraw = False
130.2127 	EXP 	letter_text: autoDraw = False
130.2127 	EXP 	screen_text: autoDraw = False
130.2127 	EXP 	list_text1: autoDraw = False
130.2127 	EXP 	list_text2: autoDraw = False
130.2127 	EXP 	list_text3: autoDraw = False
130.2127 	EXP 	list_text4: autoDraw = False
130.2127 	EXP 	list_text5: autoDraw = False
130.2127 	EXP 	fixation: autoDraw = False
130.2127 	EXP 	timer: autoDraw = False
130.2127 	EXP 	instruct_text: autoDraw = False
130.2127 	EXP 	letter_text: autoDraw = False
130.2127 	EXP 	screen_text: autoDraw = False
130.2127 	EXP 	list_text1: autoDraw = False
130.2127 	EXP 	list_text2: autoDraw = False
130.2127 	EXP 	list_text3: autoDraw = False
130.2127 	EXP 	list_text4: autoDraw = False
130.2127 	EXP 	list_text5: autoDraw = False
130.2127 	EXP 	fixation_1: autoDraw = True
131.1951 	EXP 	difficulty_question: autoDraw = True
131.1951 	EXP 	options: autoDraw = True
131.1951 	EXP 	anchor_1: autoDraw = True
131.1951 	EXP 	anchor_2: autoDraw = True
131.2118 	EXP 	fixation_1: autoDraw = False
132.2303 	DATA 	Keypress: 5
132.2455 	EXP 	fixation_1: autoDraw = False
132.2455 	EXP 	difficulty_question: autoDraw = False
132.2455 	EXP 	options: autoDraw = False
132.2455 	EXP 	anchor_1: autoDraw = False
132.2455 	EXP 	anchor_2: autoDraw = False
132.2455 	EXP 	text: text = ''
132.2455 	EXP 	text_other: autoDraw = True
132.2455 	EXP 	text: autoDraw = True
133.2985 	DATA 	Keypress: d
133.3130 	EXP 	text: text = 'd'
133.4149 	DATA 	Keypress: s
133.4296 	EXP 	text: text = 'ds'
133.5642 	DATA 	Keypress: d
133.5805 	EXP 	text: text = 'dsd'
133.5816 	DATA 	Keypress: f
133.5964 	EXP 	text: text = 'dsdf'
133.7149 	DATA 	Keypress: s
133.7297 	EXP 	text: text = 'dsdfs'
133.7487 	DATA 	Keypress: d
133.7639 	EXP 	text: text = 'dsdfsd'
133.7984 	DATA 	Keypress: f
133.8463 	EXP 	text: text = 'dsdfsdf'
133.8808 	DATA 	Keypress: return
133.8812 	EXP 	New trial (rep=0, index=7): OrderedDict([('Category', 'Sports'), ('Type', 'Semantic')])
133.8973 	EXP 	text_other: autoDraw = False
133.8973 	EXP 	text: autoDraw = False
133.8973 	EXP 	letter_text: text = 'Sports'
133.8973 	EXP 	list_text1: text = ''
133.8973 	EXP 	list_text1: pos = [-0.6, 0.15]
133.8973 	EXP 	list_text2: text = ''
133.8973 	EXP 	list_text2: pos = [-0.3, 0.15]
133.8973 	EXP 	list_text3: text = ''
133.8973 	EXP 	list_text3: pos = [0, 0.15]
133.8973 	EXP 	list_text4: text = ''
133.8973 	EXP 	list_text4: pos = [0.3, 0.15]
133.8973 	EXP 	list_text5: text = ''
133.8973 	EXP 	list_text5: pos = [0.6, 0.15]
133.8973 	EXP 	letter_text: font = 'Arial'
133.8973 	EXP 	letter_text: bold = True
133.8973 	EXP 	fixation: autoDraw = True
134.8800 	EXP 	timer: autoDraw = True
134.8800 	EXP 	instruct_text: autoDraw = True
134.8800 	EXP 	letter_text: autoDraw = True
134.8800 	EXP 	screen_text: autoDraw = True
134.8800 	EXP 	list_text1: autoDraw = True
134.8800 	EXP 	list_text2: autoDraw = True
134.8800 	EXP 	list_text3: autoDraw = True
134.8800 	EXP 	list_text4: autoDraw = True
134.8800 	EXP 	list_text5: autoDraw = True
134.8800 	EXP 	letter_text: text = 'Sports'
134.8976 	EXP 	fixation: autoDraw = False
136.1479 	DATA 	Keypress: t
136.1633 	EXP 	screen_text: text = 't'
136.1988 	DATA 	Keypress: e
136.2134 	EXP 	screen_text: text = 'te'
136.2980 	DATA 	Keypress: n
136.3134 	EXP 	screen_text: text = 'ten'
136.3980 	DATA 	Keypress: n
136.4135 	EXP 	screen_text: text = 'tenn'
136.7481 	DATA 	Keypress: i
136.7635 	EXP 	screen_text: text = 'tenni'
136.8479 	DATA 	Keypress: s
136.8636 	EXP 	screen_text: text = 'tennis'
137.0479 	DATA 	Keypress: return
137.0637 	EXP 	screen_text: text = 'tennis'
137.0637 	EXP 	screen_text: text = ''
137.0637 	EXP 	list_text1: pos = array([-0.6   ,  0.1216])
137.0637 	EXP 	list_text1: text = '\ntennis'
137.2148 	DATA 	Keypress: v
137.2304 	EXP 	screen_text: text = 'v'
137.4000 	DATA 	Keypress: a
137.4304 	EXP 	screen_text: text = 'va'
137.9166 	DATA 	Keypress: backspace
137.9472 	EXP 	screen_text: text = 'v'
138.0165 	DATA 	Keypress: b
138.0322 	EXP 	screen_text: text = 'vb'
138.1664 	DATA 	Keypress: a
138.1823 	EXP 	screen_text: text = 'vba'
138.4162 	DATA 	Keypress: s
138.4320 	EXP 	screen_text: text = 'vbas'
138.5348 	DATA 	Keypress: k
138.5645 	EXP 	screen_text: text = 'vbask'
138.6495 	DATA 	Keypress: e
138.6654 	EXP 	screen_text: text = 'vbaske'
138.7325 	DATA 	Keypress: t
138.7482 	EXP 	screen_text: text = 'vbasket'
139.1159 	DATA 	Keypress: b
139.1322 	EXP 	screen_text: text = 'vbasketb'
139.2824 	DATA 	Keypress: a
139.2989 	EXP 	screen_text: text = 'vbasketba'
139.3686 	DATA 	Keypress: l
139.3990 	EXP 	screen_text: text = 'vbasketbal'
139.5168 	DATA 	Keypress: l
139.5323 	EXP 	screen_text: text = 'vbasketball'
139.7159 	DATA 	Keypress: return
139.7316 	EXP 	screen_text: text = 'vbasketball'
139.7316 	EXP 	screen_text: text = ''
139.7316 	EXP 	list_text1: pos = array([-0.6   ,  0.0932])
139.7316 	EXP 	list_text1: text = '\ntennis\nvbasketball'
139.8514 	DATA 	Keypress: b
139.8824 	EXP 	screen_text: text = 'b'
140.0498 	DATA 	Keypress: a
140.0658 	EXP 	screen_text: text = 'ba'
140.1162 	DATA 	Keypress: s
140.1325 	EXP 	screen_text: text = 'bas'
140.2337 	DATA 	Keypress: e
140.2489 	EXP 	screen_text: text = 'base'
140.5005 	DATA 	Keypress: b
140.5148 	EXP 	screen_text: text = 'baseb'
140.6000 	DATA 	Keypress: a
140.6147 	EXP 	screen_text: text = 'baseba'
140.6845 	DATA 	Keypress: l
140.7148 	EXP 	screen_text: text = 'basebal'
141.1352 	DATA 	Keypress: l
141.1648 	EXP 	screen_text: text = 'baseball'
141.3826 	DATA 	Keypress: return
141.3983 	EXP 	screen_text: text = 'baseball'
141.3983 	EXP 	screen_text: text = ''
141.3983 	EXP 	list_text1: pos = array([-0.6   ,  0.0648])
141.3983 	EXP 	list_text1: text = '\ntennis\nvbasketball\nbaseball'
144.8839 	EXP 	timer: autoDraw = False
144.8839 	EXP 	instruct_text: autoDraw = False
144.8839 	EXP 	letter_text: autoDraw = False
144.8839 	EXP 	screen_text: autoDraw = False
144.8839 	EXP 	list_text1: autoDraw = False
144.8839 	EXP 	list_text2: autoDraw = False
144.8839 	EXP 	list_text3: autoDraw = False
144.8839 	EXP 	list_text4: autoDraw = False
144.8839 	EXP 	list_text5: autoDraw = False
144.8839 	EXP 	fixation: autoDraw = False
144.8839 	EXP 	timer: autoDraw = False
144.8839 	EXP 	instruct_text: autoDraw = False
144.8839 	EXP 	letter_text: autoDraw = False
144.8839 	EXP 	screen_text: autoDraw = False
144.8839 	EXP 	list_text1: autoDraw = False
144.8839 	EXP 	list_text2: autoDraw = False
144.8839 	EXP 	list_text3: autoDraw = False
144.8839 	EXP 	list_text4: autoDraw = False
144.8839 	EXP 	list_text5: autoDraw = False
144.8839 	EXP 	fixation_1: autoDraw = True
145.8664 	EXP 	difficulty_question: autoDraw = True
145.8664 	EXP 	options: autoDraw = True
145.8664 	EXP 	anchor_1: autoDraw = True
145.8664 	EXP 	anchor_2: autoDraw = True
145.8830 	EXP 	fixation_1: autoDraw = False
146.8852 	DATA 	Keypress: 6
146.9001 	EXP 	fixation_1: autoDraw = False
146.9001 	EXP 	difficulty_question: autoDraw = False
146.9001 	EXP 	options: autoDraw = False
146.9001 	EXP 	anchor_1: autoDraw = False
146.9001 	EXP 	anchor_2: autoDraw = False
146.9001 	EXP 	text: text = ''
146.9001 	EXP 	text_other: autoDraw = True
146.9001 	EXP 	text: autoDraw = True
148.4028 	DATA 	Keypress: p
148.4184 	EXP 	text: text = 'p'
148.5233 	DATA 	Keypress: o
148.5349 	EXP 	text: text = 'po'
148.6529 	DATA 	Keypress: p
148.6684 	EXP 	text: text = 'pop'
148.7732 	DATA 	Keypress: p
148.7852 	EXP 	text: text = 'popp'
148.8529 	DATA 	Keypress: e
148.8685 	EXP 	text: text = 'poppe'
148.9240 	DATA 	Keypress: d
148.9353 	EXP 	text: text = 'popped'
149.0206 	DATA 	Keypress: space
149.0519 	EXP 	text: text = 'popped '
149.0690 	DATA 	Keypress: i
149.0853 	EXP 	text: text = 'popped i'
149.1900 	DATA 	Keypress: n
149.2058 	EXP 	text: text = 'popped in'
149.2902 	DATA 	Keypress: t
149.3019 	EXP 	text: text = 'popped int'
149.3571 	DATA 	Keypress: o
149.3687 	EXP 	text: text = 'popped into'
149.4197 	DATA 	Keypress: space
149.4354 	EXP 	text: text = 'popped into '
149.5406 	DATA 	Keypress: m
149.5521 	EXP 	text: text = 'popped into m'
149.5866 	DATA 	Keypress: y
149.6021 	EXP 	text: text = 'popped into my'
149.6862 	DATA 	Keypress: space
149.7022 	EXP 	text: text = 'popped into my '
149.7902 	DATA 	Keypress: h
149.8022 	EXP 	text: text = 'popped into my h'
149.8365 	DATA 	Keypress: e
149.8522 	EXP 	text: text = 'popped into my he'
149.9072 	DATA 	Keypress: a
149.9223 	EXP 	text: text = 'popped into my hea'
150.0193 	DATA 	Keypress: d
150.0394 	EXP 	text: text = 'popped into my head'
150.1073 	DATA 	Keypress: return
150.1080 	EXP 	New trial (rep=0, index=8): OrderedDict([('Category', 'Words that start with F'), ('Type', 'Phonemic')])
150.1189 	EXP 	text_other: autoDraw = False
150.1189 	EXP 	text: autoDraw = False
150.1189 	EXP 	letter_text: text = 'Words that start with F'
150.1189 	EXP 	list_text1: text = ''
150.1189 	EXP 	list_text1: pos = [-0.6, 0.15]
150.1189 	EXP 	list_text2: text = ''
150.1189 	EXP 	list_text2: pos = [-0.3, 0.15]
150.1189 	EXP 	list_text3: text = ''
150.1189 	EXP 	list_text3: pos = [0, 0.15]
150.1189 	EXP 	list_text4: text = ''
150.1189 	EXP 	list_text4: pos = [0.3, 0.15]
150.1189 	EXP 	list_text5: text = ''
150.1189 	EXP 	list_text5: pos = [0.6, 0.15]
150.1189 	EXP 	letter_text: font = 'Arial'
150.1189 	EXP 	letter_text: bold = True
150.1189 	EXP 	fixation: autoDraw = True
151.1057 	EXP 	timer: autoDraw = True
151.1057 	EXP 	instruct_text: autoDraw = True
151.1057 	EXP 	letter_text: autoDraw = True
151.1057 	EXP 	screen_text: autoDraw = True
151.1057 	EXP 	list_text1: autoDraw = True
151.1057 	EXP 	list_text2: autoDraw = True
151.1057 	EXP 	list_text3: autoDraw = True
151.1057 	EXP 	list_text4: autoDraw = True
151.1057 	EXP 	list_text5: autoDraw = True
151.1057 	EXP 	letter_text: text = 'Words that start with F'
151.1187 	EXP 	fixation: autoDraw = False
152.1200 	DATA 	Keypress: f
152.1401 	EXP 	screen_text: text = 'f'
152.2741 	DATA 	Keypress: r
152.2855 	EXP 	screen_text: text = 'fr'
152.3407 	DATA 	Keypress: a
152.3523 	EXP 	screen_text: text = 'fra'
152.6436 	DATA 	Keypress: backspace
152.6689 	EXP 	screen_text: text = 'fr'
152.8413 	DATA 	Keypress: o
152.8563 	EXP 	screen_text: text = 'fro'
152.8912 	DATA 	Keypress: c
152.9060 	EXP 	screen_text: text = 'froc'
153.0047 	DATA 	Keypress: k
153.0202 	EXP 	screen_text: text = 'frock'
153.2042 	DATA 	Keypress: return
153.2199 	EXP 	screen_text: text = 'frock'
153.2199 	EXP 	screen_text: text = ''
153.2199 	EXP 	list_text1: pos = array([-0.6   ,  0.1216])
153.2199 	EXP 	list_text1: text = '\nfrock'
153.3204 	DATA 	Keypress: f
153.3402 	EXP 	screen_text: text = 'f'
153.8420 	DATA 	Keypress: r
153.8536 	EXP 	screen_text: text = 'fr'
153.9584 	DATA 	Keypress: o
153.9702 	EXP 	screen_text: text = 'fro'
154.0213 	DATA 	Keypress: g
154.0368 	EXP 	screen_text: text = 'frog'
154.2039 	DATA 	Keypress: return
154.2202 	EXP 	screen_text: text = 'frog'
154.2202 	EXP 	screen_text: text = ''
154.2202 	EXP 	list_text1: pos = array([-0.6   ,  0.0932])
154.2202 	EXP 	list_text1: text = '\nfrock\nfrog'
154.3917 	DATA 	Keypress: f
154.4033 	EXP 	screen_text: text = 'f'
154.5549 	DATA 	Keypress: a
154.5703 	EXP 	screen_text: text = 'fa'
154.6391 	DATA 	Keypress: m
154.6574 	EXP 	screen_text: text = 'fam'
154.7376 	DATA 	Keypress: e
154.7538 	EXP 	screen_text: text = 'fame'
154.9379 	DATA 	Keypress: return
154.9536 	EXP 	screen_text: text = 'fame'
154.9536 	EXP 	screen_text: text = ''
154.9536 	EXP 	list_text1: pos = array([-0.6   ,  0.0648])
154.9536 	EXP 	list_text1: text = '\nfrock\nfrog\nfame'
155.0216 	DATA 	Keypress: f
155.0371 	EXP 	screen_text: text = 'f'
155.2384 	DATA 	Keypress: a
155.2538 	EXP 	screen_text: text = 'fa'
155.5717 	DATA 	Keypress: n
155.5908 	EXP 	screen_text: text = 'fan'
155.7251 	DATA 	Keypress: t
155.7369 	EXP 	screen_text: text = 'fant'
155.8281 	DATA 	Keypress: a
155.8575 	EXP 	screen_text: text = 'fanta'
155.9421 	DATA 	Keypress: s
155.9575 	EXP 	screen_text: text = 'fantas'
156.0927 	DATA 	Keypress: y
156.1075 	EXP 	screen_text: text = 'fantasy'
156.4918 	DATA 	Keypress: return
156.5075 	EXP 	screen_text: text = 'fantasy'
156.5075 	EXP 	screen_text: text = ''
156.5075 	EXP 	list_text1: pos = array([-0.6   ,  0.0364])
156.5075 	EXP 	list_text1: text = '\nfrock\nfrog\nfame\nfantasy'
156.9217 	DATA 	Keypress: f
156.9411 	EXP 	screen_text: text = 'f'
157.3421 	DATA 	Keypress: r
157.3539 	EXP 	screen_text: text = 'fr'
158.3433 	DATA 	Keypress: a
158.3593 	EXP 	screen_text: text = 'fra'
158.4266 	DATA 	Keypress: i
158.4382 	EXP 	screen_text: text = 'frai'
158.5890 	DATA 	Keypress: l
158.6049 	EXP 	screen_text: text = 'frail'
159.2390 	DATA 	Keypress: return
159.2589 	EXP 	screen_text: text = 'frail'
159.2589 	EXP 	screen_text: text = ''
159.2589 	EXP 	list_text1: pos = array([-0.6  ,  0.008])
159.2589 	EXP 	list_text1: text = '\nfrock\nfrog\nfame\nfantasy\nfrail'
159.5564 	DATA 	Keypress: f
159.5717 	EXP 	screen_text: text = 'f'
159.7398 	DATA 	Keypress: e
159.7552 	EXP 	screen_text: text = 'fe'
161.1089 	EXP 	timer: autoDraw = False
161.1089 	EXP 	instruct_text: autoDraw = False
161.1089 	EXP 	letter_text: autoDraw = False
161.1089 	EXP 	screen_text: autoDraw = False
161.1089 	EXP 	list_text1: autoDraw = False
161.1089 	EXP 	list_text2: autoDraw = False
161.1089 	EXP 	list_text3: autoDraw = False
161.1089 	EXP 	list_text4: autoDraw = False
161.1089 	EXP 	list_text5: autoDraw = False
161.1089 	EXP 	fixation: autoDraw = False
161.1089 	EXP 	timer: autoDraw = False
161.1089 	EXP 	instruct_text: autoDraw = False
161.1089 	EXP 	letter_text: autoDraw = False
161.1089 	EXP 	screen_text: autoDraw = False
161.1089 	EXP 	list_text1: autoDraw = False
161.1089 	EXP 	list_text2: autoDraw = False
161.1089 	EXP 	list_text3: autoDraw = False
161.1089 	EXP 	list_text4: autoDraw = False
161.1089 	EXP 	list_text5: autoDraw = False
161.1089 	EXP 	fixation_1: autoDraw = True
162.0759 	EXP 	difficulty_question: autoDraw = True
162.0759 	EXP 	options: autoDraw = True
162.0759 	EXP 	anchor_1: autoDraw = True
162.0759 	EXP 	anchor_2: autoDraw = True
162.1092 	EXP 	fixation_1: autoDraw = False
163.0406 	DATA 	Keypress: 6
163.0563 	EXP 	fixation_1: autoDraw = False
163.0563 	EXP 	difficulty_question: autoDraw = False
163.0563 	EXP 	options: autoDraw = False
163.0563 	EXP 	anchor_1: autoDraw = False
163.0563 	EXP 	anchor_2: autoDraw = False
163.0563 	EXP 	text: text = ''
163.0563 	EXP 	text_other: autoDraw = True
163.0563 	EXP 	text: autoDraw = True
164.1743 	DATA 	Keypress: p
164.1899 	EXP 	text: text = 'p'
164.2737 	DATA 	Keypress: o
164.2892 	EXP 	text: text = 'po'
164.3904 	DATA 	Keypress: p
164.4064 	EXP 	text: text = 'pop'
164.5242 	DATA 	Keypress: p
164.5399 	EXP 	text: text = 'popp'
164.5911 	DATA 	Keypress: e
164.6068 	EXP 	text: text = 'poppe'
164.6580 	DATA 	Keypress: d
164.6734 	EXP 	text: text = 'popped'
164.7283 	DATA 	Keypress: space
164.7398 	EXP 	text: text = 'popped '
164.7911 	DATA 	Keypress: i
164.8068 	EXP 	text: text = 'popped i'
164.9076 	DATA 	Keypress: n
164.9235 	EXP 	text: text = 'popped in'
165.0242 	DATA 	Keypress: t
165.0402 	EXP 	text: text = 'popped int'
165.1081 	DATA 	Keypress: o
165.1236 	EXP 	text: text = 'popped into'
165.1406 	DATA 	Keypress: space
165.1569 	EXP 	text: text = 'popped into '
165.2618 	DATA 	Keypress: m
165.2733 	EXP 	text: text = 'popped into m'
165.3630 	DATA 	Keypress: y
165.3774 	EXP 	text: text = 'popped into my'
165.5282 	DATA 	Keypress: space
165.5401 	EXP 	text: text = 'popped into my '
165.5949 	DATA 	Keypress: h
165.6069 	EXP 	text: text = 'popped into my h'
165.7085 	DATA 	Keypress: e
165.7271 	EXP 	text: text = 'popped into my he'
165.7618 	DATA 	Keypress: a
165.7770 	EXP 	text: text = 'popped into my hea'
165.8781 	DATA 	Keypress: d
165.8938 	EXP 	text: text = 'popped into my head'
165.9780 	DATA 	Keypress: return
165.9901 	EXP 	text_other: autoDraw = False
165.9901 	EXP 	text: autoDraw = False
165.9901 	EXP 	thank_you: autoDraw = True
167.5453 	DATA 	Keypress: return
168.9912 	EXP 	thank_you: autoDraw = False
169.2736 	EXP 	window1: mouseVisible = True
