0.7772 	WARNING 	We strongly recommend you activate the PTB sound engine in PsychoPy prefs as the preferred audio engine. Its timing is vastly superior. Your prefs are currently set to use ['sounddevice', 'pyo', 'pygame'] (in that order).
4.7678 	EXP 	Created window1 = Window(allowGUI=False, allowStencil=False, args=UNKNOWN, autoLog=True, bitsMode=UNKNOWN, blendMode='avg', bpc=(8, 8, 8), color=array([0., 0., 0.]), colorSpace='rgb', depthBits=8, fullscr=<method-wrapper '__getattribute__' of attributeSetter object at 0x1094083c8>, gamma=None, gammaErrorPolicy='raise', kwargs=UNKNOWN, lms=UNKNOWN, monitor=<psychopy.monitors.calibTools.Monitor object at 0x120d58f60>, multiSample=False, name='window1', numSamples=2, pos=[640.0, 360.0], screen=0, size=array([5120, 2880]), stencilBits=0, stereo=False, units='height', useFBO=True, useRetina=True, viewOri=0.0, viewPos=None, viewScale=None, waitBlanking=True, winType='pyglet')
4.7678 	EXP 	window1: recordFrameIntervals = False
4.9332 	EXP 	window1: recordFrameIntervals = True
5.1175 	EXP 	window1: recordFrameIntervals = False
5.1417 	EXP 	Created instructions = ImageStim(__class__=<class 'psychopy.visual.image.ImageStim'>, autoLog=True, color=array([1., 1., 1.]), colorSpace='rgb', contrast=1.0, depth=0.0, flipHoriz=False, flipVert=False, image='sin', interpolate=True, mask=None, maskParams=None, name='instructions', opacity=1.0, ori=0.0, pos=array([0., 0.]), size=array([1280.,  720.]), texRes=512, units='pix', win=Window(...))
5.2065 	EXP 	Created fixation = TextStim(__class__=<class 'psychopy.visual.text.TextStim'>, alignHoriz=method-wrapper(...), alignText='center', alignVert=method-wrapper(...), anchorHoriz='center', anchorVert='center', antialias=True, autoLog=True, bold=False, color='white', colorSpace='named', contrast=1.0, depth=0.0, flipHoriz=False, flipVert=False, font='Arial', fontFiles=[], height=0.1, italic=False, languageStyle='LTR', name='fixation', opacity=1.0, ori=0, pos=array([0., 0.]), rgb=array([255., 255., 255.]), text='+', units='height', win=Window(...), wrapWidth=1)
5.2136 	EXP 	Created timer = TextStim(__class__=<class 'psychopy.visual.text.TextStim'>, alignHoriz=method-wrapper(...), alignText='center', alignVert=method-wrapper(...), anchorHoriz='center', anchorVert='center', antialias=True, autoLog=True, bold=False, color='white', colorSpace='named', contrast=1.0, depth=-1.0, flipHoriz=False, flipVert=False, font='Arial', fontFiles=[], height=0.05, italic=False, languageStyle='LTR', name='timer', opacity=1.0, ori=0, pos=array([-0.7,  0.4]), rgb=array([255., 255., 255.]), text='default text', units='height', win=Window(...), wrapWidth=1)
5.2266 	EXP 	Created instruct_text = TextStim(__class__=<class 'psychopy.visual.text.TextStim'>, alignHoriz=method-wrapper(...), alignText='center', alignVert=method-wrapper(...), anchorHoriz='center', anchorVert='center', antialias=True, autoLog=True, bold=False, color='white', colorSpace='named', contrast=1.0, depth=-2.0, flipHoriz=False, flipVert=False, font='Arial', fontFiles=[], height=0.05, italic=False, languageStyle='LTR', name='instruct_text', opacity=1.0, ori=0, pos=array([0. , 0.4]), rgb=array([255., 255., 255.]), text=str(...), units='height', win=Window(...), wrapWidth=1)
5.2283 	EXP 	Created letter_text = TextStim(__class__=<class 'psychopy.visual.text.TextStim'>, alignHoriz=method-wrapper(...), alignText='center', alignVert=method-wrapper(...), anchorHoriz='center', anchorVert='center', antialias=True, autoLog=True, bold=False, color='white', colorSpace='named', contrast=1.0, depth=-3.0, flipHoriz=False, flipVert=False, font='Arial', fontFiles=[], height=0.05, italic=False, languageStyle='LTR', name='letter_text', opacity=1.0, ori=0, pos=array([0.  , 0.28]), rgb=array([255., 255., 255.]), text='default text', units='height', win=Window(...), wrapWidth=1)
5.2286 	EXP 	Created screen_text = TextStim(__class__=<class 'psychopy.visual.text.TextStim'>, alignHoriz=method-wrapper(...), alignText='center', alignVert=method-wrapper(...), anchorHoriz='center', anchorVert='center', antialias=True, autoLog=True, bold=False, color='white', colorSpace='named', contrast=1.0, depth=-4.0, flipHoriz=False, flipVert=False, font='Arial', fontFiles=[], height=0.05, italic=False, languageStyle='LTR', name='screen_text', opacity=1.0, ori=0, pos=array([0. , 0.2]), rgb=array([255., 255., 255.]), text='', units='height', win=Window(...), wrapWidth=1)
5.2290 	EXP 	Created list_text1 = TextStim(__class__=<class 'psychopy.visual.text.TextStim'>, alignHoriz=method-wrapper(...), alignText='center', alignVert=method-wrapper(...), anchorHoriz='center', anchorVert='center', antialias=True, autoLog=True, bold=False, color='white', colorSpace='named', contrast=1.0, depth=-5.0, flipHoriz=False, flipVert=False, font='Arial', fontFiles=[], height=0.05, italic=False, languageStyle='LTR', name='list_text1', opacity=1.0, ori=0, pos=array([0., 0.]), rgb=array([255., 255., 255.]), text='', units='height', win=Window(...), wrapWidth=1)
5.2305 	EXP 	Created list_text2 = TextStim(__class__=<class 'psychopy.visual.text.TextStim'>, alignHoriz=method-wrapper(...), alignText='center', alignVert=method-wrapper(...), anchorHoriz='center', anchorVert='center', antialias=True, autoLog=True, bold=False, color='white', colorSpace='named', contrast=1.0, depth=-6.0, flipHoriz=False, flipVert=False, font='Arial', fontFiles=[], height=0.05, italic=False, languageStyle='LTR', name='list_text2', opacity=1.0, ori=0, pos=array([0., 0.]), rgb=array([255., 255., 255.]), text='', units='height', win=Window(...), wrapWidth=1)
5.2309 	EXP 	Created list_text3 = TextStim(__class__=<class 'psychopy.visual.text.TextStim'>, alignHoriz=method-wrapper(...), alignText='center', alignVert=method-wrapper(...), anchorHoriz='center', anchorVert='center', antialias=True, autoLog=True, bold=False, color='white', colorSpace='named', contrast=1.0, depth=-7.0, flipHoriz=False, flipVert=False, font='Arial', fontFiles=[], height=0.05, italic=False, languageStyle='LTR', name='list_text3', opacity=1.0, ori=0, pos=array([0., 0.]), rgb=array([255., 255., 255.]), text='', units='height', win=Window(...), wrapWidth=1)
5.2313 	EXP 	Created list_text4 = TextStim(__class__=<class 'psychopy.visual.text.TextStim'>, alignHoriz=method-wrapper(...), alignText='center', alignVert=method-wrapper(...), anchorHoriz='center', anchorVert='center', antialias=True, autoLog=True, bold=False, color='white', colorSpace='named', contrast=1.0, depth=-8.0, flipHoriz=False, flipVert=False, font='Arial', fontFiles=[], height=0.05, italic=False, languageStyle='LTR', name='list_text4', opacity=1.0, ori=0, pos=array([0., 0.]), rgb=array([255., 255., 255.]), text='', units='height', win=Window(...), wrapWidth=1)
5.2316 	EXP 	Created list_text5 = TextStim(__class__=<class 'psychopy.visual.text.TextStim'>, alignHoriz=method-wrapper(...), alignText='center', alignVert=method-wrapper(...), anchorHoriz='center', anchorVert='center', antialias=True, autoLog=True, bold=False, color='white', colorSpace='named', contrast=1.0, depth=-9.0, flipHoriz=False, flipVert=False, font='Arial', fontFiles=[], height=0.05, italic=False, languageStyle='LTR', name='list_text5', opacity=1.0, ori=0, pos=array([0., 0.]), rgb=array([255., 255., 255.]), text='', units='height', win=Window(...), wrapWidth=1)
5.2327 	EXP 	Created fixation_1 = TextStim(__class__=<class 'psychopy.visual.text.TextStim'>, alignHoriz=method-wrapper(...), alignText='center', alignVert=method-wrapper(...), anchorHoriz='center', anchorVert='center', antialias=True, autoLog=True, bold=False, color='white', colorSpace='named', contrast=1.0, depth=0.0, flipHoriz=False, flipVert=False, font='Arial', fontFiles=[], height=0.1, italic=False, languageStyle='LTR', name='fixation_1', opacity=1.0, ori=0, pos=array([0., 0.]), rgb=array([255., 255., 255.]), text='+', units='height', win=Window(...), wrapWidth=1)
5.2381 	EXP 	Created difficulty_question = TextStim(__class__=<class 'psychopy.visual.text.TextStim'>, alignHoriz=method-wrapper(...), alignText='center', alignVert=method-wrapper(...), anchorHoriz='center', anchorVert='center', antialias=True, autoLog=True, bold=False, color='white', colorSpace='named', contrast=1.0, depth=-1.0, flipHoriz=False, flipVert=False, font='Arial', fontFiles=[], height=0.05, italic=False, languageStyle='LTR', name='difficulty_question', opacity=1.0, ori=0, pos=array([0. , 0.2]), rgb=array([255., 255., 255.]), text=str(...), units='height', win=Window(...), wrapWidth=1)
5.2453 	EXP 	Created options = TextStim(__class__=<class 'psychopy.visual.text.TextStim'>, alignHoriz=method-wrapper(...), alignText='center', alignVert=method-wrapper(...), anchorHoriz='center', anchorVert='center', antialias=True, autoLog=True, bold=False, color='white', colorSpace='named', contrast=1.0, depth=-2.0, flipHoriz=False, flipVert=False, font='Arial', fontFiles=[], height=0.05, italic=False, languageStyle='LTR', name='options', opacity=1.0, ori=0, pos=array([0., 0.]), rgb=array([255., 255., 255.]), text=str(...), units='height', win=Window(...), wrapWidth=1)
5.2526 	EXP 	Created anchor_1 = TextStim(__class__=<class 'psychopy.visual.text.TextStim'>, alignHoriz=method-wrapper(...), alignText='center', alignVert=method-wrapper(...), anchorHoriz='center', anchorVert='center', antialias=True, autoLog=True, bold=False, color='white', colorSpace='named', contrast=1.0, depth=-3.0, flipHoriz=False, flipVert=False, font='Arial', fontFiles=[], height=0.04, italic=False, languageStyle='LTR', name='anchor_1', opacity=1.0, ori=0, pos=array([-0.4, -0.2]), rgb=array([255., 255., 255.]), text='Not difficult at all', units='height', win=Window(...), wrapWidth=1)
5.2569 	EXP 	Created anchor_2 = TextStim(__class__=<class 'psychopy.visual.text.TextStim'>, alignHoriz=method-wrapper(...), alignText='center', alignVert=method-wrapper(...), anchorHoriz='center', anchorVert='center', antialias=True, autoLog=True, bold=False, color='white', colorSpace='named', contrast=1.0, depth=-4.0, flipHoriz=False, flipVert=False, font='Arial', fontFiles=[], height=0.04, italic=False, languageStyle='LTR', name='anchor_2', opacity=1.0, ori=0, pos=array([ 0.4, -0.2]), rgb=array([255., 255., 255.]), text='Very Difficult\n', units='height', win=Window(...), wrapWidth=1)
5.2759 	EXP 	Created text_other = TextStim(__class__=<class 'psychopy.visual.text.TextStim'>, alignHoriz=method-wrapper(...), alignText='center', alignVert=method-wrapper(...), anchorHoriz='center', anchorVert='center', antialias=True, autoLog=True, bold=False, color='white', colorSpace='named', contrast=1.0, depth=0.0, flipHoriz=False, flipVert=False, font='Arial', fontFiles=[], height=0.05, italic=False, languageStyle='LTR', name='text_other', opacity=1.0, ori=0, pos=array([0.  , 0.25]), rgb=array([255., 255., 255.]), text=str(...), units='height', win=Window(...), wrapWidth=1)
5.2763 	EXP 	Created text = TextStim(__class__=<class 'psychopy.visual.text.TextStim'>, alignHoriz=method-wrapper(...), alignText='center', alignVert=method-wrapper(...), anchorHoriz='center', anchorVert='center', antialias=True, autoLog=True, bold=False, color='white', colorSpace='named', contrast=1.0, depth=-1.0, flipHoriz=False, flipVert=False, font='Arial', fontFiles=[], height=0.05, italic=False, languageStyle='LTR', name='text', opacity=1.0, ori=0, pos=array([0., 0.]), rgb=array([255., 255., 255.]), text='', units='height', win=Window(...), wrapWidth=1)
5.2801 	EXP 	Created thank_you = TextStim(__class__=<class 'psychopy.visual.text.TextStim'>, alignHoriz=method-wrapper(...), alignText='center', alignVert=method-wrapper(...), anchorHoriz='center', anchorVert='center', antialias=True, autoLog=True, bold=False, color='white', colorSpace='named', contrast=1.0, depth=0.0, flipHoriz=False, flipVert=False, font='Arial', fontFiles=[], height=0.05, italic=False, languageStyle='LTR', name='thank_you', opacity=1.0, ori=0, pos=array([0., 0.]), rgb=array([255., 255., 255.]), text=str(...), units='height', win=Window(...), wrapWidth=1)
5.2853 	EXP 	Imported instructions.xlsx as conditions, 6 conditions, 1 params
5.2855 	EXP 	Created sequence: sequential, trialTypes=6, nReps=1, seed=None
5.2857 	EXP 	New trial (rep=0, index=0): OrderedDict([('INS', 'Slide1.png')])
5.3506 	EXP 	instructions: image = 'Slide1.png'
5.3506 	EXP 	instructions: autoDraw = True
5.9342 	EXP 	New trial (rep=0, index=1): OrderedDict([('INS', 'Slide2.png')])
5.9548 	DATA 	Keypress: space
5.9674 	EXP 	instructions: autoDraw = False
5.9674 	EXP 	instructions: image = 'Slide2.png'
5.9674 	EXP 	instructions: autoDraw = True
6.3508 	EXP 	New trial (rep=0, index=2): OrderedDict([('INS', 'Slide3.png')])
6.3690 	DATA 	Keypress: space
6.3844 	EXP 	instructions: autoDraw = False
6.3844 	EXP 	instructions: image = 'Slide3.png'
6.3844 	EXP 	instructions: autoDraw = True
7.2847 	EXP 	New trial (rep=0, index=3): OrderedDict([('INS', 'Slide4.png')])
7.3035 	DATA 	Keypress: space
7.3184 	EXP 	instructions: autoDraw = False
7.3184 	EXP 	instructions: image = 'Slide4.png'
7.3184 	EXP 	instructions: autoDraw = True
7.9516 	EXP 	New trial (rep=0, index=4): OrderedDict([('INS', 'Slide5.png')])
7.9704 	DATA 	Keypress: space
7.9850 	EXP 	instructions: autoDraw = False
7.9850 	EXP 	instructions: image = 'Slide5.png'
7.9850 	EXP 	instructions: autoDraw = True
8.5019 	EXP 	New trial (rep=0, index=5): OrderedDict([('INS', 'Slide6.png')])
8.5189 	DATA 	Keypress: space
8.5354 	EXP 	instructions: autoDraw = False
8.5354 	EXP 	instructions: image = 'Slide6.png'
8.5354 	EXP 	instructions: autoDraw = True
9.5716 	EXP 	Imported conditions.xlsx as conditions, 9 conditions, 2 params
9.5718 	EXP 	Created sequence: random, trialTypes=9, nReps=1, seed=None
9.5720 	EXP 	New trial (rep=0, index=0): OrderedDict([('Category', 'Things in a bedroom'), ('Type', 'Spatial')])
9.5763 	DATA 	Keypress: g
9.5850 	EXP 	instructions: autoDraw = False
9.5850 	EXP 	letter_text: text = 'Things in a bedroom'
9.5850 	EXP 	list_text1: text = ''
9.5850 	EXP 	list_text1: pos = [-0.6, 0.15]
9.5850 	EXP 	list_text2: text = ''
9.5850 	EXP 	list_text2: pos = [-0.3, 0.15]
9.5850 	EXP 	list_text3: text = ''
9.5850 	EXP 	list_text3: pos = [0, 0.15]
9.5850 	EXP 	list_text4: text = ''
9.5850 	EXP 	list_text4: pos = [0.3, 0.15]
9.5850 	EXP 	list_text5: text = ''
9.5850 	EXP 	list_text5: pos = [0.6, 0.15]
9.5850 	EXP 	letter_text: font = 'Arial'
9.5850 	EXP 	letter_text: bold = True
9.5850 	EXP 	fixation: autoDraw = True
10.5849 	EXP 	fixation: autoDraw = False
10.5849 	EXP 	timer: autoDraw = True
10.5849 	EXP 	instruct_text: autoDraw = True
10.5849 	EXP 	letter_text: autoDraw = True
10.5849 	EXP 	screen_text: autoDraw = True
10.5849 	EXP 	list_text1: autoDraw = True
10.5849 	EXP 	list_text2: autoDraw = True
10.5849 	EXP 	list_text3: autoDraw = True
10.5849 	EXP 	list_text4: autoDraw = True
10.5849 	EXP 	list_text5: autoDraw = True
10.5849 	EXP 	letter_text: text = 'Things in a bedroom'
11.9032 	DATA 	Keypress: b
11.9184 	EXP 	screen_text: text = 'b'
11.9530 	DATA 	Keypress: e
11.9693 	EXP 	screen_text: text = 'be'
12.0202 	DATA 	Keypress: d
12.0353 	EXP 	screen_text: text = 'bed'
12.1529 	DATA 	Keypress: return
12.1691 	EXP 	screen_text: text = 'bed'
12.1691 	EXP 	screen_text: text = ''
12.1691 	EXP 	list_text1: pos = array([-0.6   ,  0.1216])
12.1691 	EXP 	list_text1: text = '\nbed'
13.9883 	DATA 	Keypress: l
14.0030 	EXP 	screen_text: text = 'l'
14.0550 	DATA 	Keypress: a
14.0696 	EXP 	screen_text: text = 'la'
14.1726 	DATA 	Keypress: m
14.2029 	EXP 	screen_text: text = 'lam'
14.3213 	DATA 	Keypress: p
14.3368 	EXP 	screen_text: text = 'lamp'
14.5874 	DATA 	Keypress: return
14.6031 	EXP 	screen_text: text = 'lamp'
14.6031 	EXP 	screen_text: text = ''
14.6031 	EXP 	list_text1: pos = array([-0.6   ,  0.0932])
14.6031 	EXP 	list_text1: text = '\nbed\nlamp'
16.4899 	DATA 	Keypress: b
16.5201 	EXP 	screen_text: text = 'b'
16.5883 	DATA 	Keypress: e
16.6041 	EXP 	screen_text: text = 'be'
16.6568 	DATA 	Keypress: d
16.6870 	EXP 	screen_text: text = 'bed'
16.8385 	DATA 	Keypress: r
16.8533 	EXP 	screen_text: text = 'bedr'
17.0216 	DATA 	Keypress: o
17.0371 	EXP 	screen_text: text = 'bedro'
17.5388 	DATA 	Keypress: o
17.5591 	EXP 	screen_text: text = 'bedroo'
17.6568 	DATA 	Keypress: m
17.6719 	EXP 	screen_text: text = 'bedroom'
17.8770 	DATA 	Keypress: return
17.8885 	EXP 	screen_text: text = 'bedroom'
17.8885 	EXP 	screen_text: text = ''
17.8885 	EXP 	list_text1: pos = array([-0.6   ,  0.0648])
17.8885 	EXP 	list_text1: text = '\nbed\nlamp\nbedroom'
18.0432 	DATA 	Keypress: f
18.0554 	EXP 	screen_text: text = 'f'
18.1558 	DATA 	Keypress: u
18.1759 	EXP 	screen_text: text = 'fu'
18.2398 	DATA 	Keypress: r
18.2554 	EXP 	screen_text: text = 'fur'
18.3439 	DATA 	Keypress: n
18.3554 	EXP 	screen_text: text = 'furn'
18.4567 	DATA 	Keypress: i
18.4721 	EXP 	screen_text: text = 'furni'
18.5438 	DATA 	Keypress: t
18.5548 	EXP 	screen_text: text = 'furnit'
18.6901 	DATA 	Keypress: u
18.7056 	EXP 	screen_text: text = 'furnitu'
18.8275 	DATA 	Keypress: r
18.8389 	EXP 	screen_text: text = 'furnitur'
18.8733 	DATA 	Keypress: e
18.8925 	EXP 	screen_text: text = 'furniture'
19.1276 	DATA 	Keypress: return
19.1390 	EXP 	screen_text: text = 'furniture'
19.1390 	EXP 	screen_text: text = ''
19.1390 	EXP 	list_text1: pos = array([-0.6   ,  0.0364])
19.1390 	EXP 	list_text1: text = '\nbed\nlamp\nbedroom\nfurniture'
20.8401 	EXP 	window1: mouseVisible = True
