0.7831 	WARNING 	We strongly recommend you activate the PTB sound engine in PsychoPy prefs as the preferred audio engine. Its timing is vastly superior. Your prefs are currently set to use ['sounddevice', 'pyo', 'pygame'] (in that order).
5.4516 	EXP 	Created window1 = Window(allowGUI=False, allowStencil=False, args=UNKNOWN, autoLog=True, bitsMode=UNKNOWN, blendMode='avg', bpc=(8, 8, 8), color=array([0., 0., 0.]), colorSpace='rgb', depthBits=8, fullscr=<method-wrapper '__getattribute__' of attributeSetter object at 0x1288a2fd0>, gamma=None, gammaErrorPolicy='raise', kwargs=UNKNOWN, lms=UNKNOWN, monitor=<psychopy.monitors.calibTools.Monitor object at 0x113237748>, multiSample=False, name='window1', numSamples=2, pos=[640.0, 360.0], screen=0, size=array([5120, 2880]), stencilBits=0, stereo=False, units='height', useFBO=True, useRetina=True, viewOri=0.0, viewPos=None, viewScale=None, waitBlanking=True, winType='pyglet')
5.4516 	EXP 	window1: recordFrameIntervals = False
5.6180 	EXP 	window1: recordFrameIntervals = True
5.8008 	EXP 	window1: recordFrameIntervals = False
5.8297 	EXP 	Created instructions = ImageStim(__class__=<class 'psychopy.visual.image.ImageStim'>, autoLog=True, color=array([1., 1., 1.]), colorSpace='rgb', contrast=1.0, depth=0.0, flipHoriz=False, flipVert=False, image='sin', interpolate=True, mask=None, maskParams=None, name='instructions', opacity=1.0, ori=0.0, pos=array([0., 0.]), size=array([1280.,  720.]), texRes=512, units='pix', win=Window(...))
5.8909 	EXP 	Created fixation = TextStim(__class__=<class 'psychopy.visual.text.TextStim'>, alignHoriz=method-wrapper(...), alignText='center', alignVert=method-wrapper(...), anchorHoriz='center', anchorVert='center', antialias=True, autoLog=True, bold=False, color='white', colorSpace='named', contrast=1.0, depth=0.0, flipHoriz=False, flipVert=False, font='Arial', fontFiles=[], height=0.1, italic=False, languageStyle='LTR', name='fixation', opacity=1.0, ori=0, pos=array([0., 0.]), rgb=array([255., 255., 255.]), text='+', units='height', win=Window(...), wrapWidth=1)
5.8981 	EXP 	Created timer = TextStim(__class__=<class 'psychopy.visual.text.TextStim'>, alignHoriz=method-wrapper(...), alignText='center', alignVert=method-wrapper(...), anchorHoriz='center', anchorVert='center', antialias=True, autoLog=True, bold=False, color='white', colorSpace='named', contrast=1.0, depth=-1.0, flipHoriz=False, flipVert=False, font='Arial', fontFiles=[], height=0.05, italic=False, languageStyle='LTR', name='timer', opacity=1.0, ori=0, pos=array([-0.7,  0.4]), rgb=array([255., 255., 255.]), text='default text', units='height', win=Window(...), wrapWidth=1)
5.9116 	EXP 	Created instruct_text = TextStim(__class__=<class 'psychopy.visual.text.TextStim'>, alignHoriz=method-wrapper(...), alignText='center', alignVert=method-wrapper(...), anchorHoriz='center', anchorVert='center', antialias=True, autoLog=True, bold=False, color='white', colorSpace='named', contrast=1.0, depth=-2.0, flipHoriz=False, flipVert=False, font='Arial', fontFiles=[], height=0.05, italic=False, languageStyle='LTR', name='instruct_text', opacity=1.0, ori=0, pos=array([0. , 0.4]), rgb=array([255., 255., 255.]), text=str(...), units='height', win=Window(...), wrapWidth=1)
5.9132 	EXP 	Created letter_text = TextStim(__class__=<class 'psychopy.visual.text.TextStim'>, alignHoriz=method-wrapper(...), alignText='center', alignVert=method-wrapper(...), anchorHoriz='center', anchorVert='center', antialias=True, autoLog=True, bold=False, color='white', colorSpace='named', contrast=1.0, depth=-3.0, flipHoriz=False, flipVert=False, font='Arial', fontFiles=[], height=0.05, italic=False, languageStyle='LTR', name='letter_text', opacity=1.0, ori=0, pos=array([0.  , 0.28]), rgb=array([255., 255., 255.]), text='default text', units='height', win=Window(...), wrapWidth=1)
5.9136 	EXP 	Created screen_text = TextStim(__class__=<class 'psychopy.visual.text.TextStim'>, alignHoriz=method-wrapper(...), alignText='center', alignVert=method-wrapper(...), anchorHoriz='center', anchorVert='center', antialias=True, autoLog=True, bold=False, color='white', colorSpace='named', contrast=1.0, depth=-4.0, flipHoriz=False, flipVert=False, font='Arial', fontFiles=[], height=0.05, italic=False, languageStyle='LTR', name='screen_text', opacity=1.0, ori=0, pos=array([0. , 0.2]), rgb=array([255., 255., 255.]), text='', units='height', win=Window(...), wrapWidth=1)
5.9140 	EXP 	Created list_text1 = TextStim(__class__=<class 'psychopy.visual.text.TextStim'>, alignHoriz=method-wrapper(...), alignText='center', alignVert=method-wrapper(...), anchorHoriz='center', anchorVert='center', antialias=True, autoLog=True, bold=False, color='white', colorSpace='named', contrast=1.0, depth=-5.0, flipHoriz=False, flipVert=False, font='Arial', fontFiles=[], height=0.05, italic=False, languageStyle='LTR', name='list_text1', opacity=1.0, ori=0, pos=array([0., 0.]), rgb=array([255., 255., 255.]), text='', units='height', win=Window(...), wrapWidth=1)
5.9155 	EXP 	Created list_text2 = TextStim(__class__=<class 'psychopy.visual.text.TextStim'>, alignHoriz=method-wrapper(...), alignText='center', alignVert=method-wrapper(...), anchorHoriz='center', anchorVert='center', antialias=True, autoLog=True, bold=False, color='white', colorSpace='named', contrast=1.0, depth=-6.0, flipHoriz=False, flipVert=False, font='Arial', fontFiles=[], height=0.05, italic=False, languageStyle='LTR', name='list_text2', opacity=1.0, ori=0, pos=array([0., 0.]), rgb=array([255., 255., 255.]), text='', units='height', win=Window(...), wrapWidth=1)
5.9159 	EXP 	Created list_text3 = TextStim(__class__=<class 'psychopy.visual.text.TextStim'>, alignHoriz=method-wrapper(...), alignText='center', alignVert=method-wrapper(...), anchorHoriz='center', anchorVert='center', antialias=True, autoLog=True, bold=False, color='white', colorSpace='named', contrast=1.0, depth=-7.0, flipHoriz=False, flipVert=False, font='Arial', fontFiles=[], height=0.05, italic=False, languageStyle='LTR', name='list_text3', opacity=1.0, ori=0, pos=array([0., 0.]), rgb=array([255., 255., 255.]), text='', units='height', win=Window(...), wrapWidth=1)
5.9162 	EXP 	Created list_text4 = TextStim(__class__=<class 'psychopy.visual.text.TextStim'>, alignHoriz=method-wrapper(...), alignText='center', alignVert=method-wrapper(...), anchorHoriz='center', anchorVert='center', antialias=True, autoLog=True, bold=False, color='white', colorSpace='named', contrast=1.0, depth=-8.0, flipHoriz=False, flipVert=False, font='Arial', fontFiles=[], height=0.05, italic=False, languageStyle='LTR', name='list_text4', opacity=1.0, ori=0, pos=array([0., 0.]), rgb=array([255., 255., 255.]), text='', units='height', win=Window(...), wrapWidth=1)
5.9166 	EXP 	Created list_text5 = TextStim(__class__=<class 'psychopy.visual.text.TextStim'>, alignHoriz=method-wrapper(...), alignText='center', alignVert=method-wrapper(...), anchorHoriz='center', anchorVert='center', antialias=True, autoLog=True, bold=False, color='white', colorSpace='named', contrast=1.0, depth=-9.0, flipHoriz=False, flipVert=False, font='Arial', fontFiles=[], height=0.05, italic=False, languageStyle='LTR', name='list_text5', opacity=1.0, ori=0, pos=array([0., 0.]), rgb=array([255., 255., 255.]), text='', units='height', win=Window(...), wrapWidth=1)
5.9176 	EXP 	Created fixation_1 = TextStim(__class__=<class 'psychopy.visual.text.TextStim'>, alignHoriz=method-wrapper(...), alignText='center', alignVert=method-wrapper(...), anchorHoriz='center', anchorVert='center', antialias=True, autoLog=True, bold=False, color='white', colorSpace='named', contrast=1.0, depth=0.0, flipHoriz=False, flipVert=False, font='Arial', fontFiles=[], height=0.1, italic=False, languageStyle='LTR', name='fixation_1', opacity=1.0, ori=0, pos=array([0., 0.]), rgb=array([255., 255., 255.]), text='+', units='height', win=Window(...), wrapWidth=1)
5.9227 	EXP 	Created difficulty_question = TextStim(__class__=<class 'psychopy.visual.text.TextStim'>, alignHoriz=method-wrapper(...), alignText='center', alignVert=method-wrapper(...), anchorHoriz='center', anchorVert='center', antialias=True, autoLog=True, bold=False, color='white', colorSpace='named', contrast=1.0, depth=-1.0, flipHoriz=False, flipVert=False, font='Arial', fontFiles=[], height=0.05, italic=False, languageStyle='LTR', name='difficulty_question', opacity=1.0, ori=0, pos=array([0. , 0.2]), rgb=array([255., 255., 255.]), text=str(...), units='height', win=Window(...), wrapWidth=1)
5.9297 	EXP 	Created options = TextStim(__class__=<class 'psychopy.visual.text.TextStim'>, alignHoriz=method-wrapper(...), alignText='center', alignVert=method-wrapper(...), anchorHoriz='center', anchorVert='center', antialias=True, autoLog=True, bold=False, color='white', colorSpace='named', contrast=1.0, depth=-2.0, flipHoriz=False, flipVert=False, font='Arial', fontFiles=[], height=0.05, italic=False, languageStyle='LTR', name='options', opacity=1.0, ori=0, pos=array([0., 0.]), rgb=array([255., 255., 255.]), text=str(...), units='height', win=Window(...), wrapWidth=1)
5.9378 	EXP 	Created anchor_1 = TextStim(__class__=<class 'psychopy.visual.text.TextStim'>, alignHoriz=method-wrapper(...), alignText='center', alignVert=method-wrapper(...), anchorHoriz='center', anchorVert='center', antialias=True, autoLog=True, bold=False, color='white', colorSpace='named', contrast=1.0, depth=-3.0, flipHoriz=False, flipVert=False, font='Arial', fontFiles=[], height=0.04, italic=False, languageStyle='LTR', name='anchor_1', opacity=1.0, ori=0, pos=array([-0.4, -0.2]), rgb=array([255., 255., 255.]), text='Not difficult at all', units='height', win=Window(...), wrapWidth=1)
5.9422 	EXP 	Created anchor_2 = TextStim(__class__=<class 'psychopy.visual.text.TextStim'>, alignHoriz=method-wrapper(...), alignText='center', alignVert=method-wrapper(...), anchorHoriz='center', anchorVert='center', antialias=True, autoLog=True, bold=False, color='white', colorSpace='named', contrast=1.0, depth=-4.0, flipHoriz=False, flipVert=False, font='Arial', fontFiles=[], height=0.04, italic=False, languageStyle='LTR', name='anchor_2', opacity=1.0, ori=0, pos=array([ 0.4, -0.2]), rgb=array([255., 255., 255.]), text='Very Difficult\n', units='height', win=Window(...), wrapWidth=1)
5.9639 	EXP 	Created text_other = TextStim(__class__=<class 'psychopy.visual.text.TextStim'>, alignHoriz=method-wrapper(...), alignText='center', alignVert=method-wrapper(...), anchorHoriz='center', anchorVert='center', antialias=True, autoLog=True, bold=False, color='white', colorSpace='named', contrast=1.0, depth=0.0, flipHoriz=False, flipVert=False, font='Arial', fontFiles=[], height=0.05, italic=False, languageStyle='LTR', name='text_other', opacity=1.0, ori=0, pos=array([0.  , 0.25]), rgb=array([255., 255., 255.]), text=str(...), units='height', win=Window(...), wrapWidth=1)
5.9643 	EXP 	Created text = TextStim(__class__=<class 'psychopy.visual.text.TextStim'>, alignHoriz=method-wrapper(...), alignText='center', alignVert=method-wrapper(...), anchorHoriz='center', anchorVert='center', antialias=True, autoLog=True, bold=False, color='white', colorSpace='named', contrast=1.0, depth=-1.0, flipHoriz=False, flipVert=False, font='Arial', fontFiles=[], height=0.05, italic=False, languageStyle='LTR', name='text', opacity=1.0, ori=0, pos=array([0., 0.]), rgb=array([255., 255., 255.]), text='', units='height', win=Window(...), wrapWidth=1)
5.9686 	EXP 	Created thank_you = TextStim(__class__=<class 'psychopy.visual.text.TextStim'>, alignHoriz=method-wrapper(...), alignText='center', alignVert=method-wrapper(...), anchorHoriz='center', anchorVert='center', antialias=True, autoLog=True, bold=False, color='white', colorSpace='named', contrast=1.0, depth=0.0, flipHoriz=False, flipVert=False, font='Arial', fontFiles=[], height=0.05, italic=False, languageStyle='LTR', name='thank_you', opacity=1.0, ori=0, pos=array([0., 0.]), rgb=array([255., 255., 255.]), text=str(...), units='height', win=Window(...), wrapWidth=1)
5.9741 	EXP 	Imported instructions.xlsx as conditions, 6 conditions, 1 params
5.9743 	EXP 	Created sequence: sequential, trialTypes=6, nReps=1, seed=None
5.9746 	EXP 	New trial (rep=0, index=0): OrderedDict([('INS', 'Slide1.png')])
6.0490 	EXP 	instructions: image = 'Slide1.png'
6.0490 	EXP 	instructions: autoDraw = True
6.4186 	EXP 	New trial (rep=0, index=1): OrderedDict([('INS', 'Slide2.png')])
6.4376 	DATA 	Keypress: space
6.4514 	EXP 	instructions: autoDraw = False
6.4514 	EXP 	instructions: image = 'Slide2.png'
6.4514 	EXP 	instructions: autoDraw = True
6.8347 	EXP 	New trial (rep=0, index=2): OrderedDict([('INS', 'Slide3.png')])
6.8565 	DATA 	Keypress: space
6.8678 	EXP 	instructions: autoDraw = False
6.8678 	EXP 	instructions: image = 'Slide3.png'
6.8678 	EXP 	instructions: autoDraw = True
7.2177 	EXP 	New trial (rep=0, index=3): OrderedDict([('INS', 'Slide4.png')])
7.2367 	DATA 	Keypress: space
7.2505 	EXP 	instructions: autoDraw = False
7.2505 	EXP 	instructions: image = 'Slide4.png'
7.2505 	EXP 	instructions: autoDraw = True
7.6344 	EXP 	New trial (rep=0, index=4): OrderedDict([('INS', 'Slide5.png')])
7.6536 	DATA 	Keypress: space
7.6682 	EXP 	instructions: autoDraw = False
7.6682 	EXP 	instructions: image = 'Slide5.png'
7.6682 	EXP 	instructions: autoDraw = True
8.1020 	EXP 	New trial (rep=0, index=5): OrderedDict([('INS', 'Slide6.png')])
8.1189 	DATA 	Keypress: space
8.1351 	EXP 	instructions: autoDraw = False
8.1351 	EXP 	instructions: image = 'Slide6.png'
8.1351 	EXP 	instructions: autoDraw = True
9.4881 	EXP 	Imported conditions.xlsx as conditions, 9 conditions, 2 params
9.4883 	EXP 	Created sequence: random, trialTypes=9, nReps=1, seed=None
9.4887 	EXP 	New trial (rep=0, index=0): OrderedDict([('Category', 'Things in a kitchen'), ('Type', 'Spatial')])
9.4947 	DATA 	Keypress: g
9.5186 	EXP 	instructions: autoDraw = False
9.5186 	EXP 	letter_text: text = 'Things in a kitchen'
9.5186 	EXP 	list_text1: text = ''
9.5186 	EXP 	list_text1: pos = [-0.6, 0.15]
9.5186 	EXP 	list_text2: text = ''
9.5186 	EXP 	list_text2: pos = [-0.3, 0.15]
9.5186 	EXP 	list_text3: text = ''
9.5186 	EXP 	list_text3: pos = [0, 0.15]
9.5186 	EXP 	list_text4: text = ''
9.5186 	EXP 	list_text4: pos = [0.3, 0.15]
9.5186 	EXP 	list_text5: text = ''
9.5186 	EXP 	list_text5: pos = [0.6, 0.15]
9.5186 	EXP 	letter_text: font = 'Arial'
9.5186 	EXP 	letter_text: bold = True
9.5186 	EXP 	fixation: autoDraw = True
10.5028 	EXP 	timer: autoDraw = True
10.5028 	EXP 	instruct_text: autoDraw = True
10.5028 	EXP 	letter_text: autoDraw = True
10.5028 	EXP 	screen_text: autoDraw = True
10.5028 	EXP 	list_text1: autoDraw = True
10.5028 	EXP 	list_text2: autoDraw = True
10.5028 	EXP 	list_text3: autoDraw = True
10.5028 	EXP 	list_text4: autoDraw = True
10.5028 	EXP 	list_text5: autoDraw = True
10.5028 	EXP 	letter_text: text = 'Things in a kitchen'
10.5189 	EXP 	fixation: autoDraw = False
10.9542 	DATA 	Keypress: s
10.9692 	EXP 	screen_text: text = 's'
11.0032 	DATA 	Keypress: j
11.0189 	EXP 	screen_text: text = 'sj'
11.1372 	DATA 	Keypress: d
11.1528 	EXP 	screen_text: text = 'sjd'
11.7375 	DATA 	Keypress: backspace
11.7532 	EXP 	screen_text: text = 'sj'
12.4703 	DATA 	Keypress: backspace
12.4856 	EXP 	screen_text: text = 's'
13.8224 	DATA 	Keypress: backspace
13.8529 	EXP 	screen_text: text = ''
14.0705 	DATA 	Keypress: f
14.0856 	EXP 	screen_text: text = 'f'
14.1703 	DATA 	Keypress: o
14.1863 	EXP 	screen_text: text = 'fo'
14.4203 	DATA 	Keypress: k
14.4364 	EXP 	screen_text: text = 'fok'
14.4542 	DATA 	Keypress: r
14.4696 	EXP 	screen_text: text = 'fokr'
14.7215 	DATA 	Keypress: backspace
14.7377 	EXP 	screen_text: text = 'fok'
14.8884 	DATA 	Keypress: backspace
14.9035 	EXP 	screen_text: text = 'fo'
14.9717 	DATA 	Keypress: r
14.9871 	EXP 	screen_text: text = 'for'
15.0716 	DATA 	Keypress: k
15.0868 	EXP 	screen_text: text = 'fork'
15.2395 	DATA 	Keypress: return
15.2700 	EXP 	screen_text: text = 'fork'
15.2700 	EXP 	screen_text: text = ''
15.2700 	EXP 	list_text1: pos = array([-0.6   ,  0.1216])
15.2700 	EXP 	list_text1: text = '\nfork'
18.8226 	DATA 	Keypress: k
18.8377 	EXP 	screen_text: text = 'k'
18.9724 	DATA 	Keypress: n
18.9874 	EXP 	screen_text: text = 'kn'
19.0556 	DATA 	Keypress: i
19.0708 	EXP 	screen_text: text = 'kni'
19.1225 	DATA 	Keypress: f
19.1379 	EXP 	screen_text: text = 'knif'
19.1890 	DATA 	Keypress: e
19.2045 	EXP 	screen_text: text = 'knife'
19.2907 	DATA 	Keypress: return
19.3212 	EXP 	screen_text: text = 'knife'
19.3212 	EXP 	screen_text: text = ''
19.3212 	EXP 	list_text1: pos = array([-0.6   ,  0.0932])
19.3212 	EXP 	list_text1: text = '\nfork\nknife'
20.5050 	EXP 	fixation: autoDraw = False
20.5050 	EXP 	timer: autoDraw = False
20.5050 	EXP 	instruct_text: autoDraw = False
20.5050 	EXP 	letter_text: autoDraw = False
20.5050 	EXP 	screen_text: autoDraw = False
20.5050 	EXP 	list_text1: autoDraw = False
20.5050 	EXP 	list_text2: autoDraw = False
20.5050 	EXP 	list_text3: autoDraw = False
20.5050 	EXP 	list_text4: autoDraw = False
20.5050 	EXP 	list_text5: autoDraw = False
20.5050 	EXP 	fixation_1: autoDraw = True
21.4894 	EXP 	difficulty_question: autoDraw = True
21.4894 	EXP 	options: autoDraw = True
21.4894 	EXP 	anchor_1: autoDraw = True
21.4894 	EXP 	anchor_2: autoDraw = True
21.5063 	EXP 	fixation_1: autoDraw = False
22.3914 	DATA 	Keypress: 3
22.4052 	EXP 	fixation_1: autoDraw = False
22.4052 	EXP 	difficulty_question: autoDraw = False
22.4052 	EXP 	options: autoDraw = False
22.4052 	EXP 	anchor_1: autoDraw = False
22.4052 	EXP 	anchor_2: autoDraw = False
22.4052 	EXP 	text: text = ''
22.4052 	EXP 	text_other: autoDraw = True
22.4052 	EXP 	text: autoDraw = True
23.6563 	DATA 	Keypress: lshift
23.7403 	DATA 	Keypress: p
23.7558 	EXP 	text: text = 'P'
23.8741 	DATA 	Keypress: o
23.8893 	EXP 	text: text = 'Po'
23.9573 	DATA 	Keypress: p
23.9726 	EXP 	text: text = 'Pop'
24.1404 	DATA 	Keypress: p
24.1560 	EXP 	text: text = 'Popp'
24.2406 	DATA 	Keypress: e
24.2559 	EXP 	text: text = 'Poppe'
24.3072 	DATA 	Keypress: d
24.3227 	EXP 	text: text = 'Popped'
24.4410 	DATA 	Keypress: space
24.4561 	EXP 	text: text = 'Popped '
24.4905 	DATA 	Keypress: i
24.5060 	EXP 	text: text = 'Popped i'
24.6073 	DATA 	Keypress: n
24.6225 	EXP 	text: text = 'Popped in'
24.7087 	DATA 	Keypress: t
24.7233 	EXP 	text: text = 'Popped int'
24.7912 	DATA 	Keypress: o
24.8066 	EXP 	text: text = 'Popped into'
24.8254 	DATA 	Keypress: space
24.8574 	EXP 	text: text = 'Popped into '
24.9595 	DATA 	Keypress: m
24.9907 	EXP 	text: text = 'Popped into m'
25.1415 	DATA 	Keypress: y
25.1576 	EXP 	text: text = 'Popped into my'
25.1745 	DATA 	Keypress: space
25.1912 	EXP 	text: text = 'Popped into my '
25.3089 	DATA 	Keypress: h
25.3243 	EXP 	text: text = 'Popped into my h'
25.3425 	DATA 	Keypress: e
25.3734 	EXP 	text: text = 'Popped into my he'
25.4253 	DATA 	Keypress: a
25.4408 	EXP 	text: text = 'Popped into my hea'
25.5257 	DATA 	Keypress: d
25.5409 	EXP 	text: text = 'Popped into my head'
25.5911 	DATA 	Keypress: return
25.5919 	EXP 	New trial (rep=0, index=1): OrderedDict([('Category', 'Sports'), ('Type', 'Semantic')])
25.6075 	EXP 	text_other: autoDraw = False
25.6075 	EXP 	text: autoDraw = False
25.6075 	EXP 	letter_text: text = 'Sports'
25.6075 	EXP 	list_text1: text = ''
25.6075 	EXP 	list_text1: pos = [-0.6, 0.15]
25.6075 	EXP 	list_text2: text = ''
25.6075 	EXP 	list_text2: pos = [-0.3, 0.15]
25.6075 	EXP 	list_text3: text = ''
25.6075 	EXP 	list_text3: pos = [0, 0.15]
25.6075 	EXP 	list_text4: text = ''
25.6075 	EXP 	list_text4: pos = [0.3, 0.15]
25.6075 	EXP 	list_text5: text = ''
25.6075 	EXP 	list_text5: pos = [0.6, 0.15]
25.6075 	EXP 	letter_text: font = 'Arial'
25.6075 	EXP 	letter_text: bold = True
25.6075 	EXP 	fixation: autoDraw = True
26.5911 	EXP 	timer: autoDraw = True
26.5911 	EXP 	instruct_text: autoDraw = True
26.5911 	EXP 	letter_text: autoDraw = True
26.5911 	EXP 	screen_text: autoDraw = True
26.5911 	EXP 	list_text1: autoDraw = True
26.5911 	EXP 	list_text2: autoDraw = True
26.5911 	EXP 	list_text3: autoDraw = True
26.5911 	EXP 	list_text4: autoDraw = True
26.5911 	EXP 	list_text5: autoDraw = True
26.5911 	EXP 	letter_text: text = 'Sports'
26.6071 	EXP 	fixation: autoDraw = False
27.6584 	DATA 	Keypress: t
27.6738 	EXP 	screen_text: text = 't'
27.7251 	DATA 	Keypress: e
27.7415 	EXP 	screen_text: text = 'te'
27.7922 	DATA 	Keypress: n
27.8070 	EXP 	screen_text: text = 'ten'
27.9593 	DATA 	Keypress: n
27.9736 	EXP 	screen_text: text = 'tenn'
28.0418 	DATA 	Keypress: i
28.0569 	EXP 	screen_text: text = 'tenni'
28.0762 	DATA 	Keypress: s
28.1072 	EXP 	screen_text: text = 'tennis'
28.2425 	DATA 	Keypress: return
28.2574 	EXP 	screen_text: text = 'tennis'
28.2574 	EXP 	screen_text: text = ''
28.2574 	EXP 	list_text1: pos = array([-0.6   ,  0.1216])
28.2574 	EXP 	list_text1: text = '\ntennis'
29.0253 	DATA 	Keypress: a
29.0408 	EXP 	screen_text: text = 'a'
29.0773 	DATA 	Keypress: s
29.1073 	EXP 	screen_text: text = 'as'
29.1590 	DATA 	Keypress: k
29.1738 	EXP 	screen_text: text = 'ask'
29.2586 	DATA 	Keypress: e
29.2739 	EXP 	screen_text: text = 'aske'
29.3417 	DATA 	Keypress: t
29.3576 	EXP 	screen_text: text = 'asket'
29.6587 	DATA 	Keypress: backspace
29.6741 	EXP 	screen_text: text = 'aske'
29.8103 	DATA 	Keypress: backspace
29.8255 	EXP 	screen_text: text = 'ask'
29.9768 	DATA 	Keypress: backspace
29.9923 	EXP 	screen_text: text = 'as'
30.1434 	DATA 	Keypress: backspace
30.1591 	EXP 	screen_text: text = 'a'
30.4603 	DATA 	Keypress: backspace
30.4759 	EXP 	screen_text: text = ''
30.8105 	DATA 	Keypress: b
30.8259 	EXP 	screen_text: text = 'b'
30.8773 	DATA 	Keypress: a
30.8926 	EXP 	screen_text: text = 'ba'
30.9455 	DATA 	Keypress: k
30.9755 	EXP 	screen_text: text = 'bak'
31.0941 	DATA 	Keypress: s
31.1093 	EXP 	screen_text: text = 'baks'
31.3103 	DATA 	Keypress: backspace
31.3261 	EXP 	screen_text: text = 'bak'
31.5260 	DATA 	Keypress: backspace
31.5428 	EXP 	screen_text: text = 'ba'
31.6261 	DATA 	Keypress: s
31.6419 	EXP 	screen_text: text = 'bas'
31.7430 	DATA 	Keypress: k
31.7585 	EXP 	screen_text: text = 'bask'
31.8426 	DATA 	Keypress: e
31.8583 	EXP 	screen_text: text = 'baske'
31.9096 	DATA 	Keypress: t
31.9251 	EXP 	screen_text: text = 'basket'
32.5761 	DATA 	Keypress: b
32.5916 	EXP 	screen_text: text = 'basketb'
32.6442 	DATA 	Keypress: a
32.6585 	EXP 	screen_text: text = 'basketba'
32.7606 	DATA 	Keypress: l
32.7753 	EXP 	screen_text: text = 'basketbal'
32.8934 	DATA 	Keypress: l
32.9087 	EXP 	screen_text: text = 'basketball'
33.0943 	DATA 	Keypress: return
33.1092 	EXP 	screen_text: text = 'basketball'
33.1092 	EXP 	screen_text: text = ''
33.1092 	EXP 	list_text1: pos = array([-0.6   ,  0.0932])
33.1092 	EXP 	list_text1: text = '\ntennis\nbasketball'
33.8104 	DATA 	Keypress: escape
34.0758 	EXP 	window1: mouseVisible = True
