0.8131 	WARNING 	We strongly recommend you activate the PTB sound engine in PsychoPy prefs as the preferred audio engine. Its timing is vastly superior. Your prefs are currently set to use ['sounddevice', 'pyo', 'pygame'] (in that order).
4.8009 	EXP 	Created window1 = Window(allowGUI=False, allowStencil=False, args=UNKNOWN, autoLog=True, bitsMode=UNKNOWN, blendMode='avg', bpc=(8, 8, 8), color=array([0., 0., 0.]), colorSpace='rgb', depthBits=8, fullscr=<method-wrapper '__getattribute__' of attributeSetter object at 0x128c80358>, gamma=None, gammaErrorPolicy='raise', kwargs=UNKNOWN, lms=UNKNOWN, monitor=<psychopy.monitors.calibTools.Monitor object at 0x1095b8f28>, multiSample=False, name='window1', numSamples=2, pos=[640.0, 360.0], screen=0, size=array([5120, 2880]), stencilBits=0, stereo=False, units='height', useFBO=True, useRetina=True, viewOri=0.0, viewPos=None, viewScale=None, waitBlanking=True, winType='pyglet')
4.8009 	EXP 	window1: recordFrameIntervals = False
4.9667 	EXP 	window1: recordFrameIntervals = True
5.1500 	EXP 	window1: recordFrameIntervals = False
5.1727 	EXP 	Created instructions = ImageStim(__class__=<class 'psychopy.visual.image.ImageStim'>, autoLog=True, color=array([1., 1., 1.]), colorSpace='rgb', contrast=1.0, depth=0.0, flipHoriz=False, flipVert=False, image='sin', interpolate=True, mask=None, maskParams=None, name='instructions', opacity=1.0, ori=0.0, pos=array([0., 0.]), size=array([1280.,  720.]), texRes=512, units='pix', win=Window(...))
5.2303 	EXP 	Created fixation = TextStim(__class__=<class 'psychopy.visual.text.TextStim'>, alignHoriz=method-wrapper(...), alignText='center', alignVert=method-wrapper(...), anchorHoriz='center', anchorVert='center', antialias=True, autoLog=True, bold=False, color='white', colorSpace='named', contrast=1.0, depth=0.0, flipHoriz=False, flipVert=False, font='Arial', fontFiles=[], height=0.1, italic=False, languageStyle='LTR', name='fixation', opacity=1.0, ori=0, pos=array([0., 0.]), rgb=array([255., 255., 255.]), text='+', units='height', win=Window(...), wrapWidth=1)
5.2372 	EXP 	Created timer = TextStim(__class__=<class 'psychopy.visual.text.TextStim'>, alignHoriz=method-wrapper(...), alignText='center', alignVert=method-wrapper(...), anchorHoriz='center', anchorVert='center', antialias=True, autoLog=True, bold=False, color='white', colorSpace='named', contrast=1.0, depth=-1.0, flipHoriz=False, flipVert=False, font='Arial', fontFiles=[], height=0.05, italic=False, languageStyle='LTR', name='timer', opacity=1.0, ori=0, pos=array([-0.7,  0.4]), rgb=array([255., 255., 255.]), text='default text', units='height', win=Window(...), wrapWidth=1)
5.2513 	EXP 	Created instruct_text = TextStim(__class__=<class 'psychopy.visual.text.TextStim'>, alignHoriz=method-wrapper(...), alignText='center', alignVert=method-wrapper(...), anchorHoriz='center', anchorVert='center', antialias=True, autoLog=True, bold=False, color='white', colorSpace='named', contrast=1.0, depth=-2.0, flipHoriz=False, flipVert=False, font='Arial', fontFiles=[], height=0.05, italic=False, languageStyle='LTR', name='instruct_text', opacity=1.0, ori=0, pos=array([0. , 0.4]), rgb=array([255., 255., 255.]), text=str(...), units='height', win=Window(...), wrapWidth=1)
5.2531 	EXP 	Created letter_text = TextStim(__class__=<class 'psychopy.visual.text.TextStim'>, alignHoriz=method-wrapper(...), alignText='center', alignVert=method-wrapper(...), anchorHoriz='center', anchorVert='center', antialias=True, autoLog=True, bold=False, color='white', colorSpace='named', contrast=1.0, depth=-3.0, flipHoriz=False, flipVert=False, font='Arial', fontFiles=[], height=0.05, italic=False, languageStyle='LTR', name='letter_text', opacity=1.0, ori=0, pos=array([0.  , 0.28]), rgb=array([255., 255., 255.]), text='default text', units='height', win=Window(...), wrapWidth=1)
5.2535 	EXP 	Created screen_text = TextStim(__class__=<class 'psychopy.visual.text.TextStim'>, alignHoriz=method-wrapper(...), alignText='center', alignVert=method-wrapper(...), anchorHoriz='center', anchorVert='center', antialias=True, autoLog=True, bold=False, color='white', colorSpace='named', contrast=1.0, depth=-4.0, flipHoriz=False, flipVert=False, font='Arial', fontFiles=[], height=0.05, italic=False, languageStyle='LTR', name='screen_text', opacity=1.0, ori=0, pos=array([0. , 0.2]), rgb=array([255., 255., 255.]), text='', units='height', win=Window(...), wrapWidth=1)
5.2539 	EXP 	Created list_text1 = TextStim(__class__=<class 'psychopy.visual.text.TextStim'>, alignHoriz=method-wrapper(...), alignText='center', alignVert=method-wrapper(...), anchorHoriz='center', anchorVert='center', antialias=True, autoLog=True, bold=False, color='white', colorSpace='named', contrast=1.0, depth=-5.0, flipHoriz=False, flipVert=False, font='Arial', fontFiles=[], height=0.05, italic=False, languageStyle='LTR', name='list_text1', opacity=1.0, ori=0, pos=array([0., 0.]), rgb=array([255., 255., 255.]), text='', units='height', win=Window(...), wrapWidth=1)
5.2553 	EXP 	Created list_text2 = TextStim(__class__=<class 'psychopy.visual.text.TextStim'>, alignHoriz=method-wrapper(...), alignText='center', alignVert=method-wrapper(...), anchorHoriz='center', anchorVert='center', antialias=True, autoLog=True, bold=False, color='white', colorSpace='named', contrast=1.0, depth=-6.0, flipHoriz=False, flipVert=False, font='Arial', fontFiles=[], height=0.05, italic=False, languageStyle='LTR', name='list_text2', opacity=1.0, ori=0, pos=array([0., 0.]), rgb=array([255., 255., 255.]), text='', units='height', win=Window(...), wrapWidth=1)
5.2557 	EXP 	Created list_text3 = TextStim(__class__=<class 'psychopy.visual.text.TextStim'>, alignHoriz=method-wrapper(...), alignText='center', alignVert=method-wrapper(...), anchorHoriz='center', anchorVert='center', antialias=True, autoLog=True, bold=False, color='white', colorSpace='named', contrast=1.0, depth=-7.0, flipHoriz=False, flipVert=False, font='Arial', fontFiles=[], height=0.05, italic=False, languageStyle='LTR', name='list_text3', opacity=1.0, ori=0, pos=array([0., 0.]), rgb=array([255., 255., 255.]), text='', units='height', win=Window(...), wrapWidth=1)
5.2561 	EXP 	Created list_text4 = TextStim(__class__=<class 'psychopy.visual.text.TextStim'>, alignHoriz=method-wrapper(...), alignText='center', alignVert=method-wrapper(...), anchorHoriz='center', anchorVert='center', antialias=True, autoLog=True, bold=False, color='white', colorSpace='named', contrast=1.0, depth=-8.0, flipHoriz=False, flipVert=False, font='Arial', fontFiles=[], height=0.05, italic=False, languageStyle='LTR', name='list_text4', opacity=1.0, ori=0, pos=array([0., 0.]), rgb=array([255., 255., 255.]), text='', units='height', win=Window(...), wrapWidth=1)
5.2565 	EXP 	Created list_text5 = TextStim(__class__=<class 'psychopy.visual.text.TextStim'>, alignHoriz=method-wrapper(...), alignText='center', alignVert=method-wrapper(...), anchorHoriz='center', anchorVert='center', antialias=True, autoLog=True, bold=False, color='white', colorSpace='named', contrast=1.0, depth=-9.0, flipHoriz=False, flipVert=False, font='Arial', fontFiles=[], height=0.05, italic=False, languageStyle='LTR', name='list_text5', opacity=1.0, ori=0, pos=array([0., 0.]), rgb=array([255., 255., 255.]), text='', units='height', win=Window(...), wrapWidth=1)
5.2576 	EXP 	Created fixation_1 = TextStim(__class__=<class 'psychopy.visual.text.TextStim'>, alignHoriz=method-wrapper(...), alignText='center', alignVert=method-wrapper(...), anchorHoriz='center', anchorVert='center', antialias=True, autoLog=True, bold=False, color='white', colorSpace='named', contrast=1.0, depth=0.0, flipHoriz=False, flipVert=False, font='Arial', fontFiles=[], height=0.1, italic=False, languageStyle='LTR', name='fixation_1', opacity=1.0, ori=0, pos=array([0., 0.]), rgb=array([255., 255., 255.]), text='+', units='height', win=Window(...), wrapWidth=1)
5.2627 	EXP 	Created difficulty_question = TextStim(__class__=<class 'psychopy.visual.text.TextStim'>, alignHoriz=method-wrapper(...), alignText='center', alignVert=method-wrapper(...), anchorHoriz='center', anchorVert='center', antialias=True, autoLog=True, bold=False, color='white', colorSpace='named', contrast=1.0, depth=-1.0, flipHoriz=False, flipVert=False, font='Arial', fontFiles=[], height=0.05, italic=False, languageStyle='LTR', name='difficulty_question', opacity=1.0, ori=0, pos=array([0. , 0.2]), rgb=array([255., 255., 255.]), text=str(...), units='height', win=Window(...), wrapWidth=1)
5.2694 	EXP 	Created options = TextStim(__class__=<class 'psychopy.visual.text.TextStim'>, alignHoriz=method-wrapper(...), alignText='center', alignVert=method-wrapper(...), anchorHoriz='center', anchorVert='center', antialias=True, autoLog=True, bold=False, color='white', colorSpace='named', contrast=1.0, depth=-2.0, flipHoriz=False, flipVert=False, font='Arial', fontFiles=[], height=0.05, italic=False, languageStyle='LTR', name='options', opacity=1.0, ori=0, pos=array([0., 0.]), rgb=array([255., 255., 255.]), text=str(...), units='height', win=Window(...), wrapWidth=1)
5.2768 	EXP 	Created anchor_1 = TextStim(__class__=<class 'psychopy.visual.text.TextStim'>, alignHoriz=method-wrapper(...), alignText='center', alignVert=method-wrapper(...), anchorHoriz='center', anchorVert='center', antialias=True, autoLog=True, bold=False, color='white', colorSpace='named', contrast=1.0, depth=-3.0, flipHoriz=False, flipVert=False, font='Arial', fontFiles=[], height=0.04, italic=False, languageStyle='LTR', name='anchor_1', opacity=1.0, ori=0, pos=array([-0.4, -0.2]), rgb=array([255., 255., 255.]), text='Not difficult at all', units='height', win=Window(...), wrapWidth=1)
5.2811 	EXP 	Created anchor_2 = TextStim(__class__=<class 'psychopy.visual.text.TextStim'>, alignHoriz=method-wrapper(...), alignText='center', alignVert=method-wrapper(...), anchorHoriz='center', anchorVert='center', antialias=True, autoLog=True, bold=False, color='white', colorSpace='named', contrast=1.0, depth=-4.0, flipHoriz=False, flipVert=False, font='Arial', fontFiles=[], height=0.04, italic=False, languageStyle='LTR', name='anchor_2', opacity=1.0, ori=0, pos=array([ 0.4, -0.2]), rgb=array([255., 255., 255.]), text='Very Difficult\n', units='height', win=Window(...), wrapWidth=1)
5.3008 	EXP 	Created text_other = TextStim(__class__=<class 'psychopy.visual.text.TextStim'>, alignHoriz=method-wrapper(...), alignText='center', alignVert=method-wrapper(...), anchorHoriz='center', anchorVert='center', antialias=True, autoLog=True, bold=False, color='white', colorSpace='named', contrast=1.0, depth=0.0, flipHoriz=False, flipVert=False, font='Arial', fontFiles=[], height=0.05, italic=False, languageStyle='LTR', name='text_other', opacity=1.0, ori=0, pos=array([0.  , 0.25]), rgb=array([255., 255., 255.]), text=str(...), units='height', win=Window(...), wrapWidth=1)
5.3013 	EXP 	Created text = TextStim(__class__=<class 'psychopy.visual.text.TextStim'>, alignHoriz=method-wrapper(...), alignText='center', alignVert=method-wrapper(...), anchorHoriz='center', anchorVert='center', antialias=True, autoLog=True, bold=False, color='white', colorSpace='named', contrast=1.0, depth=-1.0, flipHoriz=False, flipVert=False, font='Arial', fontFiles=[], height=0.05, italic=False, languageStyle='LTR', name='text', opacity=1.0, ori=0, pos=array([0., 0.]), rgb=array([255., 255., 255.]), text='', units='height', win=Window(...), wrapWidth=1)
5.3051 	EXP 	Created thank_you = TextStim(__class__=<class 'psychopy.visual.text.TextStim'>, alignHoriz=method-wrapper(...), alignText='center', alignVert=method-wrapper(...), anchorHoriz='center', anchorVert='center', antialias=True, autoLog=True, bold=False, color='white', colorSpace='named', contrast=1.0, depth=0.0, flipHoriz=False, flipVert=False, font='Arial', fontFiles=[], height=0.05, italic=False, languageStyle='LTR', name='thank_you', opacity=1.0, ori=0, pos=array([0., 0.]), rgb=array([255., 255., 255.]), text=str(...), units='height', win=Window(...), wrapWidth=1)
5.3104 	EXP 	Imported instructions.xlsx as conditions, 6 conditions, 1 params
5.3106 	EXP 	Created sequence: sequential, trialTypes=6, nReps=1, seed=None
5.3108 	EXP 	New trial (rep=0, index=0): OrderedDict([('INS', 'Slide1.png')])
5.3821 	EXP 	instructions: image = 'Slide1.png'
5.3821 	EXP 	instructions: autoDraw = True
6.1509 	EXP 	New trial (rep=0, index=1): OrderedDict([('INS', 'Slide2.png')])
6.1727 	DATA 	Keypress: space
6.1848 	EXP 	instructions: autoDraw = False
6.1848 	EXP 	instructions: image = 'Slide2.png'
6.1848 	EXP 	instructions: autoDraw = True
6.2519 	EXP 	New trial (rep=0, index=2): OrderedDict([('INS', 'Slide3.png')])
6.2702 	DATA 	Keypress: space
6.2845 	EXP 	instructions: autoDraw = False
6.2845 	EXP 	instructions: image = 'Slide3.png'
6.2845 	EXP 	instructions: autoDraw = True
6.3846 	EXP 	New trial (rep=0, index=3): OrderedDict([('INS', 'Slide4.png')])
6.4051 	DATA 	Keypress: space
6.4176 	EXP 	instructions: autoDraw = False
6.4176 	EXP 	instructions: image = 'Slide4.png'
6.4176 	EXP 	instructions: autoDraw = True
6.7020 	EXP 	New trial (rep=0, index=4): OrderedDict([('INS', 'Slide5.png')])
6.7225 	DATA 	Keypress: space
6.7339 	EXP 	instructions: autoDraw = False
6.7339 	EXP 	instructions: image = 'Slide5.png'
6.7339 	EXP 	instructions: autoDraw = True
6.9854 	EXP 	New trial (rep=0, index=5): OrderedDict([('INS', 'Slide6.png')])
7.0045 	DATA 	Keypress: space
7.0179 	EXP 	instructions: autoDraw = False
7.0179 	EXP 	instructions: image = 'Slide6.png'
7.0179 	EXP 	instructions: autoDraw = True
7.3889 	EXP 	Imported conditions.xlsx as conditions, 9 conditions, 2 params
7.3891 	EXP 	Created sequence: random, trialTypes=9, nReps=1, seed=None
7.3894 	EXP 	New trial (rep=0, index=0): OrderedDict([('Category', 'Occupations'), ('Type', 'Semantic')])
7.3952 	DATA 	Keypress: space
7.4178 	EXP 	instructions: autoDraw = False
7.4178 	EXP 	letter_text: text = 'Occupations'
7.4178 	EXP 	list_text1: text = ''
7.4178 	EXP 	list_text1: pos = [-0.6, 0.15]
7.4178 	EXP 	list_text2: text = ''
7.4178 	EXP 	list_text2: pos = [-0.3, 0.15]
7.4178 	EXP 	list_text3: text = ''
7.4178 	EXP 	list_text3: pos = [0, 0.15]
7.4178 	EXP 	list_text4: text = ''
7.4178 	EXP 	list_text4: pos = [0.3, 0.15]
7.4178 	EXP 	list_text5: text = ''
7.4178 	EXP 	list_text5: pos = [0.6, 0.15]
7.4178 	EXP 	letter_text: font = 'Arial'
7.4178 	EXP 	letter_text: bold = True
7.4178 	EXP 	fixation: autoDraw = True
8.4011 	EXP 	timer: autoDraw = True
8.4011 	EXP 	instruct_text: autoDraw = True
8.4011 	EXP 	letter_text: autoDraw = True
8.4011 	EXP 	screen_text: autoDraw = True
8.4011 	EXP 	list_text1: autoDraw = True
8.4011 	EXP 	list_text2: autoDraw = True
8.4011 	EXP 	list_text3: autoDraw = True
8.4011 	EXP 	list_text4: autoDraw = True
8.4011 	EXP 	list_text5: autoDraw = True
8.4011 	EXP 	letter_text: text = 'Occupations'
8.4184 	EXP 	fixation: autoDraw = False
9.8857 	DATA 	Keypress: d
9.9012 	EXP 	screen_text: text = 'd'
9.9193 	DATA 	Keypress: o
9.9350 	EXP 	screen_text: text = 'do'
10.2032 	DATA 	Keypress: t
10.2191 	EXP 	screen_text: text = 'dot'
10.2355 	DATA 	Keypress: o
10.2523 	EXP 	screen_text: text = 'doto'
10.3695 	DATA 	Keypress: r
10.3845 	EXP 	screen_text: text = 'dotor'
10.6043 	DATA 	Keypress: backspace
10.6352 	EXP 	screen_text: text = 'doto'
10.7525 	DATA 	Keypress: backspace
10.7685 	EXP 	screen_text: text = 'dot'
10.8859 	DATA 	Keypress: backspace
10.9013 	EXP 	screen_text: text = 'do'
10.9691 	DATA 	Keypress: c
10.9856 	EXP 	screen_text: text = 'doc'
11.0877 	DATA 	Keypress: o
11.1184 	EXP 	screen_text: text = 'doco'
11.1358 	DATA 	Keypress: t
11.1516 	EXP 	screen_text: text = 'docot'
11.5707 	DATA 	Keypress: backspace
11.5866 	EXP 	screen_text: text = 'doco'
11.6532 	DATA 	Keypress: backspace
11.6699 	EXP 	screen_text: text = 'doc'
11.7872 	DATA 	Keypress: t
11.8024 	EXP 	screen_text: text = 'doct'
11.8541 	DATA 	Keypress: o
11.8689 	EXP 	screen_text: text = 'docto'
11.9368 	DATA 	Keypress: r
11.9526 	EXP 	screen_text: text = 'doctor'
12.0876 	DATA 	Keypress: return
12.1030 	EXP 	screen_text: text = 'doctor'
12.1030 	EXP 	screen_text: text = ''
12.1030 	EXP 	list_text1: pos = array([-0.6   ,  0.1216])
12.1030 	EXP 	list_text1: text = '\ndoctor'
12.3370 	DATA 	Keypress: n
12.3534 	EXP 	screen_text: text = 'n'
12.5047 	DATA 	Keypress: u
12.5201 	EXP 	screen_text: text = 'nu'
12.5381 	DATA 	Keypress: r
12.5533 	EXP 	screen_text: text = 'nur'
12.7205 	DATA 	Keypress: s
12.7356 	EXP 	screen_text: text = 'nurs'
12.7875 	DATA 	Keypress: e
12.8021 	EXP 	screen_text: text = 'nurse'
12.9036 	DATA 	Keypress: return
12.9193 	EXP 	screen_text: text = 'nurse'
12.9193 	EXP 	screen_text: text = ''
12.9193 	EXP 	list_text1: pos = array([-0.6   ,  0.0932])
12.9193 	EXP 	list_text1: text = '\ndoctor\nnurse'
13.1040 	DATA 	Keypress: w
13.1190 	EXP 	screen_text: text = 'w'
13.4059 	DATA 	Keypress: r
13.4367 	EXP 	screen_text: text = 'wr'
13.5400 	DATA 	Keypress: i
13.5691 	EXP 	screen_text: text = 'wri'
13.6545 	DATA 	Keypress: t
13.6691 	EXP 	screen_text: text = 'writ'
13.7370 	DATA 	Keypress: e
13.7528 	EXP 	screen_text: text = 'write'
14.3705 	DATA 	Keypress: r
14.3860 	EXP 	screen_text: text = 'writer'
15.0207 	DATA 	Keypress: return
15.0362 	EXP 	screen_text: text = 'writer'
15.0362 	EXP 	screen_text: text = ''
15.0362 	EXP 	list_text1: pos = array([-0.6   ,  0.0648])
15.0362 	EXP 	list_text1: text = '\ndoctor\nnurse\nwriter'
15.2062 	DATA 	Keypress: t
15.2365 	EXP 	screen_text: text = 't'
15.3544 	DATA 	Keypress: e
15.3704 	EXP 	screen_text: text = 'te'
15.5708 	DATA 	Keypress: a
15.5864 	EXP 	screen_text: text = 'tea'
15.5877 	DATA 	Keypress: c
15.6032 	EXP 	screen_text: text = 'teac'
15.7567 	DATA 	Keypress: h
15.7865 	EXP 	screen_text: text = 'teach'
15.9206 	DATA 	Keypress: e
15.9363 	EXP 	screen_text: text = 'teache'
16.0211 	DATA 	Keypress: r
16.0369 	EXP 	screen_text: text = 'teacher'
16.2048 	DATA 	Keypress: return
16.2212 	EXP 	screen_text: text = 'teacher'
16.2212 	EXP 	screen_text: text = ''
16.2212 	EXP 	list_text1: pos = array([-0.6   ,  0.0364])
16.2212 	EXP 	list_text1: text = '\ndoctor\nnurse\nwriter\nteacher'
16.3553 	DATA 	Keypress: p
16.3713 	EXP 	screen_text: text = 'p'
16.4383 	DATA 	Keypress: r
16.4547 	EXP 	screen_text: text = 'pr'
16.5722 	DATA 	Keypress: o
16.5880 	EXP 	screen_text: text = 'pro'
16.6240 	DATA 	Keypress: f
16.6547 	EXP 	screen_text: text = 'prof'
17.1219 	DATA 	Keypress: e
17.1384 	EXP 	screen_text: text = 'profe'
17.2890 	DATA 	Keypress: s
17.3050 	EXP 	screen_text: text = 'profes'
17.4229 	DATA 	Keypress: s
17.4374 	EXP 	screen_text: text = 'profess'
17.4573 	DATA 	Keypress: o
17.4883 	EXP 	screen_text: text = 'professo'
17.5563 	DATA 	Keypress: r
17.5706 	EXP 	screen_text: text = 'professor'
17.6381 	DATA 	Keypress: return
17.6547 	EXP 	screen_text: text = 'professor'
17.6547 	EXP 	screen_text: text = ''
17.6547 	EXP 	list_text1: pos = array([-0.6  ,  0.008])
17.6547 	EXP 	list_text1: text = '\ndoctor\nnurse\nwriter\nteacher\nprofessor'
18.4040 	EXP 	fixation: autoDraw = False
18.4040 	EXP 	timer: autoDraw = False
18.4040 	EXP 	instruct_text: autoDraw = False
18.4040 	EXP 	letter_text: autoDraw = False
18.4040 	EXP 	screen_text: autoDraw = False
18.4040 	EXP 	list_text1: autoDraw = False
18.4040 	EXP 	list_text2: autoDraw = False
18.4040 	EXP 	list_text3: autoDraw = False
18.4040 	EXP 	list_text4: autoDraw = False
18.4040 	EXP 	list_text5: autoDraw = False
18.4040 	EXP 	fixation_1: autoDraw = True
19.3876 	EXP 	difficulty_question: autoDraw = True
19.3876 	EXP 	options: autoDraw = True
19.3876 	EXP 	anchor_1: autoDraw = True
19.3876 	EXP 	anchor_2: autoDraw = True
19.4043 	EXP 	fixation_1: autoDraw = False
20.2904 	DATA 	Keypress: 4
20.3045 	EXP 	fixation_1: autoDraw = False
20.3045 	EXP 	difficulty_question: autoDraw = False
20.3045 	EXP 	options: autoDraw = False
20.3045 	EXP 	anchor_1: autoDraw = False
20.3045 	EXP 	anchor_2: autoDraw = False
20.3045 	EXP 	text: text = ''
20.3045 	EXP 	text_other: autoDraw = True
20.3045 	EXP 	text: autoDraw = True
21.5067 	DATA 	Keypress: lshift
21.6076 	DATA 	Keypress: i
21.6229 	EXP 	text: text = 'I'
21.7087 	DATA 	Keypress: t
21.7397 	EXP 	text: text = 'It'
21.8242 	DATA 	Keypress: space
21.8397 	EXP 	text: text = 'It '
21.8742 	DATA 	Keypress: p
21.8890 	EXP 	text: text = 'It p'
21.9576 	DATA 	Keypress: o
21.9731 	EXP 	text: text = 'It po'
22.1244 	DATA 	Keypress: p
22.1390 	EXP 	text: text = 'It pop'
22.2908 	DATA 	Keypress: p
22.3060 	EXP 	text: text = 'It popp'
22.3743 	DATA 	Keypress: e
22.3897 	EXP 	text: text = 'It poppe'
22.4411 	DATA 	Keypress: d
22.4565 	EXP 	text: text = 'It popped'
22.5409 	DATA 	Keypress: space
22.5565 	EXP 	text: text = 'It popped '
22.6235 	DATA 	Keypress: i
22.6399 	EXP 	text: text = 'It popped i'
22.7577 	DATA 	Keypress: n
22.7733 	EXP 	text: text = 'It popped in'
22.8568 	DATA 	Keypress: t
22.8723 	EXP 	text: text = 'It popped int'
22.9246 	DATA 	Keypress: o
22.9396 	EXP 	text: text = 'It popped into'
22.9901 	DATA 	Keypress: space
23.0055 	EXP 	text: text = 'It popped into '
23.1071 	DATA 	Keypress: m
23.1221 	EXP 	text: text = 'It popped into m'
23.3233 	DATA 	Keypress: y
23.3388 	EXP 	text: text = 'It popped into my'
23.3574 	DATA 	Keypress: space
23.3723 	EXP 	text: text = 'It popped into my '
23.4910 	DATA 	Keypress: h
23.5064 	EXP 	text: text = 'It popped into my h'
23.5402 	DATA 	Keypress: e
23.5556 	EXP 	text: text = 'It popped into my he'
23.5761 	DATA 	Keypress: a
23.6057 	EXP 	text: text = 'It popped into my hea'
23.6903 	DATA 	Keypress: d
23.7057 	EXP 	text: text = 'It popped into my head'
23.7904 	DATA 	Keypress: return
23.7913 	EXP 	New trial (rep=0, index=1): OrderedDict([('Category', 'Words that start with A'), ('Type', 'Phonemic')])
23.8064 	EXP 	text_other: autoDraw = False
23.8064 	EXP 	text: autoDraw = False
23.8064 	EXP 	letter_text: text = 'Words that start with A'
23.8064 	EXP 	list_text1: text = ''
23.8064 	EXP 	list_text1: pos = [-0.6, 0.15]
23.8064 	EXP 	list_text2: text = ''
23.8064 	EXP 	list_text2: pos = [-0.3, 0.15]
23.8064 	EXP 	list_text3: text = ''
23.8064 	EXP 	list_text3: pos = [0, 0.15]
23.8064 	EXP 	list_text4: text = ''
23.8064 	EXP 	list_text4: pos = [0.3, 0.15]
23.8064 	EXP 	list_text5: text = ''
23.8064 	EXP 	list_text5: pos = [0.6, 0.15]
23.8064 	EXP 	letter_text: font = 'Arial'
23.8064 	EXP 	letter_text: bold = True
23.8064 	EXP 	fixation: autoDraw = True
24.7892 	EXP 	timer: autoDraw = True
24.7892 	EXP 	instruct_text: autoDraw = True
24.7892 	EXP 	letter_text: autoDraw = True
24.7892 	EXP 	screen_text: autoDraw = True
24.7892 	EXP 	list_text1: autoDraw = True
24.7892 	EXP 	list_text2: autoDraw = True
24.7892 	EXP 	list_text3: autoDraw = True
24.7892 	EXP 	list_text4: autoDraw = True
24.7892 	EXP 	list_text5: autoDraw = True
24.7892 	EXP 	letter_text: text = 'Words that start with A'
24.8063 	EXP 	fixation: autoDraw = False
25.0574 	DATA 	Keypress: escape
25.3227 	EXP 	window1: mouseVisible = True
