0.7541 	WARNING 	We strongly recommend you activate the PTB sound engine in PsychoPy prefs as the preferred audio engine. Its timing is vastly superior. Your prefs are currently set to use ['sounddevice', 'pyo', 'pygame'] (in that order).
4.8991 	EXP 	Created window1 = Window(allowGUI=False, allowStencil=False, args=UNKNOWN, autoLog=True, bitsMode=UNKNOWN, blendMode='avg', bpc=(8, 8, 8), color=array([0., 0., 0.]), colorSpace='rgb', depthBits=8, fullscr=<method-wrapper '__getattribute__' of attributeSetter object at 0x1112383c8>, gamma=None, gammaErrorPolicy='raise', kwargs=UNKNOWN, lms=UNKNOWN, monitor=<psychopy.monitors.calibTools.Monitor object at 0x10b1a8f98>, multiSample=False, name='window1', numSamples=2, pos=[640.0, 360.0], screen=0, size=array([5120, 2880]), stencilBits=0, stereo=False, units='height', useFBO=True, useRetina=True, viewOri=0.0, viewPos=None, viewScale=None, waitBlanking=True, winType='pyglet')
4.8991 	EXP 	window1: recordFrameIntervals = False
5.0646 	EXP 	window1: recordFrameIntervals = True
5.2487 	EXP 	window1: recordFrameIntervals = False
5.2917 	EXP 	Created instructions = ImageStim(__class__=<class 'psychopy.visual.image.ImageStim'>, autoLog=True, color=array([1., 1., 1.]), colorSpace='rgb', contrast=1.0, depth=0.0, flipHoriz=False, flipVert=False, image='sin', interpolate=True, mask=None, maskParams=None, name='instructions', opacity=1.0, ori=0.0, pos=array([0., 0.]), size=array([1280.,  720.]), texRes=512, units='pix', win=Window(...))
5.3519 	EXP 	Created fixation = TextStim(__class__=<class 'psychopy.visual.text.TextStim'>, alignHoriz=method-wrapper(...), alignText='center', alignVert=method-wrapper(...), anchorHoriz='center', anchorVert='center', antialias=True, autoLog=True, bold=False, color='white', colorSpace='named', contrast=1.0, depth=0.0, flipHoriz=False, flipVert=False, font='Arial', fontFiles=[], height=0.1, italic=False, languageStyle='LTR', name='fixation', opacity=1.0, ori=0, pos=array([0., 0.]), rgb=array([255., 255., 255.]), text='+', units='height', win=Window(...), wrapWidth=1)
5.3592 	EXP 	Created timer = TextStim(__class__=<class 'psychopy.visual.text.TextStim'>, alignHoriz=method-wrapper(...), alignText='center', alignVert=method-wrapper(...), anchorHoriz='center', anchorVert='center', antialias=True, autoLog=True, bold=False, color='white', colorSpace='named', contrast=1.0, depth=-1.0, flipHoriz=False, flipVert=False, font='Arial', fontFiles=[], height=0.05, italic=False, languageStyle='LTR', name='timer', opacity=1.0, ori=0, pos=array([-0.7,  0.4]), rgb=array([255., 255., 255.]), text='default text', units='height', win=Window(...), wrapWidth=1)
5.3724 	EXP 	Created instruct_text = TextStim(__class__=<class 'psychopy.visual.text.TextStim'>, alignHoriz=method-wrapper(...), alignText='center', alignVert=method-wrapper(...), anchorHoriz='center', anchorVert='center', antialias=True, autoLog=True, bold=False, color='white', colorSpace='named', contrast=1.0, depth=-2.0, flipHoriz=False, flipVert=False, font='Arial', fontFiles=[], height=0.05, italic=False, languageStyle='LTR', name='instruct_text', opacity=1.0, ori=0, pos=array([0. , 0.4]), rgb=array([255., 255., 255.]), text=str(...), units='height', win=Window(...), wrapWidth=1)
5.3741 	EXP 	Created letter_text = TextStim(__class__=<class 'psychopy.visual.text.TextStim'>, alignHoriz=method-wrapper(...), alignText='center', alignVert=method-wrapper(...), anchorHoriz='center', anchorVert='center', antialias=True, autoLog=True, bold=False, color='white', colorSpace='named', contrast=1.0, depth=-3.0, flipHoriz=False, flipVert=False, font='Arial', fontFiles=[], height=0.05, italic=False, languageStyle='LTR', name='letter_text', opacity=1.0, ori=0, pos=array([0.  , 0.28]), rgb=array([255., 255., 255.]), text='default text', units='height', win=Window(...), wrapWidth=1)
5.3745 	EXP 	Created screen_text = TextStim(__class__=<class 'psychopy.visual.text.TextStim'>, alignHoriz=method-wrapper(...), alignText='center', alignVert=method-wrapper(...), anchorHoriz='center', anchorVert='center', antialias=True, autoLog=True, bold=False, color='white', colorSpace='named', contrast=1.0, depth=-4.0, flipHoriz=False, flipVert=False, font='Arial', fontFiles=[], height=0.05, italic=False, languageStyle='LTR', name='screen_text', opacity=1.0, ori=0, pos=array([0. , 0.2]), rgb=array([255., 255., 255.]), text='', units='height', win=Window(...), wrapWidth=1)
5.3748 	EXP 	Created list_text1 = TextStim(__class__=<class 'psychopy.visual.text.TextStim'>, alignHoriz=method-wrapper(...), alignText='center', alignVert=method-wrapper(...), anchorHoriz='center', anchorVert='center', antialias=True, autoLog=True, bold=False, color='white', colorSpace='named', contrast=1.0, depth=-5.0, flipHoriz=False, flipVert=False, font='Arial', fontFiles=[], height=0.05, italic=False, languageStyle='LTR', name='list_text1', opacity=1.0, ori=0, pos=array([0., 0.]), rgb=array([255., 255., 255.]), text='', units='height', win=Window(...), wrapWidth=1)
5.3764 	EXP 	Created list_text2 = TextStim(__class__=<class 'psychopy.visual.text.TextStim'>, alignHoriz=method-wrapper(...), alignText='center', alignVert=method-wrapper(...), anchorHoriz='center', anchorVert='center', antialias=True, autoLog=True, bold=False, color='white', colorSpace='named', contrast=1.0, depth=-6.0, flipHoriz=False, flipVert=False, font='Arial', fontFiles=[], height=0.05, italic=False, languageStyle='LTR', name='list_text2', opacity=1.0, ori=0, pos=array([0., 0.]), rgb=array([255., 255., 255.]), text='', units='height', win=Window(...), wrapWidth=1)
5.3768 	EXP 	Created list_text3 = TextStim(__class__=<class 'psychopy.visual.text.TextStim'>, alignHoriz=method-wrapper(...), alignText='center', alignVert=method-wrapper(...), anchorHoriz='center', anchorVert='center', antialias=True, autoLog=True, bold=False, color='white', colorSpace='named', contrast=1.0, depth=-7.0, flipHoriz=False, flipVert=False, font='Arial', fontFiles=[], height=0.05, italic=False, languageStyle='LTR', name='list_text3', opacity=1.0, ori=0, pos=array([0., 0.]), rgb=array([255., 255., 255.]), text='', units='height', win=Window(...), wrapWidth=1)
5.3771 	EXP 	Created list_text4 = TextStim(__class__=<class 'psychopy.visual.text.TextStim'>, alignHoriz=method-wrapper(...), alignText='center', alignVert=method-wrapper(...), anchorHoriz='center', anchorVert='center', antialias=True, autoLog=True, bold=False, color='white', colorSpace='named', contrast=1.0, depth=-8.0, flipHoriz=False, flipVert=False, font='Arial', fontFiles=[], height=0.05, italic=False, languageStyle='LTR', name='list_text4', opacity=1.0, ori=0, pos=array([0., 0.]), rgb=array([255., 255., 255.]), text='', units='height', win=Window(...), wrapWidth=1)
5.3775 	EXP 	Created list_text5 = TextStim(__class__=<class 'psychopy.visual.text.TextStim'>, alignHoriz=method-wrapper(...), alignText='center', alignVert=method-wrapper(...), anchorHoriz='center', anchorVert='center', antialias=True, autoLog=True, bold=False, color='white', colorSpace='named', contrast=1.0, depth=-9.0, flipHoriz=False, flipVert=False, font='Arial', fontFiles=[], height=0.05, italic=False, languageStyle='LTR', name='list_text5', opacity=1.0, ori=0, pos=array([0., 0.]), rgb=array([255., 255., 255.]), text='', units='height', win=Window(...), wrapWidth=1)
5.3785 	EXP 	Created fixation_1 = TextStim(__class__=<class 'psychopy.visual.text.TextStim'>, alignHoriz=method-wrapper(...), alignText='center', alignVert=method-wrapper(...), anchorHoriz='center', anchorVert='center', antialias=True, autoLog=True, bold=False, color='white', colorSpace='named', contrast=1.0, depth=0.0, flipHoriz=False, flipVert=False, font='Arial', fontFiles=[], height=0.1, italic=False, languageStyle='LTR', name='fixation_1', opacity=1.0, ori=0, pos=array([0., 0.]), rgb=array([255., 255., 255.]), text='+', units='height', win=Window(...), wrapWidth=1)
5.3836 	EXP 	Created difficulty_question = TextStim(__class__=<class 'psychopy.visual.text.TextStim'>, alignHoriz=method-wrapper(...), alignText='center', alignVert=method-wrapper(...), anchorHoriz='center', anchorVert='center', antialias=True, autoLog=True, bold=False, color='white', colorSpace='named', contrast=1.0, depth=-1.0, flipHoriz=False, flipVert=False, font='Arial', fontFiles=[], height=0.05, italic=False, languageStyle='LTR', name='difficulty_question', opacity=1.0, ori=0, pos=array([0. , 0.2]), rgb=array([255., 255., 255.]), text=str(...), units='height', win=Window(...), wrapWidth=1)
5.3903 	EXP 	Created options = TextStim(__class__=<class 'psychopy.visual.text.TextStim'>, alignHoriz=method-wrapper(...), alignText='center', alignVert=method-wrapper(...), anchorHoriz='center', anchorVert='center', antialias=True, autoLog=True, bold=False, color='white', colorSpace='named', contrast=1.0, depth=-2.0, flipHoriz=False, flipVert=False, font='Arial', fontFiles=[], height=0.05, italic=False, languageStyle='LTR', name='options', opacity=1.0, ori=0, pos=array([0., 0.]), rgb=array([255., 255., 255.]), text=str(...), units='height', win=Window(...), wrapWidth=1)
5.3978 	EXP 	Created anchor_1 = TextStim(__class__=<class 'psychopy.visual.text.TextStim'>, alignHoriz=method-wrapper(...), alignText='center', alignVert=method-wrapper(...), anchorHoriz='center', anchorVert='center', antialias=True, autoLog=True, bold=False, color='white', colorSpace='named', contrast=1.0, depth=-3.0, flipHoriz=False, flipVert=False, font='Arial', fontFiles=[], height=0.04, italic=False, languageStyle='LTR', name='anchor_1', opacity=1.0, ori=0, pos=array([-0.4, -0.2]), rgb=array([255., 255., 255.]), text='Not difficult at all', units='height', win=Window(...), wrapWidth=1)
5.4019 	EXP 	Created anchor_2 = TextStim(__class__=<class 'psychopy.visual.text.TextStim'>, alignHoriz=method-wrapper(...), alignText='center', alignVert=method-wrapper(...), anchorHoriz='center', anchorVert='center', antialias=True, autoLog=True, bold=False, color='white', colorSpace='named', contrast=1.0, depth=-4.0, flipHoriz=False, flipVert=False, font='Arial', fontFiles=[], height=0.04, italic=False, languageStyle='LTR', name='anchor_2', opacity=1.0, ori=0, pos=array([ 0.4, -0.2]), rgb=array([255., 255., 255.]), text='Very Difficult\n', units='height', win=Window(...), wrapWidth=1)
5.4213 	EXP 	Created text_other = TextStim(__class__=<class 'psychopy.visual.text.TextStim'>, alignHoriz=method-wrapper(...), alignText='center', alignVert=method-wrapper(...), anchorHoriz='center', anchorVert='center', antialias=True, autoLog=True, bold=False, color='white', colorSpace='named', contrast=1.0, depth=0.0, flipHoriz=False, flipVert=False, font='Arial', fontFiles=[], height=0.05, italic=False, languageStyle='LTR', name='text_other', opacity=1.0, ori=0, pos=array([0.  , 0.25]), rgb=array([255., 255., 255.]), text=str(...), units='height', win=Window(...), wrapWidth=1)
5.4218 	EXP 	Created text = TextStim(__class__=<class 'psychopy.visual.text.TextStim'>, alignHoriz=method-wrapper(...), alignText='center', alignVert=method-wrapper(...), anchorHoriz='center', anchorVert='center', antialias=True, autoLog=True, bold=False, color='white', colorSpace='named', contrast=1.0, depth=-1.0, flipHoriz=False, flipVert=False, font='Arial', fontFiles=[], height=0.05, italic=False, languageStyle='LTR', name='text', opacity=1.0, ori=0, pos=array([0., 0.]), rgb=array([255., 255., 255.]), text='', units='height', win=Window(...), wrapWidth=1)
5.4256 	EXP 	Created thank_you = TextStim(__class__=<class 'psychopy.visual.text.TextStim'>, alignHoriz=method-wrapper(...), alignText='center', alignVert=method-wrapper(...), anchorHoriz='center', anchorVert='center', antialias=True, autoLog=True, bold=False, color='white', colorSpace='named', contrast=1.0, depth=0.0, flipHoriz=False, flipVert=False, font='Arial', fontFiles=[], height=0.05, italic=False, languageStyle='LTR', name='thank_you', opacity=1.0, ori=0, pos=array([0., 0.]), rgb=array([255., 255., 255.]), text=str(...), units='height', win=Window(...), wrapWidth=1)
5.4309 	EXP 	Imported instructions.xlsx as conditions, 6 conditions, 1 params
5.4311 	EXP 	Created sequence: sequential, trialTypes=6, nReps=1, seed=None
5.4313 	EXP 	New trial (rep=0, index=0): OrderedDict([('INS', 'Slide1.png')])
5.5006 	EXP 	instructions: image = 'Slide1.png'
5.5006 	EXP 	instructions: autoDraw = True
5.9984 	EXP 	New trial (rep=0, index=1): OrderedDict([('INS', 'Slide2.png')])
6.0195 	DATA 	Keypress: space
6.0315 	EXP 	instructions: autoDraw = False
6.0315 	EXP 	instructions: image = 'Slide2.png'
6.0315 	EXP 	instructions: autoDraw = True
6.3150 	EXP 	New trial (rep=0, index=2): OrderedDict([('INS', 'Slide3.png')])
6.3356 	DATA 	Keypress: space
6.3481 	EXP 	instructions: autoDraw = False
6.3481 	EXP 	instructions: image = 'Slide3.png'
6.3481 	EXP 	instructions: autoDraw = True
6.5317 	EXP 	New trial (rep=0, index=3): OrderedDict([('INS', 'Slide4.png')])
6.5535 	DATA 	Keypress: space
6.5660 	EXP 	instructions: autoDraw = False
6.5660 	EXP 	instructions: image = 'Slide4.png'
6.5660 	EXP 	instructions: autoDraw = True
6.9000 	EXP 	New trial (rep=0, index=4): OrderedDict([('INS', 'Slide5.png')])
6.9200 	DATA 	Keypress: space
6.9329 	EXP 	instructions: autoDraw = False
6.9329 	EXP 	instructions: image = 'Slide5.png'
6.9329 	EXP 	instructions: autoDraw = True
7.2839 	EXP 	New trial (rep=0, index=5): OrderedDict([('INS', 'Slide6.png')])
7.3008 	DATA 	Keypress: space
7.3161 	EXP 	instructions: autoDraw = False
7.3161 	EXP 	instructions: image = 'Slide6.png'
7.3161 	EXP 	instructions: autoDraw = True
7.6867 	EXP 	Imported conditions.xlsx as conditions, 9 conditions, 2 params
7.6869 	EXP 	Created sequence: random, trialTypes=9, nReps=1, seed=None
7.6881 	EXP 	New trial (rep=0, index=0): OrderedDict([('Category', 'Sports'), ('Type', 'Semantic')])
7.6912 	DATA 	Keypress: space
7.6989 	EXP 	instructions: autoDraw = False
7.6989 	EXP 	letter_text: text = 'Sports'
7.6989 	EXP 	list_text1: text = ''
7.6989 	EXP 	list_text1: pos = [-0.6, 0.15]
7.6989 	EXP 	list_text2: text = ''
7.6989 	EXP 	list_text2: pos = [-0.3, 0.15]
7.6989 	EXP 	list_text3: text = ''
7.6989 	EXP 	list_text3: pos = [0, 0.15]
7.6989 	EXP 	list_text4: text = ''
7.6989 	EXP 	list_text4: pos = [0.3, 0.15]
7.6989 	EXP 	list_text5: text = ''
7.6989 	EXP 	list_text5: pos = [0.6, 0.15]
7.6989 	EXP 	letter_text: font = 'Arial'
7.6989 	EXP 	letter_text: bold = True
7.6989 	EXP 	fixation: autoDraw = True
8.7001 	EXP 	fixation: autoDraw = False
8.7001 	EXP 	timer: autoDraw = True
8.7001 	EXP 	instruct_text: autoDraw = True
8.7001 	EXP 	letter_text: autoDraw = True
8.7001 	EXP 	screen_text: autoDraw = True
8.7001 	EXP 	list_text1: autoDraw = True
8.7001 	EXP 	list_text2: autoDraw = True
8.7001 	EXP 	list_text3: autoDraw = True
8.7001 	EXP 	list_text4: autoDraw = True
8.7001 	EXP 	list_text5: autoDraw = True
8.7001 	EXP 	letter_text: text = 'Sports'
10.3013 	DATA 	Keypress: t
10.3170 	EXP 	screen_text: text = 't'
10.4017 	DATA 	Keypress: e
10.4164 	EXP 	screen_text: text = 'te'
10.5018 	DATA 	Keypress: n
10.5165 	EXP 	screen_text: text = 'ten'
10.6357 	DATA 	Keypress: n
10.6660 	EXP 	screen_text: text = 'tenn'
10.7838 	DATA 	Keypress: i
10.7996 	EXP 	screen_text: text = 'tenni'
10.9010 	DATA 	Keypress: s
10.9169 	EXP 	screen_text: text = 'tennis'
11.0193 	DATA 	Keypress: return
11.0495 	EXP 	screen_text: text = 'tennis'
11.0495 	EXP 	screen_text: text = ''
11.0495 	EXP 	list_text1: pos = array([-0.6   ,  0.1216])
11.0495 	EXP 	list_text1: text = '\ntennis'
11.2677 	DATA 	Keypress: b
11.2829 	EXP 	screen_text: text = 'b'
11.3508 	DATA 	Keypress: a
11.3666 	EXP 	screen_text: text = 'ba'
11.3851 	DATA 	Keypress: s
11.3994 	EXP 	screen_text: text = 'bas'
11.4679 	DATA 	Keypress: k
11.4839 	EXP 	screen_text: text = 'bask'
11.5695 	DATA 	Keypress: e
11.5848 	EXP 	screen_text: text = 'baske'
11.6525 	DATA 	Keypress: t
11.6682 	EXP 	screen_text: text = 'basket'
11.8187 	DATA 	Keypress: b
11.8344 	EXP 	screen_text: text = 'basketb'
11.9360 	DATA 	Keypress: a
11.9503 	EXP 	screen_text: text = 'basketba'
12.0210 	DATA 	Keypress: l
12.0511 	EXP 	screen_text: text = 'basketbal'
12.1690 	DATA 	Keypress: l
12.1837 	EXP 	screen_text: text = 'basketball'
12.5709 	DATA 	Keypress: return
12.6017 	EXP 	screen_text: text = 'basketball'
12.6017 	EXP 	screen_text: text = ''
12.6017 	EXP 	list_text1: pos = array([-0.6   ,  0.0932])
12.6017 	EXP 	list_text1: text = '\ntennis\nbasketball'
12.7361 	DATA 	Keypress: g
12.7517 	EXP 	screen_text: text = 'g'
12.8864 	DATA 	Keypress: y
12.9017 	EXP 	screen_text: text = 'gy'
13.2529 	DATA 	Keypress: n
13.2673 	EXP 	screen_text: text = 'gyn'
13.5518 	DATA 	Keypress: backspace
13.5675 	EXP 	screen_text: text = 'gy'
13.7695 	DATA 	Keypress: m
13.7848 	EXP 	screen_text: text = 'gym'
13.9520 	DATA 	Keypress: n
13.9675 	EXP 	screen_text: text = 'gymn'
14.0187 	DATA 	Keypress: a
14.0342 	EXP 	screen_text: text = 'gymna'
14.0689 	DATA 	Keypress: s
14.0848 	EXP 	screen_text: text = 'gymnas'
14.2356 	DATA 	Keypress: t
14.2510 	EXP 	screen_text: text = 'gymnast'
14.3697 	DATA 	Keypress: i
14.3852 	EXP 	screen_text: text = 'gymnasti'
14.4525 	DATA 	Keypress: c
14.4677 	EXP 	screen_text: text = 'gymnastic'
14.7215 	DATA 	Keypress: s
14.7512 	EXP 	screen_text: text = 'gymnastics'
15.9191 	DATA 	Keypress: return
15.9349 	EXP 	screen_text: text = 'gymnastics'
15.9349 	EXP 	screen_text: text = ''
15.9349 	EXP 	list_text1: pos = array([-0.6   ,  0.0648])
15.9349 	EXP 	list_text1: text = '\ntennis\nbasketball\ngymnastics'
17.7712 	DATA 	Keypress: p
17.7865 	EXP 	screen_text: text = 'p'
17.8711 	DATA 	Keypress: o
17.8866 	EXP 	screen_text: text = 'po'
18.0367 	DATA 	Keypress: l
18.0533 	EXP 	screen_text: text = 'pol'
18.1883 	DATA 	Keypress: o
18.2025 	EXP 	screen_text: text = 'polo'
18.3532 	DATA 	Keypress: return
18.3701 	EXP 	screen_text: text = 'polo'
18.3701 	EXP 	screen_text: text = ''
18.3701 	EXP 	list_text1: pos = array([-0.6   ,  0.0364])
18.3701 	EXP 	list_text1: text = '\ntennis\nbasketball\ngymnastics\npolo'
18.9497 	EXP 	window1: mouseVisible = True
