0.5625 	WARNING 	We strongly recommend you activate the PTB sound engine in PsychoPy prefs as the preferred audio engine. Its timing is vastly superior. Your prefs are currently set to use ['sounddevice', 'pyo', 'pygame'] (in that order).
4.7402 	EXP 	Created window1 = Window(allowGUI=False, allowStencil=False, args=UNKNOWN, autoLog=True, bitsMode=UNKNOWN, blendMode='avg', bpc=(8, 8, 8), color=array([0., 0., 0.]), colorSpace='rgb', depthBits=8, fullscr=<method-wrapper '__getattribute__' of attributeSetter object at 0x118c6da58>, gamma=None, gammaErrorPolicy='raise', kwargs=UNKNOWN, lms=UNKNOWN, monitor=<psychopy.monitors.calibTools.Monitor object at 0x118aab908>, multiSample=False, name='window1', numSamples=2, pos=[640.0, 360.0], screen=0, size=array([5120, 2880]), stencilBits=0, stereo=False, units='height', useFBO=True, useRetina=True, viewOri=0.0, viewPos=None, viewScale=None, waitBlanking=True, winType='pyglet')
4.7402 	EXP 	window1: recordFrameIntervals = False
4.9064 	EXP 	window1: recordFrameIntervals = True
4.9246 	DATA 	Mouse: wheel shift=(0,0), pos=(1093,1013)
4.9249 	DATA 	Mouse: wheel shift=(0,0), pos=(1093,1013)
4.9405 	DATA 	Mouse: wheel shift=(0,0), pos=(1093,1013)
4.9567 	DATA 	Mouse: wheel shift=(0,0), pos=(1093,1013)
5.0070 	DATA 	Mouse: wheel shift=(0,0), pos=(1093,1013)
5.0909 	EXP 	window1: recordFrameIntervals = False
5.1115 	EXP 	Created consent_image_1 = ImageStim(__class__=<class 'psychopy.visual.image.ImageStim'>, autoLog=True, color=array([1., 1., 1.]), colorSpace='rgb', contrast=1.0, depth=0.0, flipHoriz=False, flipVert=False, image='sin', interpolate=True, mask=None, maskParams=None, name='consent_image_1', opacity=1.0, ori=0.0, pos=array([0., 0.]), size=array([1280.,  720.]), texRes=128, units='pix', win=Window(...))
5.1678 	EXP 	Created consent_image_2 = ImageStim(__class__=<class 'psychopy.visual.image.ImageStim'>, autoLog=True, color=array([1., 1., 1.]), colorSpace='rgb', contrast=1.0, depth=0.0, flipHoriz=False, flipVert=False, image='Consent4.png', interpolate=True, mask=None, maskParams=None, name='consent_image_2', opacity=1.0, ori=0.0, pos=array([0., 0.]), size=array([1280.,  720.]), texRes=128, units='pix', win=Window(...))
5.1692 	EXP 	Created instructions_image_1 = ImageStim(__class__=<class 'psychopy.visual.image.ImageStim'>, autoLog=True, color=array([1., 1., 1.]), colorSpace='rgb', contrast=1.0, depth=0.0, flipHoriz=False, flipVert=False, image='sin', interpolate=True, mask=None, maskParams=None, name='instructions_image_1', opacity=1.0, ori=0.0, pos=array([0., 0.]), size=array([1280.,  720.]), texRes=512, units='pix', win=Window(...))
5.1976 	EXP 	Created instructions_image_2 = ImageStim(__class__=<class 'psychopy.visual.image.ImageStim'>, autoLog=True, color=array([1., 1., 1.]), colorSpace='rgb', contrast=1.0, depth=0.0, flipHoriz=False, flipVert=False, image='Instructions6.png', interpolate=True, mask=None, maskParams=None, name='instructions_image_2', opacity=1.0, ori=0.0, pos=array([0., 0.]), size=array([1280.,  720.]), texRes=128, units='pix', win=Window(...))
5.2559 	EXP 	Created fixation = TextStim(__class__=<class 'psychopy.visual.text.TextStim'>, alignHoriz=method-wrapper(...), alignText='center', alignVert=method-wrapper(...), anchorHoriz='center', anchorVert='center', antialias=True, autoLog=True, bold=False, color='white', colorSpace='named', contrast=1.0, depth=0.0, flipHoriz=False, flipVert=False, font='Arial', fontFiles=[], height=0.1, italic=False, languageStyle='LTR', name='fixation', opacity=1.0, ori=0, pos=array([0., 0.]), rgb=array([255., 255., 255.]), text='+', units='height', win=Window(...), wrapWidth=1)
5.2627 	EXP 	Created timer = TextStim(__class__=<class 'psychopy.visual.text.TextStim'>, alignHoriz=method-wrapper(...), alignText='center', alignVert=method-wrapper(...), anchorHoriz='center', anchorVert='center', antialias=True, autoLog=True, bold=False, color='white', colorSpace='named', contrast=1.0, depth=-1.0, flipHoriz=False, flipVert=False, font='Arial', fontFiles=[], height=0.05, italic=False, languageStyle='LTR', name='timer', opacity=1.0, ori=0, pos=array([-0.7,  0.4]), rgb=array([255., 255., 255.]), text='default text', units='height', win=Window(...), wrapWidth=1)
5.2765 	EXP 	Created instruct_text = TextStim(__class__=<class 'psychopy.visual.text.TextStim'>, alignHoriz=method-wrapper(...), alignText='center', alignVert=method-wrapper(...), anchorHoriz='center', anchorVert='center', antialias=True, autoLog=True, bold=False, color='white', colorSpace='named', contrast=1.0, depth=-2.0, flipHoriz=False, flipVert=False, font='Arial', fontFiles=[], height=0.05, italic=False, languageStyle='LTR', name='instruct_text', opacity=1.0, ori=0, pos=array([0. , 0.4]), rgb=array([255., 255., 255.]), text=str(...), units='height', win=Window(...), wrapWidth=1)
5.2781 	EXP 	Created letter_text = TextStim(__class__=<class 'psychopy.visual.text.TextStim'>, alignHoriz=method-wrapper(...), alignText='center', alignVert=method-wrapper(...), anchorHoriz='center', anchorVert='center', antialias=True, autoLog=True, bold=False, color='white', colorSpace='named', contrast=1.0, depth=-3.0, flipHoriz=False, flipVert=False, font='Arial', fontFiles=[], height=0.05, italic=False, languageStyle='LTR', name='letter_text', opacity=1.0, ori=0, pos=array([0.  , 0.28]), rgb=array([255., 255., 255.]), text='default text', units='height', win=Window(...), wrapWidth=1)
5.2785 	EXP 	Created screen_text = TextStim(__class__=<class 'psychopy.visual.text.TextStim'>, alignHoriz=method-wrapper(...), alignText='center', alignVert=method-wrapper(...), anchorHoriz='center', anchorVert='center', antialias=True, autoLog=True, bold=False, color='white', colorSpace='named', contrast=1.0, depth=-4.0, flipHoriz=False, flipVert=False, font='Arial', fontFiles=[], height=0.05, italic=False, languageStyle='LTR', name='screen_text', opacity=1.0, ori=0, pos=array([0. , 0.2]), rgb=array([255., 255., 255.]), text='', units='height', win=Window(...), wrapWidth=1)
5.2789 	EXP 	Created list_text1 = TextStim(__class__=<class 'psychopy.visual.text.TextStim'>, alignHoriz=method-wrapper(...), alignText='center', alignVert=method-wrapper(...), anchorHoriz='center', anchorVert='center', antialias=True, autoLog=True, bold=False, color='white', colorSpace='named', contrast=1.0, depth=-5.0, flipHoriz=False, flipVert=False, font='Arial', fontFiles=[], height=0.05, italic=False, languageStyle='LTR', name='list_text1', opacity=1.0, ori=0, pos=array([0., 0.]), rgb=array([255., 255., 255.]), text='', units='height', win=Window(...), wrapWidth=1)
5.2793 	EXP 	Created list_text2 = TextStim(__class__=<class 'psychopy.visual.text.TextStim'>, alignHoriz=method-wrapper(...), alignText='center', alignVert=method-wrapper(...), anchorHoriz='center', anchorVert='center', antialias=True, autoLog=True, bold=False, color='white', colorSpace='named', contrast=1.0, depth=-6.0, flipHoriz=False, flipVert=False, font='Arial', fontFiles=[], height=0.05, italic=False, languageStyle='LTR', name='list_text2', opacity=1.0, ori=0, pos=array([0., 0.]), rgb=array([255., 255., 255.]), text='', units='height', win=Window(...), wrapWidth=1)
5.2796 	EXP 	Created list_text3 = TextStim(__class__=<class 'psychopy.visual.text.TextStim'>, alignHoriz=method-wrapper(...), alignText='center', alignVert=method-wrapper(...), anchorHoriz='center', anchorVert='center', antialias=True, autoLog=True, bold=False, color='white', colorSpace='named', contrast=1.0, depth=-7.0, flipHoriz=False, flipVert=False, font='Arial', fontFiles=[], height=0.05, italic=False, languageStyle='LTR', name='list_text3', opacity=1.0, ori=0, pos=array([0., 0.]), rgb=array([255., 255., 255.]), text='', units='height', win=Window(...), wrapWidth=1)
5.2800 	EXP 	Created list_text4 = TextStim(__class__=<class 'psychopy.visual.text.TextStim'>, alignHoriz=method-wrapper(...), alignText='center', alignVert=method-wrapper(...), anchorHoriz='center', anchorVert='center', antialias=True, autoLog=True, bold=False, color='white', colorSpace='named', contrast=1.0, depth=-8.0, flipHoriz=False, flipVert=False, font='Arial', fontFiles=[], height=0.05, italic=False, languageStyle='LTR', name='list_text4', opacity=1.0, ori=0, pos=array([0., 0.]), rgb=array([255., 255., 255.]), text='', units='height', win=Window(...), wrapWidth=1)
5.2804 	EXP 	Created list_text5 = TextStim(__class__=<class 'psychopy.visual.text.TextStim'>, alignHoriz=method-wrapper(...), alignText='center', alignVert=method-wrapper(...), anchorHoriz='center', anchorVert='center', antialias=True, autoLog=True, bold=False, color='white', colorSpace='named', contrast=1.0, depth=-9.0, flipHoriz=False, flipVert=False, font='Arial', fontFiles=[], height=0.05, italic=False, languageStyle='LTR', name='list_text5', opacity=1.0, ori=0, pos=array([0., 0.]), rgb=array([255., 255., 255.]), text='', units='height', win=Window(...), wrapWidth=1)
5.2814 	EXP 	Created fixation_1 = TextStim(__class__=<class 'psychopy.visual.text.TextStim'>, alignHoriz=method-wrapper(...), alignText='center', alignVert=method-wrapper(...), anchorHoriz='center', anchorVert='center', antialias=True, autoLog=True, bold=False, color='white', colorSpace='named', contrast=1.0, depth=0.0, flipHoriz=False, flipVert=False, font='Arial', fontFiles=[], height=0.1, italic=False, languageStyle='LTR', name='fixation_1', opacity=1.0, ori=0, pos=array([0., 0.]), rgb=array([255., 255., 255.]), text='+', units='height', win=Window(...), wrapWidth=1)
5.2866 	EXP 	Created difficulty_question = TextStim(__class__=<class 'psychopy.visual.text.TextStim'>, alignHoriz=method-wrapper(...), alignText='center', alignVert=method-wrapper(...), anchorHoriz='center', anchorVert='center', antialias=True, autoLog=True, bold=False, color='white', colorSpace='named', contrast=1.0, depth=-1.0, flipHoriz=False, flipVert=False, font='Arial', fontFiles=[], height=0.05, italic=False, languageStyle='LTR', name='difficulty_question', opacity=1.0, ori=0, pos=array([0. , 0.2]), rgb=array([255., 255., 255.]), text=str(...), units='height', win=Window(...), wrapWidth=1)
5.2933 	EXP 	Created options = TextStim(__class__=<class 'psychopy.visual.text.TextStim'>, alignHoriz=method-wrapper(...), alignText='center', alignVert=method-wrapper(...), anchorHoriz='center', anchorVert='center', antialias=True, autoLog=True, bold=False, color='white', colorSpace='named', contrast=1.0, depth=-2.0, flipHoriz=False, flipVert=False, font='Arial', fontFiles=[], height=0.05, italic=False, languageStyle='LTR', name='options', opacity=1.0, ori=0, pos=array([0., 0.]), rgb=array([255., 255., 255.]), text=str(...), units='height', win=Window(...), wrapWidth=1)
5.3015 	EXP 	Created anchor_1 = TextStim(__class__=<class 'psychopy.visual.text.TextStim'>, alignHoriz=method-wrapper(...), alignText='center', alignVert=method-wrapper(...), anchorHoriz='center', anchorVert='center', antialias=True, autoLog=True, bold=False, color='white', colorSpace='named', contrast=1.0, depth=-3.0, flipHoriz=False, flipVert=False, font='Arial', fontFiles=[], height=0.04, italic=False, languageStyle='LTR', name='anchor_1', opacity=1.0, ori=0, pos=array([-0.4, -0.2]), rgb=array([255., 255., 255.]), text='Not difficult at all', units='height', win=Window(...), wrapWidth=1)
5.3057 	EXP 	Created anchor_2 = TextStim(__class__=<class 'psychopy.visual.text.TextStim'>, alignHoriz=method-wrapper(...), alignText='center', alignVert=method-wrapper(...), anchorHoriz='center', anchorVert='center', antialias=True, autoLog=True, bold=False, color='white', colorSpace='named', contrast=1.0, depth=-4.0, flipHoriz=False, flipVert=False, font='Arial', fontFiles=[], height=0.04, italic=False, languageStyle='LTR', name='anchor_2', opacity=1.0, ori=0, pos=array([ 0.4, -0.2]), rgb=array([255., 255., 255.]), text='Very Difficult\n', units='height', win=Window(...), wrapWidth=1)
5.3231 	EXP 	Created text_other = TextStim(__class__=<class 'psychopy.visual.text.TextStim'>, alignHoriz=method-wrapper(...), alignText='center', alignVert=method-wrapper(...), anchorHoriz='center', anchorVert='center', antialias=True, autoLog=True, bold=False, color='white', colorSpace='named', contrast=1.0, depth=0.0, flipHoriz=False, flipVert=False, font='Arial', fontFiles=[], height=0.05, italic=False, languageStyle='LTR', name='text_other', opacity=1.0, ori=0, pos=array([0.  , 0.25]), rgb=array([255., 255., 255.]), text=str(...), units='height', win=Window(...), wrapWidth=1)
5.3235 	EXP 	Created text = TextStim(__class__=<class 'psychopy.visual.text.TextStim'>, alignHoriz=method-wrapper(...), alignText='center', alignVert=method-wrapper(...), anchorHoriz='center', anchorVert='center', antialias=True, autoLog=True, bold=False, color='white', colorSpace='named', contrast=1.0, depth=-1.0, flipHoriz=False, flipVert=False, font='Arial', fontFiles=[], height=0.05, italic=False, languageStyle='LTR', name='text', opacity=1.0, ori=0, pos=array([0., 0.]), rgb=array([255., 255., 255.]), text='', units='height', win=Window(...), wrapWidth=1)
5.3258 	EXP 	Created text_2 = TextStim(__class__=<class 'psychopy.visual.text.TextStim'>, alignHoriz=method-wrapper(...), alignText='center', alignVert=method-wrapper(...), anchorHoriz='center', anchorVert='center', antialias=True, autoLog=True, bold=False, color='white', colorSpace='named', contrast=1.0, depth=0.0, flipHoriz=False, flipVert=False, font='Arial', fontFiles=[], height=0.05, italic=False, languageStyle='LTR', name='text_2', opacity=1.0, ori=0, pos=array([0.  , 0.27]), rgb=array([255., 255., 255.]), text='PRESS', units='height', win=Window(...), wrapWidth=1)
5.3277 	EXP 	Created text_3 = TextStim(__class__=<class 'psychopy.visual.text.TextStim'>, alignHoriz=method-wrapper(...), alignText='center', alignVert=method-wrapper(...), anchorHoriz='center', anchorVert='center', antialias=True, autoLog=True, bold=False, color='red', colorSpace='named', contrast=1.0, depth=-1.0, flipHoriz=False, flipVert=False, font='Arial', fontFiles=[], height=0.05, italic=False, languageStyle='LTR', name='text_3', opacity=1.0, ori=0, pos=array([0., 0.]), rgb=array([255.,   0.,   0.]), text='default text', units='height', win=Window(...), wrapWidth=1)
5.3299 	EXP 	Created text_4 = TextStim(__class__=<class 'psychopy.visual.text.TextStim'>, alignHoriz=method-wrapper(...), alignText='center', alignVert=method-wrapper(...), anchorHoriz='center', anchorVert='center', antialias=True, autoLog=True, bold=False, color='white', colorSpace='named', contrast=1.0, depth=-2.0, flipHoriz=False, flipVert=False, font='Arial', fontFiles=[], height=0.05, italic=False, languageStyle='LTR', name='text_4', opacity=1.0, ori=0, pos=array([ 0.  , -0.25]), rgb=array([255., 255., 255.]), text='to continue to the next trial.', units='height', win=Window(...), wrapWidth=1)
5.3429 	EXP 	Created thank_you = TextStim(__class__=<class 'psychopy.visual.text.TextStim'>, alignHoriz=method-wrapper(...), alignText='center', alignVert=method-wrapper(...), anchorHoriz='center', anchorVert='center', antialias=True, autoLog=True, bold=False, color='white', colorSpace='named', contrast=1.0, depth=0.0, flipHoriz=False, flipVert=False, font='Arial', fontFiles=[], height=0.05, italic=False, languageStyle='LTR', name='thank_you', opacity=1.0, ori=0, pos=array([0., 0.]), rgb=array([255., 255., 255.]), text=str(...), units='height', win=Window(...), wrapWidth=1)
5.3481 	EXP 	Imported consent.xlsx as conditions, 3 conditions, 1 params
5.3482 	EXP 	Created sequence: sequential, trialTypes=3, nReps=1, seed=None
5.3484 	EXP 	New trial (rep=0, index=0): OrderedDict([('CONS', 'Consent1.png')])
5.3760 	DATA 	Mouse: wheel shift=(0,0), pos=(1093,1013)
5.3763 	DATA 	Mouse: wheel shift=(0,0), pos=(1093,1013)
5.3913 	EXP 	consent_image_1: image = 'Consent1.png'
5.3913 	EXP 	consent_image_1: autoDraw = True
5.6258 	DATA 	Mouse: wheel shift=(0,0), pos=(1063,1000)
5.8091 	DATA 	Mouse: wheel shift=(0,0), pos=(1134,743)
6.4420 	EXP 	New trial (rep=0, index=1): OrderedDict([('CONS', 'Consent2.png')])
6.4625 	DATA 	Keypress: space
6.4748 	EXP 	consent_image_1: autoDraw = False
6.4748 	EXP 	consent_image_1: image = 'Consent2.png'
6.4748 	EXP 	consent_image_1: autoDraw = True
6.5415 	EXP 	New trial (rep=0, index=2): OrderedDict([('CONS', 'Consent3.png')])
6.5626 	DATA 	Keypress: space
6.5749 	EXP 	consent_image_1: autoDraw = False
6.5749 	EXP 	consent_image_1: image = 'Consent3.png'
6.5749 	EXP 	consent_image_1: autoDraw = True
6.7092 	DATA 	Keypress: space
6.7248 	EXP 	consent_image_1: autoDraw = False
6.7248 	EXP 	consent_image_2: autoDraw = True
6.8598 	DATA 	Keypress: space
7.0599 	DATA 	Keypress: space
7.8098 	DATA 	Keypress: return
7.8131 	EXP 	Imported instructions.xlsx as conditions, 5 conditions, 1 params
7.8133 	EXP 	Created sequence: sequential, trialTypes=5, nReps=1, seed=None
7.8136 	EXP 	New trial (rep=0, index=0): OrderedDict([('INS', 'Instructions1.png')])
7.8410 	EXP 	consent_image_2: autoDraw = False
7.8410 	EXP 	instructions_image_1: image = 'Instructions1.png'
7.8410 	EXP 	instructions_image_1: autoDraw = True
7.9257 	DATA 	Keypress: return
9.0757 	EXP 	New trial (rep=0, index=1): OrderedDict([('INS', 'Instructions2.png')])
9.0943 	DATA 	Keypress: space
9.1088 	EXP 	instructions_image_1: autoDraw = False
9.1088 	EXP 	instructions_image_1: image = 'Instructions2.png'
9.1088 	EXP 	instructions_image_1: autoDraw = True
9.3592 	EXP 	New trial (rep=0, index=2): OrderedDict([('INS', 'Instructions3.png')])
9.3777 	DATA 	Keypress: space
9.3923 	EXP 	instructions_image_1: autoDraw = False
9.3923 	EXP 	instructions_image_1: image = 'Instructions3.png'
9.3923 	EXP 	instructions_image_1: autoDraw = True
9.6443 	EXP 	New trial (rep=0, index=3): OrderedDict([('INS', 'Instructions4.png')])
9.6618 	DATA 	Keypress: space
9.6754 	EXP 	instructions_image_1: autoDraw = False
9.6754 	EXP 	instructions_image_1: image = 'Instructions4.png'
9.6754 	EXP 	instructions_image_1: autoDraw = True
9.8422 	EXP 	New trial (rep=0, index=4): OrderedDict([('INS', 'Instructions5.png')])
9.8610 	DATA 	Keypress: space
9.8756 	EXP 	instructions_image_1: autoDraw = False
9.8756 	EXP 	instructions_image_1: image = 'Instructions5.png'
9.8756 	EXP 	instructions_image_1: autoDraw = True
10.1940 	DATA 	Keypress: space
10.2094 	EXP 	instructions_image_1: autoDraw = False
10.2094 	EXP 	instructions_image_2: autoDraw = True
10.4440 	DATA 	Keypress: space
11.1304 	EXP 	Imported conditions.xlsx as conditions, 9 conditions, 3 params
11.1306 	EXP 	Created sequence: random, trialTypes=9, nReps=1, seed=None
11.1310 	EXP 	New trial (rep=0, index=0): OrderedDict([('Category', 'Occupations'), ('Type', 'Semantic'), ('LET', 'p')])
11.1344 	DATA 	Keypress: 3
11.1433 	EXP 	instructions_image_2: autoDraw = False
11.1433 	EXP 	letter_text: text = 'Occupations'
11.1433 	EXP 	list_text1: text = ''
11.1433 	EXP 	list_text1: pos = [-0.6, 0.15]
11.1433 	EXP 	list_text2: text = ''
11.1433 	EXP 	list_text2: pos = [-0.3, 0.15]
11.1433 	EXP 	list_text3: text = ''
11.1433 	EXP 	list_text3: pos = [0, 0.15]
11.1433 	EXP 	list_text4: text = ''
11.1433 	EXP 	list_text4: pos = [0.3, 0.15]
11.1433 	EXP 	list_text5: text = ''
11.1433 	EXP 	list_text5: pos = [0.6, 0.15]
11.1433 	EXP 	letter_text: font = 'Arial'
11.1433 	EXP 	letter_text: bold = True
11.1433 	EXP 	fixation: autoDraw = True
12.1434 	EXP 	fixation: autoDraw = False
12.1434 	EXP 	timer: autoDraw = True
12.1434 	EXP 	instruct_text: autoDraw = True
12.1434 	EXP 	letter_text: autoDraw = True
12.1434 	EXP 	screen_text: autoDraw = True
12.1434 	EXP 	list_text1: autoDraw = True
12.1434 	EXP 	list_text2: autoDraw = True
12.1434 	EXP 	list_text3: autoDraw = True
12.1434 	EXP 	list_text4: autoDraw = True
12.1434 	EXP 	list_text5: autoDraw = True
12.1434 	EXP 	letter_text: text = 'Occupations'
14.2781 	DATA 	Keypress: escape
14.5388 	EXP 	window1: mouseVisible = True
