0.6131 	WARNING 	We strongly recommend you activate the PTB sound engine in PsychoPy prefs as the preferred audio engine. Its timing is vastly superior. Your prefs are currently set to use ['sounddevice', 'pyo', 'pygame'] (in that order).
4.5836 	EXP 	Created window1 = Window(allowGUI=False, allowStencil=False, args=UNKNOWN, autoLog=True, bitsMode=UNKNOWN, blendMode='avg', bpc=(8, 8, 8), color=array([0., 0., 0.]), colorSpace='rgb', depthBits=8, fullscr=<method-wrapper '__getattribute__' of attributeSetter object at 0x123052a20>, gamma=None, gammaErrorPolicy='raise', kwargs=UNKNOWN, lms=UNKNOWN, monitor=<psychopy.monitors.calibTools.Monitor object at 0x1234128d0>, multiSample=False, name='window1', numSamples=2, pos=[640.0, 360.0], screen=0, size=array([5120, 2880]), stencilBits=0, stereo=False, units='height', useFBO=True, useRetina=True, viewOri=0.0, viewPos=None, viewScale=None, waitBlanking=True, winType='pyglet')
4.5836 	EXP 	window1: recordFrameIntervals = False
4.7500 	EXP 	window1: recordFrameIntervals = True
4.9331 	EXP 	window1: recordFrameIntervals = False
4.9560 	EXP 	Created consent_2 = ImageStim(__class__=<class 'psychopy.visual.image.ImageStim'>, autoLog=True, color=array([1., 1., 1.]), colorSpace='rgb', contrast=1.0, depth=0.0, flipHoriz=False, flipVert=False, image='sin', interpolate=True, mask=None, maskParams=None, name='consent_2', opacity=1.0, ori=0.0, pos=array([0., 0.]), size=array([1280.,  720.]), texRes=128, units='pix', win=Window(...))
5.0184 	EXP 	Created Consent_image = ImageStim(__class__=<class 'psychopy.visual.image.ImageStim'>, autoLog=True, color=array([1., 1., 1.]), colorSpace='rgb', contrast=1.0, depth=0.0, flipHoriz=False, flipVert=False, image='Consent.png', interpolate=True, mask=None, maskParams=None, name='Consent_image', opacity=1.0, ori=0.0, pos=array([0., 0.]), size=array([1280.,  720.]), texRes=128, units='pix', win=Window(...))
5.0196 	EXP 	Created instructions = ImageStim(__class__=<class 'psychopy.visual.image.ImageStim'>, autoLog=True, color=array([1., 1., 1.]), colorSpace='rgb', contrast=1.0, depth=0.0, flipHoriz=False, flipVert=False, image='sin', interpolate=True, mask=None, maskParams=None, name='instructions', opacity=1.0, ori=0.0, pos=array([0., 0.]), size=array([1280.,  720.]), texRes=512, units='pix', win=Window(...))
5.0504 	EXP 	Created instructions_image_2 = ImageStim(__class__=<class 'psychopy.visual.image.ImageStim'>, autoLog=True, color=array([1., 1., 1.]), colorSpace='rgb', contrast=1.0, depth=0.0, flipHoriz=False, flipVert=False, image='Instructions6.png', interpolate=True, mask=None, maskParams=None, name='instructions_image_2', opacity=1.0, ori=0.0, pos=array([0., 0.]), size=array([1280.,  720.]), texRes=128, units='pix', win=Window(...))
5.1108 	EXP 	Created fixation = TextStim(__class__=<class 'psychopy.visual.text.TextStim'>, alignHoriz=method-wrapper(...), alignText='center', alignVert=method-wrapper(...), anchorHoriz='center', anchorVert='center', antialias=True, autoLog=True, bold=False, color='white', colorSpace='named', contrast=1.0, depth=0.0, flipHoriz=False, flipVert=False, font='Arial', fontFiles=[], height=0.1, italic=False, languageStyle='LTR', name='fixation', opacity=1.0, ori=0, pos=array([0., 0.]), rgb=array([255., 255., 255.]), text='+', units='height', win=Window(...), wrapWidth=1)
5.1178 	EXP 	Created timer = TextStim(__class__=<class 'psychopy.visual.text.TextStim'>, alignHoriz=method-wrapper(...), alignText='center', alignVert=method-wrapper(...), anchorHoriz='center', anchorVert='center', antialias=True, autoLog=True, bold=False, color='white', colorSpace='named', contrast=1.0, depth=-1.0, flipHoriz=False, flipVert=False, font='Arial', fontFiles=[], height=0.05, italic=False, languageStyle='LTR', name='timer', opacity=1.0, ori=0, pos=array([-0.7,  0.4]), rgb=array([255., 255., 255.]), text='default text', units='height', win=Window(...), wrapWidth=1)
5.1313 	EXP 	Created instruct_text = TextStim(__class__=<class 'psychopy.visual.text.TextStim'>, alignHoriz=method-wrapper(...), alignText='center', alignVert=method-wrapper(...), anchorHoriz='center', anchorVert='center', antialias=True, autoLog=True, bold=False, color='white', colorSpace='named', contrast=1.0, depth=-2.0, flipHoriz=False, flipVert=False, font='Arial', fontFiles=[], height=0.05, italic=False, languageStyle='LTR', name='instruct_text', opacity=1.0, ori=0, pos=array([0. , 0.4]), rgb=array([255., 255., 255.]), text=str(...), units='height', win=Window(...), wrapWidth=1)
5.1331 	EXP 	Created letter_text = TextStim(__class__=<class 'psychopy.visual.text.TextStim'>, alignHoriz=method-wrapper(...), alignText='center', alignVert=method-wrapper(...), anchorHoriz='center', anchorVert='center', antialias=True, autoLog=True, bold=False, color='white', colorSpace='named', contrast=1.0, depth=-3.0, flipHoriz=False, flipVert=False, font='Arial', fontFiles=[], height=0.05, italic=False, languageStyle='LTR', name='letter_text', opacity=1.0, ori=0, pos=array([0.  , 0.28]), rgb=array([255., 255., 255.]), text='default text', units='height', win=Window(...), wrapWidth=1)
5.1335 	EXP 	Created screen_text = TextStim(__class__=<class 'psychopy.visual.text.TextStim'>, alignHoriz=method-wrapper(...), alignText='center', alignVert=method-wrapper(...), anchorHoriz='center', anchorVert='center', antialias=True, autoLog=True, bold=False, color='white', colorSpace='named', contrast=1.0, depth=-4.0, flipHoriz=False, flipVert=False, font='Arial', fontFiles=[], height=0.05, italic=False, languageStyle='LTR', name='screen_text', opacity=1.0, ori=0, pos=array([0. , 0.2]), rgb=array([255., 255., 255.]), text='', units='height', win=Window(...), wrapWidth=1)
5.1339 	EXP 	Created list_text1 = TextStim(__class__=<class 'psychopy.visual.text.TextStim'>, alignHoriz=method-wrapper(...), alignText='center', alignVert=method-wrapper(...), anchorHoriz='center', anchorVert='center', antialias=True, autoLog=True, bold=False, color='white', colorSpace='named', contrast=1.0, depth=-5.0, flipHoriz=False, flipVert=False, font='Arial', fontFiles=[], height=0.05, italic=False, languageStyle='LTR', name='list_text1', opacity=1.0, ori=0, pos=array([0., 0.]), rgb=array([255., 255., 255.]), text='', units='height', win=Window(...), wrapWidth=1)
5.1343 	EXP 	Created list_text2 = TextStim(__class__=<class 'psychopy.visual.text.TextStim'>, alignHoriz=method-wrapper(...), alignText='center', alignVert=method-wrapper(...), anchorHoriz='center', anchorVert='center', antialias=True, autoLog=True, bold=False, color='white', colorSpace='named', contrast=1.0, depth=-6.0, flipHoriz=False, flipVert=False, font='Arial', fontFiles=[], height=0.05, italic=False, languageStyle='LTR', name='list_text2', opacity=1.0, ori=0, pos=array([0., 0.]), rgb=array([255., 255., 255.]), text='', units='height', win=Window(...), wrapWidth=1)
5.1346 	EXP 	Created list_text3 = TextStim(__class__=<class 'psychopy.visual.text.TextStim'>, alignHoriz=method-wrapper(...), alignText='center', alignVert=method-wrapper(...), anchorHoriz='center', anchorVert='center', antialias=True, autoLog=True, bold=False, color='white', colorSpace='named', contrast=1.0, depth=-7.0, flipHoriz=False, flipVert=False, font='Arial', fontFiles=[], height=0.05, italic=False, languageStyle='LTR', name='list_text3', opacity=1.0, ori=0, pos=array([0., 0.]), rgb=array([255., 255., 255.]), text='', units='height', win=Window(...), wrapWidth=1)
5.1350 	EXP 	Created list_text4 = TextStim(__class__=<class 'psychopy.visual.text.TextStim'>, alignHoriz=method-wrapper(...), alignText='center', alignVert=method-wrapper(...), anchorHoriz='center', anchorVert='center', antialias=True, autoLog=True, bold=False, color='white', colorSpace='named', contrast=1.0, depth=-8.0, flipHoriz=False, flipVert=False, font='Arial', fontFiles=[], height=0.05, italic=False, languageStyle='LTR', name='list_text4', opacity=1.0, ori=0, pos=array([0., 0.]), rgb=array([255., 255., 255.]), text='', units='height', win=Window(...), wrapWidth=1)
5.1354 	EXP 	Created list_text5 = TextStim(__class__=<class 'psychopy.visual.text.TextStim'>, alignHoriz=method-wrapper(...), alignText='center', alignVert=method-wrapper(...), anchorHoriz='center', anchorVert='center', antialias=True, autoLog=True, bold=False, color='white', colorSpace='named', contrast=1.0, depth=-9.0, flipHoriz=False, flipVert=False, font='Arial', fontFiles=[], height=0.05, italic=False, languageStyle='LTR', name='list_text5', opacity=1.0, ori=0, pos=array([0., 0.]), rgb=array([255., 255., 255.]), text='', units='height', win=Window(...), wrapWidth=1)
5.1364 	EXP 	Created fixation_1 = TextStim(__class__=<class 'psychopy.visual.text.TextStim'>, alignHoriz=method-wrapper(...), alignText='center', alignVert=method-wrapper(...), anchorHoriz='center', anchorVert='center', antialias=True, autoLog=True, bold=False, color='white', colorSpace='named', contrast=1.0, depth=0.0, flipHoriz=False, flipVert=False, font='Arial', fontFiles=[], height=0.1, italic=False, languageStyle='LTR', name='fixation_1', opacity=1.0, ori=0, pos=array([0., 0.]), rgb=array([255., 255., 255.]), text='+', units='height', win=Window(...), wrapWidth=1)
5.1416 	EXP 	Created difficulty_question = TextStim(__class__=<class 'psychopy.visual.text.TextStim'>, alignHoriz=method-wrapper(...), alignText='center', alignVert=method-wrapper(...), anchorHoriz='center', anchorVert='center', antialias=True, autoLog=True, bold=False, color='white', colorSpace='named', contrast=1.0, depth=-1.0, flipHoriz=False, flipVert=False, font='Arial', fontFiles=[], height=0.05, italic=False, languageStyle='LTR', name='difficulty_question', opacity=1.0, ori=0, pos=array([0. , 0.2]), rgb=array([255., 255., 255.]), text=str(...), units='height', win=Window(...), wrapWidth=1)
5.1484 	EXP 	Created options = TextStim(__class__=<class 'psychopy.visual.text.TextStim'>, alignHoriz=method-wrapper(...), alignText='center', alignVert=method-wrapper(...), anchorHoriz='center', anchorVert='center', antialias=True, autoLog=True, bold=False, color='white', colorSpace='named', contrast=1.0, depth=-2.0, flipHoriz=False, flipVert=False, font='Arial', fontFiles=[], height=0.05, italic=False, languageStyle='LTR', name='options', opacity=1.0, ori=0, pos=array([0., 0.]), rgb=array([255., 255., 255.]), text=str(...), units='height', win=Window(...), wrapWidth=1)
5.1571 	EXP 	Created anchor_1 = TextStim(__class__=<class 'psychopy.visual.text.TextStim'>, alignHoriz=method-wrapper(...), alignText='center', alignVert=method-wrapper(...), anchorHoriz='center', anchorVert='center', antialias=True, autoLog=True, bold=False, color='white', colorSpace='named', contrast=1.0, depth=-3.0, flipHoriz=False, flipVert=False, font='Arial', fontFiles=[], height=0.04, italic=False, languageStyle='LTR', name='anchor_1', opacity=1.0, ori=0, pos=array([-0.4, -0.2]), rgb=array([255., 255., 255.]), text='Not difficult at all', units='height', win=Window(...), wrapWidth=1)
5.1617 	EXP 	Created anchor_2 = TextStim(__class__=<class 'psychopy.visual.text.TextStim'>, alignHoriz=method-wrapper(...), alignText='center', alignVert=method-wrapper(...), anchorHoriz='center', anchorVert='center', antialias=True, autoLog=True, bold=False, color='white', colorSpace='named', contrast=1.0, depth=-4.0, flipHoriz=False, flipVert=False, font='Arial', fontFiles=[], height=0.04, italic=False, languageStyle='LTR', name='anchor_2', opacity=1.0, ori=0, pos=array([ 0.4, -0.2]), rgb=array([255., 255., 255.]), text='Very Difficult\n', units='height', win=Window(...), wrapWidth=1)
5.1825 	EXP 	Created text_other = TextStim(__class__=<class 'psychopy.visual.text.TextStim'>, alignHoriz=method-wrapper(...), alignText='center', alignVert=method-wrapper(...), anchorHoriz='center', anchorVert='center', antialias=True, autoLog=True, bold=False, color='white', colorSpace='named', contrast=1.0, depth=0.0, flipHoriz=False, flipVert=False, font='Arial', fontFiles=[], height=0.05, italic=False, languageStyle='LTR', name='text_other', opacity=1.0, ori=0, pos=array([0.  , 0.25]), rgb=array([255., 255., 255.]), text=str(...), units='height', win=Window(...), wrapWidth=1)
5.1830 	EXP 	Created text = TextStim(__class__=<class 'psychopy.visual.text.TextStim'>, alignHoriz=method-wrapper(...), alignText='center', alignVert=method-wrapper(...), anchorHoriz='center', anchorVert='center', antialias=True, autoLog=True, bold=False, color='white', colorSpace='named', contrast=1.0, depth=-1.0, flipHoriz=False, flipVert=False, font='Arial', fontFiles=[], height=0.05, italic=False, languageStyle='LTR', name='text', opacity=1.0, ori=0, pos=array([0., 0.]), rgb=array([255., 255., 255.]), text='', units='height', win=Window(...), wrapWidth=1)
5.1854 	EXP 	Created text_2 = TextStim(__class__=<class 'psychopy.visual.text.TextStim'>, alignHoriz=method-wrapper(...), alignText='center', alignVert=method-wrapper(...), anchorHoriz='center', anchorVert='center', antialias=True, autoLog=True, bold=False, color='white', colorSpace='named', contrast=1.0, depth=0.0, flipHoriz=False, flipVert=False, font='Arial', fontFiles=[], height=0.05, italic=False, languageStyle='LTR', name='text_2', opacity=1.0, ori=0, pos=array([0.  , 0.27]), rgb=array([255., 255., 255.]), text='PRESS', units='height', win=Window(...), wrapWidth=1)
5.1873 	EXP 	Created text_3 = TextStim(__class__=<class 'psychopy.visual.text.TextStim'>, alignHoriz=method-wrapper(...), alignText='center', alignVert=method-wrapper(...), anchorHoriz='center', anchorVert='center', antialias=True, autoLog=True, bold=False, color='red', colorSpace='named', contrast=1.0, depth=-1.0, flipHoriz=False, flipVert=False, font='Arial', fontFiles=[], height=0.05, italic=False, languageStyle='LTR', name='text_3', opacity=1.0, ori=0, pos=array([0., 0.]), rgb=array([255.,   0.,   0.]), text='default text', units='height', win=Window(...), wrapWidth=1)
5.1894 	EXP 	Created text_4 = TextStim(__class__=<class 'psychopy.visual.text.TextStim'>, alignHoriz=method-wrapper(...), alignText='center', alignVert=method-wrapper(...), anchorHoriz='center', anchorVert='center', antialias=True, autoLog=True, bold=False, color='white', colorSpace='named', contrast=1.0, depth=-2.0, flipHoriz=False, flipVert=False, font='Arial', fontFiles=[], height=0.05, italic=False, languageStyle='LTR', name='text_4', opacity=1.0, ori=0, pos=array([ 0.  , -0.25]), rgb=array([255., 255., 255.]), text='to continue to the next trial.', units='height', win=Window(...), wrapWidth=1)
5.2043 	EXP 	Created thank_you = TextStim(__class__=<class 'psychopy.visual.text.TextStim'>, alignHoriz=method-wrapper(...), alignText='center', alignVert=method-wrapper(...), anchorHoriz='center', anchorVert='center', antialias=True, autoLog=True, bold=False, color='white', colorSpace='named', contrast=1.0, depth=0.0, flipHoriz=False, flipVert=False, font='Arial', fontFiles=[], height=0.05, italic=False, languageStyle='LTR', name='thank_you', opacity=1.0, ori=0, pos=array([0., 0.]), rgb=array([255., 255., 255.]), text=str(...), units='height', win=Window(...), wrapWidth=1)
5.2096 	EXP 	Imported consent.xlsx as conditions, 3 conditions, 1 params
5.2097 	EXP 	Created sequence: sequential, trialTypes=3, nReps=1, seed=None
5.2099 	EXP 	New trial (rep=0, index=0): OrderedDict([('CONS', 'Consent1.png')])
5.2494 	EXP 	consent_2: image = 'Consent1.png'
5.2494 	EXP 	consent_2: autoDraw = True
15.7867 	EXP 	New trial (rep=0, index=1): OrderedDict([('CONS', 'Consent2.png')])
15.8068 	DATA 	Keypress: space
15.8195 	EXP 	consent_2: autoDraw = False
15.8195 	EXP 	consent_2: image = 'Consent2.png'
15.8195 	EXP 	consent_2: autoDraw = True
18.7703 	EXP 	New trial (rep=0, index=2): OrderedDict([('CONS', 'Consent3.png')])
18.7892 	DATA 	Keypress: space
18.8036 	EXP 	consent_2: autoDraw = False
18.8036 	EXP 	consent_2: image = 'Consent3.png'
18.8036 	EXP 	consent_2: autoDraw = True
19.5553 	DATA 	Keypress: space
19.5714 	EXP 	consent_2: autoDraw = False
19.5714 	EXP 	Consent_image: autoDraw = True
22.0390 	DATA 	Keypress: return
22.0422 	EXP 	Imported instructions.xlsx as conditions, 5 conditions, 1 params
22.0424 	EXP 	Created sequence: sequential, trialTypes=5, nReps=1, seed=None
22.0425 	EXP 	New trial (rep=0, index=0): OrderedDict([('INS', 'Instructions1.png')])
22.0713 	EXP 	Consent_image: autoDraw = False
22.0713 	EXP 	instructions: image = 'Instructions1.png'
22.0713 	EXP 	instructions: autoDraw = True
22.9390 	EXP 	New trial (rep=0, index=1): OrderedDict([('INS', 'Instructions2.png')])
22.9567 	DATA 	Keypress: space
22.9713 	EXP 	instructions: autoDraw = False
22.9713 	EXP 	instructions: image = 'Instructions2.png'
22.9713 	EXP 	instructions: autoDraw = True
24.7232 	EXP 	New trial (rep=0, index=2): OrderedDict([('INS', 'Instructions3.png')])
24.7407 	DATA 	Keypress: space
24.7567 	EXP 	instructions: autoDraw = False
24.7567 	EXP 	instructions: image = 'Instructions3.png'
24.7567 	EXP 	instructions: autoDraw = True
25.3398 	EXP 	New trial (rep=0, index=3): OrderedDict([('INS', 'Instructions4.png')])
25.3579 	DATA 	Keypress: space
25.3733 	EXP 	instructions: autoDraw = False
25.3733 	EXP 	instructions: image = 'Instructions4.png'
25.3733 	EXP 	instructions: autoDraw = True
25.9238 	EXP 	New trial (rep=0, index=4): OrderedDict([('INS', 'Instructions5.png')])
25.9417 	DATA 	Keypress: space
25.9555 	EXP 	instructions: autoDraw = False
25.9555 	EXP 	instructions: image = 'Instructions5.png'
25.9555 	EXP 	instructions: autoDraw = True
27.1077 	DATA 	Keypress: space
27.1225 	EXP 	instructions: autoDraw = False
27.1225 	EXP 	instructions_image_2: autoDraw = True
28.5749 	DATA 	Keypress: space
30.5136 	EXP 	Imported conditions.xlsx as conditions, 9 conditions, 3 params
30.5138 	EXP 	Created sequence: random, trialTypes=9, nReps=1, seed=None
30.5147 	EXP 	New trial (rep=0, index=0): OrderedDict([('Category', 'Things in a kitchen'), ('Type', 'Spatial'), ('LET', 'j')])
30.5179 	DATA 	Keypress: g
30.5405 	EXP 	instructions_image_2: autoDraw = False
30.5405 	EXP 	letter_text: text = 'Things in a kitchen'
30.5405 	EXP 	list_text1: text = ''
30.5405 	EXP 	list_text1: pos = [-0.6, 0.15]
30.5405 	EXP 	list_text2: text = ''
30.5405 	EXP 	list_text2: pos = [-0.3, 0.15]
30.5405 	EXP 	list_text3: text = ''
30.5405 	EXP 	list_text3: pos = [0, 0.15]
30.5405 	EXP 	list_text4: text = ''
30.5405 	EXP 	list_text4: pos = [0.3, 0.15]
30.5405 	EXP 	list_text5: text = ''
30.5405 	EXP 	list_text5: pos = [0.6, 0.15]
30.5405 	EXP 	letter_text: font = 'Arial'
30.5405 	EXP 	letter_text: bold = True
30.5405 	EXP 	fixation: autoDraw = True
31.5244 	EXP 	timer: autoDraw = True
31.5244 	EXP 	instruct_text: autoDraw = True
31.5244 	EXP 	letter_text: autoDraw = True
31.5244 	EXP 	screen_text: autoDraw = True
31.5244 	EXP 	list_text1: autoDraw = True
31.5244 	EXP 	list_text2: autoDraw = True
31.5244 	EXP 	list_text3: autoDraw = True
31.5244 	EXP 	list_text4: autoDraw = True
31.5244 	EXP 	list_text5: autoDraw = True
31.5244 	EXP 	letter_text: text = 'Things in a kitchen'
31.5410 	EXP 	fixation: autoDraw = False
78.9244 	DATA 	Keypress: b
78.9396 	EXP 	screen_text: text = 'b'
78.9906 	DATA 	Keypress: o
79.0062 	EXP 	screen_text: text = 'bo'
79.0904 	DATA 	Keypress: w
79.1058 	EXP 	screen_text: text = 'bow'
79.1406 	DATA 	Keypress: l
79.1562 	EXP 	screen_text: text = 'bowl'
79.2736 	DATA 	Keypress: return
79.2892 	EXP 	screen_text: text = 'bowl'
79.2892 	EXP 	screen_text: text = ''
79.2892 	EXP 	list_text1: pos = array([-0.6   ,  0.1216])
79.2892 	EXP 	list_text1: text = '\nbowl'
80.3747 	DATA 	Keypress: k
80.3936 	EXP 	screen_text: text = 'k'
80.4788 	DATA 	Keypress: e
80.4899 	EXP 	screen_text: text = 'ke'
80.6243 	DATA 	Keypress: t
80.6443 	EXP 	screen_text: text = 'ket'
80.8134 	DATA 	Keypress: c
80.8441 	EXP 	screen_text: text = 'ketc'
80.8912 	DATA 	Keypress: h
80.9103 	EXP 	screen_text: text = 'ketch'
81.0294 	DATA 	Keypress: u
81.0439 	EXP 	screen_text: text = 'ketchu'
81.1911 	DATA 	Keypress: p
81.2109 	EXP 	screen_text: text = 'ketchup'
81.4092 	DATA 	Keypress: return
81.4440 	EXP 	screen_text: text = 'ketchup'
81.4440 	EXP 	screen_text: text = ''
81.4440 	EXP 	list_text1: pos = array([-0.6   ,  0.0932])
81.4440 	EXP 	list_text1: text = '\nbowl\nketchup'
82.1978 	DATA 	Keypress: b
82.2274 	EXP 	screen_text: text = 'b'
82.2626 	DATA 	Keypress: a
82.2735 	EXP 	screen_text: text = 'ba'
82.3745 	DATA 	Keypress: n
82.3943 	EXP 	screen_text: text = 'ban'
82.4456 	DATA 	Keypress: a
82.4569 	EXP 	screen_text: text = 'bana'
82.5116 	DATA 	Keypress: n
82.5278 	EXP 	screen_text: text = 'banan'
82.5952 	DATA 	Keypress: a
82.6115 	EXP 	screen_text: text = 'banana'
82.7146 	DATA 	Keypress: s
82.7444 	EXP 	screen_text: text = 'bananas'
82.8785 	DATA 	Keypress: return
82.8946 	EXP 	screen_text: text = 'bananas'
82.8946 	EXP 	screen_text: text = ''
82.8946 	EXP 	list_text1: pos = array([-0.6   ,  0.0648])
82.8946 	EXP 	list_text1: text = '\nbowl\nketchup\nbananas'
83.5804 	DATA 	Keypress: f
83.5908 	EXP 	screen_text: text = 'f'
83.6091 	DATA 	Keypress: o
83.6282 	EXP 	screen_text: text = 'fo'
83.7294 	DATA 	Keypress: r
83.7413 	EXP 	screen_text: text = 'for'
83.7947 	DATA 	Keypress: k
83.8247 	EXP 	screen_text: text = 'fork'
83.9757 	DATA 	Keypress: return
83.9913 	EXP 	screen_text: text = 'fork'
83.9913 	EXP 	screen_text: text = ''
83.9913 	EXP 	list_text1: pos = array([-0.6   ,  0.0364])
83.9913 	EXP 	list_text1: text = '\nbowl\nketchup\nbananas\nfork'
84.6615 	DATA 	Keypress: s
84.6910 	EXP 	screen_text: text = 's'
84.7301 	DATA 	Keypress: p
84.7416 	EXP 	screen_text: text = 'sp'
84.8597 	DATA 	Keypress: o
84.8749 	EXP 	screen_text: text = 'spo'
84.9805 	DATA 	Keypress: o
84.9912 	EXP 	screen_text: text = 'spoo'
85.1114 	DATA 	Keypress: o
85.1459 	EXP 	screen_text: text = 'spooo'
85.2593 	DATA 	Keypress: n
85.2744 	EXP 	screen_text: text = 'spooon'
85.5261 	DATA 	Keypress: backspace
85.5455 	EXP 	screen_text: text = 'spooo'
85.6418 	DATA 	Keypress: backspace
85.6618 	EXP 	screen_text: text = 'spoo'
85.6964 	DATA 	Keypress: n
85.7082 	EXP 	screen_text: text = 'spoon'
85.8088 	DATA 	Keypress: return
85.8288 	EXP 	screen_text: text = 'spoon'
85.8288 	EXP 	screen_text: text = ''
85.8288 	EXP 	list_text1: pos = array([-0.6  ,  0.008])
85.8288 	EXP 	list_text1: text = '\nbowl\nketchup\nbananas\nfork\nspoon'
121.5398 	EXP 	fixation: autoDraw = False
121.5398 	EXP 	timer: autoDraw = False
121.5398 	EXP 	instruct_text: autoDraw = False
121.5398 	EXP 	letter_text: autoDraw = False
121.5398 	EXP 	screen_text: autoDraw = False
121.5398 	EXP 	list_text1: autoDraw = False
121.5398 	EXP 	list_text2: autoDraw = False
121.5398 	EXP 	list_text3: autoDraw = False
121.5398 	EXP 	list_text4: autoDraw = False
121.5398 	EXP 	list_text5: autoDraw = False
121.5398 	EXP 	fixation_1: autoDraw = True
122.5063 	EXP 	difficulty_question: autoDraw = True
122.5063 	EXP 	options: autoDraw = True
122.5063 	EXP 	anchor_1: autoDraw = True
122.5063 	EXP 	anchor_2: autoDraw = True
122.5397 	EXP 	fixation_1: autoDraw = False
126.0393 	DATA 	Keypress: 3
126.0575 	EXP 	fixation_1: autoDraw = False
126.0575 	EXP 	difficulty_question: autoDraw = False
126.0575 	EXP 	options: autoDraw = False
126.0575 	EXP 	anchor_1: autoDraw = False
126.0575 	EXP 	anchor_2: autoDraw = False
126.0575 	EXP 	text: text = ''
126.0575 	EXP 	text_other: autoDraw = True
126.0575 	EXP 	text: autoDraw = True
127.3579 	DATA 	Keypress: lshift
127.4763 	DATA 	Keypress: i
127.4919 	EXP 	text: text = 'I'
127.6096 	DATA 	Keypress: t
127.6254 	EXP 	text: text = 'It'
127.6601 	DATA 	Keypress: space
127.6917 	EXP 	text: text = 'It '
127.7594 	DATA 	Keypress: p
127.7750 	EXP 	text: text = 'It p'
127.8260 	DATA 	Keypress: o
127.8416 	EXP 	text: text = 'It po'
127.9933 	DATA 	Keypress: p
128.0081 	EXP 	text: text = 'It pop'
128.1091 	DATA 	Keypress: p
128.1248 	EXP 	text: text = 'It popp'
128.1932 	DATA 	Keypress: e
128.2088 	EXP 	text: text = 'It poppe'
128.2432 	DATA 	Keypress: d
128.2585 	EXP 	text: text = 'It popped'
128.3769 	DATA 	Keypress: space
128.3884 	EXP 	text: text = 'It popped '
128.4563 	DATA 	Keypress: i
128.4710 	EXP 	text: text = 'It popped i'
128.5610 	DATA 	Keypress: n
128.5713 	EXP 	text: text = 'It popped in'
129.1231 	DATA 	Keypress: space
129.1386 	EXP 	text: text = 'It popped in '
129.2064 	DATA 	Keypress: m
129.2221 	EXP 	text: text = 'It popped in m'
129.3940 	DATA 	Keypress: y
129.4049 	EXP 	text: text = 'It popped in my'
129.4398 	DATA 	Keypress: space
129.4552 	EXP 	text: text = 'It popped in my '
129.5896 	DATA 	Keypress: h
129.6054 	EXP 	text: text = 'It popped in my h'
129.6234 	DATA 	Keypress: e
129.6388 	EXP 	text: text = 'It popped in my he'
129.6561 	DATA 	Keypress: a
129.6713 	EXP 	text: text = 'It popped in my hea'
129.7561 	DATA 	Keypress: d
129.7758 	EXP 	text: text = 'It popped in my head'
129.8556 	DATA 	Keypress: return
129.8721 	EXP 	text_other: autoDraw = False
129.8721 	EXP 	text: autoDraw = False
129.8721 	EXP 	text_3: text = 'j'
129.8721 	EXP 	text_2: autoDraw = True
129.8721 	EXP 	text_3: autoDraw = True
129.8721 	EXP 	text_4: autoDraw = True
135.4626 	EXP 	New trial (rep=0, index=1): OrderedDict([('Category', 'Words that start with A'), ('Type', 'Phonemic'), ('LET', 'j')])
135.4674 	DATA 	Keypress: p
135.4775 	EXP 	text_2: autoDraw = False
135.4775 	EXP 	text_3: autoDraw = False
135.4775 	EXP 	text_4: autoDraw = False
135.4775 	EXP 	letter_text: text = 'Words that start with A'
135.4775 	EXP 	list_text1: text = ''
135.4775 	EXP 	list_text1: pos = [-0.6, 0.15]
135.4775 	EXP 	list_text2: text = ''
135.4775 	EXP 	list_text2: pos = [-0.3, 0.15]
135.4775 	EXP 	list_text3: text = ''
135.4775 	EXP 	list_text3: pos = [0, 0.15]
135.4775 	EXP 	list_text4: text = ''
135.4775 	EXP 	list_text4: pos = [0.3, 0.15]
135.4775 	EXP 	list_text5: text = ''
135.4775 	EXP 	list_text5: pos = [0.6, 0.15]
135.4775 	EXP 	letter_text: font = 'Arial'
135.4775 	EXP 	letter_text: bold = True
135.4775 	EXP 	fixation: autoDraw = True
136.4610 	EXP 	timer: autoDraw = True
136.4610 	EXP 	instruct_text: autoDraw = True
136.4610 	EXP 	letter_text: autoDraw = True
136.4610 	EXP 	screen_text: autoDraw = True
136.4610 	EXP 	list_text1: autoDraw = True
136.4610 	EXP 	list_text2: autoDraw = True
136.4610 	EXP 	list_text3: autoDraw = True
136.4610 	EXP 	list_text4: autoDraw = True
136.4610 	EXP 	list_text5: autoDraw = True
136.4610 	EXP 	letter_text: text = 'Words that start with A'
136.4776 	EXP 	fixation: autoDraw = False
140.1766 	DATA 	Keypress: escape
140.4407 	EXP 	window1: mouseVisible = True
