0.6065 	WARNING 	We strongly recommend you activate the PTB sound engine in PsychoPy prefs as the preferred audio engine. Its timing is vastly superior. Your prefs are currently set to use ['sounddevice', 'pyo', 'pygame'] (in that order).
7.6599 	EXP 	Created window1 = Window(allowGUI=False, allowStencil=False, args=UNKNOWN, autoLog=True, bitsMode=UNKNOWN, blendMode='avg', bpc=(8, 8, 8), color=array([0., 0., 0.]), colorSpace='rgb', depthBits=8, fullscr=<method-wrapper '__getattribute__' of attributeSetter object at 0x11936a908>, gamma=None, gammaErrorPolicy='raise', kwargs=UNKNOWN, lms=UNKNOWN, monitor=<psychopy.monitors.calibTools.Monitor object at 0x1090fe7b8>, multiSample=False, name='window1', numSamples=2, pos=[640.0, 360.0], screen=0, size=array([5120, 2880]), stencilBits=0, stereo=False, units='height', useFBO=True, useRetina=True, viewOri=0.0, viewPos=None, viewScale=None, waitBlanking=True, winType='pyglet')
7.6599 	EXP 	window1: recordFrameIntervals = False
7.8264 	EXP 	window1: recordFrameIntervals = True
8.0108 	EXP 	window1: recordFrameIntervals = False
8.0395 	EXP 	Created consent_2 = ImageStim(__class__=<class 'psychopy.visual.image.ImageStim'>, autoLog=True, color=array([1., 1., 1.]), colorSpace='rgb', contrast=1.0, depth=0.0, flipHoriz=False, flipVert=False, image='sin', interpolate=True, mask=None, maskParams=None, name='consent_2', opacity=1.0, ori=0.0, pos=array([0., 0.]), size=array([1280.,  720.]), texRes=128, units='pix', win=Window(...))
8.1029 	EXP 	Created Consent_image = ImageStim(__class__=<class 'psychopy.visual.image.ImageStim'>, autoLog=True, color=array([1., 1., 1.]), colorSpace='rgb', contrast=1.0, depth=0.0, flipHoriz=False, flipVert=False, image='Consent.png', interpolate=True, mask=None, maskParams=None, name='Consent_image', opacity=1.0, ori=0.0, pos=array([0., 0.]), size=array([1280.,  720.]), texRes=128, units='pix', win=Window(...))
8.1043 	EXP 	Created instructions = ImageStim(__class__=<class 'psychopy.visual.image.ImageStim'>, autoLog=True, color=array([1., 1., 1.]), colorSpace='rgb', contrast=1.0, depth=0.0, flipHoriz=False, flipVert=False, image='sin', interpolate=True, mask=None, maskParams=None, name='instructions', opacity=1.0, ori=0.0, pos=array([0., 0.]), size=array([1280.,  720.]), texRes=512, units='pix', win=Window(...))
8.1779 	EXP 	Created fixation = TextStim(__class__=<class 'psychopy.visual.text.TextStim'>, alignHoriz=method-wrapper(...), alignText='center', alignVert=method-wrapper(...), anchorHoriz='center', anchorVert='center', antialias=True, autoLog=True, bold=False, color='white', colorSpace='named', contrast=1.0, depth=0.0, flipHoriz=False, flipVert=False, font='Arial', fontFiles=[], height=0.1, italic=False, languageStyle='LTR', name='fixation', opacity=1.0, ori=0, pos=array([0., 0.]), rgb=array([255., 255., 255.]), text='+', units='height', win=Window(...), wrapWidth=1)
8.1849 	EXP 	Created timer = TextStim(__class__=<class 'psychopy.visual.text.TextStim'>, alignHoriz=method-wrapper(...), alignText='center', alignVert=method-wrapper(...), anchorHoriz='center', anchorVert='center', antialias=True, autoLog=True, bold=False, color='white', colorSpace='named', contrast=1.0, depth=-1.0, flipHoriz=False, flipVert=False, font='Arial', fontFiles=[], height=0.05, italic=False, languageStyle='LTR', name='timer', opacity=1.0, ori=0, pos=array([-0.7,  0.4]), rgb=array([255., 255., 255.]), text='default text', units='height', win=Window(...), wrapWidth=1)
8.1983 	EXP 	Created instruct_text = TextStim(__class__=<class 'psychopy.visual.text.TextStim'>, alignHoriz=method-wrapper(...), alignText='center', alignVert=method-wrapper(...), anchorHoriz='center', anchorVert='center', antialias=True, autoLog=True, bold=False, color='white', colorSpace='named', contrast=1.0, depth=-2.0, flipHoriz=False, flipVert=False, font='Arial', fontFiles=[], height=0.05, italic=False, languageStyle='LTR', name='instruct_text', opacity=1.0, ori=0, pos=array([0. , 0.4]), rgb=array([255., 255., 255.]), text=str(...), units='height', win=Window(...), wrapWidth=1)
8.2001 	EXP 	Created letter_text = TextStim(__class__=<class 'psychopy.visual.text.TextStim'>, alignHoriz=method-wrapper(...), alignText='center', alignVert=method-wrapper(...), anchorHoriz='center', anchorVert='center', antialias=True, autoLog=True, bold=False, color='white', colorSpace='named', contrast=1.0, depth=-3.0, flipHoriz=False, flipVert=False, font='Arial', fontFiles=[], height=0.05, italic=False, languageStyle='LTR', name='letter_text', opacity=1.0, ori=0, pos=array([0.  , 0.28]), rgb=array([255., 255., 255.]), text='default text', units='height', win=Window(...), wrapWidth=1)
8.2005 	EXP 	Created screen_text = TextStim(__class__=<class 'psychopy.visual.text.TextStim'>, alignHoriz=method-wrapper(...), alignText='center', alignVert=method-wrapper(...), anchorHoriz='center', anchorVert='center', antialias=True, autoLog=True, bold=False, color='white', colorSpace='named', contrast=1.0, depth=-4.0, flipHoriz=False, flipVert=False, font='Arial', fontFiles=[], height=0.05, italic=False, languageStyle='LTR', name='screen_text', opacity=1.0, ori=0, pos=array([0. , 0.2]), rgb=array([255., 255., 255.]), text='', units='height', win=Window(...), wrapWidth=1)
8.2008 	EXP 	Created list_text1 = TextStim(__class__=<class 'psychopy.visual.text.TextStim'>, alignHoriz=method-wrapper(...), alignText='center', alignVert=method-wrapper(...), anchorHoriz='center', anchorVert='center', antialias=True, autoLog=True, bold=False, color='white', colorSpace='named', contrast=1.0, depth=-5.0, flipHoriz=False, flipVert=False, font='Arial', fontFiles=[], height=0.05, italic=False, languageStyle='LTR', name='list_text1', opacity=1.0, ori=0, pos=array([0., 0.]), rgb=array([255., 255., 255.]), text='', units='height', win=Window(...), wrapWidth=1)
8.2012 	EXP 	Created list_text2 = TextStim(__class__=<class 'psychopy.visual.text.TextStim'>, alignHoriz=method-wrapper(...), alignText='center', alignVert=method-wrapper(...), anchorHoriz='center', anchorVert='center', antialias=True, autoLog=True, bold=False, color='white', colorSpace='named', contrast=1.0, depth=-6.0, flipHoriz=False, flipVert=False, font='Arial', fontFiles=[], height=0.05, italic=False, languageStyle='LTR', name='list_text2', opacity=1.0, ori=0, pos=array([0., 0.]), rgb=array([255., 255., 255.]), text='', units='height', win=Window(...), wrapWidth=1)
8.2016 	EXP 	Created list_text3 = TextStim(__class__=<class 'psychopy.visual.text.TextStim'>, alignHoriz=method-wrapper(...), alignText='center', alignVert=method-wrapper(...), anchorHoriz='center', anchorVert='center', antialias=True, autoLog=True, bold=False, color='white', colorSpace='named', contrast=1.0, depth=-7.0, flipHoriz=False, flipVert=False, font='Arial', fontFiles=[], height=0.05, italic=False, languageStyle='LTR', name='list_text3', opacity=1.0, ori=0, pos=array([0., 0.]), rgb=array([255., 255., 255.]), text='', units='height', win=Window(...), wrapWidth=1)
8.2019 	EXP 	Created list_text4 = TextStim(__class__=<class 'psychopy.visual.text.TextStim'>, alignHoriz=method-wrapper(...), alignText='center', alignVert=method-wrapper(...), anchorHoriz='center', anchorVert='center', antialias=True, autoLog=True, bold=False, color='white', colorSpace='named', contrast=1.0, depth=-8.0, flipHoriz=False, flipVert=False, font='Arial', fontFiles=[], height=0.05, italic=False, languageStyle='LTR', name='list_text4', opacity=1.0, ori=0, pos=array([0., 0.]), rgb=array([255., 255., 255.]), text='', units='height', win=Window(...), wrapWidth=1)
8.2023 	EXP 	Created list_text5 = TextStim(__class__=<class 'psychopy.visual.text.TextStim'>, alignHoriz=method-wrapper(...), alignText='center', alignVert=method-wrapper(...), anchorHoriz='center', anchorVert='center', antialias=True, autoLog=True, bold=False, color='white', colorSpace='named', contrast=1.0, depth=-9.0, flipHoriz=False, flipVert=False, font='Arial', fontFiles=[], height=0.05, italic=False, languageStyle='LTR', name='list_text5', opacity=1.0, ori=0, pos=array([0., 0.]), rgb=array([255., 255., 255.]), text='', units='height', win=Window(...), wrapWidth=1)
8.2033 	EXP 	Created fixation_1 = TextStim(__class__=<class 'psychopy.visual.text.TextStim'>, alignHoriz=method-wrapper(...), alignText='center', alignVert=method-wrapper(...), anchorHoriz='center', anchorVert='center', antialias=True, autoLog=True, bold=False, color='white', colorSpace='named', contrast=1.0, depth=0.0, flipHoriz=False, flipVert=False, font='Arial', fontFiles=[], height=0.1, italic=False, languageStyle='LTR', name='fixation_1', opacity=1.0, ori=0, pos=array([0., 0.]), rgb=array([255., 255., 255.]), text='+', units='height', win=Window(...), wrapWidth=1)
8.2087 	EXP 	Created difficulty_question = TextStim(__class__=<class 'psychopy.visual.text.TextStim'>, alignHoriz=method-wrapper(...), alignText='center', alignVert=method-wrapper(...), anchorHoriz='center', anchorVert='center', antialias=True, autoLog=True, bold=False, color='white', colorSpace='named', contrast=1.0, depth=-1.0, flipHoriz=False, flipVert=False, font='Arial', fontFiles=[], height=0.05, italic=False, languageStyle='LTR', name='difficulty_question', opacity=1.0, ori=0, pos=array([0. , 0.2]), rgb=array([255., 255., 255.]), text=str(...), units='height', win=Window(...), wrapWidth=1)
8.2153 	EXP 	Created options = TextStim(__class__=<class 'psychopy.visual.text.TextStim'>, alignHoriz=method-wrapper(...), alignText='center', alignVert=method-wrapper(...), anchorHoriz='center', anchorVert='center', antialias=True, autoLog=True, bold=False, color='white', colorSpace='named', contrast=1.0, depth=-2.0, flipHoriz=False, flipVert=False, font='Arial', fontFiles=[], height=0.05, italic=False, languageStyle='LTR', name='options', opacity=1.0, ori=0, pos=array([0., 0.]), rgb=array([255., 255., 255.]), text=str(...), units='height', win=Window(...), wrapWidth=1)
8.2228 	EXP 	Created anchor_1 = TextStim(__class__=<class 'psychopy.visual.text.TextStim'>, alignHoriz=method-wrapper(...), alignText='center', alignVert=method-wrapper(...), anchorHoriz='center', anchorVert='center', antialias=True, autoLog=True, bold=False, color='white', colorSpace='named', contrast=1.0, depth=-3.0, flipHoriz=False, flipVert=False, font='Arial', fontFiles=[], height=0.04, italic=False, languageStyle='LTR', name='anchor_1', opacity=1.0, ori=0, pos=array([-0.4, -0.2]), rgb=array([255., 255., 255.]), text='Not difficult at all', units='height', win=Window(...), wrapWidth=1)
8.2273 	EXP 	Created anchor_2 = TextStim(__class__=<class 'psychopy.visual.text.TextStim'>, alignHoriz=method-wrapper(...), alignText='center', alignVert=method-wrapper(...), anchorHoriz='center', anchorVert='center', antialias=True, autoLog=True, bold=False, color='white', colorSpace='named', contrast=1.0, depth=-4.0, flipHoriz=False, flipVert=False, font='Arial', fontFiles=[], height=0.04, italic=False, languageStyle='LTR', name='anchor_2', opacity=1.0, ori=0, pos=array([ 0.4, -0.2]), rgb=array([255., 255., 255.]), text='Very Difficult\n', units='height', win=Window(...), wrapWidth=1)
8.2470 	EXP 	Created text_other = TextStim(__class__=<class 'psychopy.visual.text.TextStim'>, alignHoriz=method-wrapper(...), alignText='center', alignVert=method-wrapper(...), anchorHoriz='center', anchorVert='center', antialias=True, autoLog=True, bold=False, color='white', colorSpace='named', contrast=1.0, depth=0.0, flipHoriz=False, flipVert=False, font='Arial', fontFiles=[], height=0.05, italic=False, languageStyle='LTR', name='text_other', opacity=1.0, ori=0, pos=array([0.  , 0.25]), rgb=array([255., 255., 255.]), text=str(...), units='height', win=Window(...), wrapWidth=1)
8.2474 	EXP 	Created text = TextStim(__class__=<class 'psychopy.visual.text.TextStim'>, alignHoriz=method-wrapper(...), alignText='center', alignVert=method-wrapper(...), anchorHoriz='center', anchorVert='center', antialias=True, autoLog=True, bold=False, color='white', colorSpace='named', contrast=1.0, depth=-1.0, flipHoriz=False, flipVert=False, font='Arial', fontFiles=[], height=0.05, italic=False, languageStyle='LTR', name='text', opacity=1.0, ori=0, pos=array([0., 0.]), rgb=array([255., 255., 255.]), text='', units='height', win=Window(...), wrapWidth=1)
8.2496 	EXP 	Created text_2 = TextStim(__class__=<class 'psychopy.visual.text.TextStim'>, alignHoriz=method-wrapper(...), alignText='center', alignVert=method-wrapper(...), anchorHoriz='center', anchorVert='center', antialias=True, autoLog=True, bold=False, color='white', colorSpace='named', contrast=1.0, depth=0.0, flipHoriz=False, flipVert=False, font='Arial', fontFiles=[], height=0.05, italic=False, languageStyle='LTR', name='text_2', opacity=1.0, ori=0, pos=array([0.  , 0.27]), rgb=array([255., 255., 255.]), text='PRESS', units='height', win=Window(...), wrapWidth=1)
8.2516 	EXP 	Created text_3 = TextStim(__class__=<class 'psychopy.visual.text.TextStim'>, alignHoriz=method-wrapper(...), alignText='center', alignVert=method-wrapper(...), anchorHoriz='center', anchorVert='center', antialias=True, autoLog=True, bold=False, color='red', colorSpace='named', contrast=1.0, depth=-1.0, flipHoriz=False, flipVert=False, font='Arial', fontFiles=[], height=0.05, italic=False, languageStyle='LTR', name='text_3', opacity=1.0, ori=0, pos=array([0., 0.]), rgb=array([255.,   0.,   0.]), text='default text', units='height', win=Window(...), wrapWidth=1)
8.2537 	EXP 	Created text_4 = TextStim(__class__=<class 'psychopy.visual.text.TextStim'>, alignHoriz=method-wrapper(...), alignText='center', alignVert=method-wrapper(...), anchorHoriz='center', anchorVert='center', antialias=True, autoLog=True, bold=False, color='white', colorSpace='named', contrast=1.0, depth=-2.0, flipHoriz=False, flipVert=False, font='Arial', fontFiles=[], height=0.05, italic=False, languageStyle='LTR', name='text_4', opacity=1.0, ori=0, pos=array([ 0.  , -0.25]), rgb=array([255., 255., 255.]), text='to continue to the next trial.', units='height', win=Window(...), wrapWidth=1)
8.2691 	EXP 	Created thank_you = TextStim(__class__=<class 'psychopy.visual.text.TextStim'>, alignHoriz=method-wrapper(...), alignText='center', alignVert=method-wrapper(...), anchorHoriz='center', anchorVert='center', antialias=True, autoLog=True, bold=False, color='white', colorSpace='named', contrast=1.0, depth=0.0, flipHoriz=False, flipVert=False, font='Arial', fontFiles=[], height=0.05, italic=False, languageStyle='LTR', name='thank_you', opacity=1.0, ori=0, pos=array([0., 0.]), rgb=array([255., 255., 255.]), text=str(...), units='height', win=Window(...), wrapWidth=1)
8.2832 	EXP 	Imported consent.xlsx as conditions, 3 conditions, 1 params
8.2834 	EXP 	Created sequence: sequential, trialTypes=3, nReps=1, seed=None
8.2836 	EXP 	New trial (rep=0, index=0): OrderedDict([('CONS', 'Consent1.png')])
8.3273 	EXP 	consent_2: image = 'Consent1.png'
8.3273 	EXP 	consent_2: autoDraw = True
10.6613 	EXP 	New trial (rep=0, index=1): OrderedDict([('CONS', 'Consent2.png')])
10.6857 	DATA 	Keypress: space
10.6942 	EXP 	consent_2: autoDraw = False
10.6942 	EXP 	consent_2: image = 'Consent2.png'
10.6942 	EXP 	consent_2: autoDraw = True
12.4445 	EXP 	New trial (rep=0, index=2): OrderedDict([('CONS', 'Consent3.png')])
12.4648 	DATA 	Keypress: space
12.4773 	EXP 	consent_2: autoDraw = False
12.4773 	EXP 	consent_2: image = 'Consent3.png'
12.4773 	EXP 	consent_2: autoDraw = True
13.3470 	DATA 	Keypress: space
13.3623 	EXP 	consent_2: autoDraw = False
13.3623 	EXP 	Consent_image: autoDraw = True
14.2797 	DATA 	Keypress: space
16.7972 	DATA 	Keypress: return
16.8004 	EXP 	Imported instructions.xlsx as conditions, 6 conditions, 1 params
16.8006 	EXP 	Created sequence: sequential, trialTypes=6, nReps=1, seed=None
16.8010 	EXP 	New trial (rep=0, index=0): OrderedDict([('INS', 'Slide1.png')])
16.8293 	EXP 	Consent_image: autoDraw = False
16.8293 	EXP 	instructions: image = 'Slide1.png'
16.8293 	EXP 	instructions: autoDraw = True
17.9808 	EXP 	New trial (rep=0, index=1): OrderedDict([('INS', 'Slide2.png')])
18.0001 	DATA 	Keypress: space
18.0136 	EXP 	instructions: autoDraw = False
18.0136 	EXP 	instructions: image = 'Slide2.png'
18.0136 	EXP 	instructions: autoDraw = True
18.5801 	EXP 	New trial (rep=0, index=2): OrderedDict([('INS', 'Slide3.png')])
18.5992 	DATA 	Keypress: space
18.6140 	EXP 	instructions: autoDraw = False
18.6140 	EXP 	instructions: image = 'Slide3.png'
18.6140 	EXP 	instructions: autoDraw = True
18.7808 	EXP 	New trial (rep=0, index=3): OrderedDict([('INS', 'Slide4.png')])
18.8006 	DATA 	Keypress: space
18.8143 	EXP 	instructions: autoDraw = False
18.8143 	EXP 	instructions: image = 'Slide4.png'
18.8143 	EXP 	instructions: autoDraw = True
18.9309 	EXP 	New trial (rep=0, index=4): OrderedDict([('INS', 'Slide5.png')])
18.9498 	DATA 	Keypress: space
18.9635 	EXP 	instructions: autoDraw = False
18.9635 	EXP 	instructions: image = 'Slide5.png'
18.9635 	EXP 	instructions: autoDraw = True
19.2978 	EXP 	New trial (rep=0, index=5): OrderedDict([('INS', 'Slide6.png')])
19.3155 	DATA 	Keypress: space
19.3304 	EXP 	instructions: autoDraw = False
19.3304 	EXP 	instructions: image = 'Slide6.png'
19.3304 	EXP 	instructions: autoDraw = True
20.9371 	EXP 	Imported conditions.xlsx as conditions, 9 conditions, 3 params
20.9427 	EXP 	Created sequence: random, trialTypes=9, nReps=1, seed=None
20.9437 	EXP 	New trial (rep=0, index=0): OrderedDict([('Category', 'Sports'), ('Type', 'Semantic'), ('LET', 'J')])
20.9463 	DATA 	Keypress: g
20.9637 	EXP 	instructions: autoDraw = False
20.9637 	EXP 	letter_text: text = 'Sports'
20.9637 	EXP 	list_text1: text = ''
20.9637 	EXP 	list_text1: pos = [-0.6, 0.15]
20.9637 	EXP 	list_text2: text = ''
20.9637 	EXP 	list_text2: pos = [-0.3, 0.15]
20.9637 	EXP 	list_text3: text = ''
20.9637 	EXP 	list_text3: pos = [0, 0.15]
20.9637 	EXP 	list_text4: text = ''
20.9637 	EXP 	list_text4: pos = [0.3, 0.15]
20.9637 	EXP 	list_text5: text = ''
20.9637 	EXP 	list_text5: pos = [0.6, 0.15]
20.9637 	EXP 	letter_text: font = 'Arial'
20.9637 	EXP 	letter_text: bold = True
20.9637 	EXP 	fixation: autoDraw = True
21.9311 	EXP 	timer: autoDraw = True
21.9311 	EXP 	instruct_text: autoDraw = True
21.9311 	EXP 	letter_text: autoDraw = True
21.9311 	EXP 	screen_text: autoDraw = True
21.9311 	EXP 	list_text1: autoDraw = True
21.9311 	EXP 	list_text2: autoDraw = True
21.9311 	EXP 	list_text3: autoDraw = True
21.9311 	EXP 	list_text4: autoDraw = True
21.9311 	EXP 	list_text5: autoDraw = True
21.9311 	EXP 	letter_text: text = 'Sports'
21.9639 	EXP 	fixation: autoDraw = False
111.9413 	EXP 	timer: autoDraw = False
111.9413 	EXP 	instruct_text: autoDraw = False
111.9413 	EXP 	letter_text: autoDraw = False
111.9413 	EXP 	screen_text: autoDraw = False
111.9413 	EXP 	list_text1: autoDraw = False
111.9413 	EXP 	list_text2: autoDraw = False
111.9413 	EXP 	list_text3: autoDraw = False
111.9413 	EXP 	list_text4: autoDraw = False
111.9413 	EXP 	list_text5: autoDraw = False
111.9413 	EXP 	fixation: autoDraw = False
111.9413 	EXP 	timer: autoDraw = False
111.9413 	EXP 	instruct_text: autoDraw = False
111.9413 	EXP 	letter_text: autoDraw = False
111.9413 	EXP 	screen_text: autoDraw = False
111.9413 	EXP 	list_text1: autoDraw = False
111.9413 	EXP 	list_text2: autoDraw = False
111.9413 	EXP 	list_text3: autoDraw = False
111.9413 	EXP 	list_text4: autoDraw = False
111.9413 	EXP 	list_text5: autoDraw = False
111.9413 	EXP 	fixation_1: autoDraw = True
112.9099 	EXP 	difficulty_question: autoDraw = True
112.9099 	EXP 	options: autoDraw = True
112.9099 	EXP 	anchor_1: autoDraw = True
112.9099 	EXP 	anchor_2: autoDraw = True
112.9432 	EXP 	fixation_1: autoDraw = False
131.3330 	DATA 	Keypress: 7
131.3479 	EXP 	fixation_1: autoDraw = False
131.3479 	EXP 	difficulty_question: autoDraw = False
131.3479 	EXP 	options: autoDraw = False
131.3479 	EXP 	anchor_1: autoDraw = False
131.3479 	EXP 	anchor_2: autoDraw = False
131.3479 	EXP 	text: text = ''
131.3479 	EXP 	text_other: autoDraw = True
131.3479 	EXP 	text: autoDraw = True
132.7154 	DATA 	Keypress: lshift
132.8175 	DATA 	Keypress: i
132.8326 	EXP 	text: text = 'I'
132.9840 	DATA 	Keypress: y
132.9985 	EXP 	text: text = 'Iy'
133.5506 	DATA 	Keypress: backspace
133.5653 	EXP 	text: text = 'I'
133.7341 	DATA 	Keypress: t
133.7497 	EXP 	text: text = 'It'
133.8176 	DATA 	Keypress: space
133.8321 	EXP 	text: text = 'It '
133.8843 	DATA 	Keypress: p
133.8996 	EXP 	text: text = 'It p'
133.9842 	DATA 	Keypress: o
133.9993 	EXP 	text: text = 'It po'
134.1331 	DATA 	Keypress: p
134.1497 	EXP 	text: text = 'It pop'
134.2678 	DATA 	Keypress: p
134.2832 	EXP 	text: text = 'It popp'
134.3338 	DATA 	Keypress: e
134.3498 	EXP 	text: text = 'It poppe'
134.4675 	DATA 	Keypress: d
134.4833 	EXP 	text: text = 'It popped'
134.5502 	DATA 	Keypress: space
134.5665 	EXP 	text: text = 'It popped '
134.6170 	DATA 	Keypress: i
134.6325 	EXP 	text: text = 'It popped i'
134.7167 	DATA 	Keypress: n
134.7331 	EXP 	text: text = 'It popped in'
134.8502 	DATA 	Keypress: t
134.8656 	EXP 	text: text = 'It popped int'
134.9667 	DATA 	Keypress: o
134.9821 	EXP 	text: text = 'It popped into'
135.1004 	DATA 	Keypress: space
135.1157 	EXP 	text: text = 'It popped into '
135.2845 	DATA 	Keypress: m
135.2990 	EXP 	text: text = 'It popped into m'
135.6836 	DATA 	Keypress: y
135.6990 	EXP 	text: text = 'It popped into my'
135.7837 	DATA 	Keypress: space
135.7990 	EXP 	text: text = 'It popped into my '
135.9166 	DATA 	Keypress: h
135.9321 	EXP 	text: text = 'It popped into my h'
135.9681 	DATA 	Keypress: e
135.9825 	EXP 	text: text = 'It popped into my he'
136.0338 	DATA 	Keypress: a
136.0490 	EXP 	text: text = 'It popped into my hea'
136.1338 	DATA 	Keypress: d
136.1514 	EXP 	text: text = 'It popped into my head'
137.1344 	DATA 	Keypress: return
137.1661 	EXP 	text_other: autoDraw = False
137.1661 	EXP 	text: autoDraw = False
137.1661 	EXP 	text_3: text = 'J'
137.1661 	EXP 	text_2: autoDraw = True
137.1661 	EXP 	text_3: autoDraw = True
137.1661 	EXP 	text_4: autoDraw = True
142.2524 	EXP 	New trial (rep=0, index=1): OrderedDict([('Category', 'Things in a kitchen'), ('Type', 'Spatial'), ('LET', 'J')])
142.2570 	DATA 	Keypress: j
142.2673 	EXP 	text_2: autoDraw = False
142.2673 	EXP 	text_3: autoDraw = False
142.2673 	EXP 	text_4: autoDraw = False
142.2673 	EXP 	letter_text: text = 'Things in a kitchen'
142.2673 	EXP 	list_text1: text = ''
142.2673 	EXP 	list_text1: pos = [-0.6, 0.15]
142.2673 	EXP 	list_text2: text = ''
142.2673 	EXP 	list_text2: pos = [-0.3, 0.15]
142.2673 	EXP 	list_text3: text = ''
142.2673 	EXP 	list_text3: pos = [0, 0.15]
142.2673 	EXP 	list_text4: text = ''
142.2673 	EXP 	list_text4: pos = [0.3, 0.15]
142.2673 	EXP 	list_text5: text = ''
142.2673 	EXP 	list_text5: pos = [0.6, 0.15]
142.2673 	EXP 	letter_text: font = 'Arial'
142.2673 	EXP 	letter_text: bold = True
142.2673 	EXP 	fixation: autoDraw = True
143.2525 	EXP 	timer: autoDraw = True
143.2525 	EXP 	instruct_text: autoDraw = True
143.2525 	EXP 	letter_text: autoDraw = True
143.2525 	EXP 	screen_text: autoDraw = True
143.2525 	EXP 	list_text1: autoDraw = True
143.2525 	EXP 	list_text2: autoDraw = True
143.2525 	EXP 	list_text3: autoDraw = True
143.2525 	EXP 	list_text4: autoDraw = True
143.2525 	EXP 	list_text5: autoDraw = True
143.2525 	EXP 	letter_text: text = 'Things in a kitchen'
143.2691 	EXP 	fixation: autoDraw = False
143.8530 	DATA 	Keypress: escape
144.1174 	EXP 	window1: mouseVisible = True
