0.7296 	WARNING 	We strongly recommend you activate the PTB sound engine in PsychoPy prefs as the preferred audio engine. Its timing is vastly superior. Your prefs are currently set to use ['sounddevice', 'pyo', 'pygame'] (in that order).
5.1786 	EXP 	Created window1 = Window(allowGUI=False, allowStencil=False, args=UNKNOWN, autoLog=True, bitsMode=UNKNOWN, blendMode='avg', bpc=(8, 8, 8), color=array([0., 0., 0.]), colorSpace='rgb', depthBits=8, fullscr=<method-wrapper '__getattribute__' of attributeSetter object at 0x10a42e470>, gamma=None, gammaErrorPolicy='raise', kwargs=UNKNOWN, lms=UNKNOWN, monitor=<psychopy.monitors.calibTools.Monitor object at 0x10a243b70>, multiSample=False, name='window1', numSamples=2, pos=[640.0, 360.0], screen=0, size=array([5120, 2880]), stencilBits=0, stereo=False, units='height', useFBO=True, useRetina=True, viewOri=0.0, viewPos=None, viewScale=None, waitBlanking=True, winType='pyglet')
5.1786 	EXP 	window1: recordFrameIntervals = False
5.3449 	EXP 	window1: recordFrameIntervals = True
5.5286 	EXP 	window1: recordFrameIntervals = False
5.5607 	EXP 	Created instructions = ImageStim(__class__=<class 'psychopy.visual.image.ImageStim'>, autoLog=True, color=array([1., 1., 1.]), colorSpace='rgb', contrast=1.0, depth=0.0, flipHoriz=False, flipVert=False, image='sin', interpolate=True, mask=None, maskParams=None, name='instructions', opacity=1.0, ori=0.0, pos=array([0., 0.]), size=array([1280.,  720.]), texRes=512, units='pix', win=Window(...))
5.6181 	EXP 	Created fixation = TextStim(__class__=<class 'psychopy.visual.text.TextStim'>, alignHoriz=method-wrapper(...), alignText='center', alignVert=method-wrapper(...), anchorHoriz='center', anchorVert='center', antialias=True, autoLog=True, bold=False, color='white', colorSpace='named', contrast=1.0, depth=0.0, flipHoriz=False, flipVert=False, font='Arial', fontFiles=[], height=0.1, italic=False, languageStyle='LTR', name='fixation', opacity=1.0, ori=0, pos=array([0., 0.]), rgb=array([255., 255., 255.]), text='+', units='height', win=Window(...), wrapWidth=1)
5.6250 	EXP 	Created timer = TextStim(__class__=<class 'psychopy.visual.text.TextStim'>, alignHoriz=method-wrapper(...), alignText='center', alignVert=method-wrapper(...), anchorHoriz='center', anchorVert='center', antialias=True, autoLog=True, bold=False, color='white', colorSpace='named', contrast=1.0, depth=-1.0, flipHoriz=False, flipVert=False, font='Arial', fontFiles=[], height=0.05, italic=False, languageStyle='LTR', name='timer', opacity=1.0, ori=0, pos=array([-0.7,  0.4]), rgb=array([255., 255., 255.]), text='default text', units='height', win=Window(...), wrapWidth=1)
5.6380 	EXP 	Created instruct_text = TextStim(__class__=<class 'psychopy.visual.text.TextStim'>, alignHoriz=method-wrapper(...), alignText='center', alignVert=method-wrapper(...), anchorHoriz='center', anchorVert='center', antialias=True, autoLog=True, bold=False, color='white', colorSpace='named', contrast=1.0, depth=-2.0, flipHoriz=False, flipVert=False, font='Arial', fontFiles=[], height=0.05, italic=False, languageStyle='LTR', name='instruct_text', opacity=1.0, ori=0, pos=array([0. , 0.4]), rgb=array([255., 255., 255.]), text=str(...), units='height', win=Window(...), wrapWidth=1)
5.6410 	EXP 	Created letter_text = TextStim(__class__=<class 'psychopy.visual.text.TextStim'>, alignHoriz=method-wrapper(...), alignText='center', alignVert=method-wrapper(...), anchorHoriz='center', anchorVert='center', antialias=True, autoLog=True, bold=False, color='white', colorSpace='named', contrast=1.0, depth=-3.0, flipHoriz=False, flipVert=False, font='Arial', fontFiles=[], height=0.05, italic=False, languageStyle='LTR', name='letter_text', opacity=1.0, ori=0, pos=array([0.  , 0.28]), rgb=array([255., 255., 255.]), text='default text', units='height', win=Window(...), wrapWidth=1)
5.6414 	EXP 	Created screen_text = TextStim(__class__=<class 'psychopy.visual.text.TextStim'>, alignHoriz=method-wrapper(...), alignText='center', alignVert=method-wrapper(...), anchorHoriz='center', anchorVert='center', antialias=True, autoLog=True, bold=False, color='white', colorSpace='named', contrast=1.0, depth=-4.0, flipHoriz=False, flipVert=False, font='Arial', fontFiles=[], height=0.05, italic=False, languageStyle='LTR', name='screen_text', opacity=1.0, ori=0, pos=array([0. , 0.2]), rgb=array([255., 255., 255.]), text='', units='height', win=Window(...), wrapWidth=1)
5.6418 	EXP 	Created list_text1 = TextStim(__class__=<class 'psychopy.visual.text.TextStim'>, alignHoriz=method-wrapper(...), alignText='center', alignVert=method-wrapper(...), anchorHoriz='center', anchorVert='center', antialias=True, autoLog=True, bold=False, color='white', colorSpace='named', contrast=1.0, depth=-5.0, flipHoriz=False, flipVert=False, font='Arial', fontFiles=[], height=0.05, italic=False, languageStyle='LTR', name='list_text1', opacity=1.0, ori=0, pos=array([0., 0.]), rgb=array([255., 255., 255.]), text='', units='height', win=Window(...), wrapWidth=1)
5.6422 	EXP 	Created list_text2 = TextStim(__class__=<class 'psychopy.visual.text.TextStim'>, alignHoriz=method-wrapper(...), alignText='center', alignVert=method-wrapper(...), anchorHoriz='center', anchorVert='center', antialias=True, autoLog=True, bold=False, color='white', colorSpace='named', contrast=1.0, depth=-6.0, flipHoriz=False, flipVert=False, font='Arial', fontFiles=[], height=0.05, italic=False, languageStyle='LTR', name='list_text2', opacity=1.0, ori=0, pos=array([0., 0.]), rgb=array([255., 255., 255.]), text='', units='height', win=Window(...), wrapWidth=1)
5.6425 	EXP 	Created list_text3 = TextStim(__class__=<class 'psychopy.visual.text.TextStim'>, alignHoriz=method-wrapper(...), alignText='center', alignVert=method-wrapper(...), anchorHoriz='center', anchorVert='center', antialias=True, autoLog=True, bold=False, color='white', colorSpace='named', contrast=1.0, depth=-7.0, flipHoriz=False, flipVert=False, font='Arial', fontFiles=[], height=0.05, italic=False, languageStyle='LTR', name='list_text3', opacity=1.0, ori=0, pos=array([0., 0.]), rgb=array([255., 255., 255.]), text='', units='height', win=Window(...), wrapWidth=1)
5.6429 	EXP 	Created list_text4 = TextStim(__class__=<class 'psychopy.visual.text.TextStim'>, alignHoriz=method-wrapper(...), alignText='center', alignVert=method-wrapper(...), anchorHoriz='center', anchorVert='center', antialias=True, autoLog=True, bold=False, color='white', colorSpace='named', contrast=1.0, depth=-8.0, flipHoriz=False, flipVert=False, font='Arial', fontFiles=[], height=0.05, italic=False, languageStyle='LTR', name='list_text4', opacity=1.0, ori=0, pos=array([0., 0.]), rgb=array([255., 255., 255.]), text='', units='height', win=Window(...), wrapWidth=1)
5.6433 	EXP 	Created list_text5 = TextStim(__class__=<class 'psychopy.visual.text.TextStim'>, alignHoriz=method-wrapper(...), alignText='center', alignVert=method-wrapper(...), anchorHoriz='center', anchorVert='center', antialias=True, autoLog=True, bold=False, color='white', colorSpace='named', contrast=1.0, depth=-9.0, flipHoriz=False, flipVert=False, font='Arial', fontFiles=[], height=0.05, italic=False, languageStyle='LTR', name='list_text5', opacity=1.0, ori=0, pos=array([0., 0.]), rgb=array([255., 255., 255.]), text='', units='height', win=Window(...), wrapWidth=1)
5.6443 	EXP 	Created fixation_1 = TextStim(__class__=<class 'psychopy.visual.text.TextStim'>, alignHoriz=method-wrapper(...), alignText='center', alignVert=method-wrapper(...), anchorHoriz='center', anchorVert='center', antialias=True, autoLog=True, bold=False, color='white', colorSpace='named', contrast=1.0, depth=0.0, flipHoriz=False, flipVert=False, font='Arial', fontFiles=[], height=0.1, italic=False, languageStyle='LTR', name='fixation_1', opacity=1.0, ori=0, pos=array([0., 0.]), rgb=array([255., 255., 255.]), text='+', units='height', win=Window(...), wrapWidth=1)
5.6494 	EXP 	Created difficulty_question = TextStim(__class__=<class 'psychopy.visual.text.TextStim'>, alignHoriz=method-wrapper(...), alignText='center', alignVert=method-wrapper(...), anchorHoriz='center', anchorVert='center', antialias=True, autoLog=True, bold=False, color='white', colorSpace='named', contrast=1.0, depth=-1.0, flipHoriz=False, flipVert=False, font='Arial', fontFiles=[], height=0.05, italic=False, languageStyle='LTR', name='difficulty_question', opacity=1.0, ori=0, pos=array([0. , 0.2]), rgb=array([255., 255., 255.]), text=str(...), units='height', win=Window(...), wrapWidth=1)
5.6560 	EXP 	Created options = TextStim(__class__=<class 'psychopy.visual.text.TextStim'>, alignHoriz=method-wrapper(...), alignText='center', alignVert=method-wrapper(...), anchorHoriz='center', anchorVert='center', antialias=True, autoLog=True, bold=False, color='white', colorSpace='named', contrast=1.0, depth=-2.0, flipHoriz=False, flipVert=False, font='Arial', fontFiles=[], height=0.05, italic=False, languageStyle='LTR', name='options', opacity=1.0, ori=0, pos=array([0., 0.]), rgb=array([255., 255., 255.]), text=str(...), units='height', win=Window(...), wrapWidth=1)
5.6638 	EXP 	Created anchor_1 = TextStim(__class__=<class 'psychopy.visual.text.TextStim'>, alignHoriz=method-wrapper(...), alignText='center', alignVert=method-wrapper(...), anchorHoriz='center', anchorVert='center', antialias=True, autoLog=True, bold=False, color='white', colorSpace='named', contrast=1.0, depth=-3.0, flipHoriz=False, flipVert=False, font='Arial', fontFiles=[], height=0.04, italic=False, languageStyle='LTR', name='anchor_1', opacity=1.0, ori=0, pos=array([-0.4, -0.2]), rgb=array([255., 255., 255.]), text='Not difficult at all', units='height', win=Window(...), wrapWidth=1)
5.6683 	EXP 	Created anchor_2 = TextStim(__class__=<class 'psychopy.visual.text.TextStim'>, alignHoriz=method-wrapper(...), alignText='center', alignVert=method-wrapper(...), anchorHoriz='center', anchorVert='center', antialias=True, autoLog=True, bold=False, color='white', colorSpace='named', contrast=1.0, depth=-4.0, flipHoriz=False, flipVert=False, font='Arial', fontFiles=[], height=0.04, italic=False, languageStyle='LTR', name='anchor_2', opacity=1.0, ori=0, pos=array([ 0.4, -0.2]), rgb=array([255., 255., 255.]), text='Very Difficult\n', units='height', win=Window(...), wrapWidth=1)
5.6881 	EXP 	Created text_other = TextStim(__class__=<class 'psychopy.visual.text.TextStim'>, alignHoriz=method-wrapper(...), alignText='center', alignVert=method-wrapper(...), anchorHoriz='center', anchorVert='center', antialias=True, autoLog=True, bold=False, color='white', colorSpace='named', contrast=1.0, depth=0.0, flipHoriz=False, flipVert=False, font='Arial', fontFiles=[], height=0.05, italic=False, languageStyle='LTR', name='text_other', opacity=1.0, ori=0, pos=array([0.  , 0.25]), rgb=array([255., 255., 255.]), text=str(...), units='height', win=Window(...), wrapWidth=1)
5.6886 	EXP 	Created text = TextStim(__class__=<class 'psychopy.visual.text.TextStim'>, alignHoriz=method-wrapper(...), alignText='center', alignVert=method-wrapper(...), anchorHoriz='center', anchorVert='center', antialias=True, autoLog=True, bold=False, color='white', colorSpace='named', contrast=1.0, depth=-1.0, flipHoriz=False, flipVert=False, font='Arial', fontFiles=[], height=0.05, italic=False, languageStyle='LTR', name='text', opacity=1.0, ori=0, pos=array([0., 0.]), rgb=array([255., 255., 255.]), text='', units='height', win=Window(...), wrapWidth=1)
5.6925 	EXP 	Created thank_you = TextStim(__class__=<class 'psychopy.visual.text.TextStim'>, alignHoriz=method-wrapper(...), alignText='center', alignVert=method-wrapper(...), anchorHoriz='center', anchorVert='center', antialias=True, autoLog=True, bold=False, color='white', colorSpace='named', contrast=1.0, depth=0.0, flipHoriz=False, flipVert=False, font='Arial', fontFiles=[], height=0.05, italic=False, languageStyle='LTR', name='thank_you', opacity=1.0, ori=0, pos=array([0., 0.]), rgb=array([255., 255., 255.]), text=str(...), units='height', win=Window(...), wrapWidth=1)
5.6980 	EXP 	Imported instructions.xlsx as conditions, 7 conditions, 2 params
5.6982 	EXP 	Created sequence: sequential, trialTypes=7, nReps=1, seed=None
5.6984 	EXP 	New trial (rep=0, index=0): OrderedDict([('INS', 'Slide1.png'), ('KEYS', ['space'])])
5.7609 	EXP 	instructions: image = 'Slide1.png'
5.7609 	EXP 	instructions: autoDraw = True
6.3967 	DATA 	Keypress: space
6.3975 	EXP 	New trial (rep=0, index=1): OrderedDict([('INS', 'Consent.png'), ('KEYS', ['y', 'n'])])
6.4282 	EXP 	instructions: autoDraw = False
6.4282 	EXP 	instructions: image = 'Consent.png'
6.4282 	EXP 	instructions: autoDraw = True
6.6296 	DATA 	Keypress: space
6.6302 	EXP 	New trial (rep=0, index=2): OrderedDict([('INS', 'Slide2.png'), ('KEYS', ['space'])])
6.6613 	EXP 	instructions: autoDraw = False
6.6613 	EXP 	instructions: image = 'Slide2.png'
6.6613 	EXP 	instructions: autoDraw = True
6.8454 	DATA 	Keypress: space
6.8460 	EXP 	New trial (rep=0, index=3): OrderedDict([('INS', 'Slide3.png'), ('KEYS', ['space'])])
6.8786 	EXP 	instructions: autoDraw = False
6.8786 	EXP 	instructions: image = 'Slide3.png'
6.8786 	EXP 	instructions: autoDraw = True
7.3291 	DATA 	Keypress: space
7.3297 	EXP 	New trial (rep=0, index=4): OrderedDict([('INS', 'Slide4.png'), ('KEYS', ['space'])])
7.3613 	EXP 	instructions: autoDraw = False
7.3613 	EXP 	instructions: image = 'Slide4.png'
7.3613 	EXP 	instructions: autoDraw = True
8.0963 	DATA 	Keypress: space
8.0969 	EXP 	New trial (rep=0, index=5): OrderedDict([('INS', 'Slide5.png'), ('KEYS', ['space'])])
8.1288 	EXP 	instructions: autoDraw = False
8.1288 	EXP 	instructions: image = 'Slide5.png'
8.1288 	EXP 	instructions: autoDraw = True
8.5125 	DATA 	Keypress: space
8.5131 	EXP 	New trial (rep=0, index=6): OrderedDict([('INS', 'Slide6.png'), ('KEYS', ['g'])])
8.5455 	EXP 	instructions: autoDraw = False
8.5455 	EXP 	instructions: image = 'Slide6.png'
8.5455 	EXP 	instructions: autoDraw = True
9.8802 	DATA 	Keypress: g
9.8863 	EXP 	Imported conditions.xlsx as conditions, 9 conditions, 2 params
9.8865 	EXP 	Created sequence: random, trialTypes=9, nReps=1, seed=None
9.8867 	EXP 	New trial (rep=0, index=0): OrderedDict([('Category', 'Things in a garage'), ('Type', 'Spatial')])
9.9123 	EXP 	instructions: autoDraw = False
9.9123 	EXP 	letter_text: text = 'Things in a garage'
9.9123 	EXP 	list_text1: text = ''
9.9123 	EXP 	list_text1: pos = [-0.6, 0.15]
9.9123 	EXP 	list_text2: text = ''
9.9123 	EXP 	list_text2: pos = [-0.3, 0.15]
9.9123 	EXP 	list_text3: text = ''
9.9123 	EXP 	list_text3: pos = [0, 0.15]
9.9123 	EXP 	list_text4: text = ''
9.9123 	EXP 	list_text4: pos = [0.3, 0.15]
9.9123 	EXP 	list_text5: text = ''
9.9123 	EXP 	list_text5: pos = [0.6, 0.15]
9.9123 	EXP 	letter_text: font = 'Arial'
9.9123 	EXP 	letter_text: bold = True
9.9123 	EXP 	fixation: autoDraw = True
10.8958 	EXP 	timer: autoDraw = True
10.8958 	EXP 	instruct_text: autoDraw = True
10.8958 	EXP 	letter_text: autoDraw = True
10.8958 	EXP 	screen_text: autoDraw = True
10.8958 	EXP 	list_text1: autoDraw = True
10.8958 	EXP 	list_text2: autoDraw = True
10.8958 	EXP 	list_text3: autoDraw = True
10.8958 	EXP 	list_text4: autoDraw = True
10.8958 	EXP 	list_text5: autoDraw = True
10.8958 	EXP 	letter_text: text = 'Things in a garage'
10.9124 	EXP 	fixation: autoDraw = False
11.1655 	DATA 	Keypress: j
11.1808 	DATA 	Keypress: l
11.1960 	EXP 	screen_text: text = 'j'
11.2638 	DATA 	Keypress: k
11.2789 	EXP 	screen_text: text = 'jk'
11.3311 	DATA 	Keypress: j
11.3465 	EXP 	screen_text: text = 'jkj'
11.4971 	DATA 	Keypress: l
11.5135 	EXP 	screen_text: text = 'jkjl'
11.5309 	DATA 	Keypress: k
11.5469 	EXP 	screen_text: text = 'jkjlk'
11.5825 	DATA 	Keypress: j
11.6136 	EXP 	screen_text: text = 'jkjlkj'
11.8807 	DATA 	Keypress: return
11.8959 	EXP 	screen_text: text = 'jkjlkj'
11.8959 	EXP 	screen_text: text = ''
11.8959 	EXP 	list_text1: pos = array([-0.6   ,  0.1216])
11.8959 	EXP 	list_text1: text = '\njkjlkj'
15.1824 	DATA 	Keypress: return
15.1976 	EXP 	screen_text: text = ''
15.1976 	EXP 	screen_text: text = ''
15.1976 	EXP 	list_text1: pos = array([-0.6   ,  0.0932])
15.1976 	EXP 	list_text1: text = '\njkjlkj\n'
15.7344 	DATA 	Keypress: m
15.7641 	EXP 	screen_text: text = 'm'
15.7654 	DATA 	Keypress: semicolon
15.7815 	EXP 	screen_text: text = 'm'
15.8828 	DATA 	Keypress: l
15.8982 	EXP 	screen_text: text = 'ml'
15.9329 	DATA 	Keypress: k
15.9475 	EXP 	screen_text: text = 'mlk'
16.1495 	DATA 	Keypress: l
16.1650 	EXP 	screen_text: text = 'mlkl'
16.4163 	DATA 	Keypress: return
16.4308 	EXP 	screen_text: text = 'mlkl'
16.4308 	EXP 	screen_text: text = ''
16.4308 	EXP 	list_text1: pos = array([-0.6   ,  0.0648])
16.4308 	EXP 	list_text1: text = '\njkjlkj\n\nmlkl'
16.7316 	DATA 	Keypress: l
16.7473 	EXP 	screen_text: text = 'l'
16.7818 	DATA 	Keypress: k
16.7972 	EXP 	screen_text: text = 'lk'
16.8820 	DATA 	Keypress: j
16.8972 	EXP 	screen_text: text = 'lkj'
17.0656 	DATA 	Keypress: l
17.0816 	EXP 	screen_text: text = 'lkjl'
17.0827 	DATA 	Keypress: k
17.0973 	EXP 	screen_text: text = 'lkjlk'
17.1154 	DATA 	Keypress: j
17.1307 	EXP 	screen_text: text = 'lkjlkj'
17.4819 	DATA 	Keypress: return
17.4974 	EXP 	screen_text: text = 'lkjlkj'
17.4974 	EXP 	screen_text: text = ''
17.4974 	EXP 	list_text1: pos = array([-0.6   ,  0.0364])
17.4974 	EXP 	list_text1: text = '\njkjlkj\n\nmlkl\nlkjlkj'
17.8154 	DATA 	Keypress: l
17.8162 	DATA 	Keypress: k
17.8309 	EXP 	screen_text: text = 'l'
17.9826 	DATA 	Keypress: j
17.9976 	EXP 	screen_text: text = 'lj'
18.0154 	DATA 	Keypress: h
18.0310 	EXP 	screen_text: text = 'ljh'
18.1321 	DATA 	Keypress: l
18.1477 	EXP 	screen_text: text = 'ljhl'
18.1830 	DATA 	Keypress: k
18.1977 	EXP 	screen_text: text = 'ljhlk'
18.4652 	DATA 	Keypress: return
18.4811 	EXP 	screen_text: text = 'ljhlk'
18.4811 	EXP 	screen_text: text = ''
18.4811 	EXP 	list_text1: pos = array([-0.6  ,  0.008])
18.4811 	EXP 	list_text1: text = '\njkjlkj\n\nmlkl\nlkjlkj\nljhlk'
18.9835 	DATA 	Keypress: j
18.9983 	EXP 	screen_text: text = 'j'
19.1663 	DATA 	Keypress: l
19.1825 	EXP 	screen_text: text = 'jl'
19.2169 	DATA 	Keypress: k
19.2326 	EXP 	screen_text: text = 'jlk'
19.2671 	DATA 	Keypress: j
19.2825 	EXP 	screen_text: text = 'jlkj'
19.4338 	DATA 	Keypress: l
19.4493 	EXP 	screen_text: text = 'jlkjl'
19.4681 	DATA 	Keypress: k
19.4993 	EXP 	screen_text: text = 'jlkjlk'
19.7829 	DATA 	Keypress: return
19.7994 	EXP 	screen_text: text = 'jlkjlk'
19.7994 	EXP 	screen_text: text = ''
19.7994 	EXP 	list_text1: pos = array([-0.6   , -0.0204])
19.7994 	EXP 	list_text1: text = '\njkjlkj\n\nmlkl\nlkjlkj\nljhlk\njlkjlk'
20.1339 	DATA 	Keypress: l
20.1494 	EXP 	screen_text: text = 'l'
20.2007 	DATA 	Keypress: k
20.2162 	EXP 	screen_text: text = 'lk'
20.3008 	DATA 	Keypress: j
20.3163 	EXP 	screen_text: text = 'lkj'
20.5831 	DATA 	Keypress: return
20.5997 	EXP 	screen_text: text = 'lkj'
20.5997 	EXP 	screen_text: text = ''
20.5997 	EXP 	list_text1: pos = array([-0.6   , -0.0488])
20.5997 	EXP 	list_text1: text = '\njkjlkj\n\nmlkl\nlkjlkj\nljhlk\njlkjlk\nlkj'
20.8987 	EXP 	fixation: autoDraw = False
20.8987 	EXP 	timer: autoDraw = False
20.8987 	EXP 	instruct_text: autoDraw = False
20.8987 	EXP 	letter_text: autoDraw = False
20.8987 	EXP 	screen_text: autoDraw = False
20.8987 	EXP 	list_text1: autoDraw = False
20.8987 	EXP 	list_text2: autoDraw = False
20.8987 	EXP 	list_text3: autoDraw = False
20.8987 	EXP 	list_text4: autoDraw = False
20.8987 	EXP 	list_text5: autoDraw = False
20.8987 	EXP 	fixation_1: autoDraw = True
21.8654 	EXP 	difficulty_question: autoDraw = True
21.8654 	EXP 	options: autoDraw = True
21.8654 	EXP 	anchor_1: autoDraw = True
21.8654 	EXP 	anchor_2: autoDraw = True
21.8990 	EXP 	fixation_1: autoDraw = False
23.2510 	DATA 	Keypress: 4
23.2659 	EXP 	fixation_1: autoDraw = False
23.2659 	EXP 	difficulty_question: autoDraw = False
23.2659 	EXP 	options: autoDraw = False
23.2659 	EXP 	anchor_1: autoDraw = False
23.2659 	EXP 	anchor_2: autoDraw = False
23.2659 	EXP 	text: text = ''
23.2659 	EXP 	text_other: autoDraw = True
23.2659 	EXP 	text: autoDraw = True
24.2188 	DATA 	Keypress: k
24.2341 	EXP 	text: text = 'k'
24.2511 	DATA 	Keypress: j
24.2678 	EXP 	text: text = 'kj'
24.3520 	DATA 	Keypress: h
24.3677 	EXP 	text: text = 'kjh'
24.4527 	DATA 	Keypress: k
24.4841 	EXP 	text: text = 'kjhk'
24.4862 	DATA 	Keypress: j
24.5176 	EXP 	text: text = 'kjhkj'
24.7351 	DATA 	Keypress: return
24.7355 	EXP 	New trial (rep=0, index=1): OrderedDict([('Category', 'Animals'), ('Type', 'Semantic')])
24.7510 	EXP 	text_other: autoDraw = False
24.7510 	EXP 	text: autoDraw = False
24.7510 	EXP 	letter_text: text = 'Animals'
24.7510 	EXP 	list_text1: text = ''
24.7510 	EXP 	list_text1: pos = [-0.6, 0.15]
24.7510 	EXP 	list_text2: text = ''
24.7510 	EXP 	list_text2: pos = [-0.3, 0.15]
24.7510 	EXP 	list_text3: text = ''
24.7510 	EXP 	list_text3: pos = [0, 0.15]
24.7510 	EXP 	list_text4: text = ''
24.7510 	EXP 	list_text4: pos = [0.3, 0.15]
24.7510 	EXP 	list_text5: text = ''
24.7510 	EXP 	list_text5: pos = [0.6, 0.15]
24.7510 	EXP 	letter_text: font = 'Arial'
24.7510 	EXP 	letter_text: bold = True
24.7510 	EXP 	fixation: autoDraw = True
25.7345 	EXP 	timer: autoDraw = True
25.7345 	EXP 	instruct_text: autoDraw = True
25.7345 	EXP 	letter_text: autoDraw = True
25.7345 	EXP 	screen_text: autoDraw = True
25.7345 	EXP 	list_text1: autoDraw = True
25.7345 	EXP 	list_text2: autoDraw = True
25.7345 	EXP 	list_text3: autoDraw = True
25.7345 	EXP 	list_text4: autoDraw = True
25.7345 	EXP 	list_text5: autoDraw = True
25.7345 	EXP 	letter_text: text = 'Animals'
25.7511 	EXP 	fixation: autoDraw = False
27.3017 	DATA 	Keypress: h
27.3172 	EXP 	screen_text: text = 'h'
27.5521 	DATA 	Keypress: k
27.5672 	EXP 	screen_text: text = 'hk'
27.5684 	DATA 	Keypress: j
27.5839 	EXP 	screen_text: text = 'hkj'
27.7350 	DATA 	Keypress: h
27.7506 	EXP 	screen_text: text = 'hkjh'
27.8182 	DATA 	Keypress: k
27.8340 	EXP 	screen_text: text = 'hkjhk'
27.8517 	DATA 	Keypress: j
27.8677 	EXP 	screen_text: text = 'hkjhkj'
28.1021 	DATA 	Keypress: return
28.1177 	EXP 	screen_text: text = 'hkjhkj'
28.1177 	EXP 	screen_text: text = ''
28.1177 	EXP 	list_text1: pos = array([-0.6   ,  0.1216])
28.1177 	EXP 	list_text1: text = '\nhkjhkj'
30.0364 	DATA 	Keypress: k
30.0526 	EXP 	screen_text: text = 'k'
30.1203 	DATA 	Keypress: j
30.1358 	EXP 	screen_text: text = 'kj'
30.2873 	DATA 	Keypress: l
30.2912 	DATA 	Keypress: k
30.3026 	EXP 	screen_text: text = 'kjl'
30.3186 	EXP 	screen_text: text = 'kjlk'
30.3372 	DATA 	Keypress: j
30.3527 	EXP 	screen_text: text = 'kjlkj'
30.6037 	DATA 	Keypress: return
30.6194 	EXP 	screen_text: text = 'kjlkj'
30.6194 	EXP 	screen_text: text = ''
30.6194 	EXP 	list_text1: pos = array([-0.6   ,  0.0932])
30.6194 	EXP 	list_text1: text = '\nhkjhkj\nkjlkj'
30.9891 	DATA 	Keypress: l
31.0195 	EXP 	screen_text: text = 'l'
31.0707 	DATA 	Keypress: k
31.0862 	EXP 	screen_text: text = 'lk'
31.1708 	DATA 	Keypress: j
31.1863 	EXP 	screen_text: text = 'lkj'
31.3040 	DATA 	Keypress: l
31.3188 	EXP 	screen_text: text = 'lkjl'
31.3200 	DATA 	Keypress: k
31.3363 	EXP 	screen_text: text = 'lkjlk'
31.3536 	DATA 	Keypress: j
31.3684 	EXP 	screen_text: text = 'lkjlkj'
31.6695 	DATA 	Keypress: return
31.6852 	EXP 	screen_text: text = 'lkjlkj'
31.6852 	EXP 	screen_text: text = ''
31.6852 	EXP 	list_text1: pos = array([-0.6   ,  0.0648])
31.6852 	EXP 	list_text1: text = '\nhkjhkj\nkjlkj\nlkjlkj'
32.0208 	DATA 	Keypress: l
32.0353 	EXP 	screen_text: text = 'l'
32.0708 	DATA 	Keypress: k
32.0853 	EXP 	screen_text: text = 'lk'
32.1708 	DATA 	Keypress: j
32.1854 	EXP 	screen_text: text = 'lkj'
32.2875 	DATA 	Keypress: l
32.3020 	EXP 	screen_text: text = 'lkjl'
32.3199 	DATA 	Keypress: k
32.3354 	EXP 	screen_text: text = 'lkjlk'
32.6205 	DATA 	Keypress: return
32.6355 	EXP 	screen_text: text = 'lkjlk'
32.6355 	EXP 	screen_text: text = ''
32.6355 	EXP 	list_text1: pos = array([-0.6   ,  0.0364])
32.6355 	EXP 	list_text1: text = '\nhkjhkj\nkjlkj\nlkjlkj\nlkjlk'
33.3207 	DATA 	Keypress: l
33.3357 	EXP 	screen_text: text = 'l'
33.3707 	DATA 	Keypress: k
33.3856 	EXP 	screen_text: text = 'lk'
33.4867 	DATA 	Keypress: j
33.5024 	EXP 	screen_text: text = 'lkj'
33.6543 	DATA 	Keypress: l
33.6552 	DATA 	Keypress: k
33.6696 	EXP 	screen_text: text = 'lkjl'
33.6871 	DATA 	Keypress: j
33.7025 	EXP 	screen_text: text = 'lkjlj'
34.0386 	DATA 	Keypress: return
34.0530 	EXP 	screen_text: text = 'lkjlj'
34.0530 	EXP 	screen_text: text = ''
34.0530 	EXP 	list_text1: pos = array([-0.6  ,  0.008])
34.0530 	EXP 	list_text1: text = '\nhkjhkj\nkjlkj\nlkjlkj\nlkjlk\nlkjlj'
34.6224 	DATA 	Keypress: k
34.6540 	EXP 	screen_text: text = 'k'
34.7377 	DATA 	Keypress: j
34.7540 	EXP 	screen_text: text = 'kj'
34.9220 	DATA 	Keypress: l
34.9268 	DATA 	Keypress: k
34.9374 	EXP 	screen_text: text = 'kjl'
34.9387 	DATA 	Keypress: j
34.9541 	EXP 	screen_text: text = 'kjlk'
35.2381 	DATA 	Keypress: return
35.2542 	EXP 	screen_text: text = 'kjlk'
35.2542 	EXP 	screen_text: text = ''
35.2542 	EXP 	list_text1: pos = array([-0.6   , -0.0204])
35.2542 	EXP 	list_text1: text = '\nhkjhkj\nkjlkj\nlkjlkj\nlkjlk\nlkjlj\nkjlk'
35.6377 	DATA 	Keypress: l
35.6537 	EXP 	screen_text: text = 'l'
35.6712 	DATA 	Keypress: k
35.6876 	EXP 	screen_text: text = 'lk'
35.7375 	EXP 	timer: autoDraw = False
35.7375 	EXP 	instruct_text: autoDraw = False
35.7375 	EXP 	letter_text: autoDraw = False
35.7375 	EXP 	screen_text: autoDraw = False
35.7375 	EXP 	list_text1: autoDraw = False
35.7375 	EXP 	list_text2: autoDraw = False
35.7375 	EXP 	list_text3: autoDraw = False
35.7375 	EXP 	list_text4: autoDraw = False
35.7375 	EXP 	list_text5: autoDraw = False
35.7375 	EXP 	fixation: autoDraw = False
35.7375 	EXP 	timer: autoDraw = False
35.7375 	EXP 	instruct_text: autoDraw = False
35.7375 	EXP 	letter_text: autoDraw = False
35.7375 	EXP 	screen_text: autoDraw = False
35.7375 	EXP 	list_text1: autoDraw = False
35.7375 	EXP 	list_text2: autoDraw = False
35.7375 	EXP 	list_text3: autoDraw = False
35.7375 	EXP 	list_text4: autoDraw = False
35.7375 	EXP 	list_text5: autoDraw = False
35.7375 	EXP 	fixation_1: autoDraw = True
35.8058 	DATA 	Keypress: j
35.9393 	DATA 	Keypress: l
36.7044 	EXP 	difficulty_question: autoDraw = True
36.7044 	EXP 	options: autoDraw = True
36.7044 	EXP 	anchor_1: autoDraw = True
36.7044 	EXP 	anchor_2: autoDraw = True
36.7367 	EXP 	fixation_1: autoDraw = False
37.4719 	DATA 	Keypress: 5
37.4869 	EXP 	fixation_1: autoDraw = False
37.4869 	EXP 	difficulty_question: autoDraw = False
37.4869 	EXP 	options: autoDraw = False
37.4869 	EXP 	anchor_1: autoDraw = False
37.4869 	EXP 	anchor_2: autoDraw = False
37.4869 	EXP 	text: text = ''
37.4869 	EXP 	text_other: autoDraw = True
37.4869 	EXP 	text: autoDraw = True
38.0550 	DATA 	Keypress: k
38.0705 	EXP 	text: text = 'k'
38.1049 	DATA 	Keypress: j
38.1205 	EXP 	text: text = 'kj'
38.2724 	DATA 	Keypress: l
38.2733 	DATA 	Keypress: k
38.2872 	EXP 	text: text = 'kjl'
38.3384 	DATA 	Keypress: j
38.3537 	EXP 	text: text = 'kjlj'
38.5048 	DATA 	Keypress: l
38.5206 	EXP 	text: text = 'kjljl'
38.5384 	DATA 	Keypress: k
38.5544 	EXP 	text: text = 'kjljlk'
38.8054 	DATA 	Keypress: return
38.8058 	EXP 	New trial (rep=0, index=2): OrderedDict([('Category', 'Sports'), ('Type', 'Semantic')])
38.8207 	EXP 	text_other: autoDraw = False
38.8207 	EXP 	text: autoDraw = False
38.8207 	EXP 	letter_text: text = 'Sports'
38.8207 	EXP 	list_text1: text = ''
38.8207 	EXP 	list_text1: pos = [-0.6, 0.15]
38.8207 	EXP 	list_text2: text = ''
38.8207 	EXP 	list_text2: pos = [-0.3, 0.15]
38.8207 	EXP 	list_text3: text = ''
38.8207 	EXP 	list_text3: pos = [0, 0.15]
38.8207 	EXP 	list_text4: text = ''
38.8207 	EXP 	list_text4: pos = [0.3, 0.15]
38.8207 	EXP 	list_text5: text = ''
38.8207 	EXP 	list_text5: pos = [0.6, 0.15]
38.8207 	EXP 	letter_text: font = 'Arial'
38.8207 	EXP 	letter_text: bold = True
38.8207 	EXP 	fixation: autoDraw = True
39.0557 	DATA 	Keypress: k
39.0713 	EXP 	screen_text: text = 'k'
39.1224 	DATA 	Keypress: j
39.1387 	EXP 	screen_text: text = 'kj'
39.8056 	EXP 	timer: autoDraw = True
39.8056 	EXP 	instruct_text: autoDraw = True
39.8056 	EXP 	letter_text: autoDraw = True
39.8056 	EXP 	screen_text: autoDraw = True
39.8056 	EXP 	list_text1: autoDraw = True
39.8056 	EXP 	list_text2: autoDraw = True
39.8056 	EXP 	list_text3: autoDraw = True
39.8056 	EXP 	list_text4: autoDraw = True
39.8056 	EXP 	list_text5: autoDraw = True
39.8056 	EXP 	letter_text: text = 'Sports'
39.8215 	EXP 	fixation: autoDraw = False
40.4070 	DATA 	Keypress: k
40.4224 	EXP 	screen_text: text = 'kjk'
40.4396 	DATA 	Keypress: j
40.4557 	EXP 	screen_text: text = 'kjkj'
40.5068 	DATA 	Keypress: h
40.5225 	EXP 	screen_text: text = 'kjkjh'
40.7893 	DATA 	Keypress: return
40.8059 	EXP 	screen_text: text = 'kjkjh'
40.8059 	EXP 	screen_text: text = ''
40.8059 	EXP 	list_text1: pos = array([-0.6   ,  0.1216])
40.8059 	EXP 	list_text1: text = '\nkjkjh'
41.0585 	DATA 	Keypress: k
41.0893 	EXP 	screen_text: text = 'k'
41.1569 	DATA 	Keypress: j
41.1725 	EXP 	screen_text: text = 'kj'
41.2393 	DATA 	Keypress: h
41.2548 	EXP 	screen_text: text = 'kjh'
41.3404 	DATA 	Keypress: k
41.3548 	EXP 	screen_text: text = 'kjhk'
41.4061 	DATA 	Keypress: j
41.4225 	EXP 	screen_text: text = 'kjhkj'
41.4394 	DATA 	Keypress: h
41.4550 	EXP 	screen_text: text = 'kjhkjh'
41.6893 	DATA 	Keypress: return
41.7049 	EXP 	screen_text: text = 'kjhkjh'
41.7049 	EXP 	screen_text: text = ''
41.7049 	EXP 	list_text1: pos = array([-0.6   ,  0.0932])
41.7049 	EXP 	list_text1: text = '\nkjkjh\nkjhkjh'
41.9913 	DATA 	Keypress: k
42.0217 	EXP 	screen_text: text = 'k'
42.0404 	DATA 	Keypress: j
42.0550 	EXP 	screen_text: text = 'kj'
42.1397 	DATA 	Keypress: h
42.1550 	EXP 	screen_text: text = 'kjh'
42.3064 	DATA 	Keypress: j
42.3226 	EXP 	screen_text: text = 'kjhj'
42.3238 	DATA 	Keypress: k
42.3383 	EXP 	screen_text: text = 'kjhjk'
42.3406 	DATA 	Keypress: h
42.3551 	EXP 	screen_text: text = 'kjhjkh'
42.6229 	DATA 	Keypress: return
42.6385 	EXP 	screen_text: text = 'kjhjkh'
42.6385 	EXP 	screen_text: text = ''
42.6385 	EXP 	list_text1: pos = array([-0.6   ,  0.0648])
42.6385 	EXP 	list_text1: text = '\nkjkjh\nkjhkjh\nkjhjkh'
42.9232 	DATA 	Keypress: k
42.9386 	EXP 	screen_text: text = 'k'
42.9730 	DATA 	Keypress: j
42.9887 	EXP 	screen_text: text = 'kj'
43.0732 	DATA 	Keypress: h
43.0887 	EXP 	screen_text: text = 'kjh'
43.2733 	DATA 	Keypress: j
43.2742 	DATA 	Keypress: k
43.2888 	EXP 	screen_text: text = 'kjhj'
43.3066 	DATA 	Keypress: h
43.3221 	EXP 	screen_text: text = 'kjhjh'
43.5896 	DATA 	Keypress: return
43.6055 	EXP 	screen_text: text = 'kjhjh'
43.6055 	EXP 	screen_text: text = ''
43.6055 	EXP 	list_text1: pos = array([-0.6   ,  0.0364])
43.6055 	EXP 	list_text1: text = '\nkjkjh\nkjhkjh\nkjhjkh\nkjhjh'
46.1579 	DATA 	Keypress: h
46.1742 	EXP 	screen_text: text = 'h'
46.4577 	DATA 	Keypress: k
46.4731 	EXP 	screen_text: text = 'hk'
46.7744 	DATA 	Keypress: j
46.7898 	EXP 	screen_text: text = 'hkj'
46.8250 	DATA 	Keypress: h
46.8402 	EXP 	screen_text: text = 'hkjh'
47.1254 	DATA 	Keypress: j
47.1399 	EXP 	screen_text: text = 'hkjhj'
49.3425 	DATA 	Keypress: return
49.3585 	EXP 	screen_text: text = 'hkjhj'
49.3585 	EXP 	screen_text: text = ''
49.3585 	EXP 	list_text1: pos = array([-0.6  ,  0.008])
49.3585 	EXP 	list_text1: text = '\nkjkjh\nkjhkjh\nkjhjkh\nkjhjh\nhkjhj'
49.8085 	EXP 	timer: autoDraw = False
49.8085 	EXP 	instruct_text: autoDraw = False
49.8085 	EXP 	letter_text: autoDraw = False
49.8085 	EXP 	screen_text: autoDraw = False
49.8085 	EXP 	list_text1: autoDraw = False
49.8085 	EXP 	list_text2: autoDraw = False
49.8085 	EXP 	list_text3: autoDraw = False
49.8085 	EXP 	list_text4: autoDraw = False
49.8085 	EXP 	list_text5: autoDraw = False
49.8085 	EXP 	fixation: autoDraw = False
49.8085 	EXP 	timer: autoDraw = False
49.8085 	EXP 	instruct_text: autoDraw = False
49.8085 	EXP 	letter_text: autoDraw = False
49.8085 	EXP 	screen_text: autoDraw = False
49.8085 	EXP 	list_text1: autoDraw = False
49.8085 	EXP 	list_text2: autoDraw = False
49.8085 	EXP 	list_text3: autoDraw = False
49.8085 	EXP 	list_text4: autoDraw = False
49.8085 	EXP 	list_text5: autoDraw = False
49.8085 	EXP 	fixation_1: autoDraw = True
50.7756 	EXP 	difficulty_question: autoDraw = True
50.7756 	EXP 	options: autoDraw = True
50.7756 	EXP 	anchor_1: autoDraw = True
50.7756 	EXP 	anchor_2: autoDraw = True
50.8088 	EXP 	fixation_1: autoDraw = False
51.1274 	DATA 	Keypress: 3
51.1424 	EXP 	fixation_1: autoDraw = False
51.1424 	EXP 	difficulty_question: autoDraw = False
51.1424 	EXP 	options: autoDraw = False
51.1424 	EXP 	anchor_1: autoDraw = False
51.1424 	EXP 	anchor_2: autoDraw = False
51.1424 	EXP 	text: text = ''
51.1424 	EXP 	text_other: autoDraw = True
51.1424 	EXP 	text: autoDraw = True
52.0259 	DATA 	Keypress: l
52.0414 	EXP 	text: text = 'l'
52.1429 	DATA 	Keypress: k
52.1582 	EXP 	text: text = 'lk'
52.2760 	DATA 	Keypress: j
52.2916 	EXP 	text: text = 'lkj'
52.3427 	DATA 	Keypress: l
52.3581 	EXP 	text: text = 'lkjl'
52.6092 	DATA 	Keypress: return
52.6096 	EXP 	New trial (rep=0, index=3): OrderedDict([('Category', 'Things in a kitchen'), ('Type', 'Spatial')])
52.6250 	EXP 	text_other: autoDraw = False
52.6250 	EXP 	text: autoDraw = False
52.6250 	EXP 	letter_text: text = 'Things in a kitchen'
52.6250 	EXP 	list_text1: text = ''
52.6250 	EXP 	list_text1: pos = [-0.6, 0.15]
52.6250 	EXP 	list_text2: text = ''
52.6250 	EXP 	list_text2: pos = [-0.3, 0.15]
52.6250 	EXP 	list_text3: text = ''
52.6250 	EXP 	list_text3: pos = [0, 0.15]
52.6250 	EXP 	list_text4: text = ''
52.6250 	EXP 	list_text4: pos = [0.3, 0.15]
52.6250 	EXP 	list_text5: text = ''
52.6250 	EXP 	list_text5: pos = [0.6, 0.15]
52.6250 	EXP 	letter_text: font = 'Arial'
52.6250 	EXP 	letter_text: bold = True
52.6250 	EXP 	fixation: autoDraw = True
53.6085 	EXP 	timer: autoDraw = True
53.6085 	EXP 	instruct_text: autoDraw = True
53.6085 	EXP 	letter_text: autoDraw = True
53.6085 	EXP 	screen_text: autoDraw = True
53.6085 	EXP 	list_text1: autoDraw = True
53.6085 	EXP 	list_text2: autoDraw = True
53.6085 	EXP 	list_text3: autoDraw = True
53.6085 	EXP 	list_text4: autoDraw = True
53.6085 	EXP 	list_text5: autoDraw = True
53.6085 	EXP 	letter_text: text = 'Things in a kitchen'
53.6249 	EXP 	fixation: autoDraw = False
53.8613 	DATA 	Keypress: l
53.8919 	EXP 	screen_text: text = 'l'
53.9779 	DATA 	Keypress: k
53.9933 	EXP 	screen_text: text = 'lk'
54.1103 	DATA 	Keypress: j
54.1266 	EXP 	screen_text: text = 'lkj'
54.2271 	DATA 	Keypress: l
54.2433 	EXP 	screen_text: text = 'lkjl'
54.2615 	DATA 	Keypress: k
54.2767 	EXP 	screen_text: text = 'lkjlk'
54.3106 	DATA 	Keypress: j
54.3265 	EXP 	screen_text: text = 'lkjlkj'
54.5444 	DATA 	Keypress: return
54.5601 	EXP 	screen_text: text = 'lkjlkj'
54.5601 	EXP 	screen_text: text = ''
54.5601 	EXP 	list_text1: pos = array([-0.6   ,  0.1216])
54.5601 	EXP 	list_text1: text = '\nlkjlkj'
54.8606 	DATA 	Keypress: k
54.8769 	EXP 	screen_text: text = 'k'
54.9281 	DATA 	Keypress: j
54.9436 	EXP 	screen_text: text = 'kj'
55.1283 	DATA 	Keypress: j
55.1324 	DATA 	Keypress: l
55.1437 	EXP 	screen_text: text = 'kjj'
55.1601 	EXP 	screen_text: text = 'kjjl'
55.1774 	DATA 	Keypress: k
55.1929 	EXP 	screen_text: text = 'kjjlk'
55.2277 	DATA 	Keypress: j
55.2429 	EXP 	screen_text: text = 'kjjlkj'
55.3786 	DATA 	Keypress: l
55.3933 	EXP 	screen_text: text = 'kjjlkjl'
55.4135 	DATA 	Keypress: k
55.4438 	EXP 	screen_text: text = 'kjjlkjlk'
55.4606 	DATA 	Keypress: j
55.4763 	EXP 	screen_text: text = 'kjjlkjlkj'
55.7114 	DATA 	Keypress: return
55.7272 	EXP 	screen_text: text = 'kjjlkjlkj'
55.7272 	EXP 	screen_text: text = ''
55.7272 	EXP 	list_text1: pos = array([-0.6   ,  0.0932])
55.7272 	EXP 	list_text1: text = '\nlkjlkj\nkjjlkjlkj'
56.0452 	DATA 	Keypress: k
56.0606 	EXP 	screen_text: text = 'k'
56.1286 	DATA 	Keypress: j
56.1437 	EXP 	screen_text: text = 'kj'
56.3111 	DATA 	Keypress: l
56.3261 	EXP 	screen_text: text = 'kjl'
56.3774 	DATA 	Keypress: k
56.3816 	DATA 	Keypress: j
56.3928 	EXP 	screen_text: text = 'kjlk'
56.4107 	EXP 	screen_text: text = 'kjlkj'
56.6115 	DATA 	Keypress: l
56.6262 	EXP 	screen_text: text = 'kjlkjl'
56.6293 	DATA 	Keypress: k
56.6596 	EXP 	screen_text: text = 'kjlkjlk'
56.6958 	DATA 	Keypress: j
56.7262 	EXP 	screen_text: text = 'kjlkjlkj'
56.9105 	DATA 	Keypress: return
56.9263 	EXP 	screen_text: text = 'kjlkjlkj'
56.9263 	EXP 	screen_text: text = ''
56.9263 	EXP 	list_text1: pos = array([-0.6   ,  0.0648])
56.9263 	EXP 	list_text1: text = '\nlkjlkj\nkjjlkjlkj\nkjlkjlkj'
57.2109 	DATA 	Keypress: l
57.2264 	EXP 	screen_text: text = 'l'
57.2609 	DATA 	Keypress: k
57.2764 	EXP 	screen_text: text = 'lk'
57.3276 	DATA 	Keypress: j
57.3431 	EXP 	screen_text: text = 'lkj'
57.4610 	DATA 	Keypress: l
57.4765 	EXP 	screen_text: text = 'lkjl'
57.4942 	DATA 	Keypress: k
57.5098 	EXP 	screen_text: text = 'lkjlk'
57.5627 	DATA 	Keypress: j
57.5931 	EXP 	screen_text: text = 'lkjlkj'
57.8109 	DATA 	Keypress: return
57.8274 	EXP 	screen_text: text = 'lkjlkj'
57.8274 	EXP 	screen_text: text = ''
57.8274 	EXP 	list_text1: pos = array([-0.6   ,  0.0364])
57.8274 	EXP 	list_text1: text = '\nlkjlkj\nkjjlkjlkj\nkjlkjlkj\nlkjlkj'
58.1617 	DATA 	Keypress: k
58.1765 	EXP 	screen_text: text = 'k'
58.1955 	DATA 	Keypress: j
58.2101 	EXP 	screen_text: text = 'kj'
58.3613 	DATA 	Keypress: h
58.3768 	EXP 	screen_text: text = 'kjh'
58.4631 	DATA 	Keypress: k
58.4935 	EXP 	screen_text: text = 'kjhk'
58.5612 	DATA 	Keypress: j
58.5768 	EXP 	screen_text: text = 'kjhkj'
58.5951 	DATA 	Keypress: h
58.6108 	EXP 	screen_text: text = 'kjhkjh'
58.8612 	DATA 	Keypress: return
58.8768 	EXP 	screen_text: text = 'kjhkjh'
58.8768 	EXP 	screen_text: text = ''
58.8768 	EXP 	list_text1: pos = array([-0.6  ,  0.008])
58.8768 	EXP 	list_text1: text = '\nlkjlkj\nkjjlkjlkj\nkjlkjlkj\nlkjlkj\nkjhkjh'
59.1798 	DATA 	Keypress: l
59.1941 	EXP 	screen_text: text = 'l'
59.2128 	DATA 	Keypress: k
59.2286 	EXP 	screen_text: text = 'lk'
59.3295 	DATA 	Keypress: j
59.3441 	EXP 	screen_text: text = 'lkj'
59.4631 	DATA 	Keypress: l
59.4782 	EXP 	screen_text: text = 'lkjl'
59.4954 	DATA 	Keypress: k
59.5109 	EXP 	screen_text: text = 'lkjlk'
59.5651 	DATA 	Keypress: j
59.5950 	EXP 	screen_text: text = 'lkjlkj'
59.6963 	DATA 	Keypress: l
59.7110 	EXP 	screen_text: text = 'lkjlkjl'
60.0812 	DATA 	Keypress: return
60.1117 	EXP 	screen_text: text = 'lkjlkjl'
60.1117 	EXP 	screen_text: text = ''
60.1117 	EXP 	list_text1: pos = array([-0.6   , -0.0204])
60.1117 	EXP 	list_text1: text = '\nlkjlkj\nkjjlkjlkj\nkjlkjlkj\nlkjlkj\nkjhkjh\nlkjlkjl'
60.3979 	DATA 	Keypress: k
60.4285 	EXP 	screen_text: text = 'k'
60.4316 	DATA 	Keypress: j
60.4620 	EXP 	screen_text: text = 'kj'
60.5459 	DATA 	Keypress: h
60.5620 	EXP 	screen_text: text = 'kjh'
60.6966 	DATA 	Keypress: k
60.7120 	EXP 	screen_text: text = 'kjhk'
60.7466 	DATA 	Keypress: j
60.7621 	EXP 	screen_text: text = 'kjhkj'
60.8133 	DATA 	Keypress: h
60.8286 	EXP 	screen_text: text = 'kjhkjh'
61.0796 	DATA 	Keypress: return
61.0955 	EXP 	screen_text: text = 'kjhkjh'
61.0955 	EXP 	screen_text: text = ''
61.0955 	EXP 	list_text1: pos = array([-0.6   , -0.0488])
61.0955 	EXP 	list_text1: text = '\nlkjlkj\nkjjlkjlkj\nkjlkjlkj\nlkjlkj\nkjhkjh\nlkjlkjl\nkjhkjh'
61.4132 	DATA 	Keypress: k
61.4286 	EXP 	screen_text: text = 'k'
61.4298 	DATA 	Keypress: l
61.4443 	EXP 	screen_text: text = 'kl'
61.5122 	DATA 	Keypress: j
61.5282 	EXP 	screen_text: text = 'klj'
61.6629 	DATA 	Keypress: l
61.6786 	EXP 	screen_text: text = 'kljl'
61.6797 	DATA 	Keypress: k
61.6955 	EXP 	screen_text: text = 'kljlk'
61.6967 	DATA 	Keypress: j
61.7111 	EXP 	screen_text: text = 'kljlkj'
61.9954 	DATA 	Keypress: return
62.0122 	EXP 	screen_text: text = 'kljlkj'
62.0122 	EXP 	screen_text: text = ''
62.0122 	EXP 	list_text1: pos = array([-0.6   , -0.0772])
62.0122 	EXP 	list_text1: text = '\nlkjlkj\nkjjlkjlkj\nkjlkjlkj\nlkjlkj\nkjhkjh\nlkjlkjl\nkjhkjh\nkljlkj'
62.3625 	DATA 	Keypress: l
62.3780 	EXP 	screen_text: text = 'l'
62.3791 	DATA 	Keypress: k
62.3947 	EXP 	screen_text: text = 'lk'
62.4626 	DATA 	Keypress: j
62.4785 	EXP 	screen_text: text = 'lkj'
62.8956 	DATA 	Keypress: return
62.9117 	EXP 	screen_text: text = 'lkj'
62.9117 	EXP 	screen_text: text = ''
62.9117 	EXP 	list_text1: pos = array([-0.6   , -0.1056])
62.9117 	EXP 	list_text1: text = '\nlkjlkj\nkjjlkjlkj\nkjlkjlkj\nlkjlkj\nkjhkjh\nlkjlkjl\nkjhkjh\nkljlkj\nlkj'
63.6112 	EXP 	timer: autoDraw = False
63.6112 	EXP 	instruct_text: autoDraw = False
63.6112 	EXP 	letter_text: autoDraw = False
63.6112 	EXP 	screen_text: autoDraw = False
63.6112 	EXP 	list_text1: autoDraw = False
63.6112 	EXP 	list_text2: autoDraw = False
63.6112 	EXP 	list_text3: autoDraw = False
63.6112 	EXP 	list_text4: autoDraw = False
63.6112 	EXP 	list_text5: autoDraw = False
63.6112 	EXP 	fixation: autoDraw = False
63.6112 	EXP 	timer: autoDraw = False
63.6112 	EXP 	instruct_text: autoDraw = False
63.6112 	EXP 	letter_text: autoDraw = False
63.6112 	EXP 	screen_text: autoDraw = False
63.6112 	EXP 	list_text1: autoDraw = False
63.6112 	EXP 	list_text2: autoDraw = False
63.6112 	EXP 	list_text3: autoDraw = False
63.6112 	EXP 	list_text4: autoDraw = False
63.6112 	EXP 	list_text5: autoDraw = False
63.6112 	EXP 	fixation_1: autoDraw = True
64.5798 	EXP 	difficulty_question: autoDraw = True
64.5798 	EXP 	options: autoDraw = True
64.5798 	EXP 	anchor_1: autoDraw = True
64.5798 	EXP 	anchor_2: autoDraw = True
64.6131 	EXP 	fixation_1: autoDraw = False
65.4484 	DATA 	Keypress: 4
65.4627 	EXP 	fixation_1: autoDraw = False
65.4627 	EXP 	difficulty_question: autoDraw = False
65.4627 	EXP 	options: autoDraw = False
65.4627 	EXP 	anchor_1: autoDraw = False
65.4627 	EXP 	anchor_2: autoDraw = False
65.4627 	EXP 	text: text = ''
65.4627 	EXP 	text_other: autoDraw = True
65.4627 	EXP 	text: autoDraw = True
66.0650 	DATA 	Keypress: k
66.0793 	EXP 	text: text = 'k'
66.0808 	DATA 	Keypress: j
66.0971 	EXP 	text: text = 'kj'
66.1816 	DATA 	Keypress: h
66.1971 	EXP 	text: text = 'kjh'
66.2814 	DATA 	Keypress: k
66.2959 	EXP 	text: text = 'kjhk'
66.3316 	DATA 	Keypress: j
66.3471 	EXP 	text: text = 'kjhkj'
66.3980 	DATA 	Keypress: h
66.4126 	EXP 	text: text = 'kjhkjh'
66.5970 	DATA 	Keypress: return
66.5974 	EXP 	New trial (rep=0, index=4): OrderedDict([('Category', 'Words that start with F'), ('Type', 'Phonemic')])
66.6127 	EXP 	text_other: autoDraw = False
66.6127 	EXP 	text: autoDraw = False
66.6127 	EXP 	letter_text: text = 'Words that start with F'
66.6127 	EXP 	list_text1: text = ''
66.6127 	EXP 	list_text1: pos = [-0.6, 0.15]
66.6127 	EXP 	list_text2: text = ''
66.6127 	EXP 	list_text2: pos = [-0.3, 0.15]
66.6127 	EXP 	list_text3: text = ''
66.6127 	EXP 	list_text3: pos = [0, 0.15]
66.6127 	EXP 	list_text4: text = ''
66.6127 	EXP 	list_text4: pos = [0.3, 0.15]
66.6127 	EXP 	list_text5: text = ''
66.6127 	EXP 	list_text5: pos = [0.6, 0.15]
66.6127 	EXP 	letter_text: font = 'Arial'
66.6127 	EXP 	letter_text: bold = True
66.6127 	EXP 	fixation: autoDraw = True
67.5961 	EXP 	timer: autoDraw = True
67.5961 	EXP 	instruct_text: autoDraw = True
67.5961 	EXP 	letter_text: autoDraw = True
67.5961 	EXP 	screen_text: autoDraw = True
67.5961 	EXP 	list_text1: autoDraw = True
67.5961 	EXP 	list_text2: autoDraw = True
67.5961 	EXP 	list_text3: autoDraw = True
67.5961 	EXP 	list_text4: autoDraw = True
67.5961 	EXP 	list_text5: autoDraw = True
67.5961 	EXP 	letter_text: text = 'Words that start with F'
67.6129 	EXP 	fixation: autoDraw = False
68.0150 	DATA 	Keypress: j
68.0159 	DATA 	Keypress: h
68.0296 	EXP 	screen_text: text = 'j'
68.1141 	DATA 	Keypress: g
68.1298 	EXP 	screen_text: text = 'jg'
68.2156 	DATA 	Keypress: j
68.2464 	EXP 	screen_text: text = 'jgj'
68.2814 	DATA 	Keypress: h
68.2964 	EXP 	screen_text: text = 'jgjh'
68.3476 	DATA 	Keypress: g
68.3632 	EXP 	screen_text: text = 'jgjhg'
68.5990 	DATA 	Keypress: return
68.6299 	EXP 	screen_text: text = 'jgjhg'
68.6299 	EXP 	screen_text: text = ''
68.6299 	EXP 	list_text1: pos = array([-0.6   ,  0.1216])
68.6299 	EXP 	list_text1: text = '\njgjhg'
68.8979 	DATA 	Keypress: k
68.9020 	DATA 	Keypress: j
68.9139 	EXP 	screen_text: text = 'k'
68.9314 	EXP 	screen_text: text = 'kj'
68.9991 	DATA 	Keypress: h
69.0146 	EXP 	screen_text: text = 'kjh'
69.1317 	DATA 	Keypress: k
69.1471 	EXP 	screen_text: text = 'kjhk'
69.1502 	DATA 	Keypress: j
69.1813 	EXP 	screen_text: text = 'kjhkj'
69.2174 	DATA 	Keypress: h
69.2472 	EXP 	screen_text: text = 'kjhkjh'
69.5323 	DATA 	Keypress: return
69.5473 	EXP 	screen_text: text = 'kjhkjh'
69.5473 	EXP 	screen_text: text = ''
69.5473 	EXP 	list_text1: pos = array([-0.6   ,  0.0932])
69.5473 	EXP 	list_text1: text = '\njgjhg\nkjhkjh'
69.8491 	DATA 	Keypress: k
69.8648 	EXP 	screen_text: text = 'k'
69.8827 	DATA 	Keypress: j
69.8982 	EXP 	screen_text: text = 'kj'
69.9327 	DATA 	Keypress: h
69.9482 	EXP 	screen_text: text = 'kjh'
70.0993 	DATA 	Keypress: k
70.1149 	EXP 	screen_text: text = 'kjhk'
70.1511 	DATA 	Keypress: j
70.1814 	EXP 	screen_text: text = 'kjhkj'
70.1844 	DATA 	Keypress: h
70.2142 	EXP 	screen_text: text = 'kjhkjh'
70.4492 	DATA 	Keypress: return
70.4650 	EXP 	screen_text: text = 'kjhkjh'
70.4650 	EXP 	screen_text: text = ''
70.4650 	EXP 	list_text1: pos = array([-0.6   ,  0.0648])
70.4650 	EXP 	list_text1: text = '\njgjhg\nkjhkjh\nkjhkjh'
70.7154 	DATA 	Keypress: k
70.7317 	EXP 	screen_text: text = 'k'
70.7829 	DATA 	Keypress: j
70.7985 	EXP 	screen_text: text = 'kj'
70.8495 	DATA 	Keypress: h
70.8651 	EXP 	screen_text: text = 'kjh'
71.0163 	DATA 	Keypress: k
71.0319 	EXP 	screen_text: text = 'kjhk'
71.0489 	DATA 	Keypress: j
71.0652 	EXP 	screen_text: text = 'kjhkj'
71.0998 	DATA 	Keypress: h
71.1141 	EXP 	screen_text: text = 'kjhkjh'
71.3661 	DATA 	Keypress: return
71.3807 	EXP 	screen_text: text = 'kjhkjh'
71.3807 	EXP 	screen_text: text = ''
71.3807 	EXP 	list_text1: pos = array([-0.6   ,  0.0364])
71.3807 	EXP 	list_text1: text = '\njgjhg\nkjhkjh\nkjhkjh\nkjhkjh'
71.6487 	DATA 	Keypress: k
71.6650 	EXP 	screen_text: text = 'k'
71.7158 	DATA 	Keypress: j
71.7308 	EXP 	screen_text: text = 'kj'
71.8154 	DATA 	Keypress: h
71.8309 	EXP 	screen_text: text = 'kjh'
71.9505 	DATA 	Keypress: k
71.9809 	EXP 	screen_text: text = 'kjhk'
72.0164 	DATA 	Keypress: j
72.0310 	EXP 	screen_text: text = 'kjhkj'
72.0656 	DATA 	Keypress: h
72.0809 	EXP 	screen_text: text = 'kjhkjh'
72.3006 	DATA 	Keypress: return
72.3310 	EXP 	screen_text: text = 'kjhkjh'
72.3310 	EXP 	screen_text: text = ''
72.3310 	EXP 	list_text1: pos = array([-0.6  ,  0.008])
72.3310 	EXP 	list_text1: text = '\njgjhg\nkjhkjh\nkjhkjh\nkjhkjh\nkjhkjh'
72.5655 	DATA 	Keypress: k
72.5811 	EXP 	screen_text: text = 'k'
72.5993 	DATA 	Keypress: j
72.6143 	EXP 	screen_text: text = 'kj'
72.6828 	DATA 	Keypress: h
72.6978 	EXP 	screen_text: text = 'kjh'
72.8174 	DATA 	Keypress: k
72.8478 	EXP 	screen_text: text = 'kjhk'
72.8506 	DATA 	Keypress: j
72.8812 	EXP 	screen_text: text = 'kjhkj'
72.9165 	DATA 	Keypress: h
72.9312 	EXP 	screen_text: text = 'kjhkjh'
73.1655 	DATA 	Keypress: return
73.1813 	EXP 	screen_text: text = 'kjhkjh'
73.1813 	EXP 	screen_text: text = ''
73.1813 	EXP 	list_text1: pos = array([-0.6   , -0.0204])
73.1813 	EXP 	list_text1: text = '\njgjhg\nkjhkjh\nkjhkjh\nkjhkjh\nkjhkjh\nkjhkjh'
73.4158 	DATA 	Keypress: k
73.4314 	EXP 	screen_text: text = 'k'
73.4490 	DATA 	Keypress: j
73.4652 	EXP 	screen_text: text = 'kj'
73.5331 	DATA 	Keypress: h
73.5481 	EXP 	screen_text: text = 'kjh'
73.7178 	DATA 	Keypress: k
73.7481 	EXP 	screen_text: text = 'kjhk'
73.7510 	DATA 	Keypress: j
73.7815 	EXP 	screen_text: text = 'kjhkj'
73.7997 	DATA 	Keypress: h
73.8153 	EXP 	screen_text: text = 'kjhkjh'
74.0338 	DATA 	Keypress: return
74.0498 	EXP 	screen_text: text = 'kjhkjh'
74.0498 	EXP 	screen_text: text = ''
74.0498 	EXP 	list_text1: pos = array([-0.6   , -0.0488])
74.0498 	EXP 	list_text1: text = '\njgjhg\nkjhkjh\nkjhkjh\nkjhkjh\nkjhkjh\nkjhkjh\nkjhkjh'
74.3166 	DATA 	Keypress: k
74.3321 	EXP 	screen_text: text = 'k'
74.3508 	DATA 	Keypress: j
74.3660 	EXP 	screen_text: text = 'kj'
74.4170 	DATA 	Keypress: h
74.4321 	EXP 	screen_text: text = 'kjh'
74.5842 	DATA 	Keypress: k
74.5996 	EXP 	screen_text: text = 'kjhk'
74.6345 	DATA 	Keypress: j
74.6488 	EXP 	screen_text: text = 'kjhkj'
74.6844 	DATA 	Keypress: h
74.6989 	EXP 	screen_text: text = 'kjhkjh'
74.9337 	DATA 	Keypress: return
74.9497 	EXP 	screen_text: text = 'kjhkjh'
74.9497 	EXP 	screen_text: text = ''
74.9497 	EXP 	list_text1: pos = array([-0.6   , -0.0772])
74.9497 	EXP 	list_text1: text = '\njgjhg\nkjhkjh\nkjhkjh\nkjhkjh\nkjhkjh\nkjhkjh\nkjhkjh\nkjhkjh'
75.1687 	DATA 	Keypress: l
75.1998 	EXP 	screen_text: text = 'l'
75.2836 	DATA 	Keypress: k
75.2991 	EXP 	screen_text: text = 'lk'
75.3843 	DATA 	Keypress: j
75.3991 	EXP 	screen_text: text = 'lkj'
75.5008 	DATA 	Keypress: l
75.5158 	EXP 	screen_text: text = 'lkjl'
75.5171 	DATA 	Keypress: k
75.5333 	EXP 	screen_text: text = 'lkjlk'
75.5669 	DATA 	Keypress: j
75.5825 	EXP 	screen_text: text = 'lkjlkj'
75.8177 	DATA 	Keypress: return
75.8333 	EXP 	screen_text: text = 'lkjlkj'
75.8333 	EXP 	screen_text: text = ''
75.8333 	EXP 	list_text1: pos = array([-0.6   , -0.1056])
75.8333 	EXP 	list_text1: text = '\njgjhg\nkjhkjh\nkjhkjh\nkjhkjh\nkjhkjh\nkjhkjh\nkjhkjh\nkjhkjh\nlkjlkj'
76.1348 	DATA 	Keypress: l
76.1357 	DATA 	Keypress: k
76.1501 	EXP 	screen_text: text = 'l'
76.2836 	DATA 	Keypress: j
76.2990 	EXP 	screen_text: text = 'lj'
76.4169 	DATA 	Keypress: l
76.4327 	EXP 	screen_text: text = 'ljl'
76.4516 	DATA 	Keypress: k
76.4655 	EXP 	screen_text: text = 'ljlk'
76.5346 	DATA 	Keypress: j
76.5490 	EXP 	screen_text: text = 'ljlkj'
76.8000 	DATA 	Keypress: return
76.8157 	EXP 	screen_text: text = 'ljlkj'
76.8157 	EXP 	screen_text: text = ''
76.8157 	EXP 	list_text1: pos = array([-0.6  , -0.134])
76.8157 	EXP 	list_text1: text = '\njgjhg\nkjhkjh\nkjhkjh\nkjhkjh\nkjhkjh\nkjhkjh\nkjhkjh\nkjhkjh\nlkjlkj\nljlkj'
77.5993 	EXP 	timer: autoDraw = False
77.5993 	EXP 	instruct_text: autoDraw = False
77.5993 	EXP 	letter_text: autoDraw = False
77.5993 	EXP 	screen_text: autoDraw = False
77.5993 	EXP 	list_text1: autoDraw = False
77.5993 	EXP 	list_text2: autoDraw = False
77.5993 	EXP 	list_text3: autoDraw = False
77.5993 	EXP 	list_text4: autoDraw = False
77.5993 	EXP 	list_text5: autoDraw = False
77.5993 	EXP 	fixation: autoDraw = False
77.5993 	EXP 	timer: autoDraw = False
77.5993 	EXP 	instruct_text: autoDraw = False
77.5993 	EXP 	letter_text: autoDraw = False
77.5993 	EXP 	screen_text: autoDraw = False
77.5993 	EXP 	list_text1: autoDraw = False
77.5993 	EXP 	list_text2: autoDraw = False
77.5993 	EXP 	list_text3: autoDraw = False
77.5993 	EXP 	list_text4: autoDraw = False
77.5993 	EXP 	list_text5: autoDraw = False
77.5993 	EXP 	fixation_1: autoDraw = True
78.5661 	EXP 	difficulty_question: autoDraw = True
78.5661 	EXP 	options: autoDraw = True
78.5661 	EXP 	anchor_1: autoDraw = True
78.5661 	EXP 	anchor_2: autoDraw = True
78.5996 	EXP 	fixation_1: autoDraw = False
79.5023 	DATA 	Keypress: 5
79.5178 	EXP 	fixation_1: autoDraw = False
79.5178 	EXP 	difficulty_question: autoDraw = False
79.5178 	EXP 	options: autoDraw = False
79.5178 	EXP 	anchor_1: autoDraw = False
79.5178 	EXP 	anchor_2: autoDraw = False
79.5178 	EXP 	text: text = ''
79.5178 	EXP 	text_other: autoDraw = True
79.5178 	EXP 	text: autoDraw = True
80.2686 	DATA 	Keypress: k
80.2839 	EXP 	text: text = 'k'
80.3685 	DATA 	Keypress: j
80.3839 	EXP 	text: text = 'kj'
80.4355 	DATA 	Keypress: l
80.4517 	EXP 	text: text = 'kjl'
80.5028 	DATA 	Keypress: k
80.5183 	EXP 	text: text = 'kjlk'
80.5693 	DATA 	Keypress: j
80.5848 	EXP 	text: text = 'kjlkj'
80.7858 	DATA 	Keypress: return
80.7863 	EXP 	New trial (rep=0, index=5): OrderedDict([('Category', 'Words that start with A'), ('Type', 'Phonemic')])
80.8008 	EXP 	text_other: autoDraw = False
80.8008 	EXP 	text: autoDraw = False
80.8008 	EXP 	letter_text: text = 'Words that start with A'
80.8008 	EXP 	list_text1: text = ''
80.8008 	EXP 	list_text1: pos = [-0.6, 0.15]
80.8008 	EXP 	list_text2: text = ''
80.8008 	EXP 	list_text2: pos = [-0.3, 0.15]
80.8008 	EXP 	list_text3: text = ''
80.8008 	EXP 	list_text3: pos = [0, 0.15]
80.8008 	EXP 	list_text4: text = ''
80.8008 	EXP 	list_text4: pos = [0.3, 0.15]
80.8008 	EXP 	list_text5: text = ''
80.8008 	EXP 	list_text5: pos = [0.6, 0.15]
80.8008 	EXP 	letter_text: font = 'Arial'
80.8008 	EXP 	letter_text: bold = True
80.8008 	EXP 	fixation: autoDraw = True
81.7839 	EXP 	timer: autoDraw = True
81.7839 	EXP 	instruct_text: autoDraw = True
81.7839 	EXP 	letter_text: autoDraw = True
81.7839 	EXP 	screen_text: autoDraw = True
81.7839 	EXP 	list_text1: autoDraw = True
81.7839 	EXP 	list_text2: autoDraw = True
81.7839 	EXP 	list_text3: autoDraw = True
81.7839 	EXP 	list_text4: autoDraw = True
81.7839 	EXP 	list_text5: autoDraw = True
81.7839 	EXP 	letter_text: text = 'Words that start with A'
81.8006 	EXP 	fixation: autoDraw = False
82.7065 	DATA 	Keypress: k
82.7226 	EXP 	screen_text: text = 'k'
82.7908 	DATA 	Keypress: j
82.8055 	EXP 	screen_text: text = 'kj'
82.9405 	DATA 	Keypress: l
82.9555 	EXP 	screen_text: text = 'kjl'
83.0068 	DATA 	Keypress: k
83.0185 	EXP 	screen_text: text = 'kjlk'
83.0531 	DATA 	Keypress: j
83.0721 	EXP 	screen_text: text = 'kjlkj'
83.3081 	DATA 	Keypress: return
83.3222 	EXP 	screen_text: text = 'kjlkj'
83.3222 	EXP 	screen_text: text = ''
83.3222 	EXP 	list_text1: pos = array([-0.6   ,  0.1216])
83.3222 	EXP 	list_text1: text = '\nkjlkj'
83.6031 	DATA 	Keypress: l
83.6231 	EXP 	screen_text: text = 'l'
83.6403 	DATA 	Keypress: k
83.6553 	EXP 	screen_text: text = 'lk'
83.7420 	DATA 	Keypress: j
83.7683 	EXP 	screen_text: text = 'lkj'
83.8756 	DATA 	Keypress: l
83.9062 	EXP 	screen_text: text = 'lkjl'
83.9196 	DATA 	Keypress: k
83.9362 	EXP 	screen_text: text = 'lkjlk'
83.9698 	DATA 	Keypress: j
83.9859 	EXP 	screen_text: text = 'lkjlkj'
84.2367 	DATA 	Keypress: return
84.2525 	EXP 	screen_text: text = 'lkjlkj'
84.2525 	EXP 	screen_text: text = ''
84.2525 	EXP 	list_text1: pos = array([-0.6   ,  0.0932])
84.2525 	EXP 	list_text1: text = '\nkjlkj\nlkjlkj'
84.4744 	DATA 	Keypress: l
84.4860 	EXP 	screen_text: text = 'l'
84.5412 	DATA 	Keypress: k
84.5530 	EXP 	screen_text: text = 'lk'
84.6206 	DATA 	Keypress: j
84.6361 	EXP 	screen_text: text = 'lkj'
84.7872 	DATA 	Keypress: l
84.8028 	EXP 	screen_text: text = 'lkjl'
84.8198 	DATA 	Keypress: k
84.8398 	EXP 	screen_text: text = 'lkjlk'
84.8873 	DATA 	Keypress: j
84.9028 	EXP 	screen_text: text = 'lkjlkj'
85.1260 	DATA 	Keypress: return
85.1531 	EXP 	screen_text: text = 'lkjlkj'
85.1531 	EXP 	screen_text: text = ''
85.1531 	EXP 	list_text1: pos = array([-0.6   ,  0.0648])
85.1531 	EXP 	list_text1: text = '\nkjlkj\nlkjlkj\nlkjlkj'
85.3748 	DATA 	Keypress: l
85.3862 	EXP 	screen_text: text = 'l'
85.4377 	DATA 	Keypress: k
85.4530 	EXP 	screen_text: text = 'lk'
85.4708 	DATA 	Keypress: j
85.4857 	EXP 	screen_text: text = 'lkj'
85.6709 	DATA 	Keypress: l
85.6864 	EXP 	screen_text: text = 'lkjl'
85.7082 	DATA 	Keypress: k
85.7197 	EXP 	screen_text: text = 'lkjlk'
85.7582 	DATA 	Keypress: j
85.7696 	EXP 	screen_text: text = 'lkjlkj'
86.0083 	DATA 	Keypress: return
86.0188 	EXP 	screen_text: text = 'lkjlkj'
86.0188 	EXP 	screen_text: text = ''
86.0188 	EXP 	list_text1: pos = array([-0.6   ,  0.0364])
86.0188 	EXP 	list_text1: text = '\nkjlkj\nlkjlkj\nlkjlkj\nlkjlkj'
86.2582 	DATA 	Keypress: l
86.2732 	EXP 	screen_text: text = 'l'
86.3245 	DATA 	Keypress: k
86.3365 	EXP 	screen_text: text = 'lk'
86.3912 	DATA 	Keypress: j
86.4066 	EXP 	screen_text: text = 'lkj'
86.5709 	DATA 	Keypress: l
86.5902 	EXP 	screen_text: text = 'lkjl'
86.6085 	DATA 	Keypress: k
86.6234 	EXP 	screen_text: text = 'lkjlk'
86.6581 	DATA 	Keypress: j
86.6697 	EXP 	screen_text: text = 'lkjlkj'
86.9408 	DATA 	Keypress: return
86.9531 	EXP 	screen_text: text = 'lkjlkj'
86.9531 	EXP 	screen_text: text = ''
86.9531 	EXP 	list_text1: pos = array([-0.6  ,  0.008])
86.9531 	EXP 	list_text1: text = '\nkjlkj\nlkjlkj\nlkjlkj\nlkjlkj\nlkjlkj'
87.2584 	DATA 	Keypress: l
87.2735 	EXP 	screen_text: text = 'l'
87.3747 	DATA 	Keypress: k
87.3865 	EXP 	screen_text: text = 'lk'
87.4767 	DATA 	Keypress: j
87.5068 	EXP 	screen_text: text = 'lkj'
87.6419 	DATA 	Keypress: l
87.6570 	EXP 	screen_text: text = 'lkjl'
87.6711 	DATA 	Keypress: k
87.6906 	EXP 	screen_text: text = 'lkjlk'
87.7250 	DATA 	Keypress: j
87.7409 	EXP 	screen_text: text = 'lkjlkj'
87.9747 	DATA 	Keypress: return
87.9907 	EXP 	screen_text: text = 'lkjlkj'
87.9907 	EXP 	screen_text: text = ''
87.9907 	EXP 	list_text1: pos = array([-0.6   , -0.0204])
87.9907 	EXP 	list_text1: text = '\nkjlkj\nlkjlkj\nlkjlkj\nlkjlkj\nlkjlkj\nlkjlkj'
88.2585 	DATA 	Keypress: l
88.2735 	EXP 	screen_text: text = 'l'
88.3587 	DATA 	Keypress: k
88.3737 	EXP 	screen_text: text = 'lk'
88.4436 	DATA 	Keypress: j
88.4698 	EXP 	screen_text: text = 'lkj'
88.6083 	DATA 	Keypress: l
88.6199 	EXP 	screen_text: text = 'lkjl'
88.6416 	DATA 	Keypress: k
88.6569 	EXP 	screen_text: text = 'lkjlk'
88.6923 	DATA 	Keypress: j
88.7032 	EXP 	screen_text: text = 'lkjlkj'
88.9385 	DATA 	Keypress: return
88.9541 	EXP 	screen_text: text = 'lkjlkj'
88.9541 	EXP 	screen_text: text = ''
88.9541 	EXP 	list_text1: pos = array([-0.6   , -0.0488])
88.9541 	EXP 	list_text1: text = '\nkjlkj\nlkjlkj\nlkjlkj\nlkjlkj\nlkjlkj\nlkjlkj\nlkjlkj'
89.2219 	DATA 	Keypress: l
89.2367 	EXP 	screen_text: text = 'l'
89.2378 	DATA 	Keypress: k
89.2541 	EXP 	screen_text: text = 'lk'
89.3384 	DATA 	Keypress: j
89.3579 	EXP 	screen_text: text = 'lkj'
89.5214 	DATA 	Keypress: l
89.5412 	EXP 	screen_text: text = 'lkjl'
89.5555 	DATA 	Keypress: k
89.5707 	EXP 	screen_text: text = 'lkjlk'
89.6047 	DATA 	Keypress: j
89.6207 	EXP 	screen_text: text = 'lkjlkj'
89.8611 	DATA 	Keypress: return
89.8877 	EXP 	screen_text: text = 'lkjlkj'
89.8877 	EXP 	screen_text: text = ''
89.8877 	EXP 	list_text1: pos = array([-0.6   , -0.0772])
89.8877 	EXP 	list_text1: text = '\nkjlkj\nlkjlkj\nlkjlkj\nlkjlkj\nlkjlkj\nlkjlkj\nlkjlkj\nlkjlkj'
90.1599 	DATA 	Keypress: l
90.1711 	EXP 	screen_text: text = 'l'
90.2217 	DATA 	Keypress: k
90.2378 	EXP 	screen_text: text = 'lk'
90.2939 	DATA 	Keypress: j
90.3043 	EXP 	screen_text: text = 'lkj'
90.5098 	DATA 	Keypress: l
90.5140 	DATA 	Keypress: k
90.5212 	EXP 	screen_text: text = 'lkjl'
90.5422 	EXP 	screen_text: text = 'lkjlk'
90.5558 	DATA 	Keypress: j
90.5752 	EXP 	screen_text: text = 'lkjlkj'
90.8073 	DATA 	Keypress: return
90.8379 	EXP 	screen_text: text = 'lkjlkj'
90.8379 	EXP 	screen_text: text = ''
90.8379 	EXP 	list_text1: pos = array([-0.6   , -0.1056])
90.8379 	EXP 	list_text1: text = '\nkjlkj\nlkjlkj\nlkjlkj\nlkjlkj\nlkjlkj\nlkjlkj\nlkjlkj\nlkjlkj\nlkjlkj'
91.0890 	DATA 	Keypress: l
91.1047 	EXP 	screen_text: text = 'l'
91.1059 	DATA 	Keypress: k
91.1254 	EXP 	screen_text: text = 'lk'
91.2263 	DATA 	Keypress: j
91.2381 	EXP 	screen_text: text = 'lkj'
91.3555 	DATA 	Keypress: l
91.3711 	EXP 	screen_text: text = 'lkjl'
91.3927 	DATA 	Keypress: k
91.4047 	EXP 	screen_text: text = 'lkjlk'
91.4436 	DATA 	Keypress: j
91.4547 	EXP 	screen_text: text = 'lkjlkj'
91.6588 	DATA 	Keypress: return
91.6748 	EXP 	screen_text: text = 'lkjlkj'
91.6748 	EXP 	screen_text: text = ''
91.6748 	EXP 	list_text1: pos = array([-0.6  , -0.134])
91.6748 	EXP 	list_text1: text = '\nkjlkj\nlkjlkj\nlkjlkj\nlkjlkj\nlkjlkj\nlkjlkj\nlkjlkj\nlkjlkj\nlkjlkj\nlkjlkj'
91.7916 	EXP 	timer: autoDraw = False
91.7916 	EXP 	instruct_text: autoDraw = False
91.7916 	EXP 	letter_text: autoDraw = False
91.7916 	EXP 	screen_text: autoDraw = False
91.7916 	EXP 	list_text1: autoDraw = False
91.7916 	EXP 	list_text2: autoDraw = False
91.7916 	EXP 	list_text3: autoDraw = False
91.7916 	EXP 	list_text4: autoDraw = False
91.7916 	EXP 	list_text5: autoDraw = False
91.7916 	EXP 	fixation: autoDraw = False
91.7916 	EXP 	timer: autoDraw = False
91.7916 	EXP 	instruct_text: autoDraw = False
91.7916 	EXP 	letter_text: autoDraw = False
91.7916 	EXP 	screen_text: autoDraw = False
91.7916 	EXP 	list_text1: autoDraw = False
91.7916 	EXP 	list_text2: autoDraw = False
91.7916 	EXP 	list_text3: autoDraw = False
91.7916 	EXP 	list_text4: autoDraw = False
91.7916 	EXP 	list_text5: autoDraw = False
91.7916 	EXP 	fixation_1: autoDraw = True
92.7753 	EXP 	difficulty_question: autoDraw = True
92.7753 	EXP 	options: autoDraw = True
92.7753 	EXP 	anchor_1: autoDraw = True
92.7753 	EXP 	anchor_2: autoDraw = True
92.7915 	EXP 	fixation_1: autoDraw = False
93.6601 	DATA 	Keypress: 4
93.6755 	EXP 	fixation_1: autoDraw = False
93.6755 	EXP 	difficulty_question: autoDraw = False
93.6755 	EXP 	options: autoDraw = False
93.6755 	EXP 	anchor_1: autoDraw = False
93.6755 	EXP 	anchor_2: autoDraw = False
93.6755 	EXP 	text: text = ''
93.6755 	EXP 	text_other: autoDraw = True
93.6755 	EXP 	text: autoDraw = True
94.3568 	DATA 	Keypress: k
94.3720 	EXP 	text: text = 'k'
94.3731 	DATA 	Keypress: j
94.3927 	EXP 	text: text = 'kj'
94.4735 	DATA 	Keypress: h
94.4890 	EXP 	text: text = 'kjh'
94.6108 	DATA 	Keypress: k
94.6222 	EXP 	text: text = 'kjhk'
94.6610 	DATA 	Keypress: j
94.6725 	EXP 	text: text = 'kjhkj'
94.7071 	DATA 	Keypress: h
94.7225 	EXP 	text: text = 'kjhkjh'
94.8571 	DATA 	Keypress: k
94.8721 	EXP 	text: text = 'kjhkjhk'
94.8733 	DATA 	Keypress: j
94.8892 	EXP 	text: text = 'kjhkjhkj'
95.1107 	DATA 	Keypress: return
95.1111 	EXP 	New trial (rep=0, index=6): OrderedDict([('Category', 'Things in a bedroom'), ('Type', 'Spatial')])
95.1228 	EXP 	text_other: autoDraw = False
95.1228 	EXP 	text: autoDraw = False
95.1228 	EXP 	letter_text: text = 'Things in a bedroom'
95.1228 	EXP 	list_text1: text = ''
95.1228 	EXP 	list_text1: pos = [-0.6, 0.15]
95.1228 	EXP 	list_text2: text = ''
95.1228 	EXP 	list_text2: pos = [-0.3, 0.15]
95.1228 	EXP 	list_text3: text = ''
95.1228 	EXP 	list_text3: pos = [0, 0.15]
95.1228 	EXP 	list_text4: text = ''
95.1228 	EXP 	list_text4: pos = [0.3, 0.15]
95.1228 	EXP 	list_text5: text = ''
95.1228 	EXP 	list_text5: pos = [0.6, 0.15]
95.1228 	EXP 	letter_text: font = 'Arial'
95.1228 	EXP 	letter_text: bold = True
95.1228 	EXP 	fixation: autoDraw = True
96.1061 	EXP 	timer: autoDraw = True
96.1061 	EXP 	instruct_text: autoDraw = True
96.1061 	EXP 	letter_text: autoDraw = True
96.1061 	EXP 	screen_text: autoDraw = True
96.1061 	EXP 	list_text1: autoDraw = True
96.1061 	EXP 	list_text2: autoDraw = True
96.1061 	EXP 	list_text3: autoDraw = True
96.1061 	EXP 	list_text4: autoDraw = True
96.1061 	EXP 	list_text5: autoDraw = True
96.1061 	EXP 	letter_text: text = 'Things in a bedroom'
96.1229 	EXP 	fixation: autoDraw = False
97.2074 	DATA 	Keypress: j
97.2267 	EXP 	screen_text: text = 'j'
97.2451 	DATA 	Keypress: h
97.2600 	EXP 	screen_text: text = 'jh'
97.3444 	DATA 	Keypress: g
97.3601 	EXP 	screen_text: text = 'jhg'
97.4779 	DATA 	Keypress: j
97.4892 	EXP 	screen_text: text = 'jhgj'
97.5287 	DATA 	Keypress: h
97.5438 	EXP 	screen_text: text = 'jhgjh'
97.5798 	DATA 	Keypress: g
97.6059 	EXP 	screen_text: text = 'jhgjhg'
97.8275 	DATA 	Keypress: return
97.8393 	EXP 	screen_text: text = 'jhgjhg'
97.8393 	EXP 	screen_text: text = ''
97.8393 	EXP 	list_text1: pos = array([-0.6   ,  0.1216])
97.8393 	EXP 	list_text1: text = '\njhgjhg'
98.1284 	DATA 	Keypress: k
98.1434 	EXP 	screen_text: text = 'k'
98.1948 	DATA 	Keypress: j
98.2101 	EXP 	screen_text: text = 'kj'
98.2786 	DATA 	Keypress: h
98.2936 	EXP 	screen_text: text = 'kjh'
98.4411 	DATA 	Keypress: k
98.4606 	EXP 	screen_text: text = 'kjhk'
98.4782 	DATA 	Keypress: j
98.4935 	EXP 	screen_text: text = 'kjhkj'
98.5445 	DATA 	Keypress: h
98.5564 	EXP 	screen_text: text = 'kjhkjh'
98.8116 	DATA 	Keypress: return
98.8272 	EXP 	screen_text: text = 'kjhkjh'
98.8272 	EXP 	screen_text: text = ''
98.8272 	EXP 	list_text1: pos = array([-0.6   ,  0.0932])
98.8272 	EXP 	list_text1: text = '\njhgjhg\nkjhkjh'
99.0749 	DATA 	Keypress: k
99.0904 	EXP 	screen_text: text = 'k'
99.1252 	DATA 	Keypress: j
99.1404 	EXP 	screen_text: text = 'kj'
99.1786 	DATA 	Keypress: h
99.1903 	EXP 	screen_text: text = 'kjh'
99.3790 	DATA 	Keypress: k
99.3906 	EXP 	screen_text: text = 'kjhk'
99.4084 	DATA 	Keypress: j
99.4240 	EXP 	screen_text: text = 'kjhkj'
99.4588 	DATA 	Keypress: h
99.4740 	EXP 	screen_text: text = 'kjhkjh'
99.7119 	DATA 	Keypress: return
99.7278 	EXP 	screen_text: text = 'kjhkjh'
99.7278 	EXP 	screen_text: text = ''
99.7278 	EXP 	list_text1: pos = array([-0.6   ,  0.0648])
99.7278 	EXP 	list_text1: text = '\njhgjhg\nkjhkjh\nkjhkjh'
99.9789 	DATA 	Keypress: k
99.9946 	EXP 	screen_text: text = 'k'
99.9974 	DATA 	Keypress: j
100.0242 	EXP 	screen_text: text = 'kj'
100.0754 	DATA 	Keypress: h
100.0907 	EXP 	screen_text: text = 'kjh'
100.2792 	DATA 	Keypress: j
100.2801 	DATA 	Keypress: k
100.2906 	EXP 	screen_text: text = 'kjhj'
100.3295 	DATA 	Keypress: h
100.3446 	EXP 	screen_text: text = 'kjhjh'
100.5936 	DATA 	Keypress: return
100.6282 	EXP 	screen_text: text = 'kjhjh'
100.6282 	EXP 	screen_text: text = ''
100.6282 	EXP 	list_text1: pos = array([-0.6   ,  0.0364])
100.6282 	EXP 	list_text1: text = '\njhgjhg\nkjhkjh\nkjhkjh\nkjhjh'
100.8755 	DATA 	Keypress: k
100.8911 	EXP 	screen_text: text = 'k'
100.8922 	DATA 	Keypress: j
100.9078 	EXP 	screen_text: text = 'kj'
100.9923 	DATA 	Keypress: h
101.0077 	EXP 	screen_text: text = 'kjh'
101.1590 	DATA 	Keypress: k
101.1745 	EXP 	screen_text: text = 'kjhk'
101.1757 	DATA 	Keypress: j
101.1912 	EXP 	screen_text: text = 'kjhkj'
101.2256 	DATA 	Keypress: h
101.2411 	EXP 	screen_text: text = 'kjhkjh'
101.4751 	DATA 	Keypress: return
101.4947 	EXP 	screen_text: text = 'kjhkjh'
101.4947 	EXP 	screen_text: text = ''
101.4947 	EXP 	list_text1: pos = array([-0.6  ,  0.008])
101.4947 	EXP 	list_text1: text = '\njhgjhg\nkjhkjh\nkjhkjh\nkjhjh\nkjhkjh'
101.7296 	DATA 	Keypress: k
101.7412 	EXP 	screen_text: text = 'k'
101.7643 	DATA 	Keypress: j
101.7946 	EXP 	screen_text: text = 'kj'
101.8298 	DATA 	Keypress: h
101.8407 	EXP 	screen_text: text = 'kjh'
102.0125 	DATA 	Keypress: k
102.0287 	EXP 	screen_text: text = 'kjhk'
102.0298 	DATA 	Keypress: j
102.0448 	EXP 	screen_text: text = 'kjhkj'
102.0793 	DATA 	Keypress: h
102.0946 	EXP 	screen_text: text = 'kjhkjh'
102.3458 	DATA 	Keypress: return
102.3619 	EXP 	screen_text: text = 'kjhkjh'
102.3619 	EXP 	screen_text: text = ''
102.3619 	EXP 	list_text1: pos = array([-0.6   , -0.0204])
102.3619 	EXP 	list_text1: text = '\njhgjhg\nkjhkjh\nkjhkjh\nkjhjh\nkjhkjh\nkjhkjh'
102.6126 	DATA 	Keypress: k
102.6281 	EXP 	screen_text: text = 'k'
102.6587 	DATA 	Keypress: j
102.6784 	EXP 	screen_text: text = 'kj'
102.7311 	DATA 	Keypress: h
102.7616 	EXP 	screen_text: text = 'kjh'
102.9129 	DATA 	Keypress: k
102.9287 	EXP 	screen_text: text = 'kjhk'
102.9299 	DATA 	Keypress: j
102.9450 	EXP 	screen_text: text = 'kjhkj'
102.9921 	DATA 	Keypress: h
103.0119 	EXP 	screen_text: text = 'kjhkjh'
103.2626 	DATA 	Keypress: return
103.2783 	EXP 	screen_text: text = 'kjhkjh'
103.2783 	EXP 	screen_text: text = ''
103.2783 	EXP 	list_text1: pos = array([-0.6   , -0.0488])
103.2783 	EXP 	list_text1: text = '\njhgjhg\nkjhkjh\nkjhkjh\nkjhjh\nkjhkjh\nkjhkjh\nkjhkjh'
103.5465 	DATA 	Keypress: k
103.5616 	EXP 	screen_text: text = 'k'
103.5802 	DATA 	Keypress: j
103.5952 	EXP 	screen_text: text = 'kj'
103.6659 	DATA 	Keypress: h
103.6951 	EXP 	screen_text: text = 'kjh'
103.8468 	DATA 	Keypress: j
103.8619 	EXP 	screen_text: text = 'kjhj'
103.8795 	DATA 	Keypress: h
103.8958 	EXP 	screen_text: text = 'kjhjh'
104.1485 	DATA 	Keypress: return
104.1754 	EXP 	screen_text: text = 'kjhjh'
104.1754 	EXP 	screen_text: text = ''
104.1754 	EXP 	list_text1: pos = array([-0.6   , -0.0772])
104.1754 	EXP 	list_text1: text = '\njhgjhg\nkjhkjh\nkjhkjh\nkjhjh\nkjhkjh\nkjhkjh\nkjhkjh\nkjhjh'
106.1092 	EXP 	timer: autoDraw = False
106.1092 	EXP 	instruct_text: autoDraw = False
106.1092 	EXP 	letter_text: autoDraw = False
106.1092 	EXP 	screen_text: autoDraw = False
106.1092 	EXP 	list_text1: autoDraw = False
106.1092 	EXP 	list_text2: autoDraw = False
106.1092 	EXP 	list_text3: autoDraw = False
106.1092 	EXP 	list_text4: autoDraw = False
106.1092 	EXP 	list_text5: autoDraw = False
106.1092 	EXP 	fixation: autoDraw = False
106.1092 	EXP 	timer: autoDraw = False
106.1092 	EXP 	instruct_text: autoDraw = False
106.1092 	EXP 	letter_text: autoDraw = False
106.1092 	EXP 	screen_text: autoDraw = False
106.1092 	EXP 	list_text1: autoDraw = False
106.1092 	EXP 	list_text2: autoDraw = False
106.1092 	EXP 	list_text3: autoDraw = False
106.1092 	EXP 	list_text4: autoDraw = False
106.1092 	EXP 	list_text5: autoDraw = False
106.1092 	EXP 	fixation_1: autoDraw = True
107.0796 	EXP 	difficulty_question: autoDraw = True
107.0796 	EXP 	options: autoDraw = True
107.0796 	EXP 	anchor_1: autoDraw = True
107.0796 	EXP 	anchor_2: autoDraw = True
107.1129 	EXP 	fixation_1: autoDraw = False
108.1314 	DATA 	Keypress: 4
108.1468 	EXP 	fixation_1: autoDraw = False
108.1468 	EXP 	difficulty_question: autoDraw = False
108.1468 	EXP 	options: autoDraw = False
108.1468 	EXP 	anchor_1: autoDraw = False
108.1468 	EXP 	anchor_2: autoDraw = False
108.1468 	EXP 	text: text = ''
108.1468 	EXP 	text_other: autoDraw = True
108.1468 	EXP 	text: autoDraw = True
108.7653 	DATA 	Keypress: k
108.7813 	EXP 	text: text = 'k'
108.7980 	DATA 	Keypress: j
108.8136 	EXP 	text: text = 'kj'
108.8646 	DATA 	Keypress: h
108.8799 	EXP 	text: text = 'kjh'
109.0113 	DATA 	Keypress: k
109.0269 	EXP 	text: text = 'kjhk'
109.0489 	DATA 	Keypress: j
109.0638 	EXP 	text: text = 'kjhkj'
109.1153 	DATA 	Keypress: h
109.1270 	EXP 	text: text = 'kjhkjh'
109.3614 	DATA 	Keypress: return
109.3618 	EXP 	New trial (rep=0, index=7): OrderedDict([('Category', 'Words that start with S'), ('Type', 'Phonemic')])
109.3770 	EXP 	text_other: autoDraw = False
109.3770 	EXP 	text: autoDraw = False
109.3770 	EXP 	letter_text: text = 'Words that start with S'
109.3770 	EXP 	list_text1: text = ''
109.3770 	EXP 	list_text1: pos = [-0.6, 0.15]
109.3770 	EXP 	list_text2: text = ''
109.3770 	EXP 	list_text2: pos = [-0.3, 0.15]
109.3770 	EXP 	list_text3: text = ''
109.3770 	EXP 	list_text3: pos = [0, 0.15]
109.3770 	EXP 	list_text4: text = ''
109.3770 	EXP 	list_text4: pos = [0.3, 0.15]
109.3770 	EXP 	list_text5: text = ''
109.3770 	EXP 	list_text5: pos = [0.6, 0.15]
109.3770 	EXP 	letter_text: font = 'Arial'
109.3770 	EXP 	letter_text: bold = True
109.3770 	EXP 	fixation: autoDraw = True
110.3604 	EXP 	timer: autoDraw = True
110.3604 	EXP 	instruct_text: autoDraw = True
110.3604 	EXP 	letter_text: autoDraw = True
110.3604 	EXP 	screen_text: autoDraw = True
110.3604 	EXP 	list_text1: autoDraw = True
110.3604 	EXP 	list_text2: autoDraw = True
110.3604 	EXP 	list_text3: autoDraw = True
110.3604 	EXP 	list_text4: autoDraw = True
110.3604 	EXP 	list_text5: autoDraw = True
110.3604 	EXP 	letter_text: text = 'Words that start with S'
110.3772 	EXP 	fixation: autoDraw = False
110.7827 	DATA 	Keypress: l
110.7941 	EXP 	screen_text: text = 'l'
110.8119 	DATA 	Keypress: k
110.8275 	EXP 	screen_text: text = 'lk'
111.0613 	DATA 	Keypress: j
111.0776 	EXP 	screen_text: text = 'lkj'
111.1120 	DATA 	Keypress: l
111.1311 	EXP 	screen_text: text = 'lkjl'
111.1788 	DATA 	Keypress: k
111.1936 	EXP 	screen_text: text = 'lkjlk'
111.2621 	DATA 	Keypress: j
111.2776 	EXP 	screen_text: text = 'lkjlkj'
111.5451 	DATA 	Keypress: return
111.5645 	EXP 	screen_text: text = 'lkjlkj'
111.5645 	EXP 	screen_text: text = ''
111.5645 	EXP 	list_text1: pos = array([-0.6   ,  0.1216])
111.5645 	EXP 	list_text1: text = '\nlkjlkj'
111.8951 	DATA 	Keypress: l
111.9146 	EXP 	screen_text: text = 'l'
111.9158 	DATA 	Keypress: k
111.9312 	EXP 	screen_text: text = 'lk'
111.9341 	DATA 	Keypress: j
111.9646 	EXP 	screen_text: text = 'lkj'
112.1493 	DATA 	Keypress: l
112.1646 	EXP 	screen_text: text = 'lkjl'
112.1989 	DATA 	Keypress: k
112.2109 	EXP 	screen_text: text = 'lkjlk'
112.2328 	DATA 	Keypress: j
112.2480 	EXP 	screen_text: text = 'lkjlkj'
112.3842 	DATA 	Keypress: l
112.3951 	DATA 	Keypress: k
112.4148 	EXP 	screen_text: text = 'lkjlkjl'
112.4454 	DATA 	Keypress: j
112.4609 	EXP 	screen_text: text = 'lkjlkjlj'
112.6657 	DATA 	Keypress: return
112.6814 	EXP 	screen_text: text = 'lkjlkjlj'
112.6814 	EXP 	screen_text: text = ''
112.6814 	EXP 	list_text1: pos = array([-0.6   ,  0.0932])
112.6814 	EXP 	list_text1: text = '\nlkjlkj\nlkjlkjlj'
112.9166 	DATA 	Keypress: l
112.9315 	EXP 	screen_text: text = 'l'
112.9661 	DATA 	Keypress: k
112.9778 	EXP 	screen_text: text = 'lk'
113.0494 	DATA 	Keypress: j
113.0648 	EXP 	screen_text: text = 'lkj'
113.1994 	DATA 	Keypress: l
113.2146 	EXP 	screen_text: text = 'lkjl'
113.2329 	DATA 	Keypress: k
113.2770 	EXP 	screen_text: text = 'lkjlk'
113.2947 	DATA 	Keypress: j
113.3102 	EXP 	screen_text: text = 'lkjlkj'
113.4454 	DATA 	Keypress: l
113.4605 	EXP 	screen_text: text = 'lkjlkjl'
113.5116 	DATA 	Keypress: k
113.5275 	EXP 	screen_text: text = 'lkjlkjlk'
113.5287 	DATA 	Keypress: j
113.5436 	EXP 	screen_text: text = 'lkjlkjlkj'
113.8277 	DATA 	Keypress: return
113.8438 	EXP 	screen_text: text = 'lkjlkjlkj'
113.8438 	EXP 	screen_text: text = ''
113.8438 	EXP 	list_text1: pos = array([-0.6   ,  0.0648])
113.8438 	EXP 	list_text1: text = '\nlkjlkj\nlkjlkjlj\nlkjlkjlkj'
114.0960 	DATA 	Keypress: l
114.1111 	EXP 	screen_text: text = 'l'
114.1123 	DATA 	Keypress: k
114.1285 	EXP 	screen_text: text = 'lk'
114.1961 	DATA 	Keypress: j
114.2116 	EXP 	screen_text: text = 'lkj'
114.3632 	DATA 	Keypress: l
114.3641 	DATA 	Keypress: k
114.3786 	EXP 	screen_text: text = 'lkjl'
114.4315 	DATA 	Keypress: j
114.4611 	EXP 	screen_text: text = 'lkjlj'
114.7139 	DATA 	Keypress: return
114.7454 	EXP 	screen_text: text = 'lkjlj'
114.7454 	EXP 	screen_text: text = ''
114.7454 	EXP 	list_text1: pos = array([-0.6   ,  0.0364])
114.7454 	EXP 	list_text1: text = '\nlkjlkj\nlkjlkjlj\nlkjlkjlkj\nlkjlj'
114.9632 	DATA 	Keypress: l
114.9788 	EXP 	screen_text: text = 'l'
114.9799 	DATA 	Keypress: k
114.9954 	EXP 	screen_text: text = 'lk'
115.0967 	DATA 	Keypress: j
115.1121 	EXP 	screen_text: text = 'lkj'
115.2316 	DATA 	Keypress: l
115.2621 	EXP 	screen_text: text = 'lkjl'
115.2651 	DATA 	Keypress: k
115.2954 	EXP 	screen_text: text = 'lkjlk'
115.2984 	DATA 	Keypress: j
115.3289 	EXP 	screen_text: text = 'lkjlkj'
115.5464 	DATA 	Keypress: return
115.5623 	EXP 	screen_text: text = 'lkjlkj'
115.5623 	EXP 	screen_text: text = ''
115.5623 	EXP 	list_text1: pos = array([-0.6  ,  0.008])
115.5623 	EXP 	list_text1: text = '\nlkjlkj\nlkjlkjlj\nlkjlkjlkj\nlkjlj\nlkjlkj'
115.7795 	DATA 	Keypress: l
115.7957 	EXP 	screen_text: text = 'l'
115.8468 	DATA 	Keypress: k
115.8624 	EXP 	screen_text: text = 'lk'
115.8833 	DATA 	Keypress: j
115.9114 	EXP 	screen_text: text = 'lkj'
116.0636 	DATA 	Keypress: l
116.0791 	EXP 	screen_text: text = 'lkjl'
116.0803 	DATA 	Keypress: k
116.0958 	EXP 	screen_text: text = 'lkjlk'
116.1128 	DATA 	Keypress: j
116.1292 	EXP 	screen_text: text = 'lkjlkj'
116.3802 	DATA 	Keypress: return
116.3959 	EXP 	screen_text: text = 'lkjlkj'
116.3959 	EXP 	screen_text: text = ''
116.3959 	EXP 	list_text1: pos = array([-0.6   , -0.0204])
116.3959 	EXP 	list_text1: text = '\nlkjlkj\nlkjlkjlj\nlkjlkjlkj\nlkjlj\nlkjlkj\nlkjlkj'
116.6136 	DATA 	Keypress: l
116.6280 	EXP 	screen_text: text = 'l'
116.6460 	DATA 	Keypress: k
116.6614 	EXP 	screen_text: text = 'lk'
116.7136 	DATA 	Keypress: j
116.7281 	EXP 	screen_text: text = 'lkj'
116.8802 	DATA 	Keypress: l
116.8948 	EXP 	screen_text: text = 'lkjl'
116.9130 	DATA 	Keypress: k
116.9282 	EXP 	screen_text: text = 'lkjlk'
116.9465 	DATA 	Keypress: j
116.9615 	EXP 	screen_text: text = 'lkjlkj'
117.2134 	DATA 	Keypress: return
117.2290 	EXP 	screen_text: text = 'lkjlkj'
117.2290 	EXP 	screen_text: text = ''
117.2290 	EXP 	list_text1: pos = array([-0.6   , -0.0488])
117.2290 	EXP 	list_text1: text = '\nlkjlkj\nlkjlkjlj\nlkjlkjlkj\nlkjlj\nlkjlkj\nlkjlkj\nlkjlkj'
117.4303 	DATA 	Keypress: l
117.4450 	EXP 	screen_text: text = 'l'
117.4795 	DATA 	Keypress: k
117.4950 	EXP 	screen_text: text = 'lk'
117.5815 	DATA 	Keypress: j
117.6123 	EXP 	screen_text: text = 'lkj'
117.7294 	DATA 	Keypress: l
117.7303 	DATA 	Keypress: k
117.7451 	EXP 	screen_text: text = 'lkjl'
117.7628 	DATA 	Keypress: j
117.7787 	EXP 	screen_text: text = 'lkjlj'
118.0315 	DATA 	Keypress: return
118.0618 	EXP 	screen_text: text = 'lkjlj'
118.0618 	EXP 	screen_text: text = ''
118.0618 	EXP 	list_text1: pos = array([-0.6   , -0.0772])
118.0618 	EXP 	list_text1: text = '\nlkjlkj\nlkjlkjlj\nlkjlkjlkj\nlkjlj\nlkjlkj\nlkjlkj\nlkjlkj\nlkjlj'
118.2798 	DATA 	Keypress: l
118.2952 	EXP 	screen_text: text = 'l'
118.3131 	DATA 	Keypress: k
118.3283 	EXP 	screen_text: text = 'lk'
118.3816 	DATA 	Keypress: j
118.4120 	EXP 	screen_text: text = 'lkj'
118.5463 	DATA 	Keypress: l
118.5620 	EXP 	screen_text: text = 'lkjl'
118.5799 	DATA 	Keypress: k
118.5951 	EXP 	screen_text: text = 'lkjlk'
118.6137 	DATA 	Keypress: j
118.6287 	EXP 	screen_text: text = 'lkjlkj'
118.8631 	DATA 	Keypress: return
118.8787 	EXP 	screen_text: text = 'lkjlkj'
118.8787 	EXP 	screen_text: text = ''
118.8787 	EXP 	list_text1: pos = array([-0.6   , -0.1056])
118.8787 	EXP 	list_text1: text = '\nlkjlkj\nlkjlkjlj\nlkjlkjlkj\nlkjlj\nlkjlkj\nlkjlkj\nlkjlkj\nlkjlj\nlkjlkj'
120.3630 	EXP 	timer: autoDraw = False
120.3630 	EXP 	instruct_text: autoDraw = False
120.3630 	EXP 	letter_text: autoDraw = False
120.3630 	EXP 	screen_text: autoDraw = False
120.3630 	EXP 	list_text1: autoDraw = False
120.3630 	EXP 	list_text2: autoDraw = False
120.3630 	EXP 	list_text3: autoDraw = False
120.3630 	EXP 	list_text4: autoDraw = False
120.3630 	EXP 	list_text5: autoDraw = False
120.3630 	EXP 	fixation: autoDraw = False
120.3630 	EXP 	timer: autoDraw = False
120.3630 	EXP 	instruct_text: autoDraw = False
120.3630 	EXP 	letter_text: autoDraw = False
120.3630 	EXP 	screen_text: autoDraw = False
120.3630 	EXP 	list_text1: autoDraw = False
120.3630 	EXP 	list_text2: autoDraw = False
120.3630 	EXP 	list_text3: autoDraw = False
120.3630 	EXP 	list_text4: autoDraw = False
120.3630 	EXP 	list_text5: autoDraw = False
120.3630 	EXP 	fixation_1: autoDraw = True
121.3306 	EXP 	difficulty_question: autoDraw = True
121.3306 	EXP 	options: autoDraw = True
121.3306 	EXP 	anchor_1: autoDraw = True
121.3306 	EXP 	anchor_2: autoDraw = True
121.3628 	EXP 	fixation_1: autoDraw = False
122.5991 	DATA 	Keypress: 2
122.6131 	EXP 	fixation_1: autoDraw = False
122.6131 	EXP 	difficulty_question: autoDraw = False
122.6131 	EXP 	options: autoDraw = False
122.6131 	EXP 	anchor_1: autoDraw = False
122.6131 	EXP 	anchor_2: autoDraw = False
122.6131 	EXP 	text: text = ''
122.6131 	EXP 	text_other: autoDraw = True
122.6131 	EXP 	text: autoDraw = True
123.5814 	DATA 	Keypress: f
123.5970 	EXP 	text: text = 'f'
123.6815 	DATA 	Keypress: d
123.6966 	EXP 	text: text = 'fd'
123.6978 	DATA 	Keypress: g
123.7133 	EXP 	text: text = 'fdg'
123.8315 	DATA 	Keypress: f
123.8469 	EXP 	text: text = 'fdgf'
123.8815 	DATA 	Keypress: g
123.8969 	EXP 	text: text = 'fdgfg'
124.2986 	DATA 	Keypress: return
124.2990 	EXP 	New trial (rep=0, index=8): OrderedDict([('Category', 'Occupations'), ('Type', 'Semantic')])
124.3143 	EXP 	text_other: autoDraw = False
124.3143 	EXP 	text: autoDraw = False
124.3143 	EXP 	letter_text: text = 'Occupations'
124.3143 	EXP 	list_text1: text = ''
124.3143 	EXP 	list_text1: pos = [-0.6, 0.15]
124.3143 	EXP 	list_text2: text = ''
124.3143 	EXP 	list_text2: pos = [-0.3, 0.15]
124.3143 	EXP 	list_text3: text = ''
124.3143 	EXP 	list_text3: pos = [0, 0.15]
124.3143 	EXP 	list_text4: text = ''
124.3143 	EXP 	list_text4: pos = [0.3, 0.15]
124.3143 	EXP 	list_text5: text = ''
124.3143 	EXP 	list_text5: pos = [0.6, 0.15]
124.3143 	EXP 	letter_text: font = 'Arial'
124.3143 	EXP 	letter_text: bold = True
124.3143 	EXP 	fixation: autoDraw = True
125.2986 	EXP 	timer: autoDraw = True
125.2986 	EXP 	instruct_text: autoDraw = True
125.2986 	EXP 	letter_text: autoDraw = True
125.2986 	EXP 	screen_text: autoDraw = True
125.2986 	EXP 	list_text1: autoDraw = True
125.2986 	EXP 	list_text2: autoDraw = True
125.2986 	EXP 	list_text3: autoDraw = True
125.2986 	EXP 	list_text4: autoDraw = True
125.2986 	EXP 	list_text5: autoDraw = True
125.2986 	EXP 	letter_text: text = 'Occupations'
125.3144 	EXP 	fixation: autoDraw = False
126.6157 	DATA 	Keypress: k
126.6166 	DATA 	Keypress: j
126.6311 	EXP 	screen_text: text = 'k'
126.7330 	DATA 	Keypress: h
126.7478 	EXP 	screen_text: text = 'kh'
126.8825 	DATA 	Keypress: k
126.8979 	EXP 	screen_text: text = 'khk'
126.9325 	DATA 	Keypress: j
126.9479 	EXP 	screen_text: text = 'khkj'
126.9824 	DATA 	Keypress: h
126.9979 	EXP 	screen_text: text = 'khkjh'
127.1343 	DATA 	Keypress: k
127.1647 	EXP 	screen_text: text = 'khkjhk'
127.1993 	DATA 	Keypress: j
127.2146 	EXP 	screen_text: text = 'khkjhkj'
127.4662 	DATA 	Keypress: return
127.4814 	EXP 	screen_text: text = 'khkjhkj'
127.4814 	EXP 	screen_text: text = ''
127.4814 	EXP 	list_text1: pos = array([-0.6   ,  0.1216])
127.4814 	EXP 	list_text1: text = '\nkhkjhkj'
127.7658 	DATA 	Keypress: k
127.7815 	EXP 	screen_text: text = 'k'
127.7827 	DATA 	Keypress: j
127.7981 	EXP 	screen_text: text = 'kj'
127.8659 	DATA 	Keypress: h
127.8815 	EXP 	screen_text: text = 'kjh'
128.0166 	DATA 	Keypress: k
128.0316 	EXP 	screen_text: text = 'kjhk'
128.0661 	DATA 	Keypress: j
128.0821 	EXP 	screen_text: text = 'kjhkj'
128.0999 	DATA 	Keypress: h
128.1157 	EXP 	screen_text: text = 'kjhkjh'
128.3664 	DATA 	Keypress: return
128.3817 	EXP 	screen_text: text = 'kjhkjh'
128.3817 	EXP 	screen_text: text = ''
128.3817 	EXP 	list_text1: pos = array([-0.6   ,  0.0932])
128.3817 	EXP 	list_text1: text = '\nkhkjhkj\nkjhkjh'
128.6336 	DATA 	Keypress: k
128.6484 	EXP 	screen_text: text = 'k'
128.6671 	DATA 	Keypress: j
128.6814 	EXP 	screen_text: text = 'kj'
128.7326 	DATA 	Keypress: h
128.7490 	EXP 	screen_text: text = 'kjh'
128.8998 	DATA 	Keypress: k
128.9151 	EXP 	screen_text: text = 'kjhk'
128.9337 	DATA 	Keypress: j
128.9490 	EXP 	screen_text: text = 'kjhkj'
128.9843 	DATA 	Keypress: h
128.9997 	EXP 	screen_text: text = 'kjhkjh'
129.2500 	DATA 	Keypress: return
129.2665 	EXP 	screen_text: text = 'kjhkjh'
129.2665 	EXP 	screen_text: text = ''
129.2665 	EXP 	list_text1: pos = array([-0.6   ,  0.0648])
129.2665 	EXP 	list_text1: text = '\nkhkjhkj\nkjhkjh\nkjhkjh'
129.6345 	DATA 	Keypress: k
129.6500 	EXP 	screen_text: text = 'k'
129.7012 	DATA 	Keypress: j
129.7166 	EXP 	screen_text: text = 'kj'
129.7842 	DATA 	Keypress: h
129.8000 	EXP 	screen_text: text = 'kjh'
129.9505 	DATA 	Keypress: k
129.9668 	EXP 	screen_text: text = 'kjhk'
129.9680 	DATA 	Keypress: j
129.9826 	EXP 	screen_text: text = 'kjhkj'
130.0170 	DATA 	Keypress: h
130.0334 	EXP 	screen_text: text = 'kjhkjh'
130.2836 	DATA 	Keypress: return
130.2994 	EXP 	screen_text: text = 'kjhkjh'
130.2994 	EXP 	screen_text: text = ''
130.2994 	EXP 	list_text1: pos = array([-0.6   ,  0.0364])
130.2994 	EXP 	list_text1: text = '\nkhkjhkj\nkjhkjh\nkjhkjh\nkjhkjh'
130.5515 	DATA 	Keypress: j
130.5555 	DATA 	Keypress: k
130.5664 	EXP 	screen_text: text = 'j'
130.5836 	EXP 	screen_text: text = 'jk'
130.6682 	DATA 	Keypress: h
130.6836 	EXP 	screen_text: text = 'jkh'
130.8680 	DATA 	Keypress: k
130.8837 	EXP 	screen_text: text = 'jkhk'
130.9349 	DATA 	Keypress: j
130.9503 	EXP 	screen_text: text = 'jkhkj'
130.9696 	DATA 	Keypress: h
131.0004 	EXP 	screen_text: text = 'jkhkjh'
131.2513 	DATA 	Keypress: return
131.2670 	EXP 	screen_text: text = 'jkhkjh'
131.2670 	EXP 	screen_text: text = ''
131.2670 	EXP 	list_text1: pos = array([-0.6  ,  0.008])
131.2670 	EXP 	list_text1: text = '\nkhkjhkj\nkjhkjh\nkjhkjh\nkjhkjh\njkhkjh'
131.5004 	DATA 	Keypress: k
131.5159 	EXP 	screen_text: text = 'k'
131.5671 	DATA 	Keypress: j
131.5827 	EXP 	screen_text: text = 'kj'
131.6339 	DATA 	Keypress: h
131.6499 	EXP 	screen_text: text = 'kjh'
131.8023 	DATA 	Keypress: k
131.8328 	EXP 	screen_text: text = 'kjhk'
131.8508 	DATA 	Keypress: j
131.8660 	EXP 	screen_text: text = 'kjhkj'
131.9014 	DATA 	Keypress: h
131.9163 	EXP 	screen_text: text = 'kjhkjh'
132.1838 	DATA 	Keypress: return
132.1995 	EXP 	screen_text: text = 'kjhkjh'
132.1995 	EXP 	screen_text: text = ''
132.1995 	EXP 	list_text1: pos = array([-0.6   , -0.0204])
132.1995 	EXP 	list_text1: text = '\nkhkjhkj\nkjhkjh\nkjhkjh\nkjhkjh\njkhkjh\nkjhkjh'
132.4675 	DATA 	Keypress: k
132.4829 	EXP 	screen_text: text = 'k'
132.5178 	DATA 	Keypress: j
132.5333 	EXP 	screen_text: text = 'kj'
132.6008 	DATA 	Keypress: h
132.6163 	EXP 	screen_text: text = 'kjh'
132.7675 	DATA 	Keypress: k
132.7717 	DATA 	Keypress: j
132.7833 	EXP 	screen_text: text = 'kjhk'
132.7997 	EXP 	screen_text: text = 'kjhkj'
132.8030 	DATA 	Keypress: h
132.8330 	EXP 	screen_text: text = 'kjhkjh'
133.1172 	DATA 	Keypress: return
133.1335 	EXP 	screen_text: text = 'kjhkjh'
133.1335 	EXP 	screen_text: text = ''
133.1335 	EXP 	list_text1: pos = array([-0.6   , -0.0488])
133.1335 	EXP 	list_text1: text = '\nkhkjhkj\nkjhkjh\nkjhkjh\nkjhkjh\njkhkjh\nkjhkjh\nkjhkjh'
133.3841 	DATA 	Keypress: k
133.3998 	EXP 	screen_text: text = 'k'
133.4516 	DATA 	Keypress: j
133.4662 	EXP 	screen_text: text = 'kj'
133.5013 	DATA 	Keypress: h
133.5164 	EXP 	screen_text: text = 'kjh'
133.7013 	DATA 	Keypress: k
133.7056 	DATA 	Keypress: j
133.7165 	EXP 	screen_text: text = 'kjhk'
133.7332 	EXP 	screen_text: text = 'kjhkj'
133.7521 	DATA 	Keypress: h
133.7674 	EXP 	screen_text: text = 'kjhkjh'
134.0354 	DATA 	Keypress: return
134.0517 	EXP 	screen_text: text = 'kjhkjh'
134.0517 	EXP 	screen_text: text = ''
134.0517 	EXP 	list_text1: pos = array([-0.6   , -0.0772])
134.0517 	EXP 	list_text1: text = '\nkhkjhkj\nkjhkjh\nkjhkjh\nkjhkjh\njkhkjh\nkjhkjh\nkjhkjh\nkjhkjh'
134.2852 	DATA 	Keypress: k
134.3007 	EXP 	screen_text: text = 'k'
134.3684 	DATA 	Keypress: j
134.3840 	EXP 	screen_text: text = 'kj'
134.6198 	DATA 	Keypress: h
134.6340 	EXP 	screen_text: text = 'kjh'
135.3009 	EXP 	timer: autoDraw = False
135.3009 	EXP 	instruct_text: autoDraw = False
135.3009 	EXP 	letter_text: autoDraw = False
135.3009 	EXP 	screen_text: autoDraw = False
135.3009 	EXP 	list_text1: autoDraw = False
135.3009 	EXP 	list_text2: autoDraw = False
135.3009 	EXP 	list_text3: autoDraw = False
135.3009 	EXP 	list_text4: autoDraw = False
135.3009 	EXP 	list_text5: autoDraw = False
135.3009 	EXP 	fixation: autoDraw = False
135.3009 	EXP 	timer: autoDraw = False
135.3009 	EXP 	instruct_text: autoDraw = False
135.3009 	EXP 	letter_text: autoDraw = False
135.3009 	EXP 	screen_text: autoDraw = False
135.3009 	EXP 	list_text1: autoDraw = False
135.3009 	EXP 	list_text2: autoDraw = False
135.3009 	EXP 	list_text3: autoDraw = False
135.3009 	EXP 	list_text4: autoDraw = False
135.3009 	EXP 	list_text5: autoDraw = False
135.3009 	EXP 	fixation_1: autoDraw = True
135.4029 	DATA 	Keypress: return
136.2687 	EXP 	difficulty_question: autoDraw = True
136.2687 	EXP 	options: autoDraw = True
136.2687 	EXP 	anchor_1: autoDraw = True
136.2687 	EXP 	anchor_2: autoDraw = True
136.3011 	EXP 	fixation_1: autoDraw = False
137.0694 	DATA 	Keypress: 3
137.0845 	EXP 	fixation_1: autoDraw = False
137.0845 	EXP 	difficulty_question: autoDraw = False
137.0845 	EXP 	options: autoDraw = False
137.0845 	EXP 	anchor_1: autoDraw = False
137.0845 	EXP 	anchor_2: autoDraw = False
137.0845 	EXP 	text: text = ''
137.0845 	EXP 	text_other: autoDraw = True
137.0845 	EXP 	text: autoDraw = True
137.9530 	DATA 	Keypress: k
137.9681 	EXP 	text: text = 'k'
138.0193 	DATA 	Keypress: j
138.0344 	EXP 	text: text = 'kj'
138.0691 	DATA 	Keypress: h
138.0848 	EXP 	text: text = 'kjh'
138.2360 	DATA 	Keypress: k
138.2510 	EXP 	text: text = 'kjhk'
138.2692 	DATA 	Keypress: j
138.2847 	EXP 	text: text = 'kjhkj'
138.3027 	DATA 	Keypress: h
138.3182 	EXP 	text: text = 'kjhkjh'
138.5354 	DATA 	Keypress: return
138.5513 	EXP 	text_other: autoDraw = False
138.5513 	EXP 	text: autoDraw = False
138.5513 	EXP 	thank_you: autoDraw = True
141.5528 	EXP 	thank_you: autoDraw = False
141.8351 	EXP 	window1: mouseVisible = True
