0.6518 	WARNING 	We strongly recommend you activate the PTB sound engine in PsychoPy prefs as the preferred audio engine. Its timing is vastly superior. Your prefs are currently set to use ['sounddevice', 'pyo', 'pygame'] (in that order).
7.4876 	EXP 	Created window1 = Window(allowGUI=False, allowStencil=False, args=UNKNOWN, autoLog=True, bitsMode=UNKNOWN, blendMode='avg', bpc=(8, 8, 8), color=array([0., 0., 0.]), colorSpace='rgb', depthBits=8, fullscr=<method-wrapper '__getattribute__' of attributeSetter object at 0x11988deb8>, gamma=None, gammaErrorPolicy='raise', kwargs=UNKNOWN, lms=UNKNOWN, monitor=<psychopy.monitors.calibTools.Monitor object at 0x1196cbda0>, multiSample=False, name='window1', numSamples=2, pos=[640.0, 360.0], screen=0, size=array([5120, 2880]), stencilBits=0, stereo=False, units='height', useFBO=True, useRetina=True, viewOri=0.0, viewPos=None, viewScale=None, waitBlanking=True, winType='pyglet')
7.4876 	EXP 	window1: recordFrameIntervals = False
7.6539 	EXP 	window1: recordFrameIntervals = True
7.8368 	EXP 	window1: recordFrameIntervals = False
7.8715 	EXP 	Created instructions = ImageStim(__class__=<class 'psychopy.visual.image.ImageStim'>, autoLog=True, color=array([1., 1., 1.]), colorSpace='rgb', contrast=1.0, depth=0.0, flipHoriz=False, flipVert=False, image='sin', interpolate=True, mask=None, maskParams=None, name='instructions', opacity=1.0, ori=0.0, pos=array([0., 0.]), size=array([1280.,  720.]), texRes=512, units='pix', win=Window(...))
7.9440 	EXP 	Created fixation = TextStim(__class__=<class 'psychopy.visual.text.TextStim'>, alignHoriz=method-wrapper(...), alignText='center', alignVert=method-wrapper(...), anchorHoriz='center', anchorVert='center', antialias=True, autoLog=True, bold=False, color='white', colorSpace='named', contrast=1.0, depth=0.0, flipHoriz=False, flipVert=False, font='Arial', fontFiles=[], height=0.1, italic=False, languageStyle='LTR', name='fixation', opacity=1.0, ori=0, pos=array([0., 0.]), rgb=array([255., 255., 255.]), text='+', units='height', win=Window(...), wrapWidth=1)
7.9508 	EXP 	Created timer = TextStim(__class__=<class 'psychopy.visual.text.TextStim'>, alignHoriz=method-wrapper(...), alignText='center', alignVert=method-wrapper(...), anchorHoriz='center', anchorVert='center', antialias=True, autoLog=True, bold=False, color='white', colorSpace='named', contrast=1.0, depth=-1.0, flipHoriz=False, flipVert=False, font='Arial', fontFiles=[], height=0.05, italic=False, languageStyle='LTR', name='timer', opacity=1.0, ori=0, pos=array([-0.7,  0.4]), rgb=array([255., 255., 255.]), text='default text', units='height', win=Window(...), wrapWidth=1)
7.9641 	EXP 	Created instruct_text = TextStim(__class__=<class 'psychopy.visual.text.TextStim'>, alignHoriz=method-wrapper(...), alignText='center', alignVert=method-wrapper(...), anchorHoriz='center', anchorVert='center', antialias=True, autoLog=True, bold=False, color='white', colorSpace='named', contrast=1.0, depth=-2.0, flipHoriz=False, flipVert=False, font='Arial', fontFiles=[], height=0.05, italic=False, languageStyle='LTR', name='instruct_text', opacity=1.0, ori=0, pos=array([0. , 0.4]), rgb=array([255., 255., 255.]), text=str(...), units='height', win=Window(...), wrapWidth=1)
7.9658 	EXP 	Created letter_text = TextStim(__class__=<class 'psychopy.visual.text.TextStim'>, alignHoriz=method-wrapper(...), alignText='center', alignVert=method-wrapper(...), anchorHoriz='center', anchorVert='center', antialias=True, autoLog=True, bold=False, color='white', colorSpace='named', contrast=1.0, depth=-3.0, flipHoriz=False, flipVert=False, font='Arial', fontFiles=[], height=0.05, italic=False, languageStyle='LTR', name='letter_text', opacity=1.0, ori=0, pos=array([0.  , 0.28]), rgb=array([255., 255., 255.]), text='default text', units='height', win=Window(...), wrapWidth=1)
7.9662 	EXP 	Created screen_text = TextStim(__class__=<class 'psychopy.visual.text.TextStim'>, alignHoriz=method-wrapper(...), alignText='center', alignVert=method-wrapper(...), anchorHoriz='center', anchorVert='center', antialias=True, autoLog=True, bold=False, color='white', colorSpace='named', contrast=1.0, depth=-4.0, flipHoriz=False, flipVert=False, font='Arial', fontFiles=[], height=0.05, italic=False, languageStyle='LTR', name='screen_text', opacity=1.0, ori=0, pos=array([0. , 0.2]), rgb=array([255., 255., 255.]), text='', units='height', win=Window(...), wrapWidth=1)
7.9666 	EXP 	Created list_text1 = TextStim(__class__=<class 'psychopy.visual.text.TextStim'>, alignHoriz=method-wrapper(...), alignText='center', alignVert=method-wrapper(...), anchorHoriz='center', anchorVert='center', antialias=True, autoLog=True, bold=False, color='white', colorSpace='named', contrast=1.0, depth=-5.0, flipHoriz=False, flipVert=False, font='Arial', fontFiles=[], height=0.05, italic=False, languageStyle='LTR', name='list_text1', opacity=1.0, ori=0, pos=array([0., 0.]), rgb=array([255., 255., 255.]), text='', units='height', win=Window(...), wrapWidth=1)
7.9680 	EXP 	Created list_text2 = TextStim(__class__=<class 'psychopy.visual.text.TextStim'>, alignHoriz=method-wrapper(...), alignText='center', alignVert=method-wrapper(...), anchorHoriz='center', anchorVert='center', antialias=True, autoLog=True, bold=False, color='white', colorSpace='named', contrast=1.0, depth=-6.0, flipHoriz=False, flipVert=False, font='Arial', fontFiles=[], height=0.05, italic=False, languageStyle='LTR', name='list_text2', opacity=1.0, ori=0, pos=array([0., 0.]), rgb=array([255., 255., 255.]), text='', units='height', win=Window(...), wrapWidth=1)
7.9684 	EXP 	Created list_text3 = TextStim(__class__=<class 'psychopy.visual.text.TextStim'>, alignHoriz=method-wrapper(...), alignText='center', alignVert=method-wrapper(...), anchorHoriz='center', anchorVert='center', antialias=True, autoLog=True, bold=False, color='white', colorSpace='named', contrast=1.0, depth=-7.0, flipHoriz=False, flipVert=False, font='Arial', fontFiles=[], height=0.05, italic=False, languageStyle='LTR', name='list_text3', opacity=1.0, ori=0, pos=array([0., 0.]), rgb=array([255., 255., 255.]), text='', units='height', win=Window(...), wrapWidth=1)
7.9687 	EXP 	Created list_text4 = TextStim(__class__=<class 'psychopy.visual.text.TextStim'>, alignHoriz=method-wrapper(...), alignText='center', alignVert=method-wrapper(...), anchorHoriz='center', anchorVert='center', antialias=True, autoLog=True, bold=False, color='white', colorSpace='named', contrast=1.0, depth=-8.0, flipHoriz=False, flipVert=False, font='Arial', fontFiles=[], height=0.05, italic=False, languageStyle='LTR', name='list_text4', opacity=1.0, ori=0, pos=array([0., 0.]), rgb=array([255., 255., 255.]), text='', units='height', win=Window(...), wrapWidth=1)
7.9691 	EXP 	Created list_text5 = TextStim(__class__=<class 'psychopy.visual.text.TextStim'>, alignHoriz=method-wrapper(...), alignText='center', alignVert=method-wrapper(...), anchorHoriz='center', anchorVert='center', antialias=True, autoLog=True, bold=False, color='white', colorSpace='named', contrast=1.0, depth=-9.0, flipHoriz=False, flipVert=False, font='Arial', fontFiles=[], height=0.05, italic=False, languageStyle='LTR', name='list_text5', opacity=1.0, ori=0, pos=array([0., 0.]), rgb=array([255., 255., 255.]), text='', units='height', win=Window(...), wrapWidth=1)
7.9702 	EXP 	Created fixation_1 = TextStim(__class__=<class 'psychopy.visual.text.TextStim'>, alignHoriz=method-wrapper(...), alignText='center', alignVert=method-wrapper(...), anchorHoriz='center', anchorVert='center', antialias=True, autoLog=True, bold=False, color='white', colorSpace='named', contrast=1.0, depth=0.0, flipHoriz=False, flipVert=False, font='Arial', fontFiles=[], height=0.1, italic=False, languageStyle='LTR', name='fixation_1', opacity=1.0, ori=0, pos=array([0., 0.]), rgb=array([255., 255., 255.]), text='+', units='height', win=Window(...), wrapWidth=1)
7.9754 	EXP 	Created difficulty_question = TextStim(__class__=<class 'psychopy.visual.text.TextStim'>, alignHoriz=method-wrapper(...), alignText='center', alignVert=method-wrapper(...), anchorHoriz='center', anchorVert='center', antialias=True, autoLog=True, bold=False, color='white', colorSpace='named', contrast=1.0, depth=-1.0, flipHoriz=False, flipVert=False, font='Arial', fontFiles=[], height=0.05, italic=False, languageStyle='LTR', name='difficulty_question', opacity=1.0, ori=0, pos=array([0. , 0.2]), rgb=array([255., 255., 255.]), text=str(...), units='height', win=Window(...), wrapWidth=1)
7.9821 	EXP 	Created options = TextStim(__class__=<class 'psychopy.visual.text.TextStim'>, alignHoriz=method-wrapper(...), alignText='center', alignVert=method-wrapper(...), anchorHoriz='center', anchorVert='center', antialias=True, autoLog=True, bold=False, color='white', colorSpace='named', contrast=1.0, depth=-2.0, flipHoriz=False, flipVert=False, font='Arial', fontFiles=[], height=0.05, italic=False, languageStyle='LTR', name='options', opacity=1.0, ori=0, pos=array([0., 0.]), rgb=array([255., 255., 255.]), text=str(...), units='height', win=Window(...), wrapWidth=1)
7.9894 	EXP 	Created anchor_1 = TextStim(__class__=<class 'psychopy.visual.text.TextStim'>, alignHoriz=method-wrapper(...), alignText='center', alignVert=method-wrapper(...), anchorHoriz='center', anchorVert='center', antialias=True, autoLog=True, bold=False, color='white', colorSpace='named', contrast=1.0, depth=-3.0, flipHoriz=False, flipVert=False, font='Arial', fontFiles=[], height=0.04, italic=False, languageStyle='LTR', name='anchor_1', opacity=1.0, ori=0, pos=array([-0.4, -0.2]), rgb=array([255., 255., 255.]), text='Not difficult at all', units='height', win=Window(...), wrapWidth=1)
7.9937 	EXP 	Created anchor_2 = TextStim(__class__=<class 'psychopy.visual.text.TextStim'>, alignHoriz=method-wrapper(...), alignText='center', alignVert=method-wrapper(...), anchorHoriz='center', anchorVert='center', antialias=True, autoLog=True, bold=False, color='white', colorSpace='named', contrast=1.0, depth=-4.0, flipHoriz=False, flipVert=False, font='Arial', fontFiles=[], height=0.04, italic=False, languageStyle='LTR', name='anchor_2', opacity=1.0, ori=0, pos=array([ 0.4, -0.2]), rgb=array([255., 255., 255.]), text='Very Difficult\n', units='height', win=Window(...), wrapWidth=1)
8.0146 	EXP 	Created text_other = TextStim(__class__=<class 'psychopy.visual.text.TextStim'>, alignHoriz=method-wrapper(...), alignText='center', alignVert=method-wrapper(...), anchorHoriz='center', anchorVert='center', antialias=True, autoLog=True, bold=False, color='white', colorSpace='named', contrast=1.0, depth=0.0, flipHoriz=False, flipVert=False, font='Arial', fontFiles=[], height=0.05, italic=False, languageStyle='LTR', name='text_other', opacity=1.0, ori=0, pos=array([0.  , 0.25]), rgb=array([255., 255., 255.]), text=str(...), units='height', win=Window(...), wrapWidth=1)
8.0151 	EXP 	Created text = TextStim(__class__=<class 'psychopy.visual.text.TextStim'>, alignHoriz=method-wrapper(...), alignText='center', alignVert=method-wrapper(...), anchorHoriz='center', anchorVert='center', antialias=True, autoLog=True, bold=False, color='white', colorSpace='named', contrast=1.0, depth=-1.0, flipHoriz=False, flipVert=False, font='Arial', fontFiles=[], height=0.05, italic=False, languageStyle='LTR', name='text', opacity=1.0, ori=0, pos=array([0., 0.]), rgb=array([255., 255., 255.]), text='', units='height', win=Window(...), wrapWidth=1)
8.0199 	EXP 	Created thank_you = TextStim(__class__=<class 'psychopy.visual.text.TextStim'>, alignHoriz=method-wrapper(...), alignText='center', alignVert=method-wrapper(...), anchorHoriz='center', anchorVert='center', antialias=True, autoLog=True, bold=False, color='white', colorSpace='named', contrast=1.0, depth=0.0, flipHoriz=False, flipVert=False, font='Arial', fontFiles=[], height=0.05, italic=False, languageStyle='LTR', name='thank_you', opacity=1.0, ori=0, pos=array([0., 0.]), rgb=array([255., 255., 255.]), text=str(...), units='height', win=Window(...), wrapWidth=1)
8.0266 	EXP 	Imported instructions.xlsx as conditions, 7 conditions, 2 params
8.0268 	EXP 	Created sequence: sequential, trialTypes=7, nReps=1, seed=None
8.0270 	EXP 	New trial (rep=0, index=0): OrderedDict([('INS', 'Slide1.png'), ('KEYS', ['space'])])
8.1027 	EXP 	instructions: image = 'Slide1.png'
8.1027 	EXP 	instructions: autoDraw = True
8.6542 	EXP 	New trial (rep=0, index=1): OrderedDict([('INS', 'Consent.png'), ('KEYS', ['y', 'n'])])
8.6784 	DATA 	Keypress: space
8.6875 	EXP 	instructions: autoDraw = False
8.6875 	EXP 	instructions: image = 'Consent.png'
8.6875 	EXP 	instructions: autoDraw = True
13.2555 	EXP 	New trial (rep=0, index=2): OrderedDict([('INS', 'Slide2.png'), ('KEYS', ['space'])])
13.2760 	DATA 	Keypress: space
13.2885 	EXP 	instructions: autoDraw = False
13.2885 	EXP 	instructions: image = 'Slide2.png'
13.2885 	EXP 	instructions: autoDraw = True
15.6732 	EXP 	New trial (rep=0, index=3): OrderedDict([('INS', 'Slide3.png'), ('KEYS', ['space'])])
15.6948 	DATA 	Keypress: space
15.7067 	EXP 	instructions: autoDraw = False
15.7067 	EXP 	instructions: image = 'Slide3.png'
15.7067 	EXP 	instructions: autoDraw = True
17.8908 	EXP 	New trial (rep=0, index=4): OrderedDict([('INS', 'Slide4.png'), ('KEYS', ['space'])])
17.9115 	DATA 	Keypress: space
17.9231 	EXP 	instructions: autoDraw = False
17.9231 	EXP 	instructions: image = 'Slide4.png'
17.9231 	EXP 	instructions: autoDraw = True
38.7969 	EXP 	New trial (rep=0, index=5): OrderedDict([('INS', 'Slide5.png'), ('KEYS', ['space'])])
38.8167 	DATA 	Keypress: space
38.8299 	EXP 	instructions: autoDraw = False
38.8299 	EXP 	instructions: image = 'Slide5.png'
38.8299 	EXP 	instructions: autoDraw = True
40.3646 	EXP 	New trial (rep=0, index=6): OrderedDict([('INS', 'Slide6.png'), ('KEYS', ['g'])])
40.3824 	DATA 	Keypress: space
40.3981 	EXP 	instructions: autoDraw = False
40.3981 	EXP 	instructions: image = 'Slide6.png'
40.3981 	EXP 	instructions: autoDraw = True
44.8367 	EXP 	Imported conditions.xlsx as conditions, 9 conditions, 2 params
44.8392 	EXP 	Created sequence: random, trialTypes=9, nReps=1, seed=None
44.8395 	EXP 	New trial (rep=0, index=0): OrderedDict([('Category', 'Things in a kitchen'), ('Type', 'Spatial')])
44.8455 	DATA 	Keypress: g
44.8665 	EXP 	instructions: autoDraw = False
44.8665 	EXP 	letter_text: text = 'Things in a kitchen'
44.8665 	EXP 	list_text1: text = ''
44.8665 	EXP 	list_text1: pos = [-0.6, 0.15]
44.8665 	EXP 	list_text2: text = ''
44.8665 	EXP 	list_text2: pos = [-0.3, 0.15]
44.8665 	EXP 	list_text3: text = ''
44.8665 	EXP 	list_text3: pos = [0, 0.15]
44.8665 	EXP 	list_text4: text = ''
44.8665 	EXP 	list_text4: pos = [0.3, 0.15]
44.8665 	EXP 	list_text5: text = ''
44.8665 	EXP 	list_text5: pos = [0.6, 0.15]
44.8665 	EXP 	letter_text: font = 'Arial'
44.8665 	EXP 	letter_text: bold = True
44.8665 	EXP 	fixation: autoDraw = True
45.8496 	EXP 	timer: autoDraw = True
45.8496 	EXP 	instruct_text: autoDraw = True
45.8496 	EXP 	letter_text: autoDraw = True
45.8496 	EXP 	screen_text: autoDraw = True
45.8496 	EXP 	list_text1: autoDraw = True
45.8496 	EXP 	list_text2: autoDraw = True
45.8496 	EXP 	list_text3: autoDraw = True
45.8496 	EXP 	list_text4: autoDraw = True
45.8496 	EXP 	list_text5: autoDraw = True
45.8496 	EXP 	letter_text: text = 'Things in a kitchen'
45.8655 	EXP 	fixation: autoDraw = False
55.2370 	DATA 	Keypress: f
55.2525 	EXP 	screen_text: text = 'f'
55.2863 	DATA 	Keypress: o
55.3025 	EXP 	screen_text: text = 'fo'
55.3864 	DATA 	Keypress: r
55.4023 	EXP 	screen_text: text = 'for'
55.4213 	DATA 	Keypress: k
55.4517 	EXP 	screen_text: text = 'fork'
55.5864 	DATA 	Keypress: return
55.6024 	EXP 	screen_text: text = 'fork'
55.6024 	EXP 	screen_text: text = ''
55.6024 	EXP 	list_text1: pos = array([-0.6   ,  0.1216])
55.6024 	EXP 	list_text1: text = '\nfork'
56.1038 	DATA 	Keypress: k
56.1192 	EXP 	screen_text: text = 'k'
56.1874 	DATA 	Keypress: n
56.2025 	EXP 	screen_text: text = 'kn'
56.4220 	DATA 	Keypress: i
56.4520 	EXP 	screen_text: text = 'kni'
56.7866 	DATA 	Keypress: f
56.8025 	EXP 	screen_text: text = 'knif'
56.8204 	DATA 	Keypress: e
56.8355 	EXP 	screen_text: text = 'knife'
56.9063 	DATA 	Keypress: return
56.9355 	EXP 	screen_text: text = 'knife'
56.9355 	EXP 	screen_text: text = ''
56.9355 	EXP 	list_text1: pos = array([-0.6   ,  0.0932])
56.9355 	EXP 	list_text1: text = '\nfork\nknife'
60.0898 	DATA 	Keypress: t
60.1206 	EXP 	screen_text: text = 't'
60.2047 	DATA 	Keypress: o
60.2198 	EXP 	screen_text: text = 'to'
60.3212 	DATA 	Keypress: a
60.3370 	EXP 	screen_text: text = 'toa'
60.3879 	DATA 	Keypress: s
60.4040 	EXP 	screen_text: text = 'toas'
60.5545 	DATA 	Keypress: t
60.5699 	EXP 	screen_text: text = 'toast'
60.6388 	DATA 	Keypress: e
60.6541 	EXP 	screen_text: text = 'toaste'
60.7547 	DATA 	Keypress: r
60.7705 	EXP 	screen_text: text = 'toaster'
60.8889 	DATA 	Keypress: apostrophe
60.9042 	EXP 	screen_text: text = 'toaster'
62.3731 	DATA 	Keypress: return
62.4036 	EXP 	screen_text: text = 'toaster'
62.4036 	EXP 	screen_text: text = ''
62.4036 	EXP 	list_text1: pos = array([-0.6   ,  0.0648])
62.4036 	EXP 	list_text1: text = '\nfork\nknife\ntoaster'
70.4757 	DATA 	Keypress: f
70.4905 	EXP 	screen_text: text = 'f'
70.6423 	DATA 	Keypress: r
70.6567 	EXP 	screen_text: text = 'fr'
70.7091 	DATA 	Keypress: u
70.7239 	EXP 	screen_text: text = 'fru'
70.8246 	DATA 	Keypress: i
70.8404 	EXP 	screen_text: text = 'frui'
70.9250 	DATA 	Keypress: t
70.9401 	EXP 	screen_text: text = 'fruit'
71.0919 	DATA 	Keypress: s
71.1067 	EXP 	screen_text: text = 'fruits'
71.1744 	DATA 	Keypress: return
71.1896 	EXP 	screen_text: text = 'fruits'
71.1896 	EXP 	screen_text: text = ''
71.1896 	EXP 	list_text1: pos = array([-0.6   ,  0.0364])
71.1896 	EXP 	list_text1: text = '\nfork\nknife\ntoaster\nfruits'
71.8083 	DATA 	Keypress: v
71.8234 	EXP 	screen_text: text = 'v'
71.8744 	DATA 	Keypress: e
71.8899 	EXP 	screen_text: text = 've'
71.9411 	DATA 	Keypress: g
71.9570 	EXP 	screen_text: text = 'veg'
72.0089 	DATA 	Keypress: e
72.0234 	EXP 	screen_text: text = 'vege'
72.1246 	DATA 	Keypress: t
72.1401 	EXP 	screen_text: text = 'veget'
72.2415 	DATA 	Keypress: a
72.2568 	EXP 	screen_text: text = 'vegeta'
72.4757 	DATA 	Keypress: l
72.4900 	EXP 	screen_text: text = 'vegetal'
72.5748 	DATA 	Keypress: e
72.5904 	EXP 	screen_text: text = 'vegetale'
72.6083 	DATA 	Keypress: s
72.6234 	EXP 	screen_text: text = 'vegetales'
72.9242 	DATA 	Keypress: backspace
72.9404 	EXP 	screen_text: text = 'vegetale'
73.0741 	DATA 	Keypress: backspace
73.0909 	EXP 	screen_text: text = 'vegetal'
73.2076 	DATA 	Keypress: backspace
73.2237 	EXP 	screen_text: text = 'vegeta'
73.2750 	DATA 	Keypress: b
73.2912 	EXP 	screen_text: text = 'vegetab'
73.3925 	DATA 	Keypress: l
73.4070 	EXP 	screen_text: text = 'vegetabl'
73.5080 	DATA 	Keypress: e
73.5125 	DATA 	Keypress: s
73.5235 	EXP 	screen_text: text = 'vegetable'
73.5401 	EXP 	screen_text: text = 'vegetables'
73.7916 	DATA 	Keypress: return
73.8068 	EXP 	screen_text: text = 'vegetables'
73.8068 	EXP 	screen_text: text = ''
73.8068 	EXP 	list_text1: pos = array([-0.6  ,  0.008])
73.8068 	EXP 	list_text1: text = '\nfork\nknife\ntoaster\nfruits\nvegetables'
74.0758 	DATA 	Keypress: a
74.0909 	EXP 	screen_text: text = 'a'
74.2098 	DATA 	Keypress: p
74.2245 	EXP 	screen_text: text = 'ap'
74.3424 	DATA 	Keypress: p
74.3588 	EXP 	screen_text: text = 'app'
74.4429 	DATA 	Keypress: l
74.4586 	EXP 	screen_text: text = 'appl'
74.4790 	DATA 	Keypress: e
74.5085 	EXP 	screen_text: text = 'apple'
74.5930 	DATA 	Keypress: s
74.6088 	EXP 	screen_text: text = 'apples'
74.6923 	DATA 	Keypress: return
74.7085 	EXP 	screen_text: text = 'apples'
74.7085 	EXP 	screen_text: text = ''
74.7085 	EXP 	list_text1: pos = array([-0.6   , -0.0204])
74.7085 	EXP 	list_text1: text = '\nfork\nknife\ntoaster\nfruits\nvegetables\napples'
76.1605 	DATA 	Keypress: b
76.1747 	EXP 	screen_text: text = 'b'
76.2265 	DATA 	Keypress: a
76.2412 	EXP 	screen_text: text = 'ba'
76.3262 	DATA 	Keypress: n
76.3414 	EXP 	screen_text: text = 'ban'
76.4262 	DATA 	Keypress: a
76.4414 	EXP 	screen_text: text = 'bana'
76.4604 	DATA 	Keypress: n
76.4749 	EXP 	screen_text: text = 'banan'
76.5763 	DATA 	Keypress: a
76.5912 	EXP 	screen_text: text = 'banana'
76.6609 	DATA 	Keypress: s
76.6915 	EXP 	screen_text: text = 'bananas'
76.9091 	DATA 	Keypress: return
76.9251 	EXP 	screen_text: text = 'bananas'
76.9251 	EXP 	screen_text: text = ''
76.9251 	EXP 	list_text1: pos = array([-0.6   , -0.0488])
76.9251 	EXP 	list_text1: text = '\nfork\nknife\ntoaster\nfruits\nvegetables\napples\nbananas'
78.5769 	DATA 	Keypress: f
78.5922 	EXP 	screen_text: text = 'f'
78.7106 	DATA 	Keypress: r
78.7249 	EXP 	screen_text: text = 'fr'
78.7774 	DATA 	Keypress: i
78.7916 	EXP 	screen_text: text = 'fri'
78.8936 	DATA 	Keypress: d
78.9088 	EXP 	screen_text: text = 'frid'
78.9801 	DATA 	Keypress: g
79.0093 	EXP 	screen_text: text = 'fridg'
79.0804 	DATA 	Keypress: e
79.1100 	EXP 	screen_text: text = 'fridge'
79.2940 	DATA 	Keypress: return
79.3091 	EXP 	screen_text: text = 'fridge'
79.3091 	EXP 	screen_text: text = ''
79.3091 	EXP 	list_text1: pos = array([-0.6   , -0.0772])
79.3091 	EXP 	list_text1: text = '\nfork\nknife\ntoaster\nfruits\nvegetables\napples\nbananas\nfridge'
80.4301 	DATA 	Keypress: w
80.4604 	EXP 	screen_text: text = 'w'
80.5449 	DATA 	Keypress: a
80.5593 	EXP 	screen_text: text = 'wa'
80.6945 	DATA 	Keypress: s
80.7097 	EXP 	screen_text: text = 'was'
80.8276 	DATA 	Keypress: h
80.8435 	EXP 	screen_text: text = 'wash'
80.9481 	DATA 	Keypress: e
80.9769 	EXP 	screen_text: text = 'washe'
81.0276 	DATA 	Keypress: r
81.0431 	EXP 	screen_text: text = 'washer'
81.3108 	DATA 	Keypress: backspace
81.3264 	EXP 	screen_text: text = 'washe'
81.4613 	DATA 	Keypress: backspace
81.4768 	EXP 	screen_text: text = 'wash'
81.6442 	DATA 	Keypress: i
81.6595 	EXP 	screen_text: text = 'washi'
81.7801 	DATA 	Keypress: n
81.8104 	EXP 	screen_text: text = 'washin'
81.8275 	DATA 	Keypress: g
81.8436 	EXP 	screen_text: text = 'washing'
81.9441 	DATA 	Keypress: space
81.9601 	EXP 	screen_text: text = 'washing '
81.9948 	DATA 	Keypress: m
82.0095 	EXP 	screen_text: text = 'washing m'
82.0607 	DATA 	Keypress: a
82.0762 	EXP 	screen_text: text = 'washing ma'
82.1633 	DATA 	Keypress: c
82.1933 	EXP 	screen_text: text = 'washing mac'
82.2616 	DATA 	Keypress: h
82.2771 	EXP 	screen_text: text = 'washing mach'
82.3310 	DATA 	Keypress: i
82.3596 	EXP 	screen_text: text = 'washing machi'
82.4443 	DATA 	Keypress: n
82.4595 	EXP 	screen_text: text = 'washing machin'
82.4782 	DATA 	Keypress: e
82.4931 	EXP 	screen_text: text = 'washing machine'
82.6614 	DATA 	Keypress: apostrophe
82.6770 	EXP 	screen_text: text = 'washing machine'
83.0635 	DATA 	Keypress: return
83.0931 	EXP 	screen_text: text = 'washing machine'
83.0931 	EXP 	screen_text: text = ''
83.0931 	EXP 	list_text1: pos = array([-0.6   , -0.1056])
83.0931 	EXP 	list_text1: text = '\nfork\nknife\ntoaster\nfruits\nvegetables\napples\nbananas\nfridge\nwashing machine'
86.5292 	DATA 	Keypress: s
86.5445 	EXP 	screen_text: text = 's'
86.5966 	DATA 	Keypress: p
86.6111 	EXP 	screen_text: text = 'sp'
86.8129 	DATA 	Keypress: o
86.8277 	EXP 	screen_text: text = 'spo'
87.1128 	DATA 	Keypress: o
87.1279 	EXP 	screen_text: text = 'spoo'
87.3133 	DATA 	Keypress: n
87.3288 	EXP 	screen_text: text = 'spoon'
87.5963 	DATA 	Keypress: return
87.6117 	EXP 	screen_text: text = 'spoon'
87.6117 	EXP 	screen_text: text = ''
87.6117 	EXP 	list_text1: pos = array([-0.6  , -0.134])
87.6117 	EXP 	list_text1: text = '\nfork\nknife\ntoaster\nfruits\nvegetables\napples\nbananas\nfridge\nwashing machine\nspoon'
88.4302 	DATA 	Keypress: l
88.4456 	EXP 	screen_text: text = 'l'
88.4795 	DATA 	Keypress: a
88.4950 	EXP 	screen_text: text = 'la'
88.5963 	DATA 	Keypress: d
88.6121 	EXP 	screen_text: text = 'lad'
88.6654 	DATA 	Keypress: l
88.6949 	EXP 	screen_text: text = 'ladl'
88.7969 	DATA 	Keypress: e
88.8119 	EXP 	screen_text: text = 'ladle'
88.8466 	DATA 	Keypress: return
88.8623 	EXP 	screen_text: text = 'ladle'
88.8623 	EXP 	screen_text: text = ''
88.8623 	EXP 	list_text2: pos = array([-0.3   ,  0.1216])
88.8623 	EXP 	list_text2: text = '\nladle'
90.9976 	DATA 	Keypress: p
91.0133 	EXP 	screen_text: text = 'p'
91.2482 	DATA 	Keypress: e
91.2634 	EXP 	screen_text: text = 'pe'
91.4153 	DATA 	Keypress: e
91.4298 	EXP 	screen_text: text = 'pee'
91.5138 	DATA 	Keypress: l
91.5301 	EXP 	screen_text: text = 'peel'
91.6304 	DATA 	Keypress: e
91.6464 	EXP 	screen_text: text = 'peele'
91.7471 	DATA 	Keypress: r
91.7629 	EXP 	screen_text: text = 'peeler'
91.8138 	DATA 	Keypress: return
91.8292 	EXP 	screen_text: text = 'peeler'
91.8292 	EXP 	screen_text: text = ''
91.8292 	EXP 	list_text2: pos = array([-0.3   ,  0.0932])
91.8292 	EXP 	list_text2: text = '\nladle\npeeler'
95.2830 	DATA 	Keypress: w
95.2976 	EXP 	screen_text: text = 'w'
95.3327 	DATA 	Keypress: a
95.3477 	EXP 	screen_text: text = 'wa'
95.4827 	DATA 	Keypress: s
95.4979 	EXP 	screen_text: text = 'was'
95.7991 	DATA 	Keypress: backspace
95.8147 	EXP 	screen_text: text = 'wa'
95.8665 	DATA 	Keypress: f
95.8809 	EXP 	screen_text: text = 'waf'
96.0160 	DATA 	Keypress: f
96.0314 	EXP 	screen_text: text = 'waff'
96.0989 	DATA 	Keypress: l
96.1151 	EXP 	screen_text: text = 'waffl'
96.1665 	DATA 	Keypress: e
96.1808 	EXP 	screen_text: text = 'waffle'
96.2828 	DATA 	Keypress: space
96.2981 	EXP 	screen_text: text = 'waffle '
96.3998 	DATA 	Keypress: m
96.4148 	EXP 	screen_text: text = 'waffle m'
96.4495 	DATA 	Keypress: a
96.4646 	EXP 	screen_text: text = 'waffle ma'
96.5493 	DATA 	Keypress: k
96.5640 	EXP 	screen_text: text = 'waffle mak'
96.6327 	DATA 	Keypress: e
96.6477 	EXP 	screen_text: text = 'waffle make'
96.6829 	DATA 	Keypress: r
96.6975 	EXP 	screen_text: text = 'waffle maker'
96.7655 	DATA 	Keypress: return
96.7810 	EXP 	screen_text: text = 'waffle maker'
96.7810 	EXP 	screen_text: text = ''
96.7810 	EXP 	list_text2: pos = array([-0.3   ,  0.0648])
96.7810 	EXP 	list_text2: text = '\nladle\npeeler\nwaffle maker'
98.0832 	DATA 	Keypress: o
98.0976 	EXP 	screen_text: text = 'o'
98.1492 	DATA 	Keypress: v
98.1649 	EXP 	screen_text: text = 'ov'
98.3180 	DATA 	Keypress: e
98.3480 	EXP 	screen_text: text = 'ove'
98.3673 	DATA 	Keypress: n
98.3815 	EXP 	screen_text: text = 'oven'
98.5827 	DATA 	Keypress: return
98.5984 	EXP 	screen_text: text = 'oven'
98.5984 	EXP 	screen_text: text = ''
98.5984 	EXP 	list_text2: pos = array([-0.3   ,  0.0364])
98.5984 	EXP 	list_text2: text = '\nladle\npeeler\nwaffle maker\noven'
100.0006 	DATA 	Keypress: s
100.0161 	EXP 	screen_text: text = 's'
100.1676 	DATA 	Keypress: t
100.1822 	EXP 	screen_text: text = 'st'
100.2846 	DATA 	Keypress: o
100.2997 	EXP 	screen_text: text = 'sto'
100.3548 	DATA 	Keypress: v
100.3834 	EXP 	screen_text: text = 'stov'
100.4509 	DATA 	Keypress: e
100.4663 	EXP 	screen_text: text = 'stove'
100.5674 	DATA 	Keypress: return
100.5831 	EXP 	screen_text: text = 'stove'
100.5831 	EXP 	screen_text: text = ''
100.5831 	EXP 	list_text2: pos = array([-0.3  ,  0.008])
100.5831 	EXP 	list_text2: text = '\nladle\npeeler\nwaffle maker\noven\nstove'
101.8172 	DATA 	Keypress: b
101.8324 	EXP 	screen_text: text = 'b'
101.9004 	DATA 	Keypress: u
101.9159 	EXP 	screen_text: text = 'bu'
101.9340 	DATA 	Keypress: r
101.9493 	EXP 	screen_text: text = 'bur'
102.0839 	DATA 	Keypress: n
102.0999 	EXP 	screen_text: text = 'burn'
102.1198 	DATA 	Keypress: e
102.1490 	EXP 	screen_text: text = 'burne'
102.2008 	DATA 	Keypress: r
102.2166 	EXP 	screen_text: text = 'burner'
102.3507 	DATA 	Keypress: return
102.3658 	EXP 	screen_text: text = 'burner'
102.3658 	EXP 	screen_text: text = ''
102.3658 	EXP 	list_text2: pos = array([-0.3   , -0.0204])
102.3658 	EXP 	list_text2: text = '\nladle\npeeler\nwaffle maker\noven\nstove\nburner'
106.9695 	DATA 	Keypress: v
106.9842 	EXP 	screen_text: text = 'v'
107.0041 	DATA 	Keypress: e
107.0343 	EXP 	screen_text: text = 've'
107.1854 	DATA 	Keypress: n
107.2007 	EXP 	screen_text: text = 'ven'
107.2190 	DATA 	Keypress: t
107.2348 	EXP 	screen_text: text = 'vent'
107.4020 	DATA 	Keypress: return
107.4176 	EXP 	screen_text: text = 'vent'
107.4176 	EXP 	screen_text: text = ''
107.4176 	EXP 	list_text2: pos = array([-0.3   , -0.0488])
107.4176 	EXP 	list_text2: text = '\nladle\npeeler\nwaffle maker\noven\nstove\nburner\nvent'
114.4221 	DATA 	Keypress: d
114.4377 	EXP 	screen_text: text = 'd'
115.4715 	DATA 	Keypress: r
115.4880 	EXP 	screen_text: text = 'dr'
115.5886 	DATA 	Keypress: a
115.6035 	EXP 	screen_text: text = 'dra'
115.6728 	DATA 	Keypress: w
115.6881 	EXP 	screen_text: text = 'draw'
115.9055 	DATA 	Keypress: e
115.9211 	EXP 	screen_text: text = 'drawe'
116.0893 	DATA 	Keypress: r
116.1036 	EXP 	screen_text: text = 'drawer'
116.2052 	DATA 	Keypress: s
116.2204 	EXP 	screen_text: text = 'drawers'
116.3393 	DATA 	Keypress: return
116.3535 	EXP 	screen_text: text = 'drawers'
116.3535 	EXP 	screen_text: text = ''
116.3535 	EXP 	list_text2: pos = array([-0.3   , -0.0772])
116.3535 	EXP 	list_text2: text = '\nladle\npeeler\nwaffle maker\noven\nstove\nburner\nvent\ndrawers'
117.2386 	DATA 	Keypress: o
117.2543 	EXP 	screen_text: text = 'o'
117.4552 	DATA 	Keypress: n
117.4707 	EXP 	screen_text: text = 'on'
117.6553 	DATA 	Keypress: i
117.6705 	EXP 	screen_text: text = 'oni'
117.7245 	DATA 	Keypress: o
117.7540 	EXP 	screen_text: text = 'onio'
117.9054 	DATA 	Keypress: n
117.9209 	EXP 	screen_text: text = 'onion'
118.0384 	DATA 	Keypress: s
118.0541 	EXP 	screen_text: text = 'onions'
118.2053 	DATA 	Keypress: return
118.2214 	EXP 	screen_text: text = 'onions'
118.2214 	EXP 	screen_text: text = ''
118.2214 	EXP 	list_text2: pos = array([-0.3   , -0.1056])
118.2214 	EXP 	list_text2: text = '\nladle\npeeler\nwaffle maker\noven\nstove\nburner\nvent\ndrawers\nonions'
118.7219 	DATA 	Keypress: c
118.7376 	EXP 	screen_text: text = 'c'
118.8218 	DATA 	Keypress: a
118.8373 	EXP 	screen_text: text = 'ca'
118.9392 	DATA 	Keypress: r
118.9545 	EXP 	screen_text: text = 'car'
119.2093 	DATA 	Keypress: o
119.2383 	EXP 	screen_text: text = 'caro'
119.7061 	DATA 	Keypress: backspace
119.7226 	EXP 	screen_text: text = 'car'
119.8066 	DATA 	Keypress: r
119.8217 	EXP 	screen_text: text = 'carr'
119.9740 	DATA 	Keypress: t
119.9891 	EXP 	screen_text: text = 'carrt'
120.3738 	DATA 	Keypress: backspace
120.3894 	EXP 	screen_text: text = 'carr'
120.5268 	DATA 	Keypress: p
120.5554 	EXP 	screen_text: text = 'carrp'
120.5937 	DATA 	Keypress: t
120.6227 	EXP 	screen_text: text = 'carrpt'
120.7566 	DATA 	Keypress: s
120.7730 	EXP 	screen_text: text = 'carrpts'
121.1063 	DATA 	Keypress: backspace
121.1220 	EXP 	screen_text: text = 'carrpt'
121.2920 	DATA 	Keypress: backspace
121.3223 	EXP 	screen_text: text = 'carrp'
121.4589 	DATA 	Keypress: backspace
121.4886 	EXP 	screen_text: text = 'carr'
121.6074 	DATA 	Keypress: o
121.6219 	EXP 	screen_text: text = 'carro'
121.6398 	DATA 	Keypress: t
121.6554 	EXP 	screen_text: text = 'carrot'
121.8427 	DATA 	Keypress: s
121.8721 	EXP 	screen_text: text = 'carrots'
122.0067 	DATA 	Keypress: return
122.0227 	EXP 	screen_text: text = 'carrots'
122.0227 	EXP 	screen_text: text = ''
122.0227 	EXP 	list_text2: pos = array([-0.3  , -0.134])
122.0227 	EXP 	list_text2: text = '\nladle\npeeler\nwaffle maker\noven\nstove\nburner\nvent\ndrawers\nonions\ncarrots'
124.8914 	DATA 	Keypress: p
124.9076 	EXP 	screen_text: text = 'p'
124.9921 	DATA 	Keypress: l
125.0065 	EXP 	screen_text: text = 'pl'
125.0579 	DATA 	Keypress: a
125.0740 	EXP 	screen_text: text = 'pla'
125.1587 	DATA 	Keypress: t
125.1733 	EXP 	screen_text: text = 'plat'
125.2414 	DATA 	Keypress: e
125.2572 	EXP 	screen_text: text = 'plate'
125.4423 	DATA 	Keypress: s
125.4574 	EXP 	screen_text: text = 'plates'
125.5448 	DATA 	Keypress: return
125.5746 	EXP 	screen_text: text = 'plates'
125.5746 	EXP 	screen_text: text = ''
125.5746 	EXP 	list_text3: pos = array([0.    , 0.1216])
125.5746 	EXP 	list_text3: text = '\nplates'
125.9747 	DATA 	Keypress: p
125.9912 	EXP 	screen_text: text = 'p'
126.0616 	DATA 	Keypress: a
126.0909 	EXP 	screen_text: text = 'pa'
126.2259 	DATA 	Keypress: n
126.2411 	EXP 	screen_text: text = 'pan'
126.4413 	DATA 	Keypress: return
126.4578 	EXP 	screen_text: text = 'pan'
126.4578 	EXP 	screen_text: text = ''
126.4578 	EXP 	list_text3: pos = array([0.    , 0.0932])
126.4578 	EXP 	list_text3: text = '\nplates\npan'
126.6757 	DATA 	Keypress: p
126.6902 	EXP 	screen_text: text = 'p'
126.7581 	DATA 	Keypress: o
126.7736 	EXP 	screen_text: text = 'po'
126.8083 	DATA 	Keypress: t
126.8243 	EXP 	screen_text: text = 'pot'
127.0080 	DATA 	Keypress: return
127.0240 	EXP 	screen_text: text = 'pot'
127.0240 	EXP 	screen_text: text = ''
127.0240 	EXP 	list_text3: pos = array([0.    , 0.0648])
127.0240 	EXP 	list_text3: text = '\nplates\npan\npot'
135.8598 	EXP 	fixation: autoDraw = False
135.8598 	EXP 	timer: autoDraw = False
135.8598 	EXP 	instruct_text: autoDraw = False
135.8598 	EXP 	letter_text: autoDraw = False
135.8598 	EXP 	screen_text: autoDraw = False
135.8598 	EXP 	list_text1: autoDraw = False
135.8598 	EXP 	list_text2: autoDraw = False
135.8598 	EXP 	list_text3: autoDraw = False
135.8598 	EXP 	list_text4: autoDraw = False
135.8598 	EXP 	list_text5: autoDraw = False
135.8598 	EXP 	fixation_1: autoDraw = True
136.8434 	EXP 	difficulty_question: autoDraw = True
136.8434 	EXP 	options: autoDraw = True
136.8434 	EXP 	anchor_1: autoDraw = True
136.8434 	EXP 	anchor_2: autoDraw = True
136.8599 	EXP 	fixation_1: autoDraw = False
138.0789 	DATA 	Keypress: 5
138.0936 	EXP 	fixation_1: autoDraw = False
138.0936 	EXP 	difficulty_question: autoDraw = False
138.0936 	EXP 	options: autoDraw = False
138.0936 	EXP 	anchor_1: autoDraw = False
138.0936 	EXP 	anchor_2: autoDraw = False
138.0936 	EXP 	text: text = ''
138.0936 	EXP 	text_other: autoDraw = True
138.0936 	EXP 	text: autoDraw = True
139.9296 	DATA 	Keypress: lshift
140.2295 	DATA 	Keypress: i
140.2446 	EXP 	text: text = 'I'
140.4964 	DATA 	Keypress: t
140.5112 	EXP 	text: text = 'It'
140.6470 	DATA 	Keypress: space
140.6624 	EXP 	text: text = 'It '
140.8470 	DATA 	Keypress: p
140.8620 	EXP 	text: text = 'It p'
140.9127 	DATA 	Keypress: o
140.9286 	EXP 	text: text = 'It po'
141.0635 	DATA 	Keypress: p
141.0789 	EXP 	text: text = 'It pop'
141.2460 	DATA 	Keypress: p
141.2613 	EXP 	text: text = 'It popp'
141.3630 	DATA 	Keypress: e
141.3784 	EXP 	text: text = 'It poppe'
141.4128 	DATA 	Keypress: d
141.4291 	EXP 	text: text = 'It popped'
141.5800 	DATA 	Keypress: space
141.5947 	EXP 	text: text = 'It popped '
141.7297 	DATA 	Keypress: i
141.7454 	EXP 	text: text = 'It popped i'
141.8802 	DATA 	Keypress: n
141.8949 	EXP 	text: text = 'It popped in'
141.9961 	DATA 	Keypress: t
142.0115 	EXP 	text: text = 'It popped int'
142.0959 	DATA 	Keypress: o
142.1123 	EXP 	text: text = 'It popped into'
142.4126 	DATA 	Keypress: backspace
142.4283 	EXP 	text: text = 'It popped int'
143.3298 	DATA 	Keypress: o
143.3453 	EXP 	text: text = 'It popped into'
143.3968 	DATA 	Keypress: space
143.4119 	EXP 	text: text = 'It popped into '
143.5134 	DATA 	Keypress: m
143.5286 	EXP 	text: text = 'It popped into m'
143.7136 	DATA 	Keypress: y
143.7288 	EXP 	text: text = 'It popped into my'
143.7631 	DATA 	Keypress: space
143.7790 	EXP 	text: text = 'It popped into my '
143.8971 	DATA 	Keypress: h
143.9116 	EXP 	text: text = 'It popped into my h'
143.9633 	DATA 	Keypress: e
143.9801 	EXP 	text: text = 'It popped into my he'
144.0159 	DATA 	Keypress: a
144.0459 	EXP 	text: text = 'It popped into my hea'
144.1469 	DATA 	Keypress: d
144.1636 	EXP 	text: text = 'It popped into my head'
144.3314 	DATA 	Keypress: return
144.3318 	EXP 	New trial (rep=0, index=1): OrderedDict([('Category', 'Words that start with F'), ('Type', 'Phonemic')])
144.3466 	EXP 	text_other: autoDraw = False
144.3466 	EXP 	text: autoDraw = False
144.3466 	EXP 	letter_text: text = 'Words that start with F'
144.3466 	EXP 	list_text1: text = ''
144.3466 	EXP 	list_text1: pos = [-0.6, 0.15]
144.3466 	EXP 	list_text2: text = ''
144.3466 	EXP 	list_text2: pos = [-0.3, 0.15]
144.3466 	EXP 	list_text3: text = ''
144.3466 	EXP 	list_text3: pos = [0, 0.15]
144.3466 	EXP 	list_text4: text = ''
144.3466 	EXP 	list_text4: pos = [0.3, 0.15]
144.3466 	EXP 	list_text5: text = ''
144.3466 	EXP 	list_text5: pos = [0.6, 0.15]
144.3466 	EXP 	letter_text: font = 'Arial'
144.3466 	EXP 	letter_text: bold = True
144.3466 	EXP 	fixation: autoDraw = True
145.3296 	EXP 	timer: autoDraw = True
145.3296 	EXP 	instruct_text: autoDraw = True
145.3296 	EXP 	letter_text: autoDraw = True
145.3296 	EXP 	screen_text: autoDraw = True
145.3296 	EXP 	list_text1: autoDraw = True
145.3296 	EXP 	list_text2: autoDraw = True
145.3296 	EXP 	list_text3: autoDraw = True
145.3296 	EXP 	list_text4: autoDraw = True
145.3296 	EXP 	list_text5: autoDraw = True
145.3296 	EXP 	letter_text: text = 'Words that start with F'
145.3465 	EXP 	fixation: autoDraw = False
145.6818 	DATA 	Keypress: escape
145.9524 	EXP 	window1: mouseVisible = True
