0.6171 	WARNING 	We strongly recommend you activate the PTB sound engine in PsychoPy prefs as the preferred audio engine. Its timing is vastly superior. Your prefs are currently set to use ['sounddevice', 'pyo', 'pygame'] (in that order).
5.1676 	EXP 	Created window1 = Window(allowGUI=False, allowStencil=False, args=UNKNOWN, autoLog=True, bitsMode=UNKNOWN, blendMode='avg', bpc=(8, 8, 8), color=array([0., 0., 0.]), colorSpace='rgb', depthBits=8, fullscr=<method-wrapper '__getattribute__' of attributeSetter object at 0x11a4c7d30>, gamma=None, gammaErrorPolicy='raise', kwargs=UNKNOWN, lms=UNKNOWN, monitor=<psychopy.monitors.calibTools.Monitor object at 0x11a0f7c18>, multiSample=False, name='window1', numSamples=2, pos=[640.0, 360.0], screen=0, size=array([5120, 2880]), stencilBits=0, stereo=False, units='height', useFBO=True, useRetina=True, viewOri=0.0, viewPos=None, viewScale=None, waitBlanking=True, winType='pyglet')
5.1676 	EXP 	window1: recordFrameIntervals = False
5.2008 	DATA 	Mouse: wheel shift=(0,0), pos=(882,914)
5.2349 	DATA 	Mouse: wheel shift=(0,0), pos=(882,914)
5.2511 	DATA 	Mouse: wheel shift=(0,0), pos=(882,914)
5.2680 	DATA 	Mouse: wheel shift=(0,0), pos=(882,914)
5.2844 	DATA 	Mouse: wheel shift=(0,0), pos=(882,914)
5.3344 	EXP 	window1: recordFrameIntervals = True
5.3511 	DATA 	Mouse: wheel shift=(0,0), pos=(882,914)
5.3847 	DATA 	Mouse: wheel shift=(0,0), pos=(882,914)
5.4183 	DATA 	Mouse: wheel shift=(0,0), pos=(882,914)
5.4347 	DATA 	Mouse: wheel shift=(0,0), pos=(882,914)
5.4510 	DATA 	Mouse: wheel shift=(0,0), pos=(882,914)
5.4675 	DATA 	Mouse: wheel shift=(0,0), pos=(882,914)
5.4850 	DATA 	Mouse: wheel shift=(0,0), pos=(882,914)
5.5009 	DATA 	Mouse: wheel shift=(0,0), pos=(882,914)
5.5172 	EXP 	window1: recordFrameIntervals = False
5.5493 	EXP 	Created instructions = ImageStim(__class__=<class 'psychopy.visual.image.ImageStim'>, autoLog=True, color=array([1., 1., 1.]), colorSpace='rgb', contrast=1.0, depth=0.0, flipHoriz=False, flipVert=False, image='sin', interpolate=True, mask=None, maskParams=None, name='instructions', opacity=1.0, ori=0.0, pos=array([0., 0.]), size=array([1280.,  720.]), texRes=512, units='pix', win=Window(...))
5.6151 	EXP 	Created fixation = TextStim(__class__=<class 'psychopy.visual.text.TextStim'>, alignHoriz=method-wrapper(...), alignText='center', alignVert=method-wrapper(...), anchorHoriz='center', anchorVert='center', antialias=True, autoLog=True, bold=False, color='white', colorSpace='named', contrast=1.0, depth=0.0, flipHoriz=False, flipVert=False, font='Arial', fontFiles=[], height=0.1, italic=False, languageStyle='LTR', name='fixation', opacity=1.0, ori=0, pos=array([0., 0.]), rgb=array([255., 255., 255.]), text='+', units='height', win=Window(...), wrapWidth=1)
5.6228 	EXP 	Created timer = TextStim(__class__=<class 'psychopy.visual.text.TextStim'>, alignHoriz=method-wrapper(...), alignText='center', alignVert=method-wrapper(...), anchorHoriz='center', anchorVert='center', antialias=True, autoLog=True, bold=False, color='white', colorSpace='named', contrast=1.0, depth=-1.0, flipHoriz=False, flipVert=False, font='Arial', fontFiles=[], height=0.05, italic=False, languageStyle='LTR', name='timer', opacity=1.0, ori=0, pos=array([-0.7,  0.4]), rgb=array([255., 255., 255.]), text='default text', units='height', win=Window(...), wrapWidth=1)
5.6363 	EXP 	Created instruct_text = TextStim(__class__=<class 'psychopy.visual.text.TextStim'>, alignHoriz=method-wrapper(...), alignText='center', alignVert=method-wrapper(...), anchorHoriz='center', anchorVert='center', antialias=True, autoLog=True, bold=False, color='white', colorSpace='named', contrast=1.0, depth=-2.0, flipHoriz=False, flipVert=False, font='Arial', fontFiles=[], height=0.05, italic=False, languageStyle='LTR', name='instruct_text', opacity=1.0, ori=0, pos=array([0. , 0.4]), rgb=array([255., 255., 255.]), text=str(...), units='height', win=Window(...), wrapWidth=1)
5.6381 	EXP 	Created letter_text = TextStim(__class__=<class 'psychopy.visual.text.TextStim'>, alignHoriz=method-wrapper(...), alignText='center', alignVert=method-wrapper(...), anchorHoriz='center', anchorVert='center', antialias=True, autoLog=True, bold=False, color='white', colorSpace='named', contrast=1.0, depth=-3.0, flipHoriz=False, flipVert=False, font='Arial', fontFiles=[], height=0.05, italic=False, languageStyle='LTR', name='letter_text', opacity=1.0, ori=0, pos=array([0.  , 0.28]), rgb=array([255., 255., 255.]), text='default text', units='height', win=Window(...), wrapWidth=1)
5.6385 	EXP 	Created screen_text = TextStim(__class__=<class 'psychopy.visual.text.TextStim'>, alignHoriz=method-wrapper(...), alignText='center', alignVert=method-wrapper(...), anchorHoriz='center', anchorVert='center', antialias=True, autoLog=True, bold=False, color='white', colorSpace='named', contrast=1.0, depth=-4.0, flipHoriz=False, flipVert=False, font='Arial', fontFiles=[], height=0.05, italic=False, languageStyle='LTR', name='screen_text', opacity=1.0, ori=0, pos=array([0. , 0.2]), rgb=array([255., 255., 255.]), text='', units='height', win=Window(...), wrapWidth=1)
5.6389 	EXP 	Created list_text1 = TextStim(__class__=<class 'psychopy.visual.text.TextStim'>, alignHoriz=method-wrapper(...), alignText='center', alignVert=method-wrapper(...), anchorHoriz='center', anchorVert='center', antialias=True, autoLog=True, bold=False, color='white', colorSpace='named', contrast=1.0, depth=-5.0, flipHoriz=False, flipVert=False, font='Arial', fontFiles=[], height=0.05, italic=False, languageStyle='LTR', name='list_text1', opacity=1.0, ori=0, pos=array([0., 0.]), rgb=array([255., 255., 255.]), text='', units='height', win=Window(...), wrapWidth=1)
5.6403 	EXP 	Created list_text2 = TextStim(__class__=<class 'psychopy.visual.text.TextStim'>, alignHoriz=method-wrapper(...), alignText='center', alignVert=method-wrapper(...), anchorHoriz='center', anchorVert='center', antialias=True, autoLog=True, bold=False, color='white', colorSpace='named', contrast=1.0, depth=-6.0, flipHoriz=False, flipVert=False, font='Arial', fontFiles=[], height=0.05, italic=False, languageStyle='LTR', name='list_text2', opacity=1.0, ori=0, pos=array([0., 0.]), rgb=array([255., 255., 255.]), text='', units='height', win=Window(...), wrapWidth=1)
5.6407 	EXP 	Created list_text3 = TextStim(__class__=<class 'psychopy.visual.text.TextStim'>, alignHoriz=method-wrapper(...), alignText='center', alignVert=method-wrapper(...), anchorHoriz='center', anchorVert='center', antialias=True, autoLog=True, bold=False, color='white', colorSpace='named', contrast=1.0, depth=-7.0, flipHoriz=False, flipVert=False, font='Arial', fontFiles=[], height=0.05, italic=False, languageStyle='LTR', name='list_text3', opacity=1.0, ori=0, pos=array([0., 0.]), rgb=array([255., 255., 255.]), text='', units='height', win=Window(...), wrapWidth=1)
5.6410 	EXP 	Created list_text4 = TextStim(__class__=<class 'psychopy.visual.text.TextStim'>, alignHoriz=method-wrapper(...), alignText='center', alignVert=method-wrapper(...), anchorHoriz='center', anchorVert='center', antialias=True, autoLog=True, bold=False, color='white', colorSpace='named', contrast=1.0, depth=-8.0, flipHoriz=False, flipVert=False, font='Arial', fontFiles=[], height=0.05, italic=False, languageStyle='LTR', name='list_text4', opacity=1.0, ori=0, pos=array([0., 0.]), rgb=array([255., 255., 255.]), text='', units='height', win=Window(...), wrapWidth=1)
5.6414 	EXP 	Created list_text5 = TextStim(__class__=<class 'psychopy.visual.text.TextStim'>, alignHoriz=method-wrapper(...), alignText='center', alignVert=method-wrapper(...), anchorHoriz='center', anchorVert='center', antialias=True, autoLog=True, bold=False, color='white', colorSpace='named', contrast=1.0, depth=-9.0, flipHoriz=False, flipVert=False, font='Arial', fontFiles=[], height=0.05, italic=False, languageStyle='LTR', name='list_text5', opacity=1.0, ori=0, pos=array([0., 0.]), rgb=array([255., 255., 255.]), text='', units='height', win=Window(...), wrapWidth=1)
5.6424 	EXP 	Created fixation_1 = TextStim(__class__=<class 'psychopy.visual.text.TextStim'>, alignHoriz=method-wrapper(...), alignText='center', alignVert=method-wrapper(...), anchorHoriz='center', anchorVert='center', antialias=True, autoLog=True, bold=False, color='white', colorSpace='named', contrast=1.0, depth=0.0, flipHoriz=False, flipVert=False, font='Arial', fontFiles=[], height=0.1, italic=False, languageStyle='LTR', name='fixation_1', opacity=1.0, ori=0, pos=array([0., 0.]), rgb=array([255., 255., 255.]), text='+', units='height', win=Window(...), wrapWidth=1)
5.6481 	EXP 	Created difficulty_question = TextStim(__class__=<class 'psychopy.visual.text.TextStim'>, alignHoriz=method-wrapper(...), alignText='center', alignVert=method-wrapper(...), anchorHoriz='center', anchorVert='center', antialias=True, autoLog=True, bold=False, color='white', colorSpace='named', contrast=1.0, depth=-1.0, flipHoriz=False, flipVert=False, font='Arial', fontFiles=[], height=0.05, italic=False, languageStyle='LTR', name='difficulty_question', opacity=1.0, ori=0, pos=array([0. , 0.2]), rgb=array([255., 255., 255.]), text=str(...), units='height', win=Window(...), wrapWidth=1)
5.6554 	EXP 	Created options = TextStim(__class__=<class 'psychopy.visual.text.TextStim'>, alignHoriz=method-wrapper(...), alignText='center', alignVert=method-wrapper(...), anchorHoriz='center', anchorVert='center', antialias=True, autoLog=True, bold=False, color='white', colorSpace='named', contrast=1.0, depth=-2.0, flipHoriz=False, flipVert=False, font='Arial', fontFiles=[], height=0.05, italic=False, languageStyle='LTR', name='options', opacity=1.0, ori=0, pos=array([0., 0.]), rgb=array([255., 255., 255.]), text=str(...), units='height', win=Window(...), wrapWidth=1)
5.6631 	EXP 	Created anchor_1 = TextStim(__class__=<class 'psychopy.visual.text.TextStim'>, alignHoriz=method-wrapper(...), alignText='center', alignVert=method-wrapper(...), anchorHoriz='center', anchorVert='center', antialias=True, autoLog=True, bold=False, color='white', colorSpace='named', contrast=1.0, depth=-3.0, flipHoriz=False, flipVert=False, font='Arial', fontFiles=[], height=0.04, italic=False, languageStyle='LTR', name='anchor_1', opacity=1.0, ori=0, pos=array([-0.4, -0.2]), rgb=array([255., 255., 255.]), text='Not difficult at all', units='height', win=Window(...), wrapWidth=1)
5.6674 	EXP 	Created anchor_2 = TextStim(__class__=<class 'psychopy.visual.text.TextStim'>, alignHoriz=method-wrapper(...), alignText='center', alignVert=method-wrapper(...), anchorHoriz='center', anchorVert='center', antialias=True, autoLog=True, bold=False, color='white', colorSpace='named', contrast=1.0, depth=-4.0, flipHoriz=False, flipVert=False, font='Arial', fontFiles=[], height=0.04, italic=False, languageStyle='LTR', name='anchor_2', opacity=1.0, ori=0, pos=array([ 0.4, -0.2]), rgb=array([255., 255., 255.]), text='Very Difficult\n', units='height', win=Window(...), wrapWidth=1)
5.6873 	EXP 	Created text_other = TextStim(__class__=<class 'psychopy.visual.text.TextStim'>, alignHoriz=method-wrapper(...), alignText='center', alignVert=method-wrapper(...), anchorHoriz='center', anchorVert='center', antialias=True, autoLog=True, bold=False, color='white', colorSpace='named', contrast=1.0, depth=0.0, flipHoriz=False, flipVert=False, font='Arial', fontFiles=[], height=0.05, italic=False, languageStyle='LTR', name='text_other', opacity=1.0, ori=0, pos=array([0.  , 0.25]), rgb=array([255., 255., 255.]), text=str(...), units='height', win=Window(...), wrapWidth=1)
5.6878 	EXP 	Created text = TextStim(__class__=<class 'psychopy.visual.text.TextStim'>, alignHoriz=method-wrapper(...), alignText='center', alignVert=method-wrapper(...), anchorHoriz='center', anchorVert='center', antialias=True, autoLog=True, bold=False, color='white', colorSpace='named', contrast=1.0, depth=-1.0, flipHoriz=False, flipVert=False, font='Arial', fontFiles=[], height=0.05, italic=False, languageStyle='LTR', name='text', opacity=1.0, ori=0, pos=array([0., 0.]), rgb=array([255., 255., 255.]), text='', units='height', win=Window(...), wrapWidth=1)
5.6954 	EXP 	Created thank_you = TextStim(__class__=<class 'psychopy.visual.text.TextStim'>, alignHoriz=method-wrapper(...), alignText='center', alignVert=method-wrapper(...), anchorHoriz='center', anchorVert='center', antialias=True, autoLog=True, bold=False, color='white', colorSpace='named', contrast=1.0, depth=0.0, flipHoriz=False, flipVert=False, font='Arial', fontFiles=[], height=0.05, italic=False, languageStyle='LTR', name='thank_you', opacity=1.0, ori=0, pos=array([0., 0.]), rgb=array([255., 255., 255.]), text=str(...), units='height', win=Window(...), wrapWidth=1)
5.7013 	EXP 	Imported instructions.xlsx as conditions, 7 conditions, 2 params
5.7015 	EXP 	Created sequence: sequential, trialTypes=7, nReps=1, seed=None
5.7017 	EXP 	New trial (rep=0, index=0): OrderedDict([('INS', 'Slide1.png'), ('KEYS', ['space'])])
5.7570 	DATA 	Mouse: wheel shift=(1,0), pos=(882,914)
5.7572 	DATA 	Mouse: wheel shift=(0,0), pos=(882,914)
5.7826 	EXP 	instructions: image = 'Slide1.png'
5.7826 	EXP 	instructions: autoDraw = True
6.1689 	EXP 	New trial (rep=0, index=1): OrderedDict([('INS', 'Consent.png'), ('KEYS', ['y', 'n'])])
6.1905 	DATA 	Keypress: space
6.2021 	EXP 	instructions: autoDraw = False
6.2021 	EXP 	instructions: image = 'Consent.png'
6.2021 	EXP 	instructions: autoDraw = True
6.3526 	EXP 	New trial (rep=0, index=2): OrderedDict([('INS', 'Slide2.png'), ('KEYS', ['space'])])
6.3720 	DATA 	Keypress: space
6.3858 	EXP 	instructions: autoDraw = False
6.3858 	EXP 	instructions: image = 'Slide2.png'
6.3858 	EXP 	instructions: autoDraw = True
6.5020 	EXP 	New trial (rep=0, index=3): OrderedDict([('INS', 'Slide3.png'), ('KEYS', ['space'])])
6.5204 	DATA 	Keypress: space
6.5349 	EXP 	instructions: autoDraw = False
6.5349 	EXP 	instructions: image = 'Slide3.png'
6.5349 	EXP 	instructions: autoDraw = True
6.6521 	EXP 	New trial (rep=0, index=4): OrderedDict([('INS', 'Slide4.png'), ('KEYS', ['space'])])
6.6707 	DATA 	Keypress: space
6.6851 	EXP 	instructions: autoDraw = False
6.6851 	EXP 	instructions: image = 'Slide4.png'
6.6851 	EXP 	instructions: autoDraw = True
6.8028 	EXP 	New trial (rep=0, index=5): OrderedDict([('INS', 'Slide5.png'), ('KEYS', ['space'])])
6.8212 	DATA 	Keypress: space
6.8355 	EXP 	instructions: autoDraw = False
6.8355 	EXP 	instructions: image = 'Slide5.png'
6.8355 	EXP 	instructions: autoDraw = True
6.9692 	EXP 	New trial (rep=0, index=6): OrderedDict([('INS', 'Slide6.png'), ('KEYS', ['g'])])
6.9885 	DATA 	Keypress: space
7.0017 	EXP 	instructions: autoDraw = False
7.0017 	EXP 	instructions: image = 'Slide6.png'
7.0017 	EXP 	instructions: autoDraw = True
7.1256 	EXP 	Imported conditions copy.xlsx as conditions, 1 conditions, 2 params
7.1263 	EXP 	Created sequence: random, trialTypes=1, nReps=1, seed=None
7.1264 	EXP 	New trial (rep=0, index=0): OrderedDict([('Category', 'Things in a garage'), ('Type', 'Spatial')])
7.1293 	DATA 	Keypress: space
7.1529 	EXP 	instructions: autoDraw = False
7.1529 	EXP 	letter_text: text = 'Things in a garage'
7.1529 	EXP 	list_text1: text = ''
7.1529 	EXP 	list_text1: pos = [-0.6, 0.15]
7.1529 	EXP 	list_text2: text = ''
7.1529 	EXP 	list_text2: pos = [-0.3, 0.15]
7.1529 	EXP 	list_text3: text = ''
7.1529 	EXP 	list_text3: pos = [0, 0.15]
7.1529 	EXP 	list_text4: text = ''
7.1529 	EXP 	list_text4: pos = [0.3, 0.15]
7.1529 	EXP 	list_text5: text = ''
7.1529 	EXP 	list_text5: pos = [0.6, 0.15]
7.1529 	EXP 	letter_text: font = 'Arial'
7.1529 	EXP 	letter_text: bold = True
7.1529 	EXP 	fixation: autoDraw = True
8.1357 	EXP 	timer: autoDraw = True
8.1357 	EXP 	instruct_text: autoDraw = True
8.1357 	EXP 	letter_text: autoDraw = True
8.1357 	EXP 	screen_text: autoDraw = True
8.1357 	EXP 	list_text1: autoDraw = True
8.1357 	EXP 	list_text2: autoDraw = True
8.1357 	EXP 	list_text3: autoDraw = True
8.1357 	EXP 	list_text4: autoDraw = True
8.1357 	EXP 	list_text5: autoDraw = True
8.1357 	EXP 	letter_text: text = 'Things in a garage'
8.1523 	EXP 	fixation: autoDraw = False
8.6214 	DATA 	Keypress: d
8.6357 	EXP 	screen_text: text = 'd'
8.6871 	DATA 	Keypress: l
8.7028 	EXP 	screen_text: text = 'dl'
8.7372 	DATA 	Keypress: f
8.7522 	EXP 	screen_text: text = 'dlf'
8.7535 	DATA 	Keypress: k
8.7688 	EXP 	screen_text: text = 'dlfk'
8.8697 	DATA 	Keypress: s
8.8854 	EXP 	screen_text: text = 'dlfks'
8.8866 	DATA 	Keypress: j
8.9020 	EXP 	screen_text: text = 'dlfksj'
8.9704 	DATA 	Keypress: d
8.9857 	EXP 	screen_text: text = 'dlfksjd'
9.0365 	DATA 	Keypress: f
9.0518 	EXP 	screen_text: text = 'dlfksjdf'
9.2053 	DATA 	Keypress: return
9.2353 	EXP 	screen_text: text = 'dlfksjdf'
9.2353 	EXP 	screen_text: text = ''
9.2353 	EXP 	list_text1: pos = array([-0.6   ,  0.1216])
9.2353 	EXP 	list_text1: text = '\ndlfksjdf'
9.6894 	DATA 	Keypress: l
9.7192 	EXP 	screen_text: text = 'l'
9.7375 	DATA 	Keypress: s
9.7527 	EXP 	screen_text: text = 'ls'
9.7704 	DATA 	Keypress: a
9.7855 	EXP 	screen_text: text = 'lsa'
9.8204 	DATA 	Keypress: k
9.8358 	EXP 	screen_text: text = 'lsak'
9.8700 	DATA 	Keypress: d
9.8857 	EXP 	screen_text: text = 'lsakd'
9.9706 	DATA 	Keypress: j
9.9859 	EXP 	screen_text: text = 'lsakdj'
10.0038 	DATA 	Keypress: a
10.0195 	EXP 	screen_text: text = 'lsakdja'
10.0874 	DATA 	Keypress: l
10.1026 	EXP 	screen_text: text = 'lsakdjal'
10.4034 	DATA 	Keypress: apostrophe
10.4193 	EXP 	screen_text: text = 'lsakdjal'
10.6697 	DATA 	Keypress: return
10.6855 	EXP 	screen_text: text = 'lsakdjal'
10.6855 	EXP 	screen_text: text = ''
10.6855 	EXP 	list_text1: pos = array([-0.6   ,  0.0932])
10.6855 	EXP 	list_text1: text = '\ndlfksjdf\nlsakdjal'
11.0550 	DATA 	Keypress: a
11.0699 	EXP 	screen_text: text = 'a'
11.1874 	DATA 	Keypress: s
11.2033 	EXP 	screen_text: text = 'as'
11.2715 	DATA 	Keypress: d
11.2863 	EXP 	screen_text: text = 'asd'
11.3884 	DATA 	Keypress: l
11.4036 	EXP 	screen_text: text = 'asdl'
11.4048 	DATA 	Keypress: k
11.4196 	EXP 	screen_text: text = 'asdlk'
11.4208 	DATA 	Keypress: a
11.4370 	EXP 	screen_text: text = 'asdlka'
11.5898 	DATA 	Keypress: j
11.6048 	DATA 	Keypress: s
11.6200 	EXP 	screen_text: text = 'asdlkaj'
11.7379 	DATA 	Keypress: d
11.7538 	EXP 	screen_text: text = 'asdlkajd'
11.9211 	DATA 	Keypress: return
11.9364 	EXP 	screen_text: text = 'asdlkajd'
11.9364 	EXP 	screen_text: text = ''
11.9364 	EXP 	list_text1: pos = array([-0.6   ,  0.0648])
11.9364 	EXP 	list_text1: text = '\ndlfksjdf\nlsakdjal\nasdlkajd'
12.3217 	DATA 	Keypress: l
12.3369 	EXP 	screen_text: text = 'l'
12.3711 	DATA 	Keypress: a
12.3872 	EXP 	screen_text: text = 'la'
12.4713 	DATA 	Keypress: s
12.4874 	EXP 	screen_text: text = 'las'
12.5879 	DATA 	Keypress: k
12.5919 	DATA 	Keypress: d
12.6032 	EXP 	screen_text: text = 'lask'
12.6203 	EXP 	screen_text: text = 'laskd'
12.6716 	DATA 	Keypress: j
12.6869 	EXP 	screen_text: text = 'laskdj'
13.0544 	DATA 	Keypress: a
13.0710 	EXP 	screen_text: text = 'laskdja'
13.2380 	DATA 	Keypress: return
13.2538 	EXP 	screen_text: text = 'laskdja'
13.2538 	EXP 	screen_text: text = ''
13.2538 	EXP 	list_text1: pos = array([-0.6   ,  0.0364])
13.2538 	EXP 	list_text1: text = '\ndlfksjdf\nlsakdjal\nasdlkajd\nlaskdja'
13.5881 	DATA 	Keypress: l
13.6042 	EXP 	screen_text: text = 'l'
13.7720 	DATA 	Keypress: k
13.7871 	EXP 	screen_text: text = 'lk'
13.8718 	DATA 	Keypress: a
13.8867 	EXP 	screen_text: text = 'lka'
13.9388 	DATA 	Keypress: j
13.9537 	EXP 	screen_text: text = 'lkaj'
14.0214 	DATA 	Keypress: s
14.0371 	EXP 	screen_text: text = 'lkajs'
14.1383 	DATA 	Keypress: d
14.1538 	EXP 	screen_text: text = 'lkajsd'
14.4214 	DATA 	Keypress: return
14.4375 	EXP 	screen_text: text = 'lkajsd'
14.4375 	EXP 	screen_text: text = ''
14.4375 	EXP 	list_text1: pos = array([-0.6  ,  0.008])
14.4375 	EXP 	list_text1: text = '\ndlfksjdf\nlsakdjal\nasdlkajd\nlaskdja\nlkajsd'
18.1390 	EXP 	fixation: autoDraw = False
18.1390 	EXP 	timer: autoDraw = False
18.1390 	EXP 	instruct_text: autoDraw = False
18.1390 	EXP 	letter_text: autoDraw = False
18.1390 	EXP 	screen_text: autoDraw = False
18.1390 	EXP 	list_text1: autoDraw = False
18.1390 	EXP 	list_text2: autoDraw = False
18.1390 	EXP 	list_text3: autoDraw = False
18.1390 	EXP 	list_text4: autoDraw = False
18.1390 	EXP 	list_text5: autoDraw = False
18.1390 	EXP 	fixation_1: autoDraw = True
19.1049 	EXP 	difficulty_question: autoDraw = True
19.1049 	EXP 	options: autoDraw = True
19.1049 	EXP 	anchor_1: autoDraw = True
19.1049 	EXP 	anchor_2: autoDraw = True
19.1382 	EXP 	fixation_1: autoDraw = False
19.7908 	DATA 	Keypress: 4
19.8051 	EXP 	fixation_1: autoDraw = False
19.8051 	EXP 	difficulty_question: autoDraw = False
19.8051 	EXP 	options: autoDraw = False
19.8051 	EXP 	anchor_1: autoDraw = False
19.8051 	EXP 	anchor_2: autoDraw = False
19.8051 	EXP 	text: text = ''
19.8051 	EXP 	text_other: autoDraw = True
19.8051 	EXP 	text: autoDraw = True
20.4564 	DATA 	Keypress: s
20.4720 	EXP 	text: text = 's'
20.5736 	DATA 	Keypress: a
20.5887 	EXP 	text: text = 'sa'
20.6232 	DATA 	Keypress: d
20.6388 	EXP 	text: text = 'sad'
20.9063 	DATA 	Keypress: return
20.9222 	EXP 	text_other: autoDraw = False
20.9222 	EXP 	text: autoDraw = False
20.9222 	EXP 	thank_you: autoDraw = True
23.9230 	EXP 	thank_you: autoDraw = False
23.9230 	EXP 	thank_you: autoDraw = False
24.1886 	EXP 	window1: mouseVisible = True
