0.5787 	WARNING 	We strongly recommend you activate the PTB sound engine in PsychoPy prefs as the preferred audio engine. Its timing is vastly superior. Your prefs are currently set to use ['sounddevice', 'pyo', 'pygame'] (in that order).
4.8626 	EXP 	Created window1 = Window(allowGUI=False, allowStencil=False, args=UNKNOWN, autoLog=True, bitsMode=UNKNOWN, blendMode='avg', bpc=(8, 8, 8), color=array([0., 0., 0.]), colorSpace='rgb', depthBits=8, fullscr=<method-wrapper '__getattribute__' of attributeSetter object at 0x1114a5a58>, gamma=None, gammaErrorPolicy='raise', kwargs=UNKNOWN, lms=UNKNOWN, monitor=<psychopy.monitors.calibTools.Monitor object at 0x10940b908>, multiSample=False, name='window1', numSamples=2, pos=[640.0, 360.0], screen=0, size=array([5120, 2880]), stencilBits=0, stereo=False, units='height', useFBO=True, useRetina=True, viewOri=0.0, viewPos=None, viewScale=None, waitBlanking=True, winType='pyglet')
4.8626 	EXP 	window1: recordFrameIntervals = False
5.0298 	EXP 	window1: recordFrameIntervals = True
5.2133 	EXP 	window1: recordFrameIntervals = False
5.2407 	EXP 	Created consent_image_1 = ImageStim(__class__=<class 'psychopy.visual.image.ImageStim'>, autoLog=True, color=array([1., 1., 1.]), colorSpace='rgb', contrast=1.0, depth=0.0, flipHoriz=False, flipVert=False, image='sin', interpolate=True, mask=None, maskParams=None, name='consent_image_1', opacity=1.0, ori=0.0, pos=array([0., 0.]), size=array([1280.,  720.]), texRes=128, units='pix', win=Window(...))
5.2977 	EXP 	Created consent_image_2 = ImageStim(__class__=<class 'psychopy.visual.image.ImageStim'>, autoLog=True, color=array([1., 1., 1.]), colorSpace='rgb', contrast=1.0, depth=0.0, flipHoriz=False, flipVert=False, image='Consent4.png', interpolate=True, mask=None, maskParams=None, name='consent_image_2', opacity=1.0, ori=0.0, pos=array([0., 0.]), size=array([1280.,  720.]), texRes=128, units='pix', win=Window(...))
5.2991 	EXP 	Created instructions_image_1 = ImageStim(__class__=<class 'psychopy.visual.image.ImageStim'>, autoLog=True, color=array([1., 1., 1.]), colorSpace='rgb', contrast=1.0, depth=0.0, flipHoriz=False, flipVert=False, image='sin', interpolate=True, mask=None, maskParams=None, name='instructions_image_1', opacity=1.0, ori=0.0, pos=array([0., 0.]), size=array([1280.,  720.]), texRes=512, units='pix', win=Window(...))
5.3260 	EXP 	Created instructions_image_2 = ImageStim(__class__=<class 'psychopy.visual.image.ImageStim'>, autoLog=True, color=array([1., 1., 1.]), colorSpace='rgb', contrast=1.0, depth=0.0, flipHoriz=False, flipVert=False, image='Instructions6.png', interpolate=True, mask=None, maskParams=None, name='instructions_image_2', opacity=1.0, ori=0.0, pos=array([0., 0.]), size=array([1280.,  720.]), texRes=128, units='pix', win=Window(...))
5.4013 	EXP 	Created fixation = TextStim(__class__=<class 'psychopy.visual.text.TextStim'>, alignHoriz=method-wrapper(...), alignText='center', alignVert=method-wrapper(...), anchorHoriz='center', anchorVert='center', antialias=True, autoLog=True, bold=False, color='white', colorSpace='named', contrast=1.0, depth=0.0, flipHoriz=False, flipVert=False, font='Arial', fontFiles=[], height=0.1, italic=False, languageStyle='LTR', name='fixation', opacity=1.0, ori=0, pos=array([0., 0.]), rgb=array([255., 255., 255.]), text='+', units='height', win=Window(...), wrapWidth=1)
5.4084 	EXP 	Created timer = TextStim(__class__=<class 'psychopy.visual.text.TextStim'>, alignHoriz=method-wrapper(...), alignText='center', alignVert=method-wrapper(...), anchorHoriz='center', anchorVert='center', antialias=True, autoLog=True, bold=False, color='white', colorSpace='named', contrast=1.0, depth=-1.0, flipHoriz=False, flipVert=False, font='Arial', fontFiles=[], height=0.05, italic=False, languageStyle='LTR', name='timer', opacity=1.0, ori=0, pos=array([-0.7,  0.4]), rgb=array([255., 255., 255.]), text='default text', units='height', win=Window(...), wrapWidth=1)
5.4222 	EXP 	Created instruct_text = TextStim(__class__=<class 'psychopy.visual.text.TextStim'>, alignHoriz=method-wrapper(...), alignText='center', alignVert=method-wrapper(...), anchorHoriz='center', anchorVert='center', antialias=True, autoLog=True, bold=False, color='white', colorSpace='named', contrast=1.0, depth=-2.0, flipHoriz=False, flipVert=False, font='Arial', fontFiles=[], height=0.05, italic=False, languageStyle='LTR', name='instruct_text', opacity=1.0, ori=0, pos=array([0. , 0.4]), rgb=array([255., 255., 255.]), text=str(...), units='height', win=Window(...), wrapWidth=1)
5.4241 	EXP 	Created letter_text = TextStim(__class__=<class 'psychopy.visual.text.TextStim'>, alignHoriz=method-wrapper(...), alignText='center', alignVert=method-wrapper(...), anchorHoriz='center', anchorVert='center', antialias=True, autoLog=True, bold=False, color='white', colorSpace='named', contrast=1.0, depth=-3.0, flipHoriz=False, flipVert=False, font='Arial', fontFiles=[], height=0.05, italic=False, languageStyle='LTR', name='letter_text', opacity=1.0, ori=0, pos=array([0.  , 0.28]), rgb=array([255., 255., 255.]), text='default text', units='height', win=Window(...), wrapWidth=1)
5.4245 	EXP 	Created screen_text = TextStim(__class__=<class 'psychopy.visual.text.TextStim'>, alignHoriz=method-wrapper(...), alignText='center', alignVert=method-wrapper(...), anchorHoriz='center', anchorVert='center', antialias=True, autoLog=True, bold=False, color='white', colorSpace='named', contrast=1.0, depth=-4.0, flipHoriz=False, flipVert=False, font='Arial', fontFiles=[], height=0.05, italic=False, languageStyle='LTR', name='screen_text', opacity=1.0, ori=0, pos=array([0. , 0.2]), rgb=array([255., 255., 255.]), text='', units='height', win=Window(...), wrapWidth=1)
5.4249 	EXP 	Created list_text1 = TextStim(__class__=<class 'psychopy.visual.text.TextStim'>, alignHoriz=method-wrapper(...), alignText='center', alignVert=method-wrapper(...), anchorHoriz='center', anchorVert='center', antialias=True, autoLog=True, bold=False, color='white', colorSpace='named', contrast=1.0, depth=-5.0, flipHoriz=False, flipVert=False, font='Arial', fontFiles=[], height=0.05, italic=False, languageStyle='LTR', name='list_text1', opacity=1.0, ori=0, pos=array([0., 0.]), rgb=array([255., 255., 255.]), text='', units='height', win=Window(...), wrapWidth=1)
5.4253 	EXP 	Created list_text2 = TextStim(__class__=<class 'psychopy.visual.text.TextStim'>, alignHoriz=method-wrapper(...), alignText='center', alignVert=method-wrapper(...), anchorHoriz='center', anchorVert='center', antialias=True, autoLog=True, bold=False, color='white', colorSpace='named', contrast=1.0, depth=-6.0, flipHoriz=False, flipVert=False, font='Arial', fontFiles=[], height=0.05, italic=False, languageStyle='LTR', name='list_text2', opacity=1.0, ori=0, pos=array([0., 0.]), rgb=array([255., 255., 255.]), text='', units='height', win=Window(...), wrapWidth=1)
5.4256 	EXP 	Created list_text3 = TextStim(__class__=<class 'psychopy.visual.text.TextStim'>, alignHoriz=method-wrapper(...), alignText='center', alignVert=method-wrapper(...), anchorHoriz='center', anchorVert='center', antialias=True, autoLog=True, bold=False, color='white', colorSpace='named', contrast=1.0, depth=-7.0, flipHoriz=False, flipVert=False, font='Arial', fontFiles=[], height=0.05, italic=False, languageStyle='LTR', name='list_text3', opacity=1.0, ori=0, pos=array([0., 0.]), rgb=array([255., 255., 255.]), text='', units='height', win=Window(...), wrapWidth=1)
5.4260 	EXP 	Created list_text4 = TextStim(__class__=<class 'psychopy.visual.text.TextStim'>, alignHoriz=method-wrapper(...), alignText='center', alignVert=method-wrapper(...), anchorHoriz='center', anchorVert='center', antialias=True, autoLog=True, bold=False, color='white', colorSpace='named', contrast=1.0, depth=-8.0, flipHoriz=False, flipVert=False, font='Arial', fontFiles=[], height=0.05, italic=False, languageStyle='LTR', name='list_text4', opacity=1.0, ori=0, pos=array([0., 0.]), rgb=array([255., 255., 255.]), text='', units='height', win=Window(...), wrapWidth=1)
5.4264 	EXP 	Created list_text5 = TextStim(__class__=<class 'psychopy.visual.text.TextStim'>, alignHoriz=method-wrapper(...), alignText='center', alignVert=method-wrapper(...), anchorHoriz='center', anchorVert='center', antialias=True, autoLog=True, bold=False, color='white', colorSpace='named', contrast=1.0, depth=-9.0, flipHoriz=False, flipVert=False, font='Arial', fontFiles=[], height=0.05, italic=False, languageStyle='LTR', name='list_text5', opacity=1.0, ori=0, pos=array([0., 0.]), rgb=array([255., 255., 255.]), text='', units='height', win=Window(...), wrapWidth=1)
5.4274 	EXP 	Created fixation_1 = TextStim(__class__=<class 'psychopy.visual.text.TextStim'>, alignHoriz=method-wrapper(...), alignText='center', alignVert=method-wrapper(...), anchorHoriz='center', anchorVert='center', antialias=True, autoLog=True, bold=False, color='white', colorSpace='named', contrast=1.0, depth=0.0, flipHoriz=False, flipVert=False, font='Arial', fontFiles=[], height=0.1, italic=False, languageStyle='LTR', name='fixation_1', opacity=1.0, ori=0, pos=array([0., 0.]), rgb=array([255., 255., 255.]), text='+', units='height', win=Window(...), wrapWidth=1)
5.4338 	EXP 	Created difficulty_question = TextStim(__class__=<class 'psychopy.visual.text.TextStim'>, alignHoriz=method-wrapper(...), alignText='center', alignVert=method-wrapper(...), anchorHoriz='center', anchorVert='center', antialias=True, autoLog=True, bold=False, color='white', colorSpace='named', contrast=1.0, depth=-1.0, flipHoriz=False, flipVert=False, font='Arial', fontFiles=[], height=0.05, italic=False, languageStyle='LTR', name='difficulty_question', opacity=1.0, ori=0, pos=array([0. , 0.2]), rgb=array([255., 255., 255.]), text=str(...), units='height', win=Window(...), wrapWidth=1)
5.4407 	EXP 	Created options = TextStim(__class__=<class 'psychopy.visual.text.TextStim'>, alignHoriz=method-wrapper(...), alignText='center', alignVert=method-wrapper(...), anchorHoriz='center', anchorVert='center', antialias=True, autoLog=True, bold=False, color='white', colorSpace='named', contrast=1.0, depth=-2.0, flipHoriz=False, flipVert=False, font='Arial', fontFiles=[], height=0.05, italic=False, languageStyle='LTR', name='options', opacity=1.0, ori=0, pos=array([0., 0.]), rgb=array([255., 255., 255.]), text=str(...), units='height', win=Window(...), wrapWidth=1)
5.4480 	EXP 	Created anchor_1 = TextStim(__class__=<class 'psychopy.visual.text.TextStim'>, alignHoriz=method-wrapper(...), alignText='center', alignVert=method-wrapper(...), anchorHoriz='center', anchorVert='center', antialias=True, autoLog=True, bold=False, color='white', colorSpace='named', contrast=1.0, depth=-3.0, flipHoriz=False, flipVert=False, font='Arial', fontFiles=[], height=0.04, italic=False, languageStyle='LTR', name='anchor_1', opacity=1.0, ori=0, pos=array([-0.4, -0.2]), rgb=array([255., 255., 255.]), text='Not difficult at all', units='height', win=Window(...), wrapWidth=1)
5.4521 	EXP 	Created anchor_2 = TextStim(__class__=<class 'psychopy.visual.text.TextStim'>, alignHoriz=method-wrapper(...), alignText='center', alignVert=method-wrapper(...), anchorHoriz='center', anchorVert='center', antialias=True, autoLog=True, bold=False, color='white', colorSpace='named', contrast=1.0, depth=-4.0, flipHoriz=False, flipVert=False, font='Arial', fontFiles=[], height=0.04, italic=False, languageStyle='LTR', name='anchor_2', opacity=1.0, ori=0, pos=array([ 0.4, -0.2]), rgb=array([255., 255., 255.]), text='Very Difficult\n', units='height', win=Window(...), wrapWidth=1)
5.4689 	EXP 	Created text_other = TextStim(__class__=<class 'psychopy.visual.text.TextStim'>, alignHoriz=method-wrapper(...), alignText='center', alignVert=method-wrapper(...), anchorHoriz='center', anchorVert='center', antialias=True, autoLog=True, bold=False, color='white', colorSpace='named', contrast=1.0, depth=0.0, flipHoriz=False, flipVert=False, font='Arial', fontFiles=[], height=0.05, italic=False, languageStyle='LTR', name='text_other', opacity=1.0, ori=0, pos=array([0.  , 0.25]), rgb=array([255., 255., 255.]), text=str(...), units='height', win=Window(...), wrapWidth=1)
5.4693 	EXP 	Created text = TextStim(__class__=<class 'psychopy.visual.text.TextStim'>, alignHoriz=method-wrapper(...), alignText='center', alignVert=method-wrapper(...), anchorHoriz='center', anchorVert='center', antialias=True, autoLog=True, bold=False, color='white', colorSpace='named', contrast=1.0, depth=-1.0, flipHoriz=False, flipVert=False, font='Arial', fontFiles=[], height=0.05, italic=False, languageStyle='LTR', name='text', opacity=1.0, ori=0, pos=array([0., 0.]), rgb=array([255., 255., 255.]), text='', units='height', win=Window(...), wrapWidth=1)
5.4715 	EXP 	Created text_2 = TextStim(__class__=<class 'psychopy.visual.text.TextStim'>, alignHoriz=method-wrapper(...), alignText='center', alignVert=method-wrapper(...), anchorHoriz='center', anchorVert='center', antialias=True, autoLog=True, bold=False, color='white', colorSpace='named', contrast=1.0, depth=0.0, flipHoriz=False, flipVert=False, font='Arial', fontFiles=[], height=0.05, italic=False, languageStyle='LTR', name='text_2', opacity=1.0, ori=0, pos=array([0.  , 0.27]), rgb=array([255., 255., 255.]), text='PRESS', units='height', win=Window(...), wrapWidth=1)
5.4733 	EXP 	Created text_3 = TextStim(__class__=<class 'psychopy.visual.text.TextStim'>, alignHoriz=method-wrapper(...), alignText='center', alignVert=method-wrapper(...), anchorHoriz='center', anchorVert='center', antialias=True, autoLog=True, bold=False, color='red', colorSpace='named', contrast=1.0, depth=-1.0, flipHoriz=False, flipVert=False, font='Arial', fontFiles=[], height=0.05, italic=False, languageStyle='LTR', name='text_3', opacity=1.0, ori=0, pos=array([0., 0.]), rgb=array([255.,   0.,   0.]), text='default text', units='height', win=Window(...), wrapWidth=1)
5.4754 	EXP 	Created text_4 = TextStim(__class__=<class 'psychopy.visual.text.TextStim'>, alignHoriz=method-wrapper(...), alignText='center', alignVert=method-wrapper(...), anchorHoriz='center', anchorVert='center', antialias=True, autoLog=True, bold=False, color='white', colorSpace='named', contrast=1.0, depth=-2.0, flipHoriz=False, flipVert=False, font='Arial', fontFiles=[], height=0.05, italic=False, languageStyle='LTR', name='text_4', opacity=1.0, ori=0, pos=array([ 0.  , -0.25]), rgb=array([255., 255., 255.]), text='to continue to the next trial.', units='height', win=Window(...), wrapWidth=1)
5.4881 	EXP 	Created thank_you = TextStim(__class__=<class 'psychopy.visual.text.TextStim'>, alignHoriz=method-wrapper(...), alignText='center', alignVert=method-wrapper(...), anchorHoriz='center', anchorVert='center', antialias=True, autoLog=True, bold=False, color='white', colorSpace='named', contrast=1.0, depth=0.0, flipHoriz=False, flipVert=False, font='Arial', fontFiles=[], height=0.05, italic=False, languageStyle='LTR', name='thank_you', opacity=1.0, ori=0, pos=array([0., 0.]), rgb=array([255., 255., 255.]), text=str(...), units='height', win=Window(...), wrapWidth=1)
5.4934 	EXP 	Imported consent.xlsx as conditions, 3 conditions, 1 params
5.4935 	EXP 	Created sequence: sequential, trialTypes=3, nReps=1, seed=None
5.4937 	EXP 	New trial (rep=0, index=0): OrderedDict([('CONS', 'Consent1.png')])
5.5300 	EXP 	consent_image_1: image = 'Consent1.png'
5.5300 	EXP 	consent_image_1: autoDraw = True
6.1145 	EXP 	New trial (rep=0, index=1): OrderedDict([('CONS', 'Consent2.png')])
6.1375 	DATA 	Keypress: space
6.1466 	EXP 	consent_image_1: autoDraw = False
6.1466 	EXP 	consent_image_1: image = 'Consent2.png'
6.1466 	EXP 	consent_image_1: autoDraw = True
6.2473 	EXP 	New trial (rep=0, index=2): OrderedDict([('CONS', 'Consent3.png')])
6.2696 	DATA 	Keypress: space
6.2809 	EXP 	consent_image_1: autoDraw = False
6.2809 	EXP 	consent_image_1: image = 'Consent3.png'
6.2809 	EXP 	consent_image_1: autoDraw = True
6.3818 	DATA 	Keypress: space
6.3971 	EXP 	consent_image_1: autoDraw = False
6.3971 	EXP 	consent_image_2: autoDraw = True
6.5321 	DATA 	Keypress: space
6.6650 	DATA 	Keypress: space
7.4149 	DATA 	Keypress: return
7.4183 	EXP 	Imported instructions.xlsx as conditions, 5 conditions, 1 params
7.4185 	EXP 	Created sequence: sequential, trialTypes=5, nReps=1, seed=None
7.4187 	EXP 	New trial (rep=0, index=0): OrderedDict([('INS', 'Instructions1.png')])
7.4466 	EXP 	consent_image_2: autoDraw = False
7.4466 	EXP 	instructions_image_1: image = 'Instructions1.png'
7.4466 	EXP 	instructions_image_1: autoDraw = True
8.0644 	EXP 	New trial (rep=0, index=1): OrderedDict([('INS', 'Instructions2.png')])
8.0825 	DATA 	Keypress: space
8.0970 	EXP 	instructions_image_1: autoDraw = False
8.0970 	EXP 	instructions_image_1: image = 'Instructions2.png'
8.0970 	EXP 	instructions_image_1: autoDraw = True
8.2313 	EXP 	New trial (rep=0, index=2): OrderedDict([('INS', 'Instructions3.png')])
8.2499 	DATA 	Keypress: space
8.2637 	EXP 	instructions_image_1: autoDraw = False
8.2637 	EXP 	instructions_image_1: image = 'Instructions3.png'
8.2637 	EXP 	instructions_image_1: autoDraw = True
8.3815 	EXP 	New trial (rep=0, index=3): OrderedDict([('INS', 'Instructions4.png')])
8.4002 	DATA 	Keypress: space
8.4142 	EXP 	instructions_image_1: autoDraw = False
8.4142 	EXP 	instructions_image_1: image = 'Instructions4.png'
8.4142 	EXP 	instructions_image_1: autoDraw = True
8.5149 	EXP 	New trial (rep=0, index=4): OrderedDict([('INS', 'Instructions5.png')])
8.5336 	DATA 	Keypress: space
8.5472 	EXP 	instructions_image_1: autoDraw = False
8.5472 	EXP 	instructions_image_1: image = 'Instructions5.png'
8.5472 	EXP 	instructions_image_1: autoDraw = True
9.0324 	DATA 	Keypress: space
9.0469 	EXP 	instructions_image_1: autoDraw = False
9.0469 	EXP 	instructions_image_2: autoDraw = True
10.9390 	EXP 	Imported conditions.xlsx as conditions, 9 conditions, 3 params
10.9399 	EXP 	Created sequence: random, trialTypes=9, nReps=1, seed=None
10.9407 	EXP 	New trial (rep=0, index=0): OrderedDict([('Category', 'Sports'), ('Type', 'Semantic'), ('LET', 'j')])
10.9432 	DATA 	Keypress: 3
10.9656 	EXP 	instructions_image_2: autoDraw = False
10.9656 	EXP 	letter_text: text = 'Sports'
10.9656 	EXP 	list_text1: text = ''
10.9656 	EXP 	list_text1: pos = [-0.6, 0.15]
10.9656 	EXP 	list_text2: text = ''
10.9656 	EXP 	list_text2: pos = [-0.3, 0.15]
10.9656 	EXP 	list_text3: text = ''
10.9656 	EXP 	list_text3: pos = [0, 0.15]
10.9656 	EXP 	list_text4: text = ''
10.9656 	EXP 	list_text4: pos = [0.3, 0.15]
10.9656 	EXP 	list_text5: text = ''
10.9656 	EXP 	list_text5: pos = [0.6, 0.15]
10.9656 	EXP 	letter_text: font = 'Arial'
10.9656 	EXP 	letter_text: bold = True
10.9656 	EXP 	fixation: autoDraw = True
11.9487 	EXP 	timer: autoDraw = True
11.9487 	EXP 	instruct_text: autoDraw = True
11.9487 	EXP 	letter_text: autoDraw = True
11.9487 	EXP 	screen_text: autoDraw = True
11.9487 	EXP 	list_text1: autoDraw = True
11.9487 	EXP 	list_text2: autoDraw = True
11.9487 	EXP 	list_text3: autoDraw = True
11.9487 	EXP 	list_text4: autoDraw = True
11.9487 	EXP 	list_text5: autoDraw = True
11.9487 	EXP 	letter_text: text = 'Sports'
11.9659 	EXP 	fixation: autoDraw = False
12.6000 	DATA 	Keypress: escape
12.8630 	EXP 	window1: mouseVisible = True
